Simulation Type >> Generated
Event Type >> ARRIVAL
Center >>> Attraction_1
Event Time >>> 6.5374183294712225
Simulation Clock >>> 6.5374183294712225

Simulation Type >> Processing
Event Type >> ARRIVAL
Center >>> Attraction_1
Event Time >>> 6.5374183294712225
Simulation Clock >>> 6.5374183294712225

Simulation Type >> Generated
Event Type >> START_PROCESS
Center >>> Attraction_1
Event Time >>> 6.5374183294712225
Simulation Clock >>> 6.5374183294712225

Simulation Type >> Processing
Event Type >> START_PROCESS
Center >>> Attraction_1
Event Time >>> 6.5374183294712225
Simulation Clock >>> 6.5374183294712225

Simulation Type >> Generated
Event Type >> END_PROCESS
Center >>> Attraction_1
Event Time >>> 16.22520208166107
Simulation Clock >>> 6.5374183294712225

Simulation Type >> Generated
Event Type >> ARRIVAL
Center >>> Attraction_1
Event Time >>> 11.055038759405061
Simulation Clock >>> 11.055038759405061

Simulation Type >> Processing
Event Type >> ARRIVAL
Center >>> Attraction_1
Event Time >>> 11.055038759405061
Simulation Clock >>> 11.055038759405061

Simulation Type >> Generated
Event Type >> ARRIVAL
Center >>> Attraction_1
Event Time >>> 15.243165022558179
Simulation Clock >>> 15.243165022558179

Simulation Type >> Processing
Event Type >> ARRIVAL
Center >>> Attraction_1
Event Time >>> 15.243165022558179
Simulation Clock >>> 15.243165022558179

Simulation Type >> Processing
Event Type >> END_PROCESS
Center >>> Attraction_1
Event Time >>> 16.22520208166107
Simulation Clock >>> 16.22520208166107

Simulation Type >> Generated
Event Type >> START_PROCESS
Center >>> Attraction_1
Event Time >>> 16.22520208166107
Simulation Clock >>> 16.22520208166107

Simulation Type >> Processing
Event Type >> START_PROCESS
Center >>> Attraction_1
Event Time >>> 16.22520208166107
Simulation Clock >>> 16.22520208166107

Simulation Type >> Generated
Event Type >> END_PROCESS
Center >>> Attraction_1
Event Time >>> 26.234704037835918
Simulation Clock >>> 16.22520208166107

Simulation Type >> Generated
Event Type >> ARRIVAL
Center >>> Attraction_1
Event Time >>> 16.431877208039353
Simulation Clock >>> 16.431877208039353

Simulation Type >> Processing
Event Type >> ARRIVAL
Center >>> Attraction_1
Event Time >>> 16.431877208039353
Simulation Clock >>> 16.431877208039353

Simulation Type >> Generated
Event Type >> ARRIVAL
Center >>> Attraction_1
Event Time >>> 17.524509590883365
Simulation Clock >>> 17.524509590883365

Simulation Type >> Processing
Event Type >> ARRIVAL
Center >>> Attraction_1
Event Time >>> 17.524509590883365
Simulation Clock >>> 17.524509590883365

Simulation Type >> Generated
Event Type >> ARRIVAL
Center >>> Attraction_1
Event Time >>> 19.006616638184234
Simulation Clock >>> 19.006616638184234

Simulation Type >> Processing
Event Type >> ARRIVAL
Center >>> Attraction_1
Event Time >>> 19.006616638184234
Simulation Clock >>> 19.006616638184234

Simulation Type >> Generated
Event Type >> ARRIVAL
Center >>> Attraction_1
Event Time >>> 19.379302931536035
Simulation Clock >>> 19.379302931536035

Simulation Type >> Processing
Event Type >> ARRIVAL
Center >>> Attraction_1
Event Time >>> 19.379302931536035
Simulation Clock >>> 19.379302931536035

Simulation Type >> Generated
Event Type >> ARRIVAL
Center >>> Attraction_1
Event Time >>> 22.684106182447074
Simulation Clock >>> 22.684106182447074

Simulation Type >> Generated
Event Type >> ARRIVAL
Center >>> Attraction_1
Event Time >>> 22.684106182447074
Simulation Clock >>> 22.684106182447074

Simulation Type >> Processing
Event Type >> ARRIVAL
Center >>> Attraction_1
Event Time >>> 22.684106182447074
Simulation Clock >>> 22.684106182447074

Simulation Type >> Processing
Event Type >> ARRIVAL
Center >>> Attraction_1
Event Time >>> 22.684106182447074
Simulation Clock >>> 22.684106182447074

Simulation Type >> Processing
Event Type >> END_PROCESS
Center >>> Attraction_1
Event Time >>> 26.234704037835918
Simulation Clock >>> 26.234704037835918

Simulation Type >> Generated
Event Type >> START_PROCESS
Center >>> Attraction_1
Event Time >>> 26.234704037835918
Simulation Clock >>> 26.234704037835918

Simulation Type >> Processing
Event Type >> START_PROCESS
Center >>> Attraction_1
Event Time >>> 26.234704037835918
Simulation Clock >>> 26.234704037835918

Simulation Type >> Generated
Event Type >> END_PROCESS
Center >>> Attraction_1
Event Time >>> 35.90363055399672
Simulation Clock >>> 26.234704037835918

Simulation Type >> Generated
Event Type >> END_PROCESS
Center >>> Attraction_1
Event Time >>> 35.90363055399672
Simulation Clock >>> 26.234704037835918

Simulation Type >> Generated
Event Type >> ARRIVAL
Center >>> Attraction_1
Event Time >>> 31.863442165407324
Simulation Clock >>> 31.863442165407324

Simulation Type >> Processing
Event Type >> ARRIVAL
Center >>> Attraction_1
Event Time >>> 31.863442165407324
Simulation Clock >>> 31.863442165407324

Simulation Type >> Processing
Event Type >> END_PROCESS
Center >>> Attraction_1
Event Time >>> 35.90363055399672
Simulation Clock >>> 35.90363055399672

Simulation Type >> Generated
Event Type >> START_PROCESS
Center >>> Attraction_1
Event Time >>> 35.90363055399672
Simulation Clock >>> 35.90363055399672

Simulation Type >> Processing
Event Type >> END_PROCESS
Center >>> Attraction_1
Event Time >>> 35.90363055399672
Simulation Clock >>> 35.90363055399672

Simulation Type >> Generated
Event Type >> START_PROCESS
Center >>> Attraction_1
Event Time >>> 35.90363055399672
Simulation Clock >>> 35.90363055399672

Simulation Type >> Processing
Event Type >> START_PROCESS
Center >>> Attraction_1
Event Time >>> 35.90363055399672
Simulation Clock >>> 35.90363055399672

Simulation Type >> Generated
Event Type >> END_PROCESS
Center >>> Attraction_1
Event Time >>> 45.655492151991
Simulation Clock >>> 35.90363055399672

Simulation Type >> Generated
Event Type >> END_PROCESS
Center >>> Attraction_1
Event Time >>> 45.655492151991
Simulation Clock >>> 35.90363055399672

Simulation Type >> Processing
Event Type >> START_PROCESS
Center >>> Attraction_1
Event Time >>> 35.90363055399672
Simulation Clock >>> 35.90363055399672

Simulation Type >> Generated
Event Type >> END_PROCESS
Center >>> Attraction_1
Event Time >>> 46.01482733578996
Simulation Clock >>> 35.90363055399672

Simulation Type >> Generated
Event Type >> END_PROCESS
Center >>> Attraction_1
Event Time >>> 46.01482733578996
Simulation Clock >>> 35.90363055399672

Simulation Type >> Generated
Event Type >> ARRIVAL
Center >>> Attraction_1
Event Time >>> 40.27978579253106
Simulation Clock >>> 40.27978579253106

Simulation Type >> Processing
Event Type >> ARRIVAL
Center >>> Attraction_1
Event Time >>> 40.27978579253106
Simulation Clock >>> 40.27978579253106

Simulation Type >> Generated
Event Type >> ARRIVAL
Center >>> Attraction_1
Event Time >>> 43.0925129808994
Simulation Clock >>> 43.0925129808994

Simulation Type >> Processing
Event Type >> ARRIVAL
Center >>> Attraction_1
Event Time >>> 43.0925129808994
Simulation Clock >>> 43.0925129808994

Simulation Type >> Generated
Event Type >> ARRIVAL
Center >>> Attraction_1
Event Time >>> 45.19067739108904
Simulation Clock >>> 45.19067739108904

Simulation Type >> Processing
Event Type >> ARRIVAL
Center >>> Attraction_1
Event Time >>> 45.19067739108904
Simulation Clock >>> 45.19067739108904

Simulation Type >> Processing
Event Type >> END_PROCESS
Center >>> Attraction_1
Event Time >>> 45.655492151991
Simulation Clock >>> 45.655492151991

Simulation Type >> Generated
Event Type >> START_PROCESS
Center >>> Attraction_1
Event Time >>> 45.655492151991
Simulation Clock >>> 45.655492151991

Simulation Type >> Processing
Event Type >> END_PROCESS
Center >>> Attraction_1
Event Time >>> 45.655492151991
Simulation Clock >>> 45.655492151991

Simulation Type >> Generated
Event Type >> START_PROCESS
Center >>> Attraction_1
Event Time >>> 45.655492151991
Simulation Clock >>> 45.655492151991

Simulation Type >> Processing
Event Type >> START_PROCESS
Center >>> Attraction_1
Event Time >>> 45.655492151991
Simulation Clock >>> 45.655492151991

Simulation Type >> Generated
Event Type >> END_PROCESS
Center >>> Attraction_1
Event Time >>> 55.23534609324897
Simulation Clock >>> 45.655492151991

Simulation Type >> Processing
Event Type >> START_PROCESS
Center >>> Attraction_1
Event Time >>> 45.655492151991
Simulation Clock >>> 45.655492151991

Simulation Type >> Generated
Event Type >> END_PROCESS
Center >>> Attraction_1
Event Time >>> 55.785090615704
Simulation Clock >>> 45.655492151991

Simulation Type >> Generated
Event Type >> ARRIVAL
Center >>> Attraction_1
Event Time >>> 45.81959004718408
Simulation Clock >>> 45.81959004718408

Simulation Type >> Processing
Event Type >> ARRIVAL
Center >>> Attraction_1
Event Time >>> 45.81959004718408
Simulation Clock >>> 45.81959004718408

Simulation Type >> Generated
Event Type >> ARRIVAL
Center >>> Attraction_1
Event Time >>> 45.90936551818023
Simulation Clock >>> 45.90936551818023

Simulation Type >> Processing
Event Type >> ARRIVAL
Center >>> Attraction_1
Event Time >>> 45.90936551818023
Simulation Clock >>> 45.90936551818023

Simulation Type >> Processing
Event Type >> END_PROCESS
Center >>> Attraction_1
Event Time >>> 46.01482733578996
Simulation Clock >>> 46.01482733578996

Simulation Type >> Generated
Event Type >> ARRIVAL
Center >>> Attraction_1
Event Time >>> 46.01482733578996
Simulation Clock >>> 46.01482733578996

Simulation Type >> Generated
Event Type >> START_PROCESS
Center >>> Attraction_1
Event Time >>> 46.01482733578996
Simulation Clock >>> 46.01482733578996

Simulation Type >> Processing
Event Type >> END_PROCESS
Center >>> Attraction_1
Event Time >>> 46.01482733578996
Simulation Clock >>> 46.01482733578996

Simulation Type >> Generated
Event Type >> START_PROCESS
Center >>> Attraction_1
Event Time >>> 46.01482733578996
Simulation Clock >>> 46.01482733578996

Simulation Type >> Processing
Event Type >> START_PROCESS
Center >>> Attraction_1
Event Time >>> 46.01482733578996
Simulation Clock >>> 46.01482733578996

Simulation Type >> Generated
Event Type >> END_PROCESS
Center >>> Attraction_1
Event Time >>> 55.86226922622872
Simulation Clock >>> 46.01482733578996

Simulation Type >> Generated
Event Type >> END_PROCESS
Center >>> Attraction_1
Event Time >>> 55.86226922622872
Simulation Clock >>> 46.01482733578996

Simulation Type >> Processing
Event Type >> START_PROCESS
Center >>> Attraction_1
Event Time >>> 46.01482733578996
Simulation Clock >>> 46.01482733578996

Simulation Type >> Generated
Event Type >> END_PROCESS
Center >>> Attraction_1
Event Time >>> 55.882320705111994
Simulation Clock >>> 46.01482733578996

Simulation Type >> Processing
Event Type >> ARRIVAL
Center >>> Attraction_1
Event Time >>> 46.01482733578996
Simulation Clock >>> 46.01482733578996

Simulation Type >> Generated
Event Type >> ARRIVAL
Center >>> Attraction_1
Event Time >>> 48.44783414134966
Simulation Clock >>> 48.44783414134966

Simulation Type >> Processing
Event Type >> ARRIVAL
Center >>> Attraction_1
Event Time >>> 48.44783414134966
Simulation Clock >>> 48.44783414134966

Simulation Type >> Generated
Event Type >> ARRIVAL
Center >>> Attraction_1
Event Time >>> 53.5768555631831
Simulation Clock >>> 53.5768555631831

