Simulation Type >> Generated
Event Type >> ARRIVAL
Center >>> Attraction_2
Event Time >>> 2.5128469425856776
Simulation Clock >>> 2.5128469425856776

Simulation Type >> Processing
Event Type >> ARRIVAL
Center >>> Attraction_2
Event Time >>> 2.5128469425856776
Simulation Clock >>> 2.5128469425856776

Simulation Type >> Generated
Event Type >> START_PROCESS
Center >>> Attraction_2
Event Time >>> 2.5128469425856776
Simulation Clock >>> 2.5128469425856776

Simulation Type >> Processing
Event Type >> START_PROCESS
Center >>> Attraction_2
Event Time >>> 2.5128469425856776
Simulation Clock >>> 2.5128469425856776

Simulation Type >> Generated
Event Type >> END_PROCESS
Center >>> Attraction_2
Event Time >>> 7.716410204690463
Simulation Clock >>> 2.5128469425856776

Simulation Type >> Generated
Event Type >> ARRIVAL
Center >>> Attraction_2
Event Time >>> 4.249565131544366
Simulation Clock >>> 4.249565131544366

Simulation Type >> Processing
Event Type >> ARRIVAL
Center >>> Attraction_2
Event Time >>> 4.249565131544366
Simulation Clock >>> 4.249565131544366

Simulation Type >> Processing
Event Type >> END_PROCESS
Center >>> Attraction_2
Event Time >>> 7.716410204690463
Simulation Clock >>> 7.716410204690463

Simulation Type >> Generated
Event Type >> ARRIVAL
Center >>> Attraction_2
Event Time >>> 7.716410204690463
Simulation Clock >>> 7.716410204690463

Simulation Type >> Generated
Event Type >> START_PROCESS
Center >>> Attraction_2
Event Time >>> 7.716410204690463
Simulation Clock >>> 7.716410204690463

Simulation Type >> Processing
Event Type >> START_PROCESS
Center >>> Attraction_2
Event Time >>> 7.716410204690463
Simulation Clock >>> 7.716410204690463

Simulation Type >> Generated
Event Type >> END_PROCESS
Center >>> Attraction_2
Event Time >>> 12.91863526475398
Simulation Clock >>> 7.716410204690463

Simulation Type >> Processing
Event Type >> ARRIVAL
Center >>> Attraction_2
Event Time >>> 7.716410204690463
Simulation Clock >>> 7.716410204690463

Simulation Type >> Processing
Event Type >> END_PROCESS
Center >>> Attraction_2
Event Time >>> 12.91863526475398
Simulation Clock >>> 12.91863526475398

Simulation Type >> Generated
Event Type >> ARRIVAL
Center >>> Attraction_2
Event Time >>> 12.91863526475398
Simulation Clock >>> 12.91863526475398

Simulation Type >> Generated
Event Type >> START_PROCESS
Center >>> Attraction_2
Event Time >>> 12.91863526475398
Simulation Clock >>> 12.91863526475398

Simulation Type >> Processing
Event Type >> START_PROCESS
Center >>> Attraction_2
Event Time >>> 12.91863526475398
Simulation Clock >>> 12.91863526475398

Simulation Type >> Generated
Event Type >> END_PROCESS
Center >>> Attraction_2
Event Time >>> 17.524509590883365
Simulation Clock >>> 12.91863526475398

Simulation Type >> Processing
Event Type >> ARRIVAL
Center >>> Attraction_2
Event Time >>> 12.91863526475398
Simulation Clock >>> 12.91863526475398

Simulation Type >> Generated
Event Type >> ARRIVAL
Center >>> Attraction_2
Event Time >>> 16.613377941989263
Simulation Clock >>> 16.613377941989263

Simulation Type >> Processing
Event Type >> ARRIVAL
Center >>> Attraction_2
Event Time >>> 16.613377941989263
Simulation Clock >>> 16.613377941989263

Simulation Type >> Generated
Event Type >> ARRIVAL
Center >>> Attraction_2
Event Time >>> 16.758760825880614
Simulation Clock >>> 16.758760825880614

Simulation Type >> Processing
Event Type >> ARRIVAL
Center >>> Attraction_2
Event Time >>> 16.758760825880614
Simulation Clock >>> 16.758760825880614

Simulation Type >> Processing
Event Type >> END_PROCESS
Center >>> Attraction_2
Event Time >>> 17.524509590883365
Simulation Clock >>> 17.524509590883365

Simulation Type >> Generated
Event Type >> START_PROCESS
Center >>> Attraction_2
Event Time >>> 17.524509590883365
Simulation Clock >>> 17.524509590883365

Simulation Type >> Processing
Event Type >> START_PROCESS
Center >>> Attraction_2
Event Time >>> 17.524509590883365
Simulation Clock >>> 17.524509590883365

Simulation Type >> Generated
Event Type >> END_PROCESS
Center >>> Attraction_2
Event Time >>> 22.684106182447074
Simulation Clock >>> 17.524509590883365

Simulation Type >> Generated
Event Type >> END_PROCESS
Center >>> Attraction_2
Event Time >>> 22.684106182447074
Simulation Clock >>> 17.524509590883365

Simulation Type >> Generated
Event Type >> END_PROCESS
Center >>> Attraction_2
Event Time >>> 22.684106182447074
Simulation Clock >>> 17.524509590883365

Simulation Type >> Generated
Event Type >> ARRIVAL
Center >>> Attraction_2
Event Time >>> 18.243349201139335
Simulation Clock >>> 18.243349201139335

Simulation Type >> Processing
Event Type >> ARRIVAL
Center >>> Attraction_2
Event Time >>> 18.243349201139335
Simulation Clock >>> 18.243349201139335

Simulation Type >> Generated
Event Type >> ARRIVAL
Center >>> Attraction_2
Event Time >>> 18.300489137426375
Simulation Clock >>> 18.300489137426375

Simulation Type >> Processing
Event Type >> ARRIVAL
Center >>> Attraction_2
Event Time >>> 18.300489137426375
Simulation Clock >>> 18.300489137426375

Simulation Type >> Processing
Event Type >> END_PROCESS
Center >>> Attraction_2
Event Time >>> 22.684106182447074
Simulation Clock >>> 22.684106182447074

Simulation Type >> Generated
Event Type >> START_PROCESS
Center >>> Attraction_2
Event Time >>> 22.684106182447074
Simulation Clock >>> 22.684106182447074

Simulation Type >> Processing
Event Type >> END_PROCESS
Center >>> Attraction_2
Event Time >>> 22.684106182447074
Simulation Clock >>> 22.684106182447074

Simulation Type >> Generated
Event Type >> START_PROCESS
Center >>> Attraction_2
Event Time >>> 22.684106182447074
Simulation Clock >>> 22.684106182447074

Simulation Type >> Processing
Event Type >> END_PROCESS
Center >>> Attraction_2
Event Time >>> 22.684106182447074
Simulation Clock >>> 22.684106182447074

Simulation Type >> Generated
Event Type >> START_PROCESS
Center >>> Attraction_2
Event Time >>> 22.684106182447074
Simulation Clock >>> 22.684106182447074

Simulation Type >> Processing
Event Type >> START_PROCESS
Center >>> Attraction_2
Event Time >>> 22.684106182447074
Simulation Clock >>> 22.684106182447074

Simulation Type >> Generated
Event Type >> END_PROCESS
Center >>> Attraction_2
Event Time >>> 27.57117755417147
Simulation Clock >>> 22.684106182447074

Simulation Type >> Generated
Event Type >> END_PROCESS
Center >>> Attraction_2
Event Time >>> 27.57117755417147
Simulation Clock >>> 22.684106182447074

Simulation Type >> Processing
Event Type >> START_PROCESS
Center >>> Attraction_2
Event Time >>> 22.684106182447074
Simulation Clock >>> 22.684106182447074

Simulation Type >> Processing
Event Type >> START_PROCESS
Center >>> Attraction_2
Event Time >>> 22.684106182447074
Simulation Clock >>> 22.684106182447074

Simulation Type >> Generated
Event Type >> ARRIVAL
Center >>> Attraction_2
Event Time >>> 26.234704037835918
Simulation Clock >>> 26.234704037835918

Simulation Type >> Processing
Event Type >> ARRIVAL
Center >>> Attraction_2
Event Time >>> 26.234704037835918
Simulation Clock >>> 26.234704037835918

Simulation Type >> Processing
Event Type >> END_PROCESS
Center >>> Attraction_2
Event Time >>> 27.57117755417147
Simulation Clock >>> 27.57117755417147

Simulation Type >> Generated
Event Type >> START_PROCESS
Center >>> Attraction_2
Event Time >>> 27.57117755417147
Simulation Clock >>> 27.57117755417147

Simulation Type >> Processing
Event Type >> END_PROCESS
Center >>> Attraction_2
Event Time >>> 27.57117755417147
Simulation Clock >>> 27.57117755417147

Simulation Type >> Generated
Event Type >> ARRIVAL
Center >>> Attraction_2
Event Time >>> 27.57117755417147
Simulation Clock >>> 27.57117755417147

Simulation Type >> Generated
Event Type >> START_PROCESS
Center >>> Attraction_2
Event Time >>> 27.57117755417147
Simulation Clock >>> 27.57117755417147

Simulation Type >> Processing
Event Type >> START_PROCESS
Center >>> Attraction_2
Event Time >>> 27.57117755417147
Simulation Clock >>> 27.57117755417147

Simulation Type >> Generated
Event Type >> END_PROCESS
Center >>> Attraction_2
Event Time >>> 33.033068391331355
Simulation Clock >>> 27.57117755417147

Simulation Type >> Processing
Event Type >> START_PROCESS
Center >>> Attraction_2
Event Time >>> 27.57117755417147
Simulation Clock >>> 27.57117755417147

Simulation Type >> Processing
Event Type >> ARRIVAL
Center >>> Attraction_2
Event Time >>> 27.57117755417147
Simulation Clock >>> 27.57117755417147

Simulation Type >> Generated
Event Type >> ARRIVAL
Center >>> Attraction_2
Event Time >>> 29.095647187170137
Simulation Clock >>> 29.095647187170137

Simulation Type >> Processing
Event Type >> ARRIVAL
Center >>> Attraction_2
Event Time >>> 29.095647187170137
Simulation Clock >>> 29.095647187170137

Simulation Type >> Generated
Event Type >> ARRIVAL
Center >>> Attraction_2
Event Time >>> 30.077656693445043
Simulation Clock >>> 30.077656693445043

Simulation Type >> Processing
Event Type >> ARRIVAL
Center >>> Attraction_2
Event Time >>> 30.077656693445043
Simulation Clock >>> 30.077656693445043

Simulation Type >> Generated
Event Type >> ARRIVAL
Center >>> Attraction_2
Event Time >>> 30.58605999801558
Simulation Clock >>> 30.58605999801558

Simulation Type >> Processing
Event Type >> ARRIVAL
Center >>> Attraction_2
Event Time >>> 30.58605999801558
Simulation Clock >>> 30.58605999801558

Simulation Type >> Generated
Event Type >> ARRIVAL
Center >>> Attraction_2
Event Time >>> 30.935487241893075
Simulation Clock >>> 30.935487241893075

Simulation Type >> Processing
Event Type >> ARRIVAL
Center >>> Attraction_2
Event Time >>> 30.935487241893075
Simulation Clock >>> 30.935487241893075

Simulation Type >> Generated
Event Type >> ARRIVAL
Center >>> Attraction_2
Event Time >>> 32.76196643934861
Simulation Clock >>> 32.76196643934861

Simulation Type >> Processing
Event Type >> ARRIVAL
Center >>> Attraction_2
Event Time >>> 32.76196643934861
Simulation Clock >>> 32.76196643934861

Simulation Type >> Processing
Event Type >> END_PROCESS
Center >>> Attraction_2
Event Time >>> 33.033068391331355
Simulation Clock >>> 33.033068391331355

Simulation Type >> Generated
Event Type >> ARRIVAL
Center >>> Attraction_2
Event Time >>> 33.033068391331355
Simulation Clock >>> 33.033068391331355

Simulation Type >> Generated
Event Type >> START_PROCESS
Center >>> Attraction_2
Event Time >>> 33.033068391331355
Simulation Clock >>> 33.033068391331355

Simulation Type >> Processing
Event Type >> START_PROCESS
Center >>> Attraction_2
Event Time >>> 33.033068391331355
Simulation Clock >>> 33.033068391331355

Simulation Type >> Generated
Event Type >> END_PROCESS
Center >>> Attraction_2
Event Time >>> 37.59397449517188
Simulation Clock >>> 33.033068391331355

Simulation Type >> Generated
Event Type >> END_PROCESS
Center >>> Attraction_2
Event Time >>> 37.59397449517188
Simulation Clock >>> 33.033068391331355

Simulation Type >> Generated
Event Type >> END_PROCESS
Center >>> Attraction_2
Event Time >>> 37.59397449517188
Simulation Clock >>> 33.033068391331355

Simulation Type >> Generated
Event Type >> END_PROCESS
Center >>> Attraction_2
Event Time >>> 37.59397449517188
Simulation Clock >>> 33.033068391331355

Simulation Type >> Generated
Event Type >> END_PROCESS
Center >>> Attraction_2
Event Time >>> 37.59397449517188
Simulation Clock >>> 33.033068391331355

Simulation Type >> Generated
Event Type >> END_PROCESS
Center >>> Attraction_2
Event Time >>> 37.59397449517188
Simulation Clock >>> 33.033068391331355

Simulation Type >> Processing
Event Type >> ARRIVAL
Center >>> Attraction_2
Event Time >>> 33.033068391331355
Simulation Clock >>> 33.033068391331355

Simulation Type >> Generated
Event Type >> ARRIVAL
Center >>> Attraction_2
Event Time >>> 35.90363055399672
Simulation Clock >>> 35.90363055399672

Simulation Type >> Processing
Event Type >> ARRIVAL
Center >>> Attraction_2
Event Time >>> 35.90363055399672
Simulation Clock >>> 35.90363055399672

Simulation Type >> Processing
Event Type >> END_PROCESS
Center >>> Attraction_2
Event Time >>> 37.59397449517188
Simulation Clock >>> 37.59397449517188

Simulation Type >> Generated
Event Type >> START_PROCESS
Center >>> Attraction_2
Event Time >>> 37.59397449517188
Simulation Clock >>> 37.59397449517188

Simulation Type >> Processing
Event Type >> END_PROCESS
Center >>> Attraction_2
Event Time >>> 37.59397449517188
Simulation Clock >>> 37.59397449517188

Simulation Type >> Generated
Event Type >> START_PROCESS
Center >>> Attraction_2
Event Time >>> 37.59397449517188
Simulation Clock >>> 37.59397449517188

Simulation Type >> Processing
Event Type >> END_PROCESS
Center >>> Attraction_2
Event Time >>> 37.59397449517188
Simulation Clock >>> 37.59397449517188

Simulation Type >> Generated
Event Type >> ARRIVAL
Center >>> Attraction_2
Event Time >>> 37.59397449517188
Simulation Clock >>> 37.59397449517188

Simulation Type >> Generated
Event Type >> START_PROCESS
Center >>> Attraction_2
Event Time >>> 37.59397449517188
Simulation Clock >>> 37.59397449517188

Simulation Type >> Processing
Event Type >> END_PROCESS
Center >>> Attraction_2
Event Time >>> 37.59397449517188
Simulation Clock >>> 37.59397449517188

Simulation Type >> Generated
Event Type >> START_PROCESS
Center >>> Attraction_2
Event Time >>> 37.59397449517188
Simulation Clock >>> 37.59397449517188

Simulation Type >> Processing
Event Type >> END_PROCESS
Center >>> Attraction_2
Event Time >>> 37.59397449517188
Simulation Clock >>> 37.59397449517188

Simulation Type >> Generated
Event Type >> ARRIVAL
Center >>> Attraction_2
Event Time >>> 37.59397449517188
Simulation Clock >>> 37.59397449517188

Simulation Type >> Generated
Event Type >> START_PROCESS
Center >>> Attraction_2
Event Time >>> 37.59397449517188
Simulation Clock >>> 37.59397449517188

Simulation Type >> Processing
Event Type >> END_PROCESS
Center >>> Attraction_2
Event Time >>> 37.59397449517188
Simulation Clock >>> 37.59397449517188

Simulation Type >> Generated
Event Type >> ARRIVAL
Center >>> Attraction_2
Event Time >>> 37.59397449517188
Simulation Clock >>> 37.59397449517188

Simulation Type >> Generated
Event Type >> START_PROCESS
Center >>> Attraction_2
Event Time >>> 37.59397449517188
Simulation Clock >>> 37.59397449517188

Simulation Type >> Processing
Event Type >> START_PROCESS
Center >>> Attraction_2
Event Time >>> 37.59397449517188
Simulation Clock >>> 37.59397449517188

Simulation Type >> Generated
Event Type >> END_PROCESS
Center >>> Attraction_2
Event Time >>> 43.0925129808994
Simulation Clock >>> 37.59397449517188

Simulation Type >> Generated
Event Type >> END_PROCESS
Center >>> Attraction_2
Event Time >>> 43.0925129808994
Simulation Clock >>> 37.59397449517188

Simulation Type >> Processing
Event Type >> START_PROCESS
Center >>> Attraction_2
Event Time >>> 37.59397449517188
Simulation Clock >>> 37.59397449517188

Simulation Type >> Processing
Event Type >> START_PROCESS
Center >>> Attraction_2
Event Time >>> 37.59397449517188
Simulation Clock >>> 37.59397449517188

Simulation Type >> Processing
Event Type >> START_PROCESS
Center >>> Attraction_2
Event Time >>> 37.59397449517188
Simulation Clock >>> 37.59397449517188

Simulation Type >> Processing
Event Type >> START_PROCESS
Center >>> Attraction_2
Event Time >>> 37.59397449517188
Simulation Clock >>> 37.59397449517188

Simulation Type >> Processing
Event Type >> START_PROCESS
Center >>> Attraction_2
Event Time >>> 37.59397449517188
Simulation Clock >>> 37.59397449517188

Simulation Type >> Processing
Event Type >> ARRIVAL
Center >>> Attraction_2
Event Time >>> 37.59397449517188
Simulation Clock >>> 37.59397449517188

Simulation Type >> Processing
Event Type >> ARRIVAL
Center >>> Attraction_2
Event Time >>> 37.59397449517188
Simulation Clock >>> 37.59397449517188

Simulation Type >> Processing
Event Type >> ARRIVAL
Center >>> Attraction_2
Event Time >>> 37.59397449517188
Simulation Clock >>> 37.59397449517188

Simulation Type >> Generated
Event Type >> ARRIVAL
Center >>> Attraction_2
Event Time >>> 41.68348769569115
Simulation Clock >>> 41.68348769569115

Simulation Type >> Processing
Event Type >> ARRIVAL
Center >>> Attraction_2
Event Time >>> 41.68348769569115
Simulation Clock >>> 41.68348769569115

Simulation Type >> Generated
Event Type >> ARRIVAL
Center >>> Attraction_2
Event Time >>> 42.420605661912255
Simulation Clock >>> 42.420605661912255

Simulation Type >> Processing
Event Type >> ARRIVAL
Center >>> Attraction_2
Event Time >>> 42.420605661912255
Simulation Clock >>> 42.420605661912255

Simulation Type >> Generated
Event Type >> ARRIVAL
Center >>> Attraction_2
Event Time >>> 42.969773270718036
Simulation Clock >>> 42.969773270718036

Simulation Type >> Processing
Event Type >> ARRIVAL
Center >>> Attraction_2
Event Time >>> 42.969773270718036
Simulation Clock >>> 42.969773270718036

Simulation Type >> Processing
Event Type >> END_PROCESS
Center >>> Attraction_2
Event Time >>> 43.0925129808994
Simulation Clock >>> 43.0925129808994

Simulation Type >> Generated
Event Type >> START_PROCESS
Center >>> Attraction_2
Event Time >>> 43.0925129808994
Simulation Clock >>> 43.0925129808994

Simulation Type >> Processing
Event Type >> END_PROCESS
Center >>> Attraction_2
Event Time >>> 43.0925129808994
Simulation Clock >>> 43.0925129808994

Simulation Type >> Generated
Event Type >> START_PROCESS
Center >>> Attraction_2
Event Time >>> 43.0925129808994
Simulation Clock >>> 43.0925129808994

Simulation Type >> Processing
Event Type >> START_PROCESS
Center >>> Attraction_2
Event Time >>> 43.0925129808994
Simulation Clock >>> 43.0925129808994

Simulation Type >> Generated
Event Type >> END_PROCESS
Center >>> Attraction_2
Event Time >>> 48.44783414134966
Simulation Clock >>> 43.0925129808994

Simulation Type >> Generated
Event Type >> END_PROCESS
Center >>> Attraction_2
Event Time >>> 48.44783414134966
Simulation Clock >>> 43.0925129808994

Simulation Type >> Generated
Event Type >> END_PROCESS
Center >>> Attraction_2
Event Time >>> 48.44783414134966
Simulation Clock >>> 43.0925129808994

Simulation Type >> Generated
Event Type >> END_PROCESS
Center >>> Attraction_2
Event Time >>> 48.44783414134966
Simulation Clock >>> 43.0925129808994

Simulation Type >> Generated
Event Type >> END_PROCESS
Center >>> Attraction_2
Event Time >>> 48.44783414134966
Simulation Clock >>> 43.0925129808994

Simulation Type >> Generated
Event Type >> END_PROCESS
Center >>> Attraction_2
Event Time >>> 48.44783414134966
Simulation Clock >>> 43.0925129808994

Simulation Type >> Processing
Event Type >> START_PROCESS
Center >>> Attraction_2
Event Time >>> 43.0925129808994
Simulation Clock >>> 43.0925129808994

Simulation Type >> Generated
Event Type >> ARRIVAL
Center >>> Attraction_2
Event Time >>> 43.33300567164761
Simulation Clock >>> 43.33300567164761

Simulation Type >> Processing
Event Type >> ARRIVAL
Center >>> Attraction_2
Event Time >>> 43.33300567164761
Simulation Clock >>> 43.33300567164761

Simulation Type >> Generated
Event Type >> ARRIVAL
Center >>> Attraction_2
Event Time >>> 44.50311704284682
Simulation Clock >>> 44.50311704284682

Simulation Type >> Processing
Event Type >> ARRIVAL
Center >>> Attraction_2
Event Time >>> 44.50311704284682
Simulation Clock >>> 44.50311704284682

Simulation Type >> Generated
Event Type >> ARRIVAL
Center >>> Attraction_2
Event Time >>> 45.655492151991
Simulation Clock >>> 45.655492151991

Simulation Type >> Generated
Event Type >> ARRIVAL
Center >>> Attraction_2
Event Time >>> 45.655492151991
Simulation Clock >>> 45.655492151991

Simulation Type >> Processing
Event Type >> ARRIVAL
Center >>> Attraction_2
Event Time >>> 45.655492151991
Simulation Clock >>> 45.655492151991

Simulation Type >> Processing
Event Type >> ARRIVAL
Center >>> Attraction_2
Event Time >>> 45.655492151991
Simulation Clock >>> 45.655492151991

Simulation Type >> Generated
Event Type >> ARRIVAL
Center >>> Attraction_2
Event Time >>> 46.01482733578996
Simulation Clock >>> 46.01482733578996

Simulation Type >> Processing
Event Type >> ARRIVAL
Center >>> Attraction_2
Event Time >>> 46.01482733578996
Simulation Clock >>> 46.01482733578996

Simulation Type >> Generated
Event Type >> ARRIVAL
Center >>> Attraction_2
Event Time >>> 46.16004949247004
Simulation Clock >>> 46.16004949247004

Simulation Type >> Processing
Event Type >> ARRIVAL
Center >>> Attraction_2
Event Time >>> 46.16004949247004
Simulation Clock >>> 46.16004949247004

Simulation Type >> Generated
Event Type >> ARRIVAL
Center >>> Attraction_2
Event Time >>> 47.06522245535375
Simulation Clock >>> 47.06522245535375

Simulation Type >> Processing
Event Type >> ARRIVAL
Center >>> Attraction_2
Event Time >>> 47.06522245535375
Simulation Clock >>> 47.06522245535375

Simulation Type >> Processing
Event Type >> END_PROCESS
Center >>> Attraction_2
Event Time >>> 48.44783414134966
Simulation Clock >>> 48.44783414134966

Simulation Type >> Generated
Event Type >> START_PROCESS
Center >>> Attraction_2
Event Time >>> 48.44783414134966
Simulation Clock >>> 48.44783414134966

Simulation Type >> Processing
Event Type >> END_PROCESS
Center >>> Attraction_2
Event Time >>> 48.44783414134966
Simulation Clock >>> 48.44783414134966

Simulation Type >> Generated
Event Type >> START_PROCESS
Center >>> Attraction_2
Event Time >>> 48.44783414134966
Simulation Clock >>> 48.44783414134966

Simulation Type >> Processing
Event Type >> END_PROCESS
Center >>> Attraction_2
Event Time >>> 48.44783414134966
Simulation Clock >>> 48.44783414134966

Simulation Type >> Generated
Event Type >> ARRIVAL
Center >>> Attraction_2
Event Time >>> 48.44783414134966
Simulation Clock >>> 48.44783414134966

Simulation Type >> Generated
Event Type >> START_PROCESS
Center >>> Attraction_2
Event Time >>> 48.44783414134966
Simulation Clock >>> 48.44783414134966

Simulation Type >> Processing
Event Type >> END_PROCESS
Center >>> Attraction_2
Event Time >>> 48.44783414134966
Simulation Clock >>> 48.44783414134966

Simulation Type >> Generated
Event Type >> START_PROCESS
Center >>> Attraction_2
Event Time >>> 48.44783414134966
Simulation Clock >>> 48.44783414134966

Simulation Type >> Processing
Event Type >> END_PROCESS
Center >>> Attraction_2
Event Time >>> 48.44783414134966
Simulation Clock >>> 48.44783414134966

Simulation Type >> Generated
Event Type >> ARRIVAL
Center >>> Attraction_2
Event Time >>> 48.44783414134966
Simulation Clock >>> 48.44783414134966

Simulation Type >> Generated
Event Type >> START_PROCESS
Center >>> Attraction_2
Event Time >>> 48.44783414134966
Simulation Clock >>> 48.44783414134966

Simulation Type >> Processing
Event Type >> END_PROCESS
Center >>> Attraction_2
Event Time >>> 48.44783414134966
Simulation Clock >>> 48.44783414134966

Simulation Type >> Generated
Event Type >> START_PROCESS
Center >>> Attraction_2
Event Time >>> 48.44783414134966
Simulation Clock >>> 48.44783414134966

Simulation Type >> Processing
Event Type >> START_PROCESS
Center >>> Attraction_2
Event Time >>> 48.44783414134966
Simulation Clock >>> 48.44783414134966

Simulation Type >> Generated
Event Type >> END_PROCESS
Center >>> Attraction_2
Event Time >>> 53.5768555631831
Simulation Clock >>> 48.44783414134966

Simulation Type >> Generated
Event Type >> END_PROCESS
Center >>> Attraction_2
Event Time >>> 53.5768555631831
Simulation Clock >>> 48.44783414134966

Simulation Type >> Generated
Event Type >> END_PROCESS
Center >>> Attraction_2
Event Time >>> 53.5768555631831
Simulation Clock >>> 48.44783414134966

Simulation Type >> Generated
Event Type >> END_PROCESS
Center >>> Attraction_2
Event Time >>> 53.5768555631831
Simulation Clock >>> 48.44783414134966

Simulation Type >> Generated
Event Type >> END_PROCESS
Center >>> Attraction_2
Event Time >>> 53.5768555631831
Simulation Clock >>> 48.44783414134966

Simulation Type >> Generated
Event Type >> END_PROCESS
Center >>> Attraction_2
Event Time >>> 53.5768555631831
Simulation Clock >>> 48.44783414134966

Simulation Type >> Generated
Event Type >> END_PROCESS
Center >>> Attraction_2
Event Time >>> 53.5768555631831
Simulation Clock >>> 48.44783414134966

Simulation Type >> Processing
Event Type >> START_PROCESS
Center >>> Attraction_2
Event Time >>> 48.44783414134966
Simulation Clock >>> 48.44783414134966

Simulation Type >> Processing
Event Type >> START_PROCESS
Center >>> Attraction_2
Event Time >>> 48.44783414134966
Simulation Clock >>> 48.44783414134966

Simulation Type >> Processing
Event Type >> START_PROCESS
Center >>> Attraction_2
Event Time >>> 48.44783414134966
Simulation Clock >>> 48.44783414134966

Simulation Type >> Processing
Event Type >> START_PROCESS
Center >>> Attraction_2
Event Time >>> 48.44783414134966
Simulation Clock >>> 48.44783414134966

Simulation Type >> Processing
Event Type >> START_PROCESS
Center >>> Attraction_2
Event Time >>> 48.44783414134966
Simulation Clock >>> 48.44783414134966

Simulation Type >> Processing
Event Type >> ARRIVAL
Center >>> Attraction_2
Event Time >>> 48.44783414134966
Simulation Clock >>> 48.44783414134966

Simulation Type >> Processing
Event Type >> ARRIVAL
Center >>> Attraction_2
Event Time >>> 48.44783414134966
Simulation Clock >>> 48.44783414134966

Simulation Type >> Generated
Event Type >> ARRIVAL
Center >>> Attraction_2
Event Time >>> 50.10042537794529
Simulation Clock >>> 50.10042537794529

Simulation Type >> Processing
Event Type >> ARRIVAL
Center >>> Attraction_2
Event Time >>> 50.10042537794529
Simulation Clock >>> 50.10042537794529

Simulation Type >> Generated
Event Type >> ARRIVAL
Center >>> Attraction_2
Event Time >>> 51.40626327023869
Simulation Clock >>> 51.40626327023869

Simulation Type >> Processing
Event Type >> ARRIVAL
Center >>> Attraction_2
Event Time >>> 51.40626327023869
Simulation Clock >>> 51.40626327023869

Simulation Type >> Processing
Event Type >> END_PROCESS
Center >>> Attraction_2
Event Time >>> 53.5768555631831
Simulation Clock >>> 53.5768555631831

Simulation Type >> Generated
Event Type >> START_PROCESS
Center >>> Attraction_2
Event Time >>> 53.5768555631831
Simulation Clock >>> 53.5768555631831

Simulation Type >> Processing
Event Type >> END_PROCESS
Center >>> Attraction_2
Event Time >>> 53.5768555631831
Simulation Clock >>> 53.5768555631831

Simulation Type >> Generated
Event Type >> START_PROCESS
Center >>> Attraction_2
Event Time >>> 53.5768555631831
Simulation Clock >>> 53.5768555631831

Simulation Type >> Processing
Event Type >> END_PROCESS
Center >>> Attraction_2
Event Time >>> 53.5768555631831
Simulation Clock >>> 53.5768555631831

Simulation Type >> Generated
Event Type >> ARRIVAL
Center >>> Attraction_2
Event Time >>> 53.5768555631831
Simulation Clock >>> 53.5768555631831

Simulation Type >> Generated
Event Type >> START_PROCESS
Center >>> Attraction_2
Event Time >>> 53.5768555631831
Simulation Clock >>> 53.5768555631831

Simulation Type >> Processing
Event Type >> END_PROCESS
Center >>> Attraction_2
Event Time >>> 53.5768555631831
Simulation Clock >>> 53.5768555631831

Simulation Type >> Generated
Event Type >> ARRIVAL
Center >>> Attraction_2
Event Time >>> 53.5768555631831
Simulation Clock >>> 53.5768555631831

Simulation Type >> Generated
Event Type >> START_PROCESS
Center >>> Attraction_2
Event Time >>> 53.5768555631831
Simulation Clock >>> 53.5768555631831

