Simulation Type >> Processing
Event Type >> ARRIVAL
Center >>> Entrance
Event Time >>> 1.4918151921287826
Simulation Clock >>> 1.4918151921287826

Simulation Type >> Generated
Event Type >> START_PROCESS
Center >>> Entrance
Event Time >>> 1.4918151921287826
Simulation Clock >>> 1.4918151921287826

Simulation Type >> Generated
Event Type >> ARRIVAL
Center >>> Entrance
Event Time >>> 2.944426544422096
Simulation Clock >>> 1.4918151921287826

Simulation Type >> Processing
Event Type >> START_PROCESS
Center >>> Entrance
Event Time >>> 1.4918151921287826
Simulation Clock >>> 1.4918151921287826

Simulation Type >> Generated
Event Type >> END_PROCESS
Center >>> Entrance
Event Time >>> 2.5128469425856776
Simulation Clock >>> 1.4918151921287826

Simulation Type >> Processing
Event Type >> END_PROCESS
Center >>> Entrance
Event Time >>> 2.5128469425856776
Simulation Clock >>> 2.5128469425856776

Simulation Type >> Generated
Event Type >> ARRIVAL
Center >>> Attraction_2
Event Time >>> 2.5128469425856776
Simulation Clock >>> 2.5128469425856776

Simulation Type >> Processing
Event Type >> ARRIVAL
Center >>> Attraction_2
Event Time >>> 2.5128469425856776
Simulation Clock >>> 2.5128469425856776

Simulation Type >> Generated
Event Type >> START_PROCESS
Center >>> Attraction_2
Event Time >>> 2.5128469425856776
Simulation Clock >>> 2.5128469425856776

Simulation Type >> Processing
Event Type >> START_PROCESS
Center >>> Attraction_2
Event Time >>> 2.5128469425856776
Simulation Clock >>> 2.5128469425856776

Simulation Type >> Generated
Event Type >> END_PROCESS
Center >>> Attraction_2
Event Time >>> 7.716410204690463
Simulation Clock >>> 2.5128469425856776

Simulation Type >> Processing
Event Type >> ARRIVAL
Center >>> Entrance
Event Time >>> 2.944426544422096
Simulation Clock >>> 2.944426544422096

Simulation Type >> Generated
Event Type >> START_PROCESS
Center >>> Entrance
Event Time >>> 2.944426544422096
Simulation Clock >>> 2.944426544422096

Simulation Type >> Generated
Event Type >> ARRIVAL
Center >>> Entrance
Event Time >>> 3.829320521245757
Simulation Clock >>> 2.944426544422096

Simulation Type >> Processing
Event Type >> START_PROCESS
Center >>> Entrance
Event Time >>> 2.944426544422096
Simulation Clock >>> 2.944426544422096

Simulation Type >> Generated
Event Type >> END_PROCESS
Center >>> Entrance
Event Time >>> 6.5374183294712225
Simulation Clock >>> 2.944426544422096

Simulation Type >> Processing
Event Type >> ARRIVAL
Center >>> Entrance
Event Time >>> 3.829320521245757
Simulation Clock >>> 3.829320521245757

Simulation Type >> Generated
Event Type >> START_PROCESS
Center >>> Entrance
Event Time >>> 3.829320521245757
Simulation Clock >>> 3.829320521245757

Simulation Type >> Generated
Event Type >> ARRIVAL
Center >>> Entrance
Event Time >>> 5.26406006239703
Simulation Clock >>> 3.829320521245757

Simulation Type >> Processing
Event Type >> START_PROCESS
Center >>> Entrance
Event Time >>> 3.829320521245757
Simulation Clock >>> 3.829320521245757

Simulation Type >> Generated
Event Type >> END_PROCESS
Center >>> Entrance
Event Time >>> 4.249565131544366
Simulation Clock >>> 3.829320521245757

Simulation Type >> Processing
Event Type >> END_PROCESS
Center >>> Entrance
Event Time >>> 4.249565131544366
Simulation Clock >>> 4.249565131544366

Simulation Type >> Generated
Event Type >> ARRIVAL
Center >>> Attraction_2
Event Time >>> 4.249565131544366
Simulation Clock >>> 4.249565131544366

Simulation Type >> Processing
Event Type >> ARRIVAL
Center >>> Attraction_2
Event Time >>> 4.249565131544366
Simulation Clock >>> 4.249565131544366

Simulation Type >> Processing
Event Type >> ARRIVAL
Center >>> Entrance
Event Time >>> 5.26406006239703
Simulation Clock >>> 5.26406006239703

Simulation Type >> Generated
Event Type >> START_PROCESS
Center >>> Entrance
Event Time >>> 5.26406006239703
Simulation Clock >>> 5.26406006239703

Simulation Type >> Generated
Event Type >> ARRIVAL
Center >>> Entrance
Event Time >>> 8.06327784277272
Simulation Clock >>> 5.26406006239703

Simulation Type >> Processing
Event Type >> START_PROCESS
Center >>> Entrance
Event Time >>> 5.26406006239703
Simulation Clock >>> 5.26406006239703

Simulation Type >> Generated
Event Type >> END_PROCESS
Center >>> Entrance
Event Time >>> 15.243165022558179
Simulation Clock >>> 5.26406006239703

Simulation Type >> Processing
Event Type >> END_PROCESS
Center >>> Entrance
Event Time >>> 6.5374183294712225
Simulation Clock >>> 6.5374183294712225

Simulation Type >> Generated
Event Type >> ARRIVAL
Center >>> Attraction_1
Event Time >>> 6.5374183294712225
Simulation Clock >>> 6.5374183294712225

Simulation Type >> Processing
Event Type >> ARRIVAL
Center >>> Attraction_1
Event Time >>> 6.5374183294712225
Simulation Clock >>> 6.5374183294712225

Simulation Type >> Generated
Event Type >> START_PROCESS
Center >>> Attraction_1
Event Time >>> 6.5374183294712225
Simulation Clock >>> 6.5374183294712225

Simulation Type >> Processing
Event Type >> START_PROCESS
Center >>> Attraction_1
Event Time >>> 6.5374183294712225
Simulation Clock >>> 6.5374183294712225

Simulation Type >> Generated
Event Type >> END_PROCESS
Center >>> Attraction_1
Event Time >>> 16.22520208166107
Simulation Clock >>> 6.5374183294712225

Simulation Type >> Processing
Event Type >> END_PROCESS
Center >>> Attraction_2
Event Time >>> 7.716410204690463
Simulation Clock >>> 7.716410204690463

Simulation Type >> Generated
Event Type >> ARRIVAL
Center >>> Attraction_2
Event Time >>> 7.716410204690463
Simulation Clock >>> 7.716410204690463

Simulation Type >> Generated
Event Type >> START_PROCESS
Center >>> Attraction_2
Event Time >>> 7.716410204690463
Simulation Clock >>> 7.716410204690463

Simulation Type >> Processing
Event Type >> START_PROCESS
Center >>> Attraction_2
Event Time >>> 7.716410204690463
Simulation Clock >>> 7.716410204690463

Simulation Type >> Generated
Event Type >> END_PROCESS
Center >>> Attraction_2
Event Time >>> 12.91863526475398
Simulation Clock >>> 7.716410204690463

Simulation Type >> Processing
Event Type >> ARRIVAL
Center >>> Attraction_2
Event Time >>> 7.716410204690463
Simulation Clock >>> 7.716410204690463

Simulation Type >> Processing
Event Type >> ARRIVAL
Center >>> Entrance
Event Time >>> 8.06327784277272
Simulation Clock >>> 8.06327784277272

Simulation Type >> Generated
Event Type >> START_PROCESS
Center >>> Entrance
Event Time >>> 8.06327784277272
Simulation Clock >>> 8.06327784277272

Simulation Type >> Generated
Event Type >> ARRIVAL
Center >>> Entrance
Event Time >>> 8.4795065404505
Simulation Clock >>> 8.06327784277272

Simulation Type >> Processing
Event Type >> START_PROCESS
Center >>> Entrance
Event Time >>> 8.06327784277272
Simulation Clock >>> 8.06327784277272

Simulation Type >> Generated
Event Type >> END_PROCESS
Center >>> Entrance
Event Time >>> 18.300489137426375
Simulation Clock >>> 8.06327784277272

Simulation Type >> Processing
Event Type >> ARRIVAL
Center >>> Entrance
Event Time >>> 8.4795065404505
Simulation Clock >>> 8.4795065404505

Simulation Type >> Generated
Event Type >> START_PROCESS
Center >>> Entrance
Event Time >>> 8.4795065404505
Simulation Clock >>> 8.4795065404505

Simulation Type >> Generated
Event Type >> ARRIVAL
Center >>> Entrance
Event Time >>> 10.412933863745046
Simulation Clock >>> 8.4795065404505

Simulation Type >> Processing
Event Type >> START_PROCESS
Center >>> Entrance
Event Time >>> 8.4795065404505
Simulation Clock >>> 8.4795065404505

Simulation Type >> Generated
Event Type >> END_PROCESS
Center >>> Entrance
Event Time >>> 11.055038759405061
Simulation Clock >>> 8.4795065404505

Simulation Type >> Processing
Event Type >> ARRIVAL
Center >>> Entrance
Event Time >>> 10.412933863745046
Simulation Clock >>> 10.412933863745046

Simulation Type >> Generated
Event Type >> ARRIVAL
Center >>> Entrance
Event Time >>> 11.154372513259297
Simulation Clock >>> 10.412933863745046

Simulation Type >> Processing
Event Type >> END_PROCESS
Center >>> Entrance
Event Time >>> 11.055038759405061
Simulation Clock >>> 11.055038759405061

Simulation Type >> Generated
Event Type >> ARRIVAL
Center >>> Attraction_1
Event Time >>> 11.055038759405061
Simulation Clock >>> 11.055038759405061

Simulation Type >> Generated
Event Type >> START_PROCESS
Center >>> Entrance
Event Time >>> 11.055038759405061
Simulation Clock >>> 11.055038759405061

Simulation Type >> Processing
Event Type >> START_PROCESS
Center >>> Entrance
Event Time >>> 11.055038759405061
Simulation Clock >>> 11.055038759405061

Simulation Type >> Generated
Event Type >> END_PROCESS
Center >>> Entrance
Event Time >>> 13.942452033172719
Simulation Clock >>> 11.055038759405061

Simulation Type >> Processing
Event Type >> ARRIVAL
Center >>> Attraction_1
Event Time >>> 11.055038759405061
Simulation Clock >>> 11.055038759405061

Simulation Type >> Processing
Event Type >> ARRIVAL
Center >>> Entrance
Event Time >>> 11.154372513259297
Simulation Clock >>> 11.154372513259297

Simulation Type >> Generated
Event Type >> ARRIVAL
Center >>> Entrance
Event Time >>> 11.575299287987402
Simulation Clock >>> 11.154372513259297

Simulation Type >> Processing
Event Type >> ARRIVAL
Center >>> Entrance
Event Time >>> 11.575299287987402
Simulation Clock >>> 11.575299287987402

Simulation Type >> Generated
Event Type >> ARRIVAL
Center >>> Entrance
Event Time >>> 11.65133403640497
Simulation Clock >>> 11.575299287987402

Simulation Type >> Processing
Event Type >> ARRIVAL
Center >>> Entrance
Event Time >>> 11.65133403640497
Simulation Clock >>> 11.65133403640497

Simulation Type >> Generated
Event Type >> ARRIVAL
Center >>> Entrance
Event Time >>> 11.886364026978875
Simulation Clock >>> 11.65133403640497

Simulation Type >> Processing
Event Type >> ARRIVAL
Center >>> Entrance
Event Time >>> 11.886364026978875
Simulation Clock >>> 11.886364026978875

Simulation Type >> Generated
Event Type >> ARRIVAL
Center >>> Entrance
Event Time >>> 12.577493362090232
Simulation Clock >>> 11.886364026978875

Simulation Type >> Processing
Event Type >> ARRIVAL
Center >>> Entrance
Event Time >>> 12.577493362090232
Simulation Clock >>> 12.577493362090232

Simulation Type >> Generated
Event Type >> ARRIVAL
Center >>> Entrance
Event Time >>> 13.960281271511567
Simulation Clock >>> 12.577493362090232

Simulation Type >> Processing
Event Type >> END_PROCESS
Center >>> Attraction_2
Event Time >>> 12.91863526475398
Simulation Clock >>> 12.91863526475398

Simulation Type >> Generated
Event Type >> ARRIVAL
Center >>> Attraction_2
Event Time >>> 12.91863526475398
Simulation Clock >>> 12.91863526475398

Simulation Type >> Generated
Event Type >> START_PROCESS
Center >>> Attraction_2
Event Time >>> 12.91863526475398
Simulation Clock >>> 12.91863526475398

Simulation Type >> Processing
Event Type >> START_PROCESS
Center >>> Attraction_2
Event Time >>> 12.91863526475398
Simulation Clock >>> 12.91863526475398

Simulation Type >> Generated
Event Type >> END_PROCESS
Center >>> Attraction_2
Event Time >>> 17.524509590883365
Simulation Clock >>> 12.91863526475398

Simulation Type >> Processing
Event Type >> ARRIVAL
Center >>> Attraction_2
Event Time >>> 12.91863526475398
Simulation Clock >>> 12.91863526475398

Simulation Type >> Processing
Event Type >> END_PROCESS
Center >>> Entrance
Event Time >>> 13.942452033172719
Simulation Clock >>> 13.942452033172719

Simulation Type >> Generated
Event Type >> ARRIVAL
Center >>> Stupid_Restaurant
Event Time >>> 13.942452033172719
Simulation Clock >>> 13.942452033172719

Simulation Type >> Generated
Event Type >> START_PROCESS
Center >>> Entrance
Event Time >>> 13.942452033172719
Simulation Clock >>> 13.942452033172719

Simulation Type >> Processing
Event Type >> START_PROCESS
Center >>> Entrance
Event Time >>> 13.942452033172719
Simulation Clock >>> 13.942452033172719

Simulation Type >> Generated
Event Type >> END_PROCESS
Center >>> Entrance
Event Time >>> 16.613377941989263
Simulation Clock >>> 13.942452033172719

Simulation Type >> Processing
Event Type >> ARRIVAL
Center >>> Stupid_Restaurant
Event Time >>> 13.942452033172719
Simulation Clock >>> 13.942452033172719

Simulation Type >> Generated
Event Type >> START_PROCESS
Center >>> Stupid_Restaurant
Event Time >>> 13.942452033172719
Simulation Clock >>> 13.942452033172719

Simulation Type >> Processing
Event Type >> START_PROCESS
Center >>> Stupid_Restaurant
Event Time >>> 13.942452033172719
Simulation Clock >>> 13.942452033172719

Simulation Type >> Generated
Event Type >> END_PROCESS
Center >>> Stupid_Restaurant
Event Time >>> 113.70092597511655
Simulation Clock >>> 13.942452033172719

Simulation Type >> Processing
Event Type >> ARRIVAL
Center >>> Entrance
Event Time >>> 13.960281271511567
Simulation Clock >>> 13.960281271511567

Simulation Type >> Generated
Event Type >> ARRIVAL
Center >>> Entrance
Event Time >>> 15.931715444546763
Simulation Clock >>> 13.960281271511567

Simulation Type >> Processing
Event Type >> END_PROCESS
Center >>> Entrance
Event Time >>> 15.243165022558179
Simulation Clock >>> 15.243165022558179

Simulation Type >> Generated
Event Type >> ARRIVAL
Center >>> Attraction_1
Event Time >>> 15.243165022558179
Simulation Clock >>> 15.243165022558179

Simulation Type >> Generated
Event Type >> START_PROCESS
Center >>> Entrance
Event Time >>> 15.243165022558179
Simulation Clock >>> 15.243165022558179

Simulation Type >> Processing
Event Type >> START_PROCESS
Center >>> Entrance
Event Time >>> 15.243165022558179
Simulation Clock >>> 15.243165022558179

Simulation Type >> Generated
Event Type >> END_PROCESS
Center >>> Entrance
Event Time >>> 15.488515650693326
Simulation Clock >>> 15.243165022558179

Simulation Type >> Processing
Event Type >> ARRIVAL
Center >>> Attraction_1
Event Time >>> 15.243165022558179
Simulation Clock >>> 15.243165022558179

Simulation Type >> Processing
Event Type >> END_PROCESS
Center >>> Entrance
Event Time >>> 15.488515650693326
Simulation Clock >>> 15.488515650693326

Simulation Type >> Generated
Event Type >> ARRIVAL
Center >>> Smart_Restaurant
Event Time >>> 15.488515650693326
Simulation Clock >>> 15.488515650693326

Simulation Type >> Generated
Event Type >> START_PROCESS
Center >>> Entrance
Event Time >>> 15.488515650693326
Simulation Clock >>> 15.488515650693326

Simulation Type >> Processing
Event Type >> ARRIVAL
Center >>> Smart_Restaurant
Event Time >>> 15.488515650693326
Simulation Clock >>> 15.488515650693326

Simulation Type >> Generated
Event Type >> START_PROCESS
Center >>> Smart_Restaurant
Event Time >>> 15.488515650693326
Simulation Clock >>> 15.488515650693326

Simulation Type >> Processing
Event Type >> START_PROCESS
Center >>> Smart_Restaurant
Event Time >>> 15.488515650693326
Simulation Clock >>> 15.488515650693326

Simulation Type >> Generated
Event Type >> END_PROCESS
Center >>> Smart_Restaurant
Event Time >>> 36.24229541626283
Simulation Clock >>> 15.488515650693326

Simulation Type >> Processing
Event Type >> START_PROCESS
Center >>> Entrance
Event Time >>> 15.488515650693326
Simulation Clock >>> 15.488515650693326

Simulation Type >> Generated
Event Type >> END_PROCESS
Center >>> Entrance
Event Time >>> 16.431877208039353
Simulation Clock >>> 15.488515650693326

Simulation Type >> Processing
Event Type >> ARRIVAL
Center >>> Entrance
Event Time >>> 15.931715444546763
Simulation Clock >>> 15.931715444546763

Simulation Type >> Generated
Event Type >> ARRIVAL
Center >>> Entrance
Event Time >>> 18.530390005689775
Simulation Clock >>> 15.931715444546763

Simulation Type >> Processing
Event Type >> END_PROCESS
Center >>> Attraction_1
Event Time >>> 16.22520208166107
Simulation Clock >>> 16.22520208166107

Simulation Type >> Generated
Event Type >> ARRIVAL
Center >>> Stupid_Restaurant
Event Time >>> 16.22520208166107
Simulation Clock >>> 16.22520208166107

Simulation Type >> Generated
Event Type >> START_PROCESS
Center >>> Attraction_1
Event Time >>> 16.22520208166107
Simulation Clock >>> 16.22520208166107

Simulation Type >> Processing
Event Type >> START_PROCESS
Center >>> Attraction_1
Event Time >>> 16.22520208166107
Simulation Clock >>> 16.22520208166107

Simulation Type >> Generated
Event Type >> END_PROCESS
Center >>> Attraction_1
Event Time >>> 26.234704037835918
Simulation Clock >>> 16.22520208166107

Simulation Type >> Processing
Event Type >> ARRIVAL
Center >>> Stupid_Restaurant
Event Time >>> 16.22520208166107
Simulation Clock >>> 16.22520208166107

Simulation Type >> Generated
Event Type >> START_PROCESS
Center >>> Stupid_Restaurant
Event Time >>> 16.22520208166107
Simulation Clock >>> 16.22520208166107

Simulation Type >> Processing
Event Type >> START_PROCESS
Center >>> Stupid_Restaurant
Event Time >>> 16.22520208166107
Simulation Clock >>> 16.22520208166107

Simulation Type >> Generated
Event Type >> END_PROCESS
Center >>> Stupid_Restaurant
Event Time >>> 67.03498431326472
Simulation Clock >>> 16.22520208166107

Simulation Type >> Processing
Event Type >> END_PROCESS
Center >>> Entrance
Event Time >>> 16.431877208039353
Simulation Clock >>> 16.431877208039353

Simulation Type >> Generated
Event Type >> ARRIVAL
Center >>> Attraction_1
Event Time >>> 16.431877208039353
Simulation Clock >>> 16.431877208039353

Simulation Type >> Generated
Event Type >> START_PROCESS
Center >>> Entrance
Event Time >>> 16.431877208039353
Simulation Clock >>> 16.431877208039353

Simulation Type >> Processing
Event Type >> START_PROCESS
Center >>> Entrance
Event Time >>> 16.431877208039353
Simulation Clock >>> 16.431877208039353

Simulation Type >> Generated
Event Type >> END_PROCESS
Center >>> Entrance
Event Time >>> 19.25513133357373
Simulation Clock >>> 16.431877208039353

Simulation Type >> Processing
Event Type >> ARRIVAL
Center >>> Attraction_1
Event Time >>> 16.431877208039353
Simulation Clock >>> 16.431877208039353

Simulation Type >> Processing
Event Type >> END_PROCESS
Center >>> Entrance
Event Time >>> 16.613377941989263
Simulation Clock >>> 16.613377941989263

Simulation Type >> Generated
Event Type >> ARRIVAL
Center >>> Attraction_2
Event Time >>> 16.613377941989263
Simulation Clock >>> 16.613377941989263

Simulation Type >> Generated
Event Type >> START_PROCESS
Center >>> Entrance
Event Time >>> 16.613377941989263
Simulation Clock >>> 16.613377941989263

Simulation Type >> Processing
Event Type >> START_PROCESS
Center >>> Entrance
Event Time >>> 16.613377941989263
Simulation Clock >>> 16.613377941989263

Simulation Type >> Generated
Event Type >> END_PROCESS
Center >>> Entrance
Event Time >>> 16.758760825880614
Simulation Clock >>> 16.613377941989263

Simulation Type >> Processing
Event Type >> ARRIVAL
Center >>> Attraction_2
Event Time >>> 16.613377941989263
Simulation Clock >>> 16.613377941989263

Simulation Type >> Processing
Event Type >> END_PROCESS
Center >>> Entrance
Event Time >>> 16.758760825880614
Simulation Clock >>> 16.758760825880614

Simulation Type >> Generated
Event Type >> ARRIVAL
Center >>> Attraction_2
Event Time >>> 16.758760825880614
Simulation Clock >>> 16.758760825880614

Simulation Type >> Generated
Event Type >> START_PROCESS
Center >>> Entrance
Event Time >>> 16.758760825880614
Simulation Clock >>> 16.758760825880614

Simulation Type >> Processing
Event Type >> START_PROCESS
Center >>> Entrance
Event Time >>> 16.758760825880614
Simulation Clock >>> 16.758760825880614

Simulation Type >> Generated
Event Type >> END_PROCESS
Center >>> Entrance
Event Time >>> 18.243349201139335
Simulation Clock >>> 16.758760825880614

Simulation Type >> Processing
Event Type >> ARRIVAL
Center >>> Attraction_2
Event Time >>> 16.758760825880614
Simulation Clock >>> 16.758760825880614

Simulation Type >> Processing
Event Type >> END_PROCESS
Center >>> Attraction_2
Event Time >>> 17.524509590883365
Simulation Clock >>> 17.524509590883365

Simulation Type >> Generated
Event Type >> ARRIVAL
Center >>> Attraction_1
Event Time >>> 17.524509590883365
Simulation Clock >>> 17.524509590883365

Simulation Type >> Generated
Event Type >> START_PROCESS
Center >>> Attraction_2
Event Time >>> 17.524509590883365
Simulation Clock >>> 17.524509590883365

Simulation Type >> Processing
Event Type >> START_PROCESS
Center >>> Attraction_2
Event Time >>> 17.524509590883365
Simulation Clock >>> 17.524509590883365

Simulation Type >> Generated
Event Type >> END_PROCESS
Center >>> Attraction_2
Event Time >>> 22.684106182447074
Simulation Clock >>> 17.524509590883365

Simulation Type >> Generated
Event Type >> END_PROCESS
Center >>> Attraction_2
Event Time >>> 22.684106182447074
Simulation Clock >>> 17.524509590883365

Simulation Type >> Generated
Event Type >> END_PROCESS
Center >>> Attraction_2
Event Time >>> 22.684106182447074
Simulation Clock >>> 17.524509590883365

Simulation Type >> Processing
Event Type >> ARRIVAL
Center >>> Attraction_1
Event Time >>> 17.524509590883365
Simulation Clock >>> 17.524509590883365

Simulation Type >> Processing
Event Type >> END_PROCESS
Center >>> Entrance
Event Time >>> 18.243349201139335
Simulation Clock >>> 18.243349201139335

Simulation Type >> Generated
Event Type >> ARRIVAL
Center >>> Attraction_2
Event Time >>> 18.243349201139335
Simulation Clock >>> 18.243349201139335

Simulation Type >> Generated
Event Type >> START_PROCESS
Center >>> Entrance
Event Time >>> 18.243349201139335
Simulation Clock >>> 18.243349201139335

Simulation Type >> Processing
Event Type >> START_PROCESS
Center >>> Entrance
Event Time >>> 18.243349201139335
Simulation Clock >>> 18.243349201139335

Simulation Type >> Generated
Event Type >> END_PROCESS
Center >>> Entrance
Event Time >>> 19.379302931536035
Simulation Clock >>> 18.243349201139335

Simulation Type >> Processing
Event Type >> ARRIVAL
Center >>> Attraction_2
Event Time >>> 18.243349201139335
Simulation Clock >>> 18.243349201139335

Simulation Type >> Processing
Event Type >> END_PROCESS
Center >>> Entrance
Event Time >>> 18.300489137426375
Simulation Clock >>> 18.300489137426375

Simulation Type >> Generated
Event Type >> ARRIVAL
Center >>> Attraction_2
Event Time >>> 18.300489137426375
Simulation Clock >>> 18.300489137426375

Simulation Type >> Processing
Event Type >> ARRIVAL
Center >>> Attraction_2
Event Time >>> 18.300489137426375
Simulation Clock >>> 18.300489137426375

Simulation Type >> Processing
Event Type >> ARRIVAL
Center >>> Entrance
Event Time >>> 18.530390005689775
Simulation Clock >>> 18.530390005689775

Simulation Type >> Generated
Event Type >> START_PROCESS
Center >>> Entrance
Event Time >>> 18.530390005689775
Simulation Clock >>> 18.530390005689775

Simulation Type >> Generated
Event Type >> ARRIVAL
Center >>> Entrance
Event Time >>> 22.724283807005065
Simulation Clock >>> 18.530390005689775

Simulation Type >> Processing
Event Type >> START_PROCESS
Center >>> Entrance
Event Time >>> 18.530390005689775
Simulation Clock >>> 18.530390005689775

Simulation Type >> Generated
Event Type >> END_PROCESS
Center >>> Entrance
Event Time >>> 19.006616638184234
Simulation Clock >>> 18.530390005689775

Simulation Type >> Processing
Event Type >> END_PROCESS
Center >>> Entrance
Event Time >>> 19.006616638184234
Simulation Clock >>> 19.006616638184234

Simulation Type >> Generated
Event Type >> ARRIVAL
Center >>> Attraction_1
Event Time >>> 19.006616638184234
Simulation Clock >>> 19.006616638184234

Simulation Type >> Processing
Event Type >> ARRIVAL
Center >>> Attraction_1
Event Time >>> 19.006616638184234
Simulation Clock >>> 19.006616638184234

Simulation Type >> Processing
Event Type >> END_PROCESS
Center >>> Entrance
Event Time >>> 19.25513133357373
Simulation Clock >>> 19.25513133357373

Simulation Type >> Generated
Event Type >> ARRIVAL
Center >>> Stupid_Restaurant
Event Time >>> 19.25513133357373
Simulation Clock >>> 19.25513133357373

Simulation Type >> Processing
Event Type >> ARRIVAL
Center >>> Stupid_Restaurant
Event Time >>> 19.25513133357373
Simulation Clock >>> 19.25513133357373

Simulation Type >> Generated
Event Type >> START_PROCESS
Center >>> Stupid_Restaurant
Event Time >>> 19.25513133357373
Simulation Clock >>> 19.25513133357373

Simulation Type >> Processing
Event Type >> START_PROCESS
Center >>> Stupid_Restaurant
Event Time >>> 19.25513133357373
Simulation Clock >>> 19.25513133357373

Simulation Type >> Generated
Event Type >> END_PROCESS
Center >>> Stupid_Restaurant
Event Time >>> 143.85247376912244
Simulation Clock >>> 19.25513133357373

Simulation Type >> Processing
Event Type >> END_PROCESS
Center >>> Entrance
Event Time >>> 19.379302931536035
Simulation Clock >>> 19.379302931536035

Simulation Type >> Generated
Event Type >> ARRIVAL
Center >>> Attraction_1
Event Time >>> 19.379302931536035
Simulation Clock >>> 19.379302931536035

Simulation Type >> Processing
Event Type >> ARRIVAL
Center >>> Attraction_1
Event Time >>> 19.379302931536035
Simulation Clock >>> 19.379302931536035

Simulation Type >> Processing
Event Type >> END_PROCESS
Center >>> Attraction_2
Event Time >>> 22.684106182447074
Simulation Clock >>> 22.684106182447074

Simulation Type >> Generated
Event Type >> ARRIVAL
Center >>> Attraction_1
Event Time >>> 22.684106182447074
Simulation Clock >>> 22.684106182447074

Simulation Type >> Generated
Event Type >> START_PROCESS
Center >>> Attraction_2
Event Time >>> 22.684106182447074
Simulation Clock >>> 22.684106182447074

Simulation Type >> Processing
Event Type >> END_PROCESS
Center >>> Attraction_2
Event Time >>> 22.684106182447074
Simulation Clock >>> 22.684106182447074

Simulation Type >> Generated
Event Type >> START_PROCESS
Center >>> Attraction_2
Event Time >>> 22.684106182447074
Simulation Clock >>> 22.684106182447074

Simulation Type >> Processing
Event Type >> END_PROCESS
Center >>> Attraction_2
Event Time >>> 22.684106182447074
Simulation Clock >>> 22.684106182447074

Simulation Type >> Generated
Event Type >> ARRIVAL
Center >>> Attraction_1
Event Time >>> 22.684106182447074
Simulation Clock >>> 22.684106182447074

Simulation Type >> Generated
Event Type >> START_PROCESS
Center >>> Attraction_2
Event Time >>> 22.684106182447074
Simulation Clock >>> 22.684106182447074

Simulation Type >> Processing
Event Type >> START_PROCESS
Center >>> Attraction_2
Event Time >>> 22.684106182447074
Simulation Clock >>> 22.684106182447074

Simulation Type >> Generated
Event Type >> END_PROCESS
Center >>> Attraction_2
Event Time >>> 27.57117755417147
Simulation Clock >>> 22.684106182447074

Simulation Type >> Generated
Event Type >> END_PROCESS
Center >>> Attraction_2
Event Time >>> 27.57117755417147
Simulation Clock >>> 22.684106182447074

Simulation Type >> Processing
Event Type >> START_PROCESS
Center >>> Attraction_2
Event Time >>> 22.684106182447074
Simulation Clock >>> 22.684106182447074

Simulation Type >> Processing
Event Type >> START_PROCESS
Center >>> Attraction_2
Event Time >>> 22.684106182447074
Simulation Clock >>> 22.684106182447074

Simulation Type >> Processing
Event Type >> ARRIVAL
Center >>> Attraction_1
Event Time >>> 22.684106182447074
Simulation Clock >>> 22.684106182447074

Simulation Type >> Processing
Event Type >> ARRIVAL
Center >>> Attraction_1
Event Time >>> 22.684106182447074
Simulation Clock >>> 22.684106182447074

Simulation Type >> Processing
Event Type >> ARRIVAL
Center >>> Entrance
Event Time >>> 22.724283807005065
Simulation Clock >>> 22.724283807005065

Simulation Type >> Generated
Event Type >> START_PROCESS
Center >>> Entrance
Event Time >>> 22.724283807005065
Simulation Clock >>> 22.724283807005065

Simulation Type >> Generated
Event Type >> ARRIVAL
Center >>> Entrance
Event Time >>> 23.979578468964736
Simulation Clock >>> 22.724283807005065

Simulation Type >> Processing
Event Type >> START_PROCESS
Center >>> Entrance
Event Time >>> 22.724283807005065
Simulation Clock >>> 22.724283807005065

Simulation Type >> Generated
Event Type >> END_PROCESS
Center >>> Entrance
Event Time >>> 23.180618002722287
Simulation Clock >>> 22.724283807005065

Simulation Type >> Processing
Event Type >> END_PROCESS
Center >>> Entrance
Event Time >>> 23.180618002722287
Simulation Clock >>> 23.180618002722287

Simulation Type >> Generated
Event Type >> ARRIVAL
Center >>> Stupid_Restaurant
Event Time >>> 23.180618002722287
Simulation Clock >>> 23.180618002722287

Simulation Type >> Processing
Event Type >> ARRIVAL
Center >>> Stupid_Restaurant
Event Time >>> 23.180618002722287
Simulation Clock >>> 23.180618002722287

Simulation Type >> Generated
Event Type >> START_PROCESS
Center >>> Stupid_Restaurant
Event Time >>> 23.180618002722287
Simulation Clock >>> 23.180618002722287

Simulation Type >> Processing
Event Type >> START_PROCESS
Center >>> Stupid_Restaurant
Event Time >>> 23.180618002722287
Simulation Clock >>> 23.180618002722287

Simulation Type >> Generated
Event Type >> END_PROCESS
Center >>> Stupid_Restaurant
Event Time >>> 54.128248394619746
Simulation Clock >>> 23.180618002722287

Simulation Type >> Processing
Event Type >> ARRIVAL
Center >>> Entrance
Event Time >>> 23.979578468964736
Simulation Clock >>> 23.979578468964736

Simulation Type >> Generated
Event Type >> START_PROCESS
Center >>> Entrance
Event Time >>> 23.979578468964736
Simulation Clock >>> 23.979578468964736

Simulation Type >> Generated
Event Type >> ARRIVAL
Center >>> Entrance
Event Time >>> 24.151489220556662
Simulation Clock >>> 23.979578468964736

Simulation Type >> Processing
Event Type >> START_PROCESS
Center >>> Entrance
Event Time >>> 23.979578468964736
Simulation Clock >>> 23.979578468964736

Simulation Type >> Generated
Event Type >> END_PROCESS
Center >>> Entrance
Event Time >>> 25.488257401053897
Simulation Clock >>> 23.979578468964736

Simulation Type >> Processing
Event Type >> ARRIVAL
Center >>> Entrance
Event Time >>> 24.151489220556662
Simulation Clock >>> 24.151489220556662

Simulation Type >> Generated
Event Type >> START_PROCESS
Center >>> Entrance
Event Time >>> 24.151489220556662
Simulation Clock >>> 24.151489220556662

Simulation Type >> Generated
Event Type >> ARRIVAL
Center >>> Entrance
Event Time >>> 24.36943541994417
Simulation Clock >>> 24.151489220556662

Simulation Type >> Processing
Event Type >> START_PROCESS
Center >>> Entrance
Event Time >>> 24.151489220556662
Simulation Clock >>> 24.151489220556662

Simulation Type >> Generated
Event Type >> END_PROCESS
Center >>> Entrance
Event Time >>> 30.149015459465318
Simulation Clock >>> 24.151489220556662

Simulation Type >> Processing
Event Type >> ARRIVAL
Center >>> Entrance
Event Time >>> 24.36943541994417
Simulation Clock >>> 24.36943541994417

Simulation Type >> Generated
Event Type >> START_PROCESS
Center >>> Entrance
Event Time >>> 24.36943541994417
Simulation Clock >>> 24.36943541994417

Simulation Type >> Generated
Event Type >> ARRIVAL
Center >>> Entrance
Event Time >>> 27.960383872742828
Simulation Clock >>> 24.36943541994417

Simulation Type >> Processing
Event Type >> START_PROCESS
Center >>> Entrance
Event Time >>> 24.36943541994417
Simulation Clock >>> 24.36943541994417

Simulation Type >> Generated
Event Type >> END_PROCESS
Center >>> Entrance
Event Time >>> 29.095647187170137
Simulation Clock >>> 24.36943541994417

Simulation Type >> Processing
Event Type >> END_PROCESS
Center >>> Entrance
Event Time >>> 25.488257401053897
Simulation Clock >>> 25.488257401053897

Simulation Type >> Generated
Event Type >> ARRIVAL
Center >>> Stupid_Restaurant
Event Time >>> 25.488257401053897
Simulation Clock >>> 25.488257401053897

Simulation Type >> Processing
Event Type >> ARRIVAL
Center >>> Stupid_Restaurant
Event Time >>> 25.488257401053897
Simulation Clock >>> 25.488257401053897

Simulation Type >> Generated
Event Type >> START_PROCESS
Center >>> Stupid_Restaurant
Event Time >>> 25.488257401053897
Simulation Clock >>> 25.488257401053897

Simulation Type >> Processing
Event Type >> START_PROCESS
Center >>> Stupid_Restaurant
Event Time >>> 25.488257401053897
Simulation Clock >>> 25.488257401053897

Simulation Type >> Generated
Event Type >> END_PROCESS
Center >>> Stupid_Restaurant
Event Time >>> 124.68819924815473
Simulation Clock >>> 25.488257401053897

Simulation Type >> Processing
Event Type >> END_PROCESS
Center >>> Attraction_1
Event Time >>> 26.234704037835918
Simulation Clock >>> 26.234704037835918

Simulation Type >> Generated
Event Type >> ARRIVAL
Center >>> Attraction_2
Event Time >>> 26.234704037835918
Simulation Clock >>> 26.234704037835918

Simulation Type >> Generated
Event Type >> START_PROCESS
Center >>> Attraction_1
Event Time >>> 26.234704037835918
Simulation Clock >>> 26.234704037835918

Simulation Type >> Processing
Event Type >> START_PROCESS
Center >>> Attraction_1
Event Time >>> 26.234704037835918
Simulation Clock >>> 26.234704037835918

Simulation Type >> Generated
Event Type >> END_PROCESS
Center >>> Attraction_1
Event Time >>> 35.90363055399672
Simulation Clock >>> 26.234704037835918

Simulation Type >> Generated
Event Type >> END_PROCESS
Center >>> Attraction_1
Event Time >>> 35.90363055399672
Simulation Clock >>> 26.234704037835918

Simulation Type >> Processing
Event Type >> ARRIVAL
Center >>> Attraction_2
Event Time >>> 26.234704037835918
Simulation Clock >>> 26.234704037835918

Simulation Type >> Processing
Event Type >> END_PROCESS
Center >>> Attraction_2
Event Time >>> 27.57117755417147
Simulation Clock >>> 27.57117755417147

Simulation Type >> Generated
Event Type >> ARRIVAL
Center >>> Smart_Restaurant
Event Time >>> 27.57117755417147
Simulation Clock >>> 27.57117755417147

Simulation Type >> Generated
Event Type >> START_PROCESS
Center >>> Attraction_2
Event Time >>> 27.57117755417147
Simulation Clock >>> 27.57117755417147

Simulation Type >> Processing
Event Type >> ARRIVAL
Center >>> Smart_Restaurant
Event Time >>> 27.57117755417147
Simulation Clock >>> 27.57117755417147

Simulation Type >> Generated
Event Type >> START_PROCESS
Center >>> Smart_Restaurant
Event Time >>> 27.57117755417147
Simulation Clock >>> 27.57117755417147

Simulation Type >> Processing
Event Type >> START_PROCESS
Center >>> Smart_Restaurant
Event Time >>> 27.57117755417147
Simulation Clock >>> 27.57117755417147

Simulation Type >> Generated
Event Type >> END_PROCESS
Center >>> Smart_Restaurant
Event Time >>> 104.68036897051942
Simulation Clock >>> 27.57117755417147

Simulation Type >> Processing
Event Type >> END_PROCESS
Center >>> Attraction_2
Event Time >>> 27.57117755417147
Simulation Clock >>> 27.57117755417147

Simulation Type >> Generated
Event Type >> ARRIVAL
Center >>> Attraction_2
Event Time >>> 27.57117755417147
Simulation Clock >>> 27.57117755417147

Simulation Type >> Generated
Event Type >> START_PROCESS
Center >>> Attraction_2
Event Time >>> 27.57117755417147
Simulation Clock >>> 27.57117755417147

Simulation Type >> Processing
Event Type >> START_PROCESS
Center >>> Attraction_2
Event Time >>> 27.57117755417147
Simulation Clock >>> 27.57117755417147

Simulation Type >> Generated
Event Type >> END_PROCESS
Center >>> Attraction_2
Event Time >>> 33.033068391331355
Simulation Clock >>> 27.57117755417147

Simulation Type >> Processing
Event Type >> START_PROCESS
Center >>> Attraction_2
Event Time >>> 27.57117755417147
Simulation Clock >>> 27.57117755417147

Simulation Type >> Processing
Event Type >> ARRIVAL
Center >>> Attraction_2
Event Time >>> 27.57117755417147
Simulation Clock >>> 27.57117755417147

Simulation Type >> Processing
Event Type >> ARRIVAL
Center >>> Entrance
Event Time >>> 27.960383872742828
Simulation Clock >>> 27.960383872742828

Simulation Type >> Generated
Event Type >> START_PROCESS
Center >>> Entrance
Event Time >>> 27.960383872742828
Simulation Clock >>> 27.960383872742828

Simulation Type >> Generated
Event Type >> ARRIVAL
Center >>> Entrance
Event Time >>> 28.02643928545697
Simulation Clock >>> 27.960383872742828

Simulation Type >> Processing
Event Type >> START_PROCESS
Center >>> Entrance
Event Time >>> 27.960383872742828
Simulation Clock >>> 27.960383872742828

Simulation Type >> Generated
Event Type >> END_PROCESS
Center >>> Entrance
Event Time >>> 30.077656693445043
Simulation Clock >>> 27.960383872742828

Simulation Type >> Processing
Event Type >> ARRIVAL
Center >>> Entrance
Event Time >>> 28.02643928545697
Simulation Clock >>> 28.02643928545697

Simulation Type >> Generated
Event Type >> ARRIVAL
Center >>> Entrance
Event Time >>> 28.78352491521229
Simulation Clock >>> 28.02643928545697

Simulation Type >> Processing
Event Type >> ARRIVAL
Center >>> Entrance
Event Time >>> 28.78352491521229
Simulation Clock >>> 28.78352491521229

Simulation Type >> Generated
Event Type >> ARRIVAL
Center >>> Entrance
Event Time >>> 29.272635940464138
Simulation Clock >>> 28.78352491521229

Simulation Type >> Processing
Event Type >> END_PROCESS
Center >>> Entrance
Event Time >>> 29.095647187170137
Simulation Clock >>> 29.095647187170137

Simulation Type >> Generated
Event Type >> ARRIVAL
Center >>> Attraction_2
Event Time >>> 29.095647187170137
Simulation Clock >>> 29.095647187170137

Simulation Type >> Generated
Event Type >> START_PROCESS
Center >>> Entrance
Event Time >>> 29.095647187170137
Simulation Clock >>> 29.095647187170137

Simulation Type >> Processing
Event Type >> START_PROCESS
Center >>> Entrance
Event Time >>> 29.095647187170137
Simulation Clock >>> 29.095647187170137

Simulation Type >> Generated
Event Type >> END_PROCESS
Center >>> Entrance
Event Time >>> 31.863442165407324
Simulation Clock >>> 29.095647187170137

Simulation Type >> Processing
Event Type >> ARRIVAL
Center >>> Attraction_2
Event Time >>> 29.095647187170137
Simulation Clock >>> 29.095647187170137

Simulation Type >> Processing
Event Type >> ARRIVAL
Center >>> Entrance
Event Time >>> 29.272635940464138
Simulation Clock >>> 29.272635940464138

Simulation Type >> Generated
Event Type >> ARRIVAL
Center >>> Entrance
Event Time >>> 30.21629201657452
Simulation Clock >>> 29.272635940464138

Simulation Type >> Processing
Event Type >> END_PROCESS
Center >>> Entrance
Event Time >>> 30.077656693445043
Simulation Clock >>> 30.077656693445043

Simulation Type >> Generated
Event Type >> ARRIVAL
Center >>> Attraction_2
Event Time >>> 30.077656693445043
Simulation Clock >>> 30.077656693445043

Simulation Type >> Generated
Event Type >> START_PROCESS
Center >>> Entrance
Event Time >>> 30.077656693445043
Simulation Clock >>> 30.077656693445043

Simulation Type >> Processing
Event Type >> START_PROCESS
Center >>> Entrance
Event Time >>> 30.077656693445043
Simulation Clock >>> 30.077656693445043

Simulation Type >> Generated
Event Type >> END_PROCESS
Center >>> Entrance
Event Time >>> 30.935487241893075
Simulation Clock >>> 30.077656693445043

Simulation Type >> Processing
Event Type >> ARRIVAL
Center >>> Attraction_2
Event Time >>> 30.077656693445043
Simulation Clock >>> 30.077656693445043

Simulation Type >> Processing
Event Type >> END_PROCESS
Center >>> Entrance
Event Time >>> 30.149015459465318
Simulation Clock >>> 30.149015459465318

Simulation Type >> Generated
Event Type >> START_PROCESS
Center >>> Entrance
Event Time >>> 30.149015459465318
Simulation Clock >>> 30.149015459465318

Simulation Type >> Processing
Event Type >> START_PROCESS
Center >>> Entrance
Event Time >>> 30.149015459465318
Simulation Clock >>> 30.149015459465318

Simulation Type >> Generated
Event Type >> END_PROCESS
Center >>> Entrance
Event Time >>> 30.58605999801558
Simulation Clock >>> 30.149015459465318

Simulation Type >> Processing
Event Type >> ARRIVAL
Center >>> Entrance
Event Time >>> 30.21629201657452
Simulation Clock >>> 30.21629201657452

Simulation Type >> Generated
Event Type >> ARRIVAL
Center >>> Entrance
Event Time >>> 31.913726556322025
Simulation Clock >>> 30.21629201657452

Simulation Type >> Processing
Event Type >> END_PROCESS
Center >>> Entrance
Event Time >>> 30.58605999801558
Simulation Clock >>> 30.58605999801558

Simulation Type >> Generated
Event Type >> ARRIVAL
Center >>> Attraction_2
Event Time >>> 30.58605999801558
Simulation Clock >>> 30.58605999801558

Simulation Type >> Generated
Event Type >> START_PROCESS
Center >>> Entrance
Event Time >>> 30.58605999801558
Simulation Clock >>> 30.58605999801558

Simulation Type >> Processing
Event Type >> START_PROCESS
Center >>> Entrance
Event Time >>> 30.58605999801558
Simulation Clock >>> 30.58605999801558

Simulation Type >> Generated
Event Type >> END_PROCESS
Center >>> Entrance
Event Time >>> 31.53259729951964
Simulation Clock >>> 30.58605999801558

Simulation Type >> Processing
Event Type >> ARRIVAL
Center >>> Attraction_2
Event Time >>> 30.58605999801558
Simulation Clock >>> 30.58605999801558

Simulation Type >> Processing
Event Type >> END_PROCESS
Center >>> Entrance
Event Time >>> 30.935487241893075
Simulation Clock >>> 30.935487241893075

Simulation Type >> Generated
Event Type >> ARRIVAL
Center >>> Attraction_2
Event Time >>> 30.935487241893075
Simulation Clock >>> 30.935487241893075

Simulation Type >> Processing
Event Type >> ARRIVAL
Center >>> Attraction_2
Event Time >>> 30.935487241893075
Simulation Clock >>> 30.935487241893075

Simulation Type >> Processing
Event Type >> END_PROCESS
Center >>> Entrance
Event Time >>> 31.53259729951964
Simulation Clock >>> 31.53259729951964

Simulation Type >> Generated
Event Type >> ARRIVAL
Center >>> Smart_Restaurant
Event Time >>> 31.53259729951964
Simulation Clock >>> 31.53259729951964

Simulation Type >> Processing
Event Type >> ARRIVAL
Center >>> Smart_Restaurant
Event Time >>> 31.53259729951964
Simulation Clock >>> 31.53259729951964

Simulation Type >> Generated
Event Type >> START_PROCESS
Center >>> Smart_Restaurant
Event Time >>> 31.53259729951964
Simulation Clock >>> 31.53259729951964

Simulation Type >> Processing
Event Type >> START_PROCESS
Center >>> Smart_Restaurant
Event Time >>> 31.53259729951964
Simulation Clock >>> 31.53259729951964

Simulation Type >> Generated
Event Type >> END_PROCESS
Center >>> Smart_Restaurant
Event Time >>> 113.01497940959864
Simulation Clock >>> 31.53259729951964

Simulation Type >> Processing
Event Type >> END_PROCESS
Center >>> Entrance
Event Time >>> 31.863442165407324
Simulation Clock >>> 31.863442165407324

Simulation Type >> Generated
Event Type >> ARRIVAL
Center >>> Attraction_1
Event Time >>> 31.863442165407324
Simulation Clock >>> 31.863442165407324

Simulation Type >> Processing
Event Type >> ARRIVAL
Center >>> Attraction_1
Event Time >>> 31.863442165407324
Simulation Clock >>> 31.863442165407324

Simulation Type >> Processing
Event Type >> ARRIVAL
Center >>> Entrance
Event Time >>> 31.913726556322025
Simulation Clock >>> 31.913726556322025

Simulation Type >> Generated
Event Type >> START_PROCESS
Center >>> Entrance
Event Time >>> 31.913726556322025
Simulation Clock >>> 31.913726556322025

Simulation Type >> Generated
Event Type >> ARRIVAL
Center >>> Entrance
Event Time >>> 31.94576037613939
Simulation Clock >>> 31.913726556322025

Simulation Type >> Processing
Event Type >> START_PROCESS
Center >>> Entrance
Event Time >>> 31.913726556322025
Simulation Clock >>> 31.913726556322025

Simulation Type >> Generated
Event Type >> END_PROCESS
Center >>> Entrance
Event Time >>> 32.76196643934861
Simulation Clock >>> 31.913726556322025

Simulation Type >> Processing
Event Type >> ARRIVAL
Center >>> Entrance
Event Time >>> 31.94576037613939
Simulation Clock >>> 31.94576037613939

Simulation Type >> Generated
Event Type >> START_PROCESS
Center >>> Entrance
Event Time >>> 31.94576037613939
Simulation Clock >>> 31.94576037613939

Simulation Type >> Generated
Event Type >> ARRIVAL
Center >>> Entrance
Event Time >>> 33.554461568143424
Simulation Clock >>> 31.94576037613939

Simulation Type >> Processing
Event Type >> START_PROCESS
Center >>> Entrance
Event Time >>> 31.94576037613939
Simulation Clock >>> 31.94576037613939

Simulation Type >> Generated
Event Type >> END_PROCESS
Center >>> Entrance
Event Time >>> 40.27978579253106
Simulation Clock >>> 31.94576037613939

Simulation Type >> Processing
Event Type >> END_PROCESS
Center >>> Entrance
Event Time >>> 32.76196643934861
Simulation Clock >>> 32.76196643934861

Simulation Type >> Generated
Event Type >> ARRIVAL
Center >>> Attraction_2
Event Time >>> 32.76196643934861
Simulation Clock >>> 32.76196643934861

Simulation Type >> Processing
Event Type >> ARRIVAL
Center >>> Attraction_2
Event Time >>> 32.76196643934861
Simulation Clock >>> 32.76196643934861

Simulation Type >> Processing
Event Type >> END_PROCESS
Center >>> Attraction_2
Event Time >>> 33.033068391331355
Simulation Clock >>> 33.033068391331355

Simulation Type >> Generated
Event Type >> ARRIVAL
Center >>> Attraction_2
Event Time >>> 33.033068391331355
Simulation Clock >>> 33.033068391331355

Simulation Type >> Generated
Event Type >> START_PROCESS
Center >>> Attraction_2
Event Time >>> 33.033068391331355
Simulation Clock >>> 33.033068391331355

Simulation Type >> Processing
Event Type >> START_PROCESS
Center >>> Attraction_2
Event Time >>> 33.033068391331355
Simulation Clock >>> 33.033068391331355

Simulation Type >> Generated
Event Type >> END_PROCESS
Center >>> Attraction_2
Event Time >>> 37.59397449517188
Simulation Clock >>> 33.033068391331355

Simulation Type >> Generated
Event Type >> END_PROCESS
Center >>> Attraction_2
Event Time >>> 37.59397449517188
Simulation Clock >>> 33.033068391331355

Simulation Type >> Generated
Event Type >> END_PROCESS
Center >>> Attraction_2
Event Time >>> 37.59397449517188
Simulation Clock >>> 33.033068391331355

Simulation Type >> Generated
Event Type >> END_PROCESS
Center >>> Attraction_2
Event Time >>> 37.59397449517188
Simulation Clock >>> 33.033068391331355

Simulation Type >> Generated
Event Type >> END_PROCESS
Center >>> Attraction_2
Event Time >>> 37.59397449517188
Simulation Clock >>> 33.033068391331355

Simulation Type >> Generated
Event Type >> END_PROCESS
Center >>> Attraction_2
Event Time >>> 37.59397449517188
Simulation Clock >>> 33.033068391331355

Simulation Type >> Processing
Event Type >> ARRIVAL
Center >>> Attraction_2
Event Time >>> 33.033068391331355
Simulation Clock >>> 33.033068391331355

Simulation Type >> Processing
Event Type >> ARRIVAL
Center >>> Entrance
Event Time >>> 33.554461568143424
Simulation Clock >>> 33.554461568143424

Simulation Type >> Generated
Event Type >> START_PROCESS
Center >>> Entrance
Event Time >>> 33.554461568143424
Simulation Clock >>> 33.554461568143424

Simulation Type >> Generated
Event Type >> ARRIVAL
Center >>> Entrance
Event Time >>> 34.70943165400774
Simulation Clock >>> 33.554461568143424

Simulation Type >> Processing
Event Type >> START_PROCESS
Center >>> Entrance
Event Time >>> 33.554461568143424
Simulation Clock >>> 33.554461568143424

Simulation Type >> Generated
Event Type >> END_PROCESS
Center >>> Entrance
Event Time >>> 36.50725613572285
Simulation Clock >>> 33.554461568143424

Simulation Type >> Processing
Event Type >> ARRIVAL
Center >>> Entrance
Event Time >>> 34.70943165400774
Simulation Clock >>> 34.70943165400774

Simulation Type >> Generated
Event Type >> START_PROCESS
Center >>> Entrance
Event Time >>> 34.70943165400774
Simulation Clock >>> 34.70943165400774

Simulation Type >> Generated
Event Type >> ARRIVAL
Center >>> Entrance
Event Time >>> 35.224752192259864
Simulation Clock >>> 34.70943165400774

Simulation Type >> Processing
Event Type >> START_PROCESS
Center >>> Entrance
Event Time >>> 34.70943165400774
Simulation Clock >>> 34.70943165400774

Simulation Type >> Generated
Event Type >> END_PROCESS
Center >>> Entrance
Event Time >>> 35.01594073616841
Simulation Clock >>> 34.70943165400774

Simulation Type >> Processing
Event Type >> END_PROCESS
Center >>> Entrance
Event Time >>> 35.01594073616841
Simulation Clock >>> 35.01594073616841

Simulation Type >> Generated
Event Type >> ARRIVAL
Center >>> Stupid_Restaurant
Event Time >>> 35.01594073616841
Simulation Clock >>> 35.01594073616841

Simulation Type >> Processing
Event Type >> ARRIVAL
Center >>> Stupid_Restaurant
Event Time >>> 35.01594073616841
Simulation Clock >>> 35.01594073616841

Simulation Type >> Generated
Event Type >> START_PROCESS
Center >>> Stupid_Restaurant
Event Time >>> 35.01594073616841
Simulation Clock >>> 35.01594073616841

Simulation Type >> Processing
Event Type >> START_PROCESS
Center >>> Stupid_Restaurant
Event Time >>> 35.01594073616841
Simulation Clock >>> 35.01594073616841

Simulation Type >> Generated
Event Type >> END_PROCESS
Center >>> Stupid_Restaurant
Event Time >>> 45.08142430350381
Simulation Clock >>> 35.01594073616841

Simulation Type >> Processing
Event Type >> ARRIVAL
Center >>> Entrance
Event Time >>> 35.224752192259864
Simulation Clock >>> 35.224752192259864

Simulation Type >> Generated
Event Type >> START_PROCESS
Center >>> Entrance
Event Time >>> 35.224752192259864
Simulation Clock >>> 35.224752192259864

Simulation Type >> Generated
Event Type >> ARRIVAL
Center >>> Entrance
Event Time >>> 35.57043673531922
Simulation Clock >>> 35.224752192259864

Simulation Type >> Processing
Event Type >> START_PROCESS
Center >>> Entrance
Event Time >>> 35.224752192259864
Simulation Clock >>> 35.224752192259864

Simulation Type >> Generated
Event Type >> END_PROCESS
Center >>> Entrance
Event Time >>> 45.81959004718408
Simulation Clock >>> 35.224752192259864

Simulation Type >> Processing
Event Type >> ARRIVAL
Center >>> Entrance
Event Time >>> 35.57043673531922
Simulation Clock >>> 35.57043673531922

Simulation Type >> Generated
Event Type >> ARRIVAL
Center >>> Entrance
Event Time >>> 37.77267166693335
Simulation Clock >>> 35.57043673531922

Simulation Type >> Processing
Event Type >> END_PROCESS
Center >>> Attraction_1
Event Time >>> 35.90363055399672
Simulation Clock >>> 35.90363055399672

Simulation Type >> Generated
Event Type >> ARRIVAL
Center >>> Attraction_2
Event Time >>> 35.90363055399672
Simulation Clock >>> 35.90363055399672

Simulation Type >> Generated
Event Type >> START_PROCESS
Center >>> Attraction_1
Event Time >>> 35.90363055399672
Simulation Clock >>> 35.90363055399672

Simulation Type >> Processing
Event Type >> END_PROCESS
Center >>> Attraction_1
Event Time >>> 35.90363055399672
Simulation Clock >>> 35.90363055399672

Simulation Type >> Generated
Event Type >> ARRIVAL
Center >>> Smart_Restaurant
Event Time >>> 35.90363055399672
Simulation Clock >>> 35.90363055399672

Simulation Type >> Generated
Event Type >> START_PROCESS
Center >>> Attraction_1
Event Time >>> 35.90363055399672
Simulation Clock >>> 35.90363055399672

Simulation Type >> Processing
Event Type >> ARRIVAL
Center >>> Smart_Restaurant
Event Time >>> 35.90363055399672
Simulation Clock >>> 35.90363055399672

Simulation Type >> Generated
Event Type >> START_PROCESS
Center >>> Smart_Restaurant
Event Time >>> 35.90363055399672
Simulation Clock >>> 35.90363055399672

Simulation Type >> Processing
Event Type >> START_PROCESS
Center >>> Smart_Restaurant
Event Time >>> 35.90363055399672
Simulation Clock >>> 35.90363055399672

Simulation Type >> Generated
Event Type >> END_PROCESS
Center >>> Smart_Restaurant
Event Time >>> 87.54373192795609
Simulation Clock >>> 35.90363055399672

Simulation Type >> Processing
Event Type >> START_PROCESS
Center >>> Attraction_1
Event Time >>> 35.90363055399672
Simulation Clock >>> 35.90363055399672

Simulation Type >> Generated
Event Type >> END_PROCESS
Center >>> Attraction_1
Event Time >>> 45.655492151991
Simulation Clock >>> 35.90363055399672

Simulation Type >> Generated
Event Type >> END_PROCESS
Center >>> Attraction_1
Event Time >>> 45.655492151991
Simulation Clock >>> 35.90363055399672

Simulation Type >> Processing
Event Type >> START_PROCESS
Center >>> Attraction_1
Event Time >>> 35.90363055399672
Simulation Clock >>> 35.90363055399672

Simulation Type >> Generated
Event Type >> END_PROCESS
Center >>> Attraction_1
Event Time >>> 46.01482733578996
Simulation Clock >>> 35.90363055399672

Simulation Type >> Generated
Event Type >> END_PROCESS
Center >>> Attraction_1
Event Time >>> 46.01482733578996
Simulation Clock >>> 35.90363055399672

Simulation Type >> Processing
Event Type >> ARRIVAL
Center >>> Attraction_2
Event Time >>> 35.90363055399672
Simulation Clock >>> 35.90363055399672

Simulation Type >> Processing
Event Type >> END_PROCESS
Center >>> Smart_Restaurant
Event Time >>> 36.24229541626283
Simulation Clock >>> 36.24229541626283

Simulation Type >> Processing
Event Type >> END_PROCESS
Center >>> Entrance
Event Time >>> 36.50725613572285
Simulation Clock >>> 36.50725613572285

Simulation Type >> Generated
Event Type >> START_PROCESS
Center >>> Entrance
Event Time >>> 36.50725613572285
Simulation Clock >>> 36.50725613572285

Simulation Type >> Processing
Event Type >> START_PROCESS
Center >>> Entrance
Event Time >>> 36.50725613572285
Simulation Clock >>> 36.50725613572285

Simulation Type >> Generated
Event Type >> END_PROCESS
Center >>> Entrance
Event Time >>> 40.172063666077676
Simulation Clock >>> 36.50725613572285

Simulation Type >> Processing
Event Type >> END_PROCESS
Center >>> Attraction_2
Event Time >>> 37.59397449517188
Simulation Clock >>> 37.59397449517188

Simulation Type >> Generated
Event Type >> ARRIVAL
Center >>> Stupid_Restaurant
Event Time >>> 37.59397449517188
Simulation Clock >>> 37.59397449517188

Simulation Type >> Generated
Event Type >> START_PROCESS
Center >>> Attraction_2
Event Time >>> 37.59397449517188
Simulation Clock >>> 37.59397449517188

Simulation Type >> Processing
Event Type >> END_PROCESS
Center >>> Attraction_2
Event Time >>> 37.59397449517188
Simulation Clock >>> 37.59397449517188

Simulation Type >> Generated
Event Type >> ARRIVAL
Center >>> Smart_Restaurant
Event Time >>> 37.59397449517188
Simulation Clock >>> 37.59397449517188

Simulation Type >> Generated
Event Type >> START_PROCESS
Center >>> Attraction_2
Event Time >>> 37.59397449517188
Simulation Clock >>> 37.59397449517188

Simulation Type >> Processing
Event Type >> ARRIVAL
Center >>> Smart_Restaurant
Event Time >>> 37.59397449517188
Simulation Clock >>> 37.59397449517188

Simulation Type >> Generated
Event Type >> START_PROCESS
Center >>> Smart_Restaurant
Event Time >>> 37.59397449517188
Simulation Clock >>> 37.59397449517188

Simulation Type >> Processing
Event Type >> START_PROCESS
Center >>> Smart_Restaurant
Event Time >>> 37.59397449517188
Simulation Clock >>> 37.59397449517188

Simulation Type >> Generated
Event Type >> END_PROCESS
Center >>> Smart_Restaurant
Event Time >>> 169.14976754377898
Simulation Clock >>> 37.59397449517188

Simulation Type >> Processing
Event Type >> END_PROCESS
Center >>> Attraction_2
Event Time >>> 37.59397449517188
Simulation Clock >>> 37.59397449517188

Simulation Type >> Generated
Event Type >> ARRIVAL
Center >>> Attraction_2
Event Time >>> 37.59397449517188
Simulation Clock >>> 37.59397449517188

Simulation Type >> Generated
Event Type >> START_PROCESS
Center >>> Attraction_2
Event Time >>> 37.59397449517188
Simulation Clock >>> 37.59397449517188

Simulation Type >> Processing
Event Type >> END_PROCESS
Center >>> Attraction_2
Event Time >>> 37.59397449517188
Simulation Clock >>> 37.59397449517188

Simulation Type >> Generated
Event Type >> ARRIVAL
Center >>> Stupid_Restaurant
Event Time >>> 37.59397449517188
Simulation Clock >>> 37.59397449517188

Simulation Type >> Generated
Event Type >> START_PROCESS
Center >>> Attraction_2
Event Time >>> 37.59397449517188
Simulation Clock >>> 37.59397449517188

Simulation Type >> Processing
Event Type >> END_PROCESS
Center >>> Attraction_2
Event Time >>> 37.59397449517188
Simulation Clock >>> 37.59397449517188

Simulation Type >> Generated
Event Type >> ARRIVAL
Center >>> Attraction_2
Event Time >>> 37.59397449517188
Simulation Clock >>> 37.59397449517188

Simulation Type >> Generated
Event Type >> START_PROCESS
Center >>> Attraction_2
Event Time >>> 37.59397449517188
Simulation Clock >>> 37.59397449517188

Simulation Type >> Processing
Event Type >> END_PROCESS
Center >>> Attraction_2
Event Time >>> 37.59397449517188
Simulation Clock >>> 37.59397449517188

Simulation Type >> Generated
Event Type >> ARRIVAL
Center >>> Attraction_2
Event Time >>> 37.59397449517188
Simulation Clock >>> 37.59397449517188

Simulation Type >> Generated
Event Type >> START_PROCESS
Center >>> Attraction_2
Event Time >>> 37.59397449517188
Simulation Clock >>> 37.59397449517188

Simulation Type >> Processing
Event Type >> START_PROCESS
Center >>> Attraction_2
Event Time >>> 37.59397449517188
Simulation Clock >>> 37.59397449517188

Simulation Type >> Generated
Event Type >> END_PROCESS
Center >>> Attraction_2
Event Time >>> 43.0925129808994
Simulation Clock >>> 37.59397449517188

Simulation Type >> Generated
Event Type >> END_PROCESS
Center >>> Attraction_2
Event Time >>> 43.0925129808994
Simulation Clock >>> 37.59397449517188

Simulation Type >> Processing
Event Type >> START_PROCESS
Center >>> Attraction_2
Event Time >>> 37.59397449517188
Simulation Clock >>> 37.59397449517188

Simulation Type >> Processing
Event Type >> START_PROCESS
Center >>> Attraction_2
Event Time >>> 37.59397449517188
Simulation Clock >>> 37.59397449517188

Simulation Type >> Processing
Event Type >> START_PROCESS
Center >>> Attraction_2
Event Time >>> 37.59397449517188
Simulation Clock >>> 37.59397449517188

Simulation Type >> Processing
Event Type >> START_PROCESS
Center >>> Attraction_2
Event Time >>> 37.59397449517188
Simulation Clock >>> 37.59397449517188

Simulation Type >> Processing
Event Type >> START_PROCESS
Center >>> Attraction_2
Event Time >>> 37.59397449517188
Simulation Clock >>> 37.59397449517188

Simulation Type >> Processing
Event Type >> ARRIVAL
Center >>> Attraction_2
Event Time >>> 37.59397449517188
Simulation Clock >>> 37.59397449517188

Simulation Type >> Processing
Event Type >> ARRIVAL
Center >>> Attraction_2
Event Time >>> 37.59397449517188
Simulation Clock >>> 37.59397449517188

Simulation Type >> Processing
Event Type >> ARRIVAL
Center >>> Attraction_2
Event Time >>> 37.59397449517188
Simulation Clock >>> 37.59397449517188

Simulation Type >> Processing
Event Type >> ARRIVAL
Center >>> Stupid_Restaurant
Event Time >>> 37.59397449517188
Simulation Clock >>> 37.59397449517188

Simulation Type >> Generated
Event Type >> START_PROCESS
Center >>> Stupid_Restaurant
Event Time >>> 37.59397449517188
Simulation Clock >>> 37.59397449517188

Simulation Type >> Processing
Event Type >> ARRIVAL
Center >>> Stupid_Restaurant
Event Time >>> 37.59397449517188
Simulation Clock >>> 37.59397449517188

Simulation Type >> Processing
Event Type >> START_PROCESS
Center >>> Stupid_Restaurant
Event Time >>> 37.59397449517188
Simulation Clock >>> 37.59397449517188

Simulation Type >> Generated
Event Type >> END_PROCESS
Center >>> Stupid_Restaurant
Event Time >>> 92.3803687312161
Simulation Clock >>> 37.59397449517188

Simulation Type >> Generated
Event Type >> END_PROCESS
Center >>> Stupid_Restaurant
Event Time >>> 206.85907705732427
Simulation Clock >>> 37.59397449517188

Simulation Type >> Processing
Event Type >> ARRIVAL
Center >>> Entrance
Event Time >>> 37.77267166693335
Simulation Clock >>> 37.77267166693335

Simulation Type >> Generated
Event Type >> ARRIVAL
Center >>> Entrance
Event Time >>> 38.22068471035874
Simulation Clock >>> 37.77267166693335

Simulation Type >> Processing
Event Type >> ARRIVAL
Center >>> Entrance
Event Time >>> 38.22068471035874
Simulation Clock >>> 38.22068471035874

Simulation Type >> Generated
Event Type >> ARRIVAL
Center >>> Entrance
Event Time >>> 40.018026450031705
Simulation Clock >>> 38.22068471035874

Simulation Type >> Processing
Event Type >> ARRIVAL
Center >>> Entrance
Event Time >>> 40.018026450031705
Simulation Clock >>> 40.018026450031705

Simulation Type >> Generated
Event Type >> ARRIVAL
Center >>> Entrance
Event Time >>> 40.981701426051536
Simulation Clock >>> 40.018026450031705

Simulation Type >> Processing
Event Type >> END_PROCESS
Center >>> Entrance
Event Time >>> 40.172063666077676
Simulation Clock >>> 40.172063666077676

Simulation Type >> Generated
Event Type >> START_PROCESS
Center >>> Entrance
Event Time >>> 40.172063666077676
Simulation Clock >>> 40.172063666077676

Simulation Type >> Processing
Event Type >> START_PROCESS
Center >>> Entrance
Event Time >>> 40.172063666077676
Simulation Clock >>> 40.172063666077676

Simulation Type >> Generated
Event Type >> END_PROCESS
Center >>> Entrance
Event Time >>> 44.50311704284682
Simulation Clock >>> 40.172063666077676

Simulation Type >> Processing
Event Type >> END_PROCESS
Center >>> Entrance
Event Time >>> 40.27978579253106
Simulation Clock >>> 40.27978579253106

Simulation Type >> Generated
Event Type >> ARRIVAL
Center >>> Attraction_1
Event Time >>> 40.27978579253106
Simulation Clock >>> 40.27978579253106

Simulation Type >> Generated
Event Type >> START_PROCESS
Center >>> Entrance
Event Time >>> 40.27978579253106
Simulation Clock >>> 40.27978579253106

Simulation Type >> Processing
Event Type >> START_PROCESS
Center >>> Entrance
Event Time >>> 40.27978579253106
Simulation Clock >>> 40.27978579253106

Simulation Type >> Generated
Event Type >> END_PROCESS
Center >>> Entrance
Event Time >>> 40.28032982640141
Simulation Clock >>> 40.27978579253106

Simulation Type >> Processing
Event Type >> ARRIVAL
Center >>> Attraction_1
Event Time >>> 40.27978579253106
Simulation Clock >>> 40.27978579253106

Simulation Type >> Processing
Event Type >> END_PROCESS
Center >>> Entrance
Event Time >>> 40.28032982640141
Simulation Clock >>> 40.28032982640141

Simulation Type >> Generated
Event Type >> ARRIVAL
Center >>> Stupid_Restaurant
Event Time >>> 40.28032982640141
Simulation Clock >>> 40.28032982640141

Simulation Type >> Generated
Event Type >> START_PROCESS
Center >>> Entrance
Event Time >>> 40.28032982640141
Simulation Clock >>> 40.28032982640141

Simulation Type >> Processing
Event Type >> START_PROCESS
Center >>> Entrance
Event Time >>> 40.28032982640141
Simulation Clock >>> 40.28032982640141

Simulation Type >> Generated
Event Type >> END_PROCESS
Center >>> Entrance
Event Time >>> 41.68348769569115
Simulation Clock >>> 40.28032982640141

Simulation Type >> Processing
Event Type >> ARRIVAL
Center >>> Stupid_Restaurant
Event Time >>> 40.28032982640141
Simulation Clock >>> 40.28032982640141

Simulation Type >> Generated
Event Type >> START_PROCESS
Center >>> Stupid_Restaurant
Event Time >>> 40.28032982640141
Simulation Clock >>> 40.28032982640141

Simulation Type >> Processing
Event Type >> START_PROCESS
Center >>> Stupid_Restaurant
Event Time >>> 40.28032982640141
Simulation Clock >>> 40.28032982640141

Simulation Type >> Generated
Event Type >> END_PROCESS
Center >>> Stupid_Restaurant
Event Time >>> 82.2022557119679
Simulation Clock >>> 40.28032982640141

Simulation Type >> Processing
Event Type >> ARRIVAL
Center >>> Entrance
Event Time >>> 40.981701426051536
Simulation Clock >>> 40.981701426051536

Simulation Type >> Generated
Event Type >> ARRIVAL
Center >>> Entrance
Event Time >>> 41.17533503013627
Simulation Clock >>> 40.981701426051536

Simulation Type >> Processing
Event Type >> ARRIVAL
Center >>> Entrance
Event Time >>> 41.17533503013627
Simulation Clock >>> 41.17533503013627

Simulation Type >> Generated
Event Type >> ARRIVAL
Center >>> Entrance
Event Time >>> 42.1946985891377
Simulation Clock >>> 41.17533503013627

Simulation Type >> Processing
Event Type >> END_PROCESS
Center >>> Entrance
Event Time >>> 41.68348769569115
Simulation Clock >>> 41.68348769569115

Simulation Type >> Generated
Event Type >> ARRIVAL
Center >>> Attraction_2
Event Time >>> 41.68348769569115
Simulation Clock >>> 41.68348769569115

Simulation Type >> Generated
Event Type >> START_PROCESS
Center >>> Entrance
Event Time >>> 41.68348769569115
Simulation Clock >>> 41.68348769569115

Simulation Type >> Processing
Event Type >> START_PROCESS
Center >>> Entrance
Event Time >>> 41.68348769569115
Simulation Clock >>> 41.68348769569115

Simulation Type >> Generated
Event Type >> END_PROCESS
Center >>> Entrance
Event Time >>> 42.00630704501176
Simulation Clock >>> 41.68348769569115

Simulation Type >> Processing
Event Type >> ARRIVAL
Center >>> Attraction_2
Event Time >>> 41.68348769569115
Simulation Clock >>> 41.68348769569115

Simulation Type >> Processing
Event Type >> END_PROCESS
Center >>> Entrance
Event Time >>> 42.00630704501176
Simulation Clock >>> 42.00630704501176

Simulation Type >> Generated
Event Type >> ARRIVAL
Center >>> Smart_Restaurant
Event Time >>> 42.00630704501176
Simulation Clock >>> 42.00630704501176

Simulation Type >> Generated
Event Type >> START_PROCESS
Center >>> Entrance
Event Time >>> 42.00630704501176
Simulation Clock >>> 42.00630704501176

Simulation Type >> Processing
Event Type >> ARRIVAL
Center >>> Smart_Restaurant
Event Time >>> 42.00630704501176
Simulation Clock >>> 42.00630704501176

Simulation Type >> Generated
Event Type >> START_PROCESS
Center >>> Smart_Restaurant
Event Time >>> 42.00630704501176
Simulation Clock >>> 42.00630704501176

Simulation Type >> Processing
Event Type >> START_PROCESS
Center >>> Smart_Restaurant
Event Time >>> 42.00630704501176
Simulation Clock >>> 42.00630704501176

Simulation Type >> Generated
Event Type >> END_PROCESS
Center >>> Smart_Restaurant
Event Time >>> 86.84943170141106
Simulation Clock >>> 42.00630704501176

Simulation Type >> Processing
Event Type >> START_PROCESS
Center >>> Entrance
Event Time >>> 42.00630704501176
Simulation Clock >>> 42.00630704501176

Simulation Type >> Generated
Event Type >> END_PROCESS
Center >>> Entrance
Event Time >>> 42.420605661912255
Simulation Clock >>> 42.00630704501176

Simulation Type >> Processing
Event Type >> ARRIVAL
Center >>> Entrance
Event Time >>> 42.1946985891377
Simulation Clock >>> 42.1946985891377

Simulation Type >> Generated
Event Type >> ARRIVAL
Center >>> Entrance
Event Time >>> 43.21648237255113
Simulation Clock >>> 42.1946985891377

Simulation Type >> Processing
Event Type >> END_PROCESS
Center >>> Entrance
Event Time >>> 42.420605661912255
Simulation Clock >>> 42.420605661912255

Simulation Type >> Generated
Event Type >> ARRIVAL
Center >>> Attraction_2
Event Time >>> 42.420605661912255
Simulation Clock >>> 42.420605661912255

Simulation Type >> Generated
Event Type >> START_PROCESS
Center >>> Entrance
Event Time >>> 42.420605661912255
Simulation Clock >>> 42.420605661912255

Simulation Type >> Processing
Event Type >> START_PROCESS
Center >>> Entrance
Event Time >>> 42.420605661912255
Simulation Clock >>> 42.420605661912255

Simulation Type >> Generated
Event Type >> END_PROCESS
Center >>> Entrance
Event Time >>> 42.969773270718036
Simulation Clock >>> 42.420605661912255

Simulation Type >> Processing
Event Type >> ARRIVAL
Center >>> Attraction_2
Event Time >>> 42.420605661912255
Simulation Clock >>> 42.420605661912255

Simulation Type >> Processing
Event Type >> END_PROCESS
Center >>> Entrance
Event Time >>> 42.969773270718036
Simulation Clock >>> 42.969773270718036

Simulation Type >> Generated
Event Type >> ARRIVAL
Center >>> Attraction_2
Event Time >>> 42.969773270718036
Simulation Clock >>> 42.969773270718036

Simulation Type >> Processing
Event Type >> ARRIVAL
Center >>> Attraction_2
Event Time >>> 42.969773270718036
Simulation Clock >>> 42.969773270718036

Simulation Type >> Processing
Event Type >> END_PROCESS
Center >>> Attraction_2
Event Time >>> 43.0925129808994
Simulation Clock >>> 43.0925129808994

Simulation Type >> Generated
Event Type >> ARRIVAL
Center >>> Attraction_1
Event Time >>> 43.0925129808994
Simulation Clock >>> 43.0925129808994

Simulation Type >> Generated
Event Type >> START_PROCESS
Center >>> Attraction_2
Event Time >>> 43.0925129808994
Simulation Clock >>> 43.0925129808994

Simulation Type >> Processing
Event Type >> END_PROCESS
Center >>> Attraction_2
Event Time >>> 43.0925129808994
Simulation Clock >>> 43.0925129808994

Simulation Type >> Generated
Event Type >> START_PROCESS
Center >>> Attraction_2
Event Time >>> 43.0925129808994
Simulation Clock >>> 43.0925129808994

Simulation Type >> Processing
Event Type >> START_PROCESS
Center >>> Attraction_2
Event Time >>> 43.0925129808994
Simulation Clock >>> 43.0925129808994

Simulation Type >> Generated
Event Type >> END_PROCESS
Center >>> Attraction_2
Event Time >>> 48.44783414134966
Simulation Clock >>> 43.0925129808994

Simulation Type >> Generated
Event Type >> END_PROCESS
Center >>> Attraction_2
Event Time >>> 48.44783414134966
Simulation Clock >>> 43.0925129808994

Simulation Type >> Generated
Event Type >> END_PROCESS
Center >>> Attraction_2
Event Time >>> 48.44783414134966
Simulation Clock >>> 43.0925129808994

Simulation Type >> Generated
Event Type >> END_PROCESS
Center >>> Attraction_2
Event Time >>> 48.44783414134966
Simulation Clock >>> 43.0925129808994

Simulation Type >> Generated
Event Type >> END_PROCESS
Center >>> Attraction_2
Event Time >>> 48.44783414134966
Simulation Clock >>> 43.0925129808994

Simulation Type >> Generated
Event Type >> END_PROCESS
Center >>> Attraction_2
Event Time >>> 48.44783414134966
Simulation Clock >>> 43.0925129808994

Simulation Type >> Processing
Event Type >> START_PROCESS
Center >>> Attraction_2
Event Time >>> 43.0925129808994
Simulation Clock >>> 43.0925129808994

Simulation Type >> Processing
Event Type >> ARRIVAL
Center >>> Attraction_1
Event Time >>> 43.0925129808994
Simulation Clock >>> 43.0925129808994

Simulation Type >> Processing
Event Type >> ARRIVAL
Center >>> Entrance
Event Time >>> 43.21648237255113
Simulation Clock >>> 43.21648237255113

Simulation Type >> Generated
Event Type >> START_PROCESS
Center >>> Entrance
Event Time >>> 43.21648237255113
Simulation Clock >>> 43.21648237255113

Simulation Type >> Generated
Event Type >> ARRIVAL
Center >>> Entrance
Event Time >>> 44.5751522811396
Simulation Clock >>> 43.21648237255113

Simulation Type >> Processing
Event Type >> START_PROCESS
Center >>> Entrance
Event Time >>> 43.21648237255113
Simulation Clock >>> 43.21648237255113

Simulation Type >> Generated
Event Type >> END_PROCESS
Center >>> Entrance
Event Time >>> 43.33300567164761
Simulation Clock >>> 43.21648237255113

Simulation Type >> Processing
Event Type >> END_PROCESS
Center >>> Entrance
Event Time >>> 43.33300567164761
Simulation Clock >>> 43.33300567164761

Simulation Type >> Generated
Event Type >> ARRIVAL
Center >>> Attraction_2
Event Time >>> 43.33300567164761
Simulation Clock >>> 43.33300567164761

Simulation Type >> Processing
Event Type >> ARRIVAL
Center >>> Attraction_2
Event Time >>> 43.33300567164761
Simulation Clock >>> 43.33300567164761

Simulation Type >> Processing
Event Type >> END_PROCESS
Center >>> Entrance
Event Time >>> 44.50311704284682
Simulation Clock >>> 44.50311704284682

Simulation Type >> Generated
Event Type >> ARRIVAL
Center >>> Attraction_2
Event Time >>> 44.50311704284682
Simulation Clock >>> 44.50311704284682

Simulation Type >> Processing
Event Type >> ARRIVAL
Center >>> Attraction_2
Event Time >>> 44.50311704284682
Simulation Clock >>> 44.50311704284682

Simulation Type >> Processing
Event Type >> ARRIVAL
Center >>> Entrance
Event Time >>> 44.5751522811396
Simulation Clock >>> 44.5751522811396

Simulation Type >> Generated
Event Type >> START_PROCESS
Center >>> Entrance
Event Time >>> 44.5751522811396
Simulation Clock >>> 44.5751522811396

Simulation Type >> Generated
Event Type >> ARRIVAL
Center >>> Entrance
Event Time >>> 44.846707557936455
Simulation Clock >>> 44.5751522811396

Simulation Type >> Processing
Event Type >> START_PROCESS
Center >>> Entrance
Event Time >>> 44.5751522811396
Simulation Clock >>> 44.5751522811396

Simulation Type >> Generated
Event Type >> END_PROCESS
Center >>> Entrance
Event Time >>> 45.90936551818023
Simulation Clock >>> 44.5751522811396

Simulation Type >> Processing
Event Type >> ARRIVAL
Center >>> Entrance
Event Time >>> 44.846707557936455
Simulation Clock >>> 44.846707557936455

Simulation Type >> Generated
Event Type >> START_PROCESS
Center >>> Entrance
Event Time >>> 44.846707557936455
Simulation Clock >>> 44.846707557936455

Simulation Type >> Generated
Event Type >> ARRIVAL
Center >>> Entrance
Event Time >>> 45.03837932352906
Simulation Clock >>> 44.846707557936455

Simulation Type >> Processing
Event Type >> START_PROCESS
Center >>> Entrance
Event Time >>> 44.846707557936455
Simulation Clock >>> 44.846707557936455

Simulation Type >> Generated
Event Type >> END_PROCESS
Center >>> Entrance
Event Time >>> 45.19067739108904
Simulation Clock >>> 44.846707557936455

Simulation Type >> Processing
Event Type >> ARRIVAL
Center >>> Entrance
Event Time >>> 45.03837932352906
Simulation Clock >>> 45.03837932352906

Simulation Type >> Generated
Event Type >> ARRIVAL
Center >>> Entrance
Event Time >>> 45.80125205488546
Simulation Clock >>> 45.03837932352906

Simulation Type >> Processing
Event Type >> END_PROCESS
Center >>> Stupid_Restaurant
Event Time >>> 45.08142430350381
Simulation Clock >>> 45.08142430350381

Simulation Type >> Processing
Event Type >> END_PROCESS
Center >>> Entrance
Event Time >>> 45.19067739108904
Simulation Clock >>> 45.19067739108904

Simulation Type >> Generated
Event Type >> ARRIVAL
Center >>> Attraction_1
Event Time >>> 45.19067739108904
Simulation Clock >>> 45.19067739108904

Simulation Type >> Generated
Event Type >> START_PROCESS
Center >>> Entrance
Event Time >>> 45.19067739108904
Simulation Clock >>> 45.19067739108904

Simulation Type >> Processing
Event Type >> START_PROCESS
Center >>> Entrance
Event Time >>> 45.19067739108904
Simulation Clock >>> 45.19067739108904

Simulation Type >> Generated
Event Type >> END_PROCESS
Center >>> Entrance
Event Time >>> 46.16004949247004
Simulation Clock >>> 45.19067739108904

Simulation Type >> Processing
Event Type >> ARRIVAL
Center >>> Attraction_1
Event Time >>> 45.19067739108904
Simulation Clock >>> 45.19067739108904

Simulation Type >> Processing
Event Type >> END_PROCESS
Center >>> Attraction_1
Event Time >>> 45.655492151991
Simulation Clock >>> 45.655492151991

Simulation Type >> Generated
Event Type >> ARRIVAL
Center >>> Attraction_2
Event Time >>> 45.655492151991
Simulation Clock >>> 45.655492151991

Simulation Type >> Generated
Event Type >> START_PROCESS
Center >>> Attraction_1
Event Time >>> 45.655492151991
Simulation Clock >>> 45.655492151991

Simulation Type >> Processing
Event Type >> END_PROCESS
Center >>> Attraction_1
Event Time >>> 45.655492151991
Simulation Clock >>> 45.655492151991

Simulation Type >> Generated
Event Type >> ARRIVAL
Center >>> Attraction_2
Event Time >>> 45.655492151991
Simulation Clock >>> 45.655492151991

Simulation Type >> Generated
Event Type >> START_PROCESS
Center >>> Attraction_1
Event Time >>> 45.655492151991
Simulation Clock >>> 45.655492151991

Simulation Type >> Processing
Event Type >> START_PROCESS
Center >>> Attraction_1
Event Time >>> 45.655492151991
Simulation Clock >>> 45.655492151991

Simulation Type >> Generated
Event Type >> END_PROCESS
Center >>> Attraction_1
Event Time >>> 55.23534609324897
Simulation Clock >>> 45.655492151991

Simulation Type >> Processing
Event Type >> START_PROCESS
Center >>> Attraction_1
Event Time >>> 45.655492151991
Simulation Clock >>> 45.655492151991

Simulation Type >> Generated
Event Type >> END_PROCESS
Center >>> Attraction_1
Event Time >>> 55.785090615704
Simulation Clock >>> 45.655492151991

Simulation Type >> Processing
Event Type >> ARRIVAL
Center >>> Attraction_2
Event Time >>> 45.655492151991
Simulation Clock >>> 45.655492151991

Simulation Type >> Processing
Event Type >> ARRIVAL
Center >>> Attraction_2
Event Time >>> 45.655492151991
Simulation Clock >>> 45.655492151991

Simulation Type >> Processing
Event Type >> ARRIVAL
Center >>> Entrance
Event Time >>> 45.80125205488546
Simulation Clock >>> 45.80125205488546

Simulation Type >> Generated
Event Type >> ARRIVAL
Center >>> Entrance
Event Time >>> 45.83373861025199
Simulation Clock >>> 45.80125205488546

Simulation Type >> Processing
Event Type >> END_PROCESS
Center >>> Entrance
Event Time >>> 45.81959004718408
Simulation Clock >>> 45.81959004718408

Simulation Type >> Generated
Event Type >> ARRIVAL
Center >>> Attraction_1
Event Time >>> 45.81959004718408
Simulation Clock >>> 45.81959004718408

Simulation Type >> Generated
Event Type >> START_PROCESS
Center >>> Entrance
Event Time >>> 45.81959004718408
Simulation Clock >>> 45.81959004718408

Simulation Type >> Processing
Event Type >> START_PROCESS
Center >>> Entrance
Event Time >>> 45.81959004718408
Simulation Clock >>> 45.81959004718408

Simulation Type >> Generated
Event Type >> END_PROCESS
Center >>> Entrance
Event Time >>> 47.06522245535375
Simulation Clock >>> 45.81959004718408

Simulation Type >> Processing
Event Type >> ARRIVAL
Center >>> Attraction_1
Event Time >>> 45.81959004718408
Simulation Clock >>> 45.81959004718408

Simulation Type >> Processing
Event Type >> ARRIVAL
Center >>> Entrance
Event Time >>> 45.83373861025199
Simulation Clock >>> 45.83373861025199

Simulation Type >> Generated
Event Type >> ARRIVAL
Center >>> Entrance
Event Time >>> 49.05479297992462
Simulation Clock >>> 45.83373861025199

Simulation Type >> Processing
Event Type >> END_PROCESS
Center >>> Entrance
Event Time >>> 45.90936551818023
Simulation Clock >>> 45.90936551818023

Simulation Type >> Generated
Event Type >> ARRIVAL
Center >>> Attraction_1
Event Time >>> 45.90936551818023
Simulation Clock >>> 45.90936551818023

Simulation Type >> Generated
Event Type >> START_PROCESS
Center >>> Entrance
Event Time >>> 45.90936551818023
Simulation Clock >>> 45.90936551818023

Simulation Type >> Processing
Event Type >> START_PROCESS
Center >>> Entrance
Event Time >>> 45.90936551818023
Simulation Clock >>> 45.90936551818023

Simulation Type >> Generated
Event Type >> END_PROCESS
Center >>> Entrance
Event Time >>> 59.245893855490955
Simulation Clock >>> 45.90936551818023

Simulation Type >> Processing
Event Type >> ARRIVAL
Center >>> Attraction_1
Event Time >>> 45.90936551818023
Simulation Clock >>> 45.90936551818023

Simulation Type >> Processing
Event Type >> END_PROCESS
Center >>> Attraction_1
Event Time >>> 46.01482733578996
Simulation Clock >>> 46.01482733578996

Simulation Type >> Generated
Event Type >> ARRIVAL
Center >>> Attraction_1
Event Time >>> 46.01482733578996
Simulation Clock >>> 46.01482733578996

Simulation Type >> Generated
Event Type >> START_PROCESS
Center >>> Attraction_1
Event Time >>> 46.01482733578996
Simulation Clock >>> 46.01482733578996

Simulation Type >> Processing
Event Type >> END_PROCESS
Center >>> Attraction_1
Event Time >>> 46.01482733578996
Simulation Clock >>> 46.01482733578996

Simulation Type >> Generated
Event Type >> ARRIVAL
Center >>> Attraction_2
Event Time >>> 46.01482733578996
Simulation Clock >>> 46.01482733578996

Simulation Type >> Generated
Event Type >> START_PROCESS
Center >>> Attraction_1
Event Time >>> 46.01482733578996
Simulation Clock >>> 46.01482733578996

Simulation Type >> Processing
Event Type >> START_PROCESS
Center >>> Attraction_1
Event Time >>> 46.01482733578996
Simulation Clock >>> 46.01482733578996

Simulation Type >> Generated
Event Type >> END_PROCESS
Center >>> Attraction_1
Event Time >>> 55.86226922622872
Simulation Clock >>> 46.01482733578996

Simulation Type >> Generated
Event Type >> END_PROCESS
Center >>> Attraction_1
Event Time >>> 55.86226922622872
Simulation Clock >>> 46.01482733578996

Simulation Type >> Processing
Event Type >> START_PROCESS
Center >>> Attraction_1
Event Time >>> 46.01482733578996
Simulation Clock >>> 46.01482733578996

Simulation Type >> Generated
Event Type >> END_PROCESS
Center >>> Attraction_1
Event Time >>> 55.882320705111994
Simulation Clock >>> 46.01482733578996

Simulation Type >> Processing
Event Type >> ARRIVAL
Center >>> Attraction_1
Event Time >>> 46.01482733578996
Simulation Clock >>> 46.01482733578996

Simulation Type >> Processing
Event Type >> ARRIVAL
Center >>> Attraction_2
Event Time >>> 46.01482733578996
Simulation Clock >>> 46.01482733578996

Simulation Type >> Processing
Event Type >> END_PROCESS
Center >>> Entrance
Event Time >>> 46.16004949247004
Simulation Clock >>> 46.16004949247004

Simulation Type >> Generated
Event Type >> ARRIVAL
Center >>> Attraction_2
Event Time >>> 46.16004949247004
Simulation Clock >>> 46.16004949247004

Simulation Type >> Processing
Event Type >> ARRIVAL
Center >>> Attraction_2
Event Time >>> 46.16004949247004
Simulation Clock >>> 46.16004949247004

Simulation Type >> Processing
Event Type >> END_PROCESS
Center >>> Entrance
Event Time >>> 47.06522245535375
Simulation Clock >>> 47.06522245535375

Simulation Type >> Generated
Event Type >> ARRIVAL
Center >>> Attraction_2
Event Time >>> 47.06522245535375
Simulation Clock >>> 47.06522245535375

Simulation Type >> Processing
Event Type >> ARRIVAL
Center >>> Attraction_2
Event Time >>> 47.06522245535375
Simulation Clock >>> 47.06522245535375

Simulation Type >> Processing
Event Type >> END_PROCESS
Center >>> Attraction_2
Event Time >>> 48.44783414134966
Simulation Clock >>> 48.44783414134966

Simulation Type >> Generated
Event Type >> ARRIVAL
Center >>> Attraction_1
Event Time >>> 48.44783414134966
Simulation Clock >>> 48.44783414134966

Simulation Type >> Generated
Event Type >> START_PROCESS
Center >>> Attraction_2
Event Time >>> 48.44783414134966
Simulation Clock >>> 48.44783414134966

Simulation Type >> Processing
Event Type >> END_PROCESS
Center >>> Attraction_2
Event Time >>> 48.44783414134966
Simulation Clock >>> 48.44783414134966

Simulation Type >> Generated
Event Type >> ARRIVAL
Center >>> Stupid_Restaurant
Event Time >>> 48.44783414134966
Simulation Clock >>> 48.44783414134966

Simulation Type >> Generated
Event Type >> START_PROCESS
Center >>> Attraction_2
Event Time >>> 48.44783414134966
Simulation Clock >>> 48.44783414134966

Simulation Type >> Processing
Event Type >> END_PROCESS
Center >>> Attraction_2
Event Time >>> 48.44783414134966
Simulation Clock >>> 48.44783414134966

Simulation Type >> Generated
Event Type >> ARRIVAL
Center >>> Attraction_2
Event Time >>> 48.44783414134966
Simulation Clock >>> 48.44783414134966

Simulation Type >> Generated
Event Type >> START_PROCESS
Center >>> Attraction_2
Event Time >>> 48.44783414134966
Simulation Clock >>> 48.44783414134966

Simulation Type >> Processing
Event Type >> END_PROCESS
Center >>> Attraction_2
Event Time >>> 48.44783414134966
Simulation Clock >>> 48.44783414134966

Simulation Type >> Generated
Event Type >> START_PROCESS
Center >>> Attraction_2
Event Time >>> 48.44783414134966
Simulation Clock >>> 48.44783414134966

Simulation Type >> Processing
Event Type >> END_PROCESS
Center >>> Attraction_2
Event Time >>> 48.44783414134966
Simulation Clock >>> 48.44783414134966

Simulation Type >> Generated
Event Type >> ARRIVAL
Center >>> Attraction_2
Event Time >>> 48.44783414134966
Simulation Clock >>> 48.44783414134966

Simulation Type >> Generated
Event Type >> START_PROCESS
Center >>> Attraction_2
Event Time >>> 48.44783414134966
Simulation Clock >>> 48.44783414134966

Simulation Type >> Processing
Event Type >> END_PROCESS
Center >>> Attraction_2
Event Time >>> 48.44783414134966
Simulation Clock >>> 48.44783414134966

Simulation Type >> Generated
Event Type >> ARRIVAL
Center >>> Smart_Restaurant
Event Time >>> 48.44783414134966
Simulation Clock >>> 48.44783414134966

Simulation Type >> Generated
Event Type >> START_PROCESS
Center >>> Attraction_2
Event Time >>> 48.44783414134966
Simulation Clock >>> 48.44783414134966

Simulation Type >> Processing
Event Type >> ARRIVAL
Center >>> Smart_Restaurant
Event Time >>> 48.44783414134966
Simulation Clock >>> 48.44783414134966

Simulation Type >> Generated
Event Type >> START_PROCESS
Center >>> Smart_Restaurant
Event Time >>> 48.44783414134966
Simulation Clock >>> 48.44783414134966

Simulation Type >> Processing
Event Type >> START_PROCESS
Center >>> Smart_Restaurant
Event Time >>> 48.44783414134966
Simulation Clock >>> 48.44783414134966

Simulation Type >> Generated
Event Type >> END_PROCESS
Center >>> Smart_Restaurant
Event Time >>> 64.06540640405477
Simulation Clock >>> 48.44783414134966

Simulation Type >> Processing
Event Type >> START_PROCESS
Center >>> Attraction_2
Event Time >>> 48.44783414134966
Simulation Clock >>> 48.44783414134966

Simulation Type >> Generated
Event Type >> END_PROCESS
Center >>> Attraction_2
Event Time >>> 53.5768555631831
Simulation Clock >>> 48.44783414134966

Simulation Type >> Generated
Event Type >> END_PROCESS
Center >>> Attraction_2
Event Time >>> 53.5768555631831
Simulation Clock >>> 48.44783414134966

Simulation Type >> Generated
Event Type >> END_PROCESS
Center >>> Attraction_2
Event Time >>> 53.5768555631831
Simulation Clock >>> 48.44783414134966

Simulation Type >> Generated
Event Type >> END_PROCESS
Center >>> Attraction_2
Event Time >>> 53.5768555631831
Simulation Clock >>> 48.44783414134966

Simulation Type >> Generated
Event Type >> END_PROCESS
Center >>> Attraction_2
Event Time >>> 53.5768555631831
Simulation Clock >>> 48.44783414134966

Simulation Type >> Generated
Event Type >> END_PROCESS
Center >>> Attraction_2
Event Time >>> 53.5768555631831
Simulation Clock >>> 48.44783414134966

Simulation Type >> Generated
Event Type >> END_PROCESS
Center >>> Attraction_2
Event Time >>> 53.5768555631831
Simulation Clock >>> 48.44783414134966

Simulation Type >> Processing
Event Type >> START_PROCESS
Center >>> Attraction_2
Event Time >>> 48.44783414134966
Simulation Clock >>> 48.44783414134966

Simulation Type >> Processing
Event Type >> START_PROCESS
Center >>> Attraction_2
Event Time >>> 48.44783414134966
Simulation Clock >>> 48.44783414134966

Simulation Type >> Processing
Event Type >> START_PROCESS
Center >>> Attraction_2
Event Time >>> 48.44783414134966
Simulation Clock >>> 48.44783414134966

Simulation Type >> Processing
Event Type >> START_PROCESS
Center >>> Attraction_2
Event Time >>> 48.44783414134966
Simulation Clock >>> 48.44783414134966

Simulation Type >> Processing
Event Type >> START_PROCESS
Center >>> Attraction_2
Event Time >>> 48.44783414134966
Simulation Clock >>> 48.44783414134966

Simulation Type >> Processing
Event Type >> ARRIVAL
Center >>> Attraction_1
Event Time >>> 48.44783414134966
Simulation Clock >>> 48.44783414134966

Simulation Type >> Processing
Event Type >> ARRIVAL
Center >>> Attraction_2
Event Time >>> 48.44783414134966
Simulation Clock >>> 48.44783414134966

Simulation Type >> Processing
Event Type >> ARRIVAL
Center >>> Attraction_2
Event Time >>> 48.44783414134966
Simulation Clock >>> 48.44783414134966

Simulation Type >> Processing
Event Type >> ARRIVAL
Center >>> Stupid_Restaurant
Event Time >>> 48.44783414134966
Simulation Clock >>> 48.44783414134966

Simulation Type >> Generated
Event Type >> START_PROCESS
Center >>> Stupid_Restaurant
Event Time >>> 48.44783414134966
Simulation Clock >>> 48.44783414134966

Simulation Type >> Processing
Event Type >> START_PROCESS
Center >>> Stupid_Restaurant
Event Time >>> 48.44783414134966
Simulation Clock >>> 48.44783414134966

Simulation Type >> Generated
Event Type >> END_PROCESS
Center >>> Stupid_Restaurant
Event Time >>> 119.4937303804841
Simulation Clock >>> 48.44783414134966

Simulation Type >> Processing
Event Type >> ARRIVAL
Center >>> Entrance
Event Time >>> 49.05479297992462
Simulation Clock >>> 49.05479297992462

Simulation Type >> Generated
Event Type >> START_PROCESS
Center >>> Entrance
Event Time >>> 49.05479297992462
Simulation Clock >>> 49.05479297992462

Simulation Type >> Generated
Event Type >> ARRIVAL
Center >>> Entrance
Event Time >>> 49.50396366873106
Simulation Clock >>> 49.05479297992462

Simulation Type >> Processing
Event Type >> START_PROCESS
Center >>> Entrance
Event Time >>> 49.05479297992462
Simulation Clock >>> 49.05479297992462

Simulation Type >> Generated
Event Type >> END_PROCESS
Center >>> Entrance
Event Time >>> 51.032131857386304
Simulation Clock >>> 49.05479297992462

Simulation Type >> Processing
Event Type >> ARRIVAL
Center >>> Entrance
Event Time >>> 49.50396366873106
Simulation Clock >>> 49.50396366873106

Simulation Type >> Generated
Event Type >> START_PROCESS
Center >>> Entrance
Event Time >>> 49.50396366873106
Simulation Clock >>> 49.50396366873106

Simulation Type >> Generated
Event Type >> ARRIVAL
Center >>> Entrance
Event Time >>> 50.228765403151094
Simulation Clock >>> 49.50396366873106

Simulation Type >> Processing
Event Type >> START_PROCESS
Center >>> Entrance
Event Time >>> 49.50396366873106
Simulation Clock >>> 49.50396366873106

Simulation Type >> Generated
Event Type >> END_PROCESS
Center >>> Entrance
Event Time >>> 50.10042537794529
Simulation Clock >>> 49.50396366873106

Simulation Type >> Processing
Event Type >> END_PROCESS
Center >>> Entrance
Event Time >>> 50.10042537794529
Simulation Clock >>> 50.10042537794529

Simulation Type >> Generated
Event Type >> ARRIVAL
Center >>> Attraction_2
Event Time >>> 50.10042537794529
Simulation Clock >>> 50.10042537794529

Simulation Type >> Processing
Event Type >> ARRIVAL
Center >>> Attraction_2
Event Time >>> 50.10042537794529
Simulation Clock >>> 50.10042537794529

Simulation Type >> Processing
Event Type >> ARRIVAL
Center >>> Entrance
Event Time >>> 50.228765403151094
Simulation Clock >>> 50.228765403151094

Simulation Type >> Generated
Event Type >> START_PROCESS
Center >>> Entrance
Event Time >>> 50.228765403151094
Simulation Clock >>> 50.228765403151094

Simulation Type >> Generated
Event Type >> ARRIVAL
Center >>> Entrance
Event Time >>> 50.990308953659124
Simulation Clock >>> 50.228765403151094

Simulation Type >> Processing
Event Type >> START_PROCESS
Center >>> Entrance
Event Time >>> 50.228765403151094
Simulation Clock >>> 50.228765403151094

Simulation Type >> Generated
Event Type >> END_PROCESS
Center >>> Entrance
Event Time >>> 52.72786616972431
Simulation Clock >>> 50.228765403151094

Simulation Type >> Processing
Event Type >> ARRIVAL
Center >>> Entrance
Event Time >>> 50.990308953659124
Simulation Clock >>> 50.990308953659124

Simulation Type >> Generated
Event Type >> ARRIVAL
Center >>> Entrance
Event Time >>> 51.08709840314255
Simulation Clock >>> 50.990308953659124

Simulation Type >> Processing
Event Type >> END_PROCESS
Center >>> Entrance
Event Time >>> 51.032131857386304
Simulation Clock >>> 51.032131857386304

Simulation Type >> Generated
Event Type >> ARRIVAL
Center >>> Smart_Restaurant
Event Time >>> 51.032131857386304
Simulation Clock >>> 51.032131857386304

Simulation Type >> Generated
Event Type >> START_PROCESS
Center >>> Entrance
Event Time >>> 51.032131857386304
Simulation Clock >>> 51.032131857386304

Simulation Type >> Processing
Event Type >> ARRIVAL
Center >>> Smart_Restaurant
Event Time >>> 51.032131857386304
Simulation Clock >>> 51.032131857386304

Simulation Type >> Generated
Event Type >> START_PROCESS
Center >>> Smart_Restaurant
Event Time >>> 51.032131857386304
Simulation Clock >>> 51.032131857386304

Simulation Type >> Processing
Event Type >> START_PROCESS
Center >>> Smart_Restaurant
Event Time >>> 51.032131857386304
Simulation Clock >>> 51.032131857386304

Simulation Type >> Generated
Event Type >> END_PROCESS
Center >>> Smart_Restaurant
Event Time >>> 193.508369200301
Simulation Clock >>> 51.032131857386304

Simulation Type >> Processing
Event Type >> START_PROCESS
Center >>> Entrance
Event Time >>> 51.032131857386304
Simulation Clock >>> 51.032131857386304

Simulation Type >> Generated
Event Type >> END_PROCESS
Center >>> Entrance
Event Time >>> 51.40626327023869
Simulation Clock >>> 51.032131857386304

Simulation Type >> Processing
Event Type >> ARRIVAL
Center >>> Entrance
Event Time >>> 51.08709840314255
Simulation Clock >>> 51.08709840314255

Simulation Type >> Generated
Event Type >> ARRIVAL
Center >>> Entrance
Event Time >>> 51.236905397954565
Simulation Clock >>> 51.08709840314255

Simulation Type >> Processing
Event Type >> ARRIVAL
Center >>> Entrance
Event Time >>> 51.236905397954565
Simulation Clock >>> 51.236905397954565

Simulation Type >> Generated
Event Type >> ARRIVAL
Center >>> Entrance
Event Time >>> 52.6060054286874
Simulation Clock >>> 51.236905397954565

Simulation Type >> Processing
Event Type >> END_PROCESS
Center >>> Entrance
Event Time >>> 51.40626327023869
Simulation Clock >>> 51.40626327023869

Simulation Type >> Generated
Event Type >> ARRIVAL
Center >>> Attraction_2
Event Time >>> 51.40626327023869
Simulation Clock >>> 51.40626327023869

Simulation Type >> Generated
Event Type >> START_PROCESS
Center >>> Entrance
Event Time >>> 51.40626327023869
Simulation Clock >>> 51.40626327023869

Simulation Type >> Processing
Event Type >> START_PROCESS
Center >>> Entrance
Event Time >>> 51.40626327023869
Simulation Clock >>> 51.40626327023869

Simulation Type >> Generated
Event Type >> END_PROCESS
Center >>> Entrance
Event Time >>> 57.33642626972724
Simulation Clock >>> 51.40626327023869

Simulation Type >> Processing
Event Type >> ARRIVAL
Center >>> Attraction_2
Event Time >>> 51.40626327023869
Simulation Clock >>> 51.40626327023869

Simulation Type >> Processing
Event Type >> ARRIVAL
Center >>> Entrance
Event Time >>> 52.6060054286874
Simulation Clock >>> 52.6060054286874

Simulation Type >> Generated
Event Type >> ARRIVAL
Center >>> Entrance
Event Time >>> 55.79936399427005
Simulation Clock >>> 52.6060054286874

Simulation Type >> Processing
Event Type >> END_PROCESS
Center >>> Entrance
Event Time >>> 52.72786616972431
Simulation Clock >>> 52.72786616972431

Simulation Type >> Generated
Event Type >> ARRIVAL
Center >>> Smart_Restaurant
Event Time >>> 52.72786616972431
Simulation Clock >>> 52.72786616972431

Simulation Type >> Generated
Event Type >> START_PROCESS
Center >>> Entrance
Event Time >>> 52.72786616972431
Simulation Clock >>> 52.72786616972431

Simulation Type >> Processing
Event Type >> ARRIVAL
Center >>> Smart_Restaurant
Event Time >>> 52.72786616972431
Simulation Clock >>> 52.72786616972431

Simulation Type >> Generated
Event Type >> START_PROCESS
Center >>> Smart_Restaurant
Event Time >>> 52.72786616972431
Simulation Clock >>> 52.72786616972431

Simulation Type >> Processing
Event Type >> START_PROCESS
Center >>> Smart_Restaurant
Event Time >>> 52.72786616972431
Simulation Clock >>> 52.72786616972431

Simulation Type >> Generated
Event Type >> END_PROCESS
Center >>> Smart_Restaurant
Event Time >>> 133.02971939263736
Simulation Clock >>> 52.72786616972431

Simulation Type >> Processing
Event Type >> START_PROCESS
Center >>> Entrance
Event Time >>> 52.72786616972431
Simulation Clock >>> 52.72786616972431

Simulation Type >> Generated
Event Type >> END_PROCESS
Center >>> Entrance
Event Time >>> 58.31003861595801
Simulation Clock >>> 52.72786616972431

Simulation Type >> Processing
Event Type >> END_PROCESS
Center >>> Attraction_2
Event Time >>> 53.5768555631831
Simulation Clock >>> 53.5768555631831

Simulation Type >> Generated
Event Type >> START_PROCESS
Center >>> Attraction_2
Event Time >>> 53.5768555631831
Simulation Clock >>> 53.5768555631831

Simulation Type >> Processing
Event Type >> END_PROCESS
Center >>> Attraction_2
Event Time >>> 53.5768555631831
Simulation Clock >>> 53.5768555631831

Simulation Type >> Generated
Event Type >> ARRIVAL
Center >>> Attraction_1
Event Time >>> 53.5768555631831
Simulation Clock >>> 53.5768555631831

Simulation Type >> Generated
Event Type >> START_PROCESS
Center >>> Attraction_2
Event Time >>> 53.5768555631831
Simulation Clock >>> 53.5768555631831

Simulation Type >> Processing
Event Type >> END_PROCESS
Center >>> Attraction_2
Event Time >>> 53.5768555631831
Simulation Clock >>> 53.5768555631831

Simulation Type >> Generated
Event Type >> ARRIVAL
Center >>> Attraction_2
Event Time >>> 53.5768555631831
Simulation Clock >>> 53.5768555631831

Simulation Type >> Generated
Event Type >> START_PROCESS
Center >>> Attraction_2
Event Time >>> 53.5768555631831
Simulation Clock >>> 53.5768555631831

Simulation Type >> Processing
Event Type >> END_PROCESS
Center >>> Attraction_2
Event Time >>> 53.5768555631831
Simulation Clock >>> 53.5768555631831

Simulation Type >> Generated
Event Type >> ARRIVAL
Center >>> Attraction_2
Event Time >>> 53.5768555631831
Simulation Clock >>> 53.5768555631831

Simulation Type >> Generated
Event Type >> START_PROCESS
Center >>> Attraction_2
Event Time >>> 53.5768555631831
Simulation Clock >>> 53.5768555631831

