Stream Name >>> AttractionRoutingNode
Stream Index >>> 5

Stream Name >>> RestaurantRoutingNode
Stream Index >>> 13

Stream Name >>> ARRIVAL BUILDER - PRIORITY
Stream Index >>> 2

Stream Name >>> Storm_Force
Stream Index >>> 6

Stream Name >>> Harry_Potter_Journey
Stream Index >>> 11

Stream Name >>> Restaurant_4
Stream Index >>> 14

Stream Name >>> Doctor_Doom_Fearfall
Stream Index >>> 9

Stream Name >>> Restaurant_3
Stream Index >>> 16

Stream Name >>> Flight_Hippogriff
Stream Index >>> 8

Stream Name >>> Restaurant_2
Stream Index >>> 17

Stream Name >>> Restaurant_1
Stream Index >>> 15

Stream Name >>> ARRIVAL BUILDER - ARRIVAL
Stream Index >>> 0

Stream Name >>> Skull_Island
Stream Index >>> 10

Stream Name >>> Entrance
Stream Index >>> 3

Stream Name >>> NetworkRoutingNode
Stream Index >>> 4

Stream Name >>> ARRIVAL BUILDER - GROUP SIZE
Stream Index >>> 1

Stream Name >>> Jurassic_World_VelociCoaster
Stream Index >>> 7

Stream Name >>> Incredible_Hulk_Coaster
Stream Index >>> 12

