Simulation Type >> Schedule 
Event Type >> ARRIVAL
Center Name >>> Restaurant_1
Group Id >>> 18
Event Time >>> 30.691375071891017
Simulation Clock >>> 30.691375071891017

Simulation Type >> Schedule 
Event Type >> END_PROCESS
Center Name >>> Restaurant_1
Group Id >>> 18
Event Time >>> 105.38466363037661
Simulation Clock >>> 30.691375071891017

Simulation Type >> Schedule 
Event Type >> ARRIVAL
Center Name >>> Restaurant_1
Group Id >>> 17
Event Time >>> 40.234860094072204
Simulation Clock >>> 40.234860094072204

Simulation Type >> Schedule 
Event Type >> END_PROCESS
Center Name >>> Restaurant_1
Group Id >>> 17
Event Time >>> 219.6318750739958
Simulation Clock >>> 40.234860094072204

Simulation Type >> Schedule 
Event Type >> ARRIVAL
Center Name >>> Restaurant_1
Group Id >>> 33
Event Time >>> 63.71895745188079
Simulation Clock >>> 63.71895745188079

Simulation Type >> Schedule 
Event Type >> END_PROCESS
Center Name >>> Restaurant_1
Group Id >>> 33
Event Time >>> 127.41233340427985
Simulation Clock >>> 63.71895745188079

Simulation Type >> Schedule 
Event Type >> ARRIVAL
Center Name >>> Restaurant_1
Group Id >>> 35
Event Time >>> 69.90792755559585
Simulation Clock >>> 69.90792755559585

Simulation Type >> Schedule 
Event Type >> END_PROCESS
Center Name >>> Restaurant_1
Group Id >>> 35
Event Time >>> 85.64557711917364
Simulation Clock >>> 69.90792755559585

Simulation Type >> Schedule 
Event Type >> ARRIVAL
Center Name >>> Restaurant_1
Group Id >>> 61
Event Time >>> 71.20694627203507
Simulation Clock >>> 71.20694627203507

Simulation Type >> Schedule 
Event Type >> END_PROCESS
Center Name >>> Restaurant_1
Group Id >>> 61
Event Time >>> 83.28902973574212
Simulation Clock >>> 71.20694627203507

Simulation Type >> Schedule 
Event Type >> ARRIVAL
Center Name >>> Restaurant_1
Group Id >>> 82
Event Time >>> 100.21633208069778
Simulation Clock >>> 100.21633208069778

Simulation Type >> Schedule 
Event Type >> END_PROCESS
Center Name >>> Restaurant_1
Group Id >>> 82
Event Time >>> 228.47422150619988
Simulation Clock >>> 100.21633208069778

Simulation Type >> Schedule 
Event Type >> ARRIVAL
Center Name >>> Restaurant_1
Group Id >>> 100
Event Time >>> 128.89219498922816
Simulation Clock >>> 128.89219498922816

Simulation Type >> Schedule 
Event Type >> END_PROCESS
Center Name >>> Restaurant_1
Group Id >>> 100
Event Time >>> 227.34366264317487
Simulation Clock >>> 128.89219498922816

Simulation Type >> Schedule 
Event Type >> ARRIVAL
Center Name >>> Restaurant_1
Group Id >>> 102
Event Time >>> 131.5978988552935
Simulation Clock >>> 131.5978988552935

Simulation Type >> Schedule 
Event Type >> END_PROCESS
Center Name >>> Restaurant_1
Group Id >>> 102
Event Time >>> 166.1107913299527
Simulation Clock >>> 131.5978988552935

Simulation Type >> Schedule 
Event Type >> ARRIVAL
Center Name >>> Restaurant_1
Group Id >>> 12
Event Time >>> 134.16185924970307
Simulation Clock >>> 134.16185924970307

Simulation Type >> Schedule 
Event Type >> END_PROCESS
Center Name >>> Restaurant_1
Group Id >>> 12
Event Time >>> 229.65979207284414
Simulation Clock >>> 134.16185924970307

Simulation Type >> Schedule 
Event Type >> ARRIVAL
Center Name >>> Restaurant_1
Group Id >>> 81
Event Time >>> 139.70898277548235
Simulation Clock >>> 139.70898277548235

Simulation Type >> Schedule 
Event Type >> END_PROCESS
Center Name >>> Restaurant_1
Group Id >>> 81
Event Time >>> 156.4948670826144
Simulation Clock >>> 139.70898277548235

Simulation Type >> Schedule 
Event Type >> ARRIVAL
Center Name >>> Restaurant_1
Group Id >>> 135
Event Time >>> 147.23061021522716
Simulation Clock >>> 147.23061021522716

Simulation Type >> Schedule 
Event Type >> END_PROCESS
Center Name >>> Restaurant_1
Group Id >>> 135
Event Time >>> 204.3375580708352
Simulation Clock >>> 147.23061021522716

Simulation Type >> Schedule 
Event Type >> ARRIVAL
Center Name >>> Restaurant_1
Group Id >>> 139
Event Time >>> 147.51539817042655
Simulation Clock >>> 147.51539817042655

Simulation Type >> Schedule 
Event Type >> END_PROCESS
Center Name >>> Restaurant_1
Group Id >>> 139
Event Time >>> 230.78731144893544
Simulation Clock >>> 147.51539817042655

Simulation Type >> Schedule 
Event Type >> ARRIVAL
Center Name >>> Restaurant_1
Group Id >>> 19
Event Time >>> 163.44837506290114
Simulation Clock >>> 163.44837506290114

Simulation Type >> Schedule 
Event Type >> END_PROCESS
Center Name >>> Restaurant_1
Group Id >>> 19
Event Time >>> 264.41020393777313
Simulation Clock >>> 163.44837506290114

Simulation Type >> Schedule 
Event Type >> ARRIVAL
Center Name >>> Restaurant_1
Group Id >>> 4
Event Time >>> 177.77480387528317
Simulation Clock >>> 177.77480387528317

Simulation Type >> Schedule 
Event Type >> END_PROCESS
Center Name >>> Restaurant_1
Group Id >>> 4
Event Time >>> 283.05624293808785
Simulation Clock >>> 177.77480387528317

Simulation Type >> Schedule 
Event Type >> ARRIVAL
Center Name >>> Restaurant_1
Group Id >>> 66
Event Time >>> 180.446091790101
Simulation Clock >>> 180.446091790101

Simulation Type >> Schedule 
Event Type >> END_PROCESS
Center Name >>> Restaurant_1
Group Id >>> 66
Event Time >>> 195.4892168705315
Simulation Clock >>> 180.446091790101

Simulation Type >> Schedule 
Event Type >> ARRIVAL
Center Name >>> Restaurant_1
Group Id >>> 31
Event Time >>> 181.41177037929404
Simulation Clock >>> 181.41177037929404

Simulation Type >> Schedule 
Event Type >> END_PROCESS
Center Name >>> Restaurant_1
Group Id >>> 31
Event Time >>> 231.48404275734768
Simulation Clock >>> 181.41177037929404

Simulation Type >> Schedule 
Event Type >> ARRIVAL
Center Name >>> Restaurant_1
Group Id >>> 133
Event Time >>> 183.45586231384863
Simulation Clock >>> 183.45586231384863

Simulation Type >> Schedule 
Event Type >> END_PROCESS
Center Name >>> Restaurant_1
Group Id >>> 133
Event Time >>> 203.0091826563155
Simulation Clock >>> 183.45586231384863

Simulation Type >> Schedule 
Event Type >> ARRIVAL
Center Name >>> Restaurant_1
Group Id >>> 154
Event Time >>> 183.47295193433567
Simulation Clock >>> 183.47295193433567

Simulation Type >> Schedule 
Event Type >> ARRIVAL
Center Name >>> Restaurant_1
Group Id >>> 97
Event Time >>> 183.47295193433567
Simulation Clock >>> 183.47295193433567

Simulation Type >> Schedule 
Event Type >> END_PROCESS
Center Name >>> Restaurant_1
Group Id >>> 154
Event Time >>> 275.10420802091573
Simulation Clock >>> 183.47295193433567

Simulation Type >> Schedule 
Event Type >> END_PROCESS
Center Name >>> Restaurant_1
Group Id >>> 97
Event Time >>> 315.25304042783375
Simulation Clock >>> 183.47295193433567

Simulation Type >> Schedule 
Event Type >> ARRIVAL
Center Name >>> Restaurant_1
Group Id >>> 152
Event Time >>> 185.8948959883757
Simulation Clock >>> 185.8948959883757

Simulation Type >> Schedule 
Event Type >> END_PROCESS
Center Name >>> Restaurant_1
Group Id >>> 152
Event Time >>> 317.12802434010933
Simulation Clock >>> 185.8948959883757

Simulation Type >> Schedule 
Event Type >> ARRIVAL
Center Name >>> Restaurant_1
Group Id >>> 146
Event Time >>> 186.0354593816857
Simulation Clock >>> 186.0354593816857

Simulation Type >> Schedule 
Event Type >> END_PROCESS
Center Name >>> Restaurant_1
Group Id >>> 146
Event Time >>> 197.6286445520499
Simulation Clock >>> 186.0354593816857

Simulation Type >> Schedule 
Event Type >> ARRIVAL
Center Name >>> Restaurant_1
Group Id >>> 147
Event Time >>> 187.3067544205858
Simulation Clock >>> 187.3067544205858

Simulation Type >> Schedule 
Event Type >> END_PROCESS
Center Name >>> Restaurant_1
Group Id >>> 147
Event Time >>> 319.07898226749705
Simulation Clock >>> 187.3067544205858

Simulation Type >> Schedule 
Event Type >> ARRIVAL
Center Name >>> Restaurant_1
Group Id >>> 141
Event Time >>> 189.3325583176387
Simulation Clock >>> 189.3325583176387

Simulation Type >> Schedule 
Event Type >> END_PROCESS
Center Name >>> Restaurant_1
Group Id >>> 141
Event Time >>> 202.3559359014774
Simulation Clock >>> 189.3325583176387

Simulation Type >> Schedule 
Event Type >> ARRIVAL
Center Name >>> Restaurant_1
Group Id >>> 170
Event Time >>> 192.90576554285764
Simulation Clock >>> 192.90576554285764

Simulation Type >> Schedule 
Event Type >> END_PROCESS
Center Name >>> Restaurant_1
Group Id >>> 170
Event Time >>> 204.36511502120084
Simulation Clock >>> 192.90576554285764

Simulation Type >> Schedule 
Event Type >> ARRIVAL
Center Name >>> Restaurant_1
Group Id >>> 145
Event Time >>> 193.15709964326118
Simulation Clock >>> 193.15709964326118

Simulation Type >> Schedule 
Event Type >> END_PROCESS
Center Name >>> Restaurant_1
Group Id >>> 145
Event Time >>> 207.41576874780873
Simulation Clock >>> 193.15709964326118

Simulation Type >> Schedule 
Event Type >> ARRIVAL
Center Name >>> Restaurant_1
Group Id >>> 171
Event Time >>> 193.15709964326118
Simulation Clock >>> 193.15709964326118

Simulation Type >> Schedule 
Event Type >> ARRIVAL
Center Name >>> Restaurant_1
Group Id >>> 142
Event Time >>> 193.15709964326118
Simulation Clock >>> 193.15709964326118

Simulation Type >> Schedule 
Event Type >> ARRIVAL
Center Name >>> Restaurant_1
Group Id >>> 166
Event Time >>> 193.4343021853069
Simulation Clock >>> 193.4343021853069

Simulation Type >> Schedule 
Event Type >> ARRIVAL
Center Name >>> Restaurant_1
Group Id >>> 45
Event Time >>> 195.12204435417658
Simulation Clock >>> 195.12204435417658

Simulation Type >> Schedule 
Event Type >> ARRIVAL
Center Name >>> Restaurant_1
Group Id >>> 168
Event Time >>> 195.74523538981938
Simulation Clock >>> 195.74523538981938

Simulation Type >> Schedule 
Event Type >> ARRIVAL
Center Name >>> Restaurant_1
Group Id >>> 16
Event Time >>> 196.38467124997987
Simulation Clock >>> 196.38467124997987

Simulation Type >> Schedule 
Event Type >> ARRIVAL
Center Name >>> Restaurant_1
Group Id >>> 189
Event Time >>> 201.43764993745856
Simulation Clock >>> 201.43764993745856

Simulation Type >> Schedule 
Event Type >> END_PROCESS
Center Name >>> Restaurant_1
Group Id >>> 171
Event Time >>> 243.8745651157331
Simulation Clock >>> 203.0091826563155

Simulation Type >> Schedule 
Event Type >> ARRIVAL
Center Name >>> Restaurant_1
Group Id >>> 1
Event Time >>> 205.19525657643013
Simulation Clock >>> 205.19525657643013

Simulation Type >> Schedule 
Event Type >> ARRIVAL
Center Name >>> Restaurant_1
Group Id >>> 195
Event Time >>> 208.49340950996543
Simulation Clock >>> 208.49340950996543

Simulation Type >> Schedule 
Event Type >> ARRIVAL
Center Name >>> Restaurant_1
Group Id >>> 199
Event Time >>> 210.2295089027163
Simulation Clock >>> 210.2295089027163

Simulation Type >> Schedule 
Event Type >> ARRIVAL
Center Name >>> Restaurant_1
Group Id >>> 145
Event Time >>> 211.3415775749341
Simulation Clock >>> 211.3415775749341

Simulation Type >> Schedule 
Event Type >> ARRIVAL
Center Name >>> Restaurant_1
Group Id >>> 137
Event Time >>> 213.73666274199618
Simulation Clock >>> 213.73666274199618

Simulation Type >> Schedule 
Event Type >> ARRIVAL
Center Name >>> Restaurant_1
Group Id >>> 158
Event Time >>> 215.05947174407186
Simulation Clock >>> 215.05947174407186

Simulation Type >> Schedule 
Event Type >> ARRIVAL
Center Name >>> Restaurant_1
Group Id >>> 205
Event Time >>> 215.88740247413747
Simulation Clock >>> 215.88740247413747

Simulation Type >> Schedule 
Event Type >> ARRIVAL
Center Name >>> Restaurant_1
Group Id >>> 209
Event Time >>> 218.5521837100064
Simulation Clock >>> 218.5521837100064

Simulation Type >> Schedule 
Event Type >> ARRIVAL
Center Name >>> Restaurant_1
Group Id >>> 73
Event Time >>> 219.5289101930716
Simulation Clock >>> 219.5289101930716

Simulation Type >> Schedule 
Event Type >> END_PROCESS
Center Name >>> Restaurant_1
Group Id >>> 142
Event Time >>> 338.60444680785633
Simulation Clock >>> 219.6318750739958

Simulation Type >> Schedule 
Event Type >> END_PROCESS
Center Name >>> Restaurant_1
Group Id >>> 166
Event Time >>> 270.7475040443709
Simulation Clock >>> 219.6318750739958

Simulation Type >> Schedule 
Event Type >> END_PROCESS
Center Name >>> Restaurant_1
Group Id >>> 45
Event Time >>> 251.52639680676128
Simulation Clock >>> 219.6318750739958

Simulation Type >> Schedule 
Event Type >> ARRIVAL
Center Name >>> Restaurant_1
Group Id >>> 52
Event Time >>> 221.21172154896115
Simulation Clock >>> 221.21172154896115

Simulation Type >> Schedule 
Event Type >> ARRIVAL
Center Name >>> Restaurant_1
Group Id >>> 204
Event Time >>> 223.82039067279115
Simulation Clock >>> 223.82039067279115

Simulation Type >> Schedule 
Event Type >> ARRIVAL
Center Name >>> Restaurant_1
Group Id >>> 148
Event Time >>> 226.61024941036624
Simulation Clock >>> 226.61024941036624

Simulation Type >> Schedule 
Event Type >> ARRIVAL
Center Name >>> Restaurant_1
Group Id >>> 214
Event Time >>> 227.07722539476143
Simulation Clock >>> 227.07722539476143

Simulation Type >> Schedule 
Event Type >> END_PROCESS
Center Name >>> Restaurant_1
Group Id >>> 168
Event Time >>> 281.2884124073159
Simulation Clock >>> 227.34366264317487

Simulation Type >> Schedule 
Event Type >> ARRIVAL
Center Name >>> Restaurant_1
Group Id >>> 100
Event Time >>> 227.34366264317487
Simulation Clock >>> 227.34366264317487

Simulation Type >> Schedule 
Event Type >> END_PROCESS
Center Name >>> Restaurant_1
Group Id >>> 16
Event Time >>> 298.99801878473625
Simulation Clock >>> 228.47422150619988

Simulation Type >> Schedule 
Event Type >> END_PROCESS
Center Name >>> Restaurant_1
Group Id >>> 189
Event Time >>> 275.5834376212225
Simulation Clock >>> 228.47422150619988

Simulation Type >> Schedule 
Event Type >> END_PROCESS
Center Name >>> Restaurant_1
Group Id >>> 1
Event Time >>> 294.61160583629487
Simulation Clock >>> 229.65979207284414

Simulation Type >> Schedule 
Event Type >> ARRIVAL
Center Name >>> Restaurant_1
Group Id >>> 43
Event Time >>> 230.56968653948977
Simulation Clock >>> 230.56968653948977

Simulation Type >> Schedule 
Event Type >> END_PROCESS
Center Name >>> Restaurant_1
Group Id >>> 195
Event Time >>> 337.58992208599796
Simulation Clock >>> 230.78731144893544

Simulation Type >> Schedule 
Event Type >> END_PROCESS
Center Name >>> Restaurant_1
Group Id >>> 199
Event Time >>> 275.19634227123163
Simulation Clock >>> 230.78731144893544

Simulation Type >> Schedule 
Event Type >> END_PROCESS
Center Name >>> Restaurant_1
Group Id >>> 145
Event Time >>> 246.8962524684989
Simulation Clock >>> 230.78731144893544

Simulation Type >> Schedule 
Event Type >> ARRIVAL
Center Name >>> Restaurant_1
Group Id >>> 221
Event Time >>> 230.81691266364103
Simulation Clock >>> 230.81691266364103

Simulation Type >> Schedule 
Event Type >> END_PROCESS
Center Name >>> Restaurant_1
Group Id >>> 137
Event Time >>> 290.251864145093
Simulation Clock >>> 231.48404275734768

Simulation Type >> Schedule 
Event Type >> ARRIVAL
Center Name >>> Restaurant_1
Group Id >>> 26
Event Time >>> 231.71224601031986
Simulation Clock >>> 231.71224601031986

Simulation Type >> Schedule 
Event Type >> ARRIVAL
Center Name >>> Restaurant_1
Group Id >>> 222
Event Time >>> 232.38902351301311
Simulation Clock >>> 232.38902351301311

Simulation Type >> Schedule 
Event Type >> ARRIVAL
Center Name >>> Restaurant_1
Group Id >>> 224
Event Time >>> 235.33714183091007
Simulation Clock >>> 235.33714183091007

Simulation Type >> Schedule 
Event Type >> ARRIVAL
Center Name >>> Restaurant_1
Group Id >>> 23
Event Time >>> 235.86898194543173
Simulation Clock >>> 235.86898194543173

Simulation Type >> Schedule 
Event Type >> ARRIVAL
Center Name >>> Restaurant_1
Group Id >>> 7
Event Time >>> 237.28451404024753
Simulation Clock >>> 237.28451404024753

Simulation Type >> Schedule 
Event Type >> ARRIVAL
Center Name >>> Restaurant_1
Group Id >>> 180
Event Time >>> 240.51495150701035
Simulation Clock >>> 240.51495150701035

Simulation Type >> Schedule 
Event Type >> ARRIVAL
Center Name >>> Restaurant_1
Group Id >>> 225
Event Time >>> 240.51886124519166
Simulation Clock >>> 240.51886124519166

Simulation Type >> Schedule 
Event Type >> ARRIVAL
Center Name >>> Restaurant_1
Group Id >>> 223
Event Time >>> 242.22862829690868
Simulation Clock >>> 242.22862829690868

Simulation Type >> Schedule 
Event Type >> ARRIVAL
Center Name >>> Restaurant_1
Group Id >>> 231
Event Time >>> 243.8353458447708
Simulation Clock >>> 243.8353458447708

Simulation Type >> Schedule 
Event Type >> END_PROCESS
Center Name >>> Restaurant_1
Group Id >>> 158
Event Time >>> 259.25111707976305
Simulation Clock >>> 243.8745651157331

Simulation Type >> Schedule 
Event Type >> ARRIVAL
Center Name >>> Restaurant_1
Group Id >>> 232
Event Time >>> 247.4154886852717
Simulation Clock >>> 247.4154886852717

Simulation Type >> Schedule 
Event Type >> ARRIVAL
Center Name >>> Restaurant_1
Group Id >>> 58
Event Time >>> 249.78868699590285
Simulation Clock >>> 249.78868699590285

Simulation Type >> Schedule 
Event Type >> ARRIVAL
Center Name >>> Restaurant_1
Group Id >>> 173
Event Time >>> 249.8331067773935
Simulation Clock >>> 249.8331067773935

Simulation Type >> Schedule 
Event Type >> END_PROCESS
Center Name >>> Restaurant_1
Group Id >>> 205
Event Time >>> 309.2256752497417
Simulation Clock >>> 251.52639680676128

Simulation Type >> Schedule 
Event Type >> ARRIVAL
Center Name >>> Restaurant_1
Group Id >>> 227
Event Time >>> 252.22562281881847
Simulation Clock >>> 252.22562281881847

Simulation Type >> Schedule 
Event Type >> ARRIVAL
Center Name >>> Restaurant_1
Group Id >>> 233
Event Time >>> 252.4720540993655
Simulation Clock >>> 252.4720540993655

Simulation Type >> Schedule 
Event Type >> ARRIVAL
Center Name >>> Restaurant_1
Group Id >>> 181
Event Time >>> 252.69208486284828
Simulation Clock >>> 252.69208486284828

Simulation Type >> Schedule 
Event Type >> ARRIVAL
Center Name >>> Restaurant_1
Group Id >>> 235
Event Time >>> 257.8097448335944
Simulation Clock >>> 257.8097448335944

Simulation Type >> Schedule 
Event Type >> ARRIVAL
Center Name >>> Restaurant_1
Group Id >>> 77
Event Time >>> 258.7593035719181
Simulation Clock >>> 258.7593035719181

Simulation Type >> Schedule 
Event Type >> ARRIVAL
Center Name >>> Restaurant_1
Group Id >>> 158
Event Time >>> 259.25111707976305
Simulation Clock >>> 259.25111707976305

Simulation Type >> Schedule 
Event Type >> ARRIVAL
Center Name >>> Restaurant_1
Group Id >>> 84
Event Time >>> 260.76816441498454
Simulation Clock >>> 260.76816441498454

Simulation Type >> Schedule 
Event Type >> ARRIVAL
Center Name >>> Restaurant_1
Group Id >>> 254
Event Time >>> 263.54584302972654
Simulation Clock >>> 263.54584302972654

Simulation Type >> Schedule 
Event Type >> END_PROCESS
Center Name >>> Restaurant_1
Group Id >>> 209
Event Time >>> 357.77570192892034
Simulation Clock >>> 264.41020393777313

Simulation Type >> Schedule 
Event Type >> END_PROCESS
Center Name >>> Restaurant_1
Group Id >>> 73
Event Time >>> 285.7332107527349
Simulation Clock >>> 264.41020393777313

Simulation Type >> Schedule 
Event Type >> ARRIVAL
Center Name >>> Restaurant_1
Group Id >>> 248
Event Time >>> 266.3268604554299
Simulation Clock >>> 266.3268604554299

Simulation Type >> Schedule 
Event Type >> ARRIVAL
Center Name >>> Restaurant_1
Group Id >>> 243
Event Time >>> 267.496696374726
Simulation Clock >>> 267.496696374726

Simulation Type >> Schedule 
Event Type >> ARRIVAL
Center Name >>> Restaurant_1
Group Id >>> 19
Event Time >>> 267.67610403824546
Simulation Clock >>> 267.67610403824546

Simulation Type >> Schedule 
Event Type >> ARRIVAL
Center Name >>> Restaurant_1
Group Id >>> 202
Event Time >>> 269.90511264780446
Simulation Clock >>> 269.90511264780446

Simulation Type >> Schedule 
Event Type >> ARRIVAL
Center Name >>> Restaurant_1
Group Id >>> 257
Event Time >>> 270.93985393840944
Simulation Clock >>> 270.93985393840944

Simulation Type >> Schedule 
Event Type >> END_PROCESS
Center Name >>> Restaurant_1
Group Id >>> 52
Event Time >>> 377.9830506135644
Simulation Clock >>> 275.10420802091573

Simulation Type >> Schedule 
Event Type >> ARRIVAL
Center Name >>> Restaurant_1
Group Id >>> 270
Event Time >>> 276.7183826773742
Simulation Clock >>> 276.7183826773742

Simulation Type >> Schedule 
Event Type >> ARRIVAL
Center Name >>> Restaurant_1
Group Id >>> 271
Event Time >>> 276.8409964744794
Simulation Clock >>> 276.8409964744794

Simulation Type >> Schedule 
Event Type >> ARRIVAL
Center Name >>> Restaurant_1
Group Id >>> 121
Event Time >>> 281.20112319060325
Simulation Clock >>> 281.20112319060325

Simulation Type >> Schedule 
Event Type >> END_PROCESS
Center Name >>> Restaurant_1
Group Id >>> 204
Event Time >>> 415.8992021489898
Simulation Clock >>> 281.2884124073159

Simulation Type >> Schedule 
Event Type >> END_PROCESS
Center Name >>> Restaurant_1
Group Id >>> 148
Event Time >>> 335.53344971795394
Simulation Clock >>> 283.05624293808785

Simulation Type >> Schedule 
Event Type >> ARRIVAL
Center Name >>> Restaurant_1
Group Id >>> 168
Event Time >>> 284.74698357658923
Simulation Clock >>> 284.74698357658923

Simulation Type >> Schedule 
Event Type >> ARRIVAL
Center Name >>> Restaurant_1
Group Id >>> 274
Event Time >>> 284.74698357658923
Simulation Clock >>> 284.74698357658923

Simulation Type >> Schedule 
Event Type >> ARRIVAL
Center Name >>> Restaurant_1
Group Id >>> 265
Event Time >>> 285.2582321009265
Simulation Clock >>> 285.2582321009265

Simulation Type >> Schedule 
Event Type >> END_PROCESS
Center Name >>> Restaurant_1
Group Id >>> 214
Event Time >>> 411.72913319805264
Simulation Clock >>> 285.7332107527349

Simulation Type >> Schedule 
Event Type >> ARRIVAL
Center Name >>> Restaurant_1
Group Id >>> 122
Event Time >>> 287.19945420004245
Simulation Clock >>> 287.19945420004245

Simulation Type >> Schedule 
Event Type >> ARRIVAL
Center Name >>> Restaurant_1
Group Id >>> 273
Event Time >>> 287.4840465845945
Simulation Clock >>> 287.4840465845945

Simulation Type >> Schedule 
Event Type >> ARRIVAL
Center Name >>> Restaurant_1
Group Id >>> 137
Event Time >>> 290.251864145093
Simulation Clock >>> 290.251864145093

Simulation Type >> Schedule 
Event Type >> ARRIVAL
Center Name >>> Restaurant_1
Group Id >>> 280
Event Time >>> 290.2525060081647
Simulation Clock >>> 290.2525060081647

Simulation Type >> Schedule 
Event Type >> ARRIVAL
Center Name >>> Restaurant_1
Group Id >>> 284
Event Time >>> 291.0705862905026
Simulation Clock >>> 291.0705862905026

Simulation Type >> Schedule 
Event Type >> ARRIVAL
Center Name >>> Restaurant_1
Group Id >>> 73
Event Time >>> 292.2272633300167
Simulation Clock >>> 292.2272633300167

Simulation Type >> Schedule 
Event Type >> ARRIVAL
Center Name >>> Restaurant_1
Group Id >>> 287
Event Time >>> 294.38375612306913
Simulation Clock >>> 294.38375612306913

Simulation Type >> Schedule 
Event Type >> END_PROCESS
Center Name >>> Restaurant_1
Group Id >>> 100
Event Time >>> 390.13741902540926
Simulation Clock >>> 294.61160583629487

Simulation Type >> Schedule 
Event Type >> END_PROCESS
Center Name >>> Restaurant_1
Group Id >>> 43
Event Time >>> 331.69522801020565
Simulation Clock >>> 294.61160583629487

Simulation Type >> Schedule 
Event Type >> ARRIVAL
Center Name >>> Restaurant_1
Group Id >>> 1
Event Time >>> 294.61160583629487
Simulation Clock >>> 294.61160583629487

Simulation Type >> Schedule 
Event Type >> ARRIVAL
Center Name >>> Restaurant_1
Group Id >>> 292
Event Time >>> 298.6836940076744
Simulation Clock >>> 298.6836940076744

Simulation Type >> Schedule 
Event Type >> END_PROCESS
Center Name >>> Restaurant_1
Group Id >>> 221
Event Time >>> 334.6819900163924
Simulation Clock >>> 298.99801878473625

Simulation Type >> Schedule 
Event Type >> ARRIVAL
Center Name >>> Restaurant_1
Group Id >>> 291
Event Time >>> 307.3874603137385
Simulation Clock >>> 307.3874603137385

Simulation Type >> Schedule 
Event Type >> END_PROCESS
Center Name >>> Restaurant_1
Group Id >>> 26
Event Time >>> 372.1516450697112
Simulation Clock >>> 309.2256752497417

Simulation Type >> Schedule 
Event Type >> END_PROCESS
Center Name >>> Restaurant_1
Group Id >>> 222
Event Time >>> 394.91249359246126
Simulation Clock >>> 315.25304042783375

Simulation Type >> Schedule 
Event Type >> END_PROCESS
Center Name >>> Restaurant_1
Group Id >>> 224
Event Time >>> 377.4486050304265
Simulation Clock >>> 315.25304042783375

Simulation Type >> Schedule 
Event Type >> END_PROCESS
Center Name >>> Restaurant_1
Group Id >>> 23
Event Time >>> 385.5438008025971
Simulation Clock >>> 317.12802434010933

Simulation Type >> Schedule 
Event Type >> END_PROCESS
Center Name >>> Restaurant_1
Group Id >>> 7
Event Time >>> 475.7919754631095
Simulation Clock >>> 319.07898226749705

Simulation Type >> Schedule 
Event Type >> END_PROCESS
Center Name >>> Restaurant_1
Group Id >>> 180
Event Time >>> 335.69080044354484
Simulation Clock >>> 319.07898226749705

Simulation Type >> Schedule 
Event Type >> ARRIVAL
Center Name >>> Restaurant_1
Group Id >>> 193
Event Time >>> 330.9105676815499
Simulation Clock >>> 330.9105676815499

Simulation Type >> Schedule 
Event Type >> END_PROCESS
Center Name >>> Restaurant_1
Group Id >>> 225
Event Time >>> 465.2214600309145
Simulation Clock >>> 331.69522801020565

Simulation Type >> Schedule 
Event Type >> ARRIVAL
Center Name >>> Restaurant_1
Group Id >>> 307
Event Time >>> 335.3658024938688
Simulation Clock >>> 335.3658024938688

Simulation Type >> Schedule 
Event Type >> END_PROCESS
Center Name >>> Restaurant_1
Group Id >>> 223
Event Time >>> 424.63764374397715
Simulation Clock >>> 335.53344971795394

Simulation Type >> Schedule 
Event Type >> END_PROCESS
Center Name >>> Restaurant_1
Group Id >>> 231
Event Time >>> 475.55968432093243
Simulation Clock >>> 337.58992208599796

Simulation Type >> Schedule 
Event Type >> END_PROCESS
Center Name >>> Restaurant_1
Group Id >>> 232
Event Time >>> 417.68607110671644
Simulation Clock >>> 338.60444680785633

Simulation Type >> Schedule 
Event Type >> END_PROCESS
Center Name >>> Restaurant_1
Group Id >>> 58
Event Time >>> 407.6909770858678
Simulation Clock >>> 338.60444680785633

Simulation Type >> Schedule 
Event Type >> ARRIVAL
Center Name >>> Restaurant_1
Group Id >>> 126
Event Time >>> 339.2074190641335
Simulation Clock >>> 339.2074190641335

Simulation Type >> Schedule 
Event Type >> END_PROCESS
Center Name >>> Restaurant_1
Group Id >>> 173
Event Time >>> 452.65451429363213
Simulation Clock >>> 357.77570192892034

Simulation Type >> Schedule 
Event Type >> END_PROCESS
Center Name >>> Restaurant_1
Group Id >>> 227
Event Time >>> 433.8970275317318
Simulation Clock >>> 357.77570192892034

Simulation Type >> Schedule 
Event Type >> ARRIVAL
Center Name >>> Restaurant_1
Group Id >>> 34
Event Time >>> 366.636704234611
Simulation Clock >>> 366.636704234611

Simulation Type >> Schedule 
Event Type >> ARRIVAL
Center Name >>> Restaurant_1
Group Id >>> 327
Event Time >>> 367.6247539885335
Simulation Clock >>> 367.6247539885335

Simulation Type >> Schedule 
Event Type >> END_PROCESS
Center Name >>> Restaurant_1
Group Id >>> 233
Event Time >>> 424.65981838107706
Simulation Clock >>> 372.1516450697112

Simulation Type >> Schedule 
Event Type >> END_PROCESS
Center Name >>> Restaurant_1
Group Id >>> 181
Event Time >>> 434.18555801060916
Simulation Clock >>> 372.1516450697112

Simulation Type >> Schedule 
Event Type >> END_PROCESS
Center Name >>> Restaurant_1
Group Id >>> 235
Event Time >>> 416.9543900726164
Simulation Clock >>> 377.4486050304265

Simulation Type >> Schedule 
Event Type >> END_PROCESS
Center Name >>> Restaurant_1
Group Id >>> 77
Event Time >>> 472.98213680683864
Simulation Clock >>> 377.9830506135644

Simulation Type >> Schedule 
Event Type >> END_PROCESS
Center Name >>> Restaurant_1
Group Id >>> 158
Event Time >>> 390.5942550564171
Simulation Clock >>> 377.9830506135644

Simulation Type >> Schedule 
Event Type >> END_PROCESS
Center Name >>> Restaurant_1
Group Id >>> 84
Event Time >>> 424.33203344705277
Simulation Clock >>> 377.9830506135644

Simulation Type >> Schedule 
Event Type >> ARRIVAL
Center Name >>> Restaurant_1
Group Id >>> 352
Event Time >>> 378.2160156474072
Simulation Clock >>> 378.2160156474072

Simulation Type >> Schedule 
Event Type >> ARRIVAL
Center Name >>> Restaurant_1
Group Id >>> 196
Event Time >>> 382.6072628648865
Simulation Clock >>> 382.6072628648865

Simulation Type >> Schedule 
Event Type >> ARRIVAL
Center Name >>> Restaurant_1
Group Id >>> 200
Event Time >>> 384.6611088521144
Simulation Clock >>> 384.6611088521144

Simulation Type >> Schedule 
Event Type >> END_PROCESS
Center Name >>> Restaurant_1
Group Id >>> 254
Event Time >>> 406.7107043473578
Simulation Clock >>> 385.5438008025971

Simulation Type >> Schedule 
Event Type >> END_PROCESS
Center Name >>> Restaurant_1
Group Id >>> 248
Event Time >>> 399.34430537519376
Simulation Clock >>> 385.5438008025971

Simulation Type >> Schedule 
Event Type >> ARRIVAL
Center Name >>> Restaurant_1
Group Id >>> 52
Event Time >>> 390.09786618850876
Simulation Clock >>> 390.09786618850876

Simulation Type >> Schedule 
Event Type >> END_PROCESS
Center Name >>> Restaurant_1
Group Id >>> 243
Event Time >>> 517.5434333353287
Simulation Clock >>> 390.13741902540926

Simulation Type >> Schedule 
Event Type >> ARRIVAL
Center Name >>> Restaurant_1
Group Id >>> 385
Event Time >>> 390.27053541446395
Simulation Clock >>> 390.27053541446395

Simulation Type >> Schedule 
Event Type >> ARRIVAL
Center Name >>> Restaurant_1
Group Id >>> 112
Event Time >>> 398.50888421682725
Simulation Clock >>> 398.50888421682725

Simulation Type >> Schedule 
Event Type >> ARRIVAL
Center Name >>> Restaurant_1
Group Id >>> 380
Event Time >>> 402.0532799495044
Simulation Clock >>> 402.0532799495044

Simulation Type >> Schedule 
Event Type >> END_PROCESS
Center Name >>> Restaurant_1
Group Id >>> 19
Event Time >>> 542.4274584689318
Simulation Clock >>> 406.7107043473578

Simulation Type >> Schedule 
Event Type >> END_PROCESS
Center Name >>> Restaurant_1
Group Id >>> 202
Event Time >>> 465.50371125194084
Simulation Clock >>> 407.6909770858678

Simulation Type >> Schedule 
Event Type >> END_PROCESS
Center Name >>> Restaurant_1
Group Id >>> 257
Event Time >>> 444.05642020532827
Simulation Clock >>> 411.72913319805264

Simulation Type >> Schedule 
Event Type >> END_PROCESS
Center Name >>> Restaurant_1
Group Id >>> 270
Event Time >>> 537.7837149580412
Simulation Clock >>> 415.8992021489898

Simulation Type >> Schedule 
Event Type >> END_PROCESS
Center Name >>> Restaurant_1
Group Id >>> 271
Event Time >>> 447.72865357949934
Simulation Clock >>> 415.8992021489898

Simulation Type >> Schedule 
Event Type >> END_PROCESS
Center Name >>> Restaurant_1
Group Id >>> 121
Event Time >>> 595.2110806743447
Simulation Clock >>> 417.68607110671644

Simulation Type >> Schedule 
Event Type >> ARRIVAL
Center Name >>> Restaurant_1
Group Id >>> 235
Event Time >>> 420.3773165048008
Simulation Clock >>> 420.3773165048008

Simulation Type >> Schedule 
Event Type >> ARRIVAL
Center Name >>> Restaurant_1
Group Id >>> 359
Event Time >>> 422.07284812691927
Simulation Clock >>> 422.07284812691927

Simulation Type >> Schedule 
Event Type >> END_PROCESS
Center Name >>> Restaurant_1
Group Id >>> 168
Event Time >>> 486.43729521531617
Simulation Clock >>> 424.33203344705277

Simulation Type >> Schedule 
Event Type >> END_PROCESS
Center Name >>> Restaurant_1
Group Id >>> 274
Event Time >>> 456.95575562667034
Simulation Clock >>> 424.63764374397715

Simulation Type >> Schedule 
Event Type >> END_PROCESS
Center Name >>> Restaurant_1
Group Id >>> 265
Event Time >>> 559.0100938409395
Simulation Clock >>> 424.65981838107706

Simulation Type >> Schedule 
Event Type >> ARRIVAL
Center Name >>> Restaurant_1
Group Id >>> 217
Event Time >>> 431.2453105585176
Simulation Clock >>> 431.2453105585176

Simulation Type >> Schedule 
Event Type >> ARRIVAL
Center Name >>> Restaurant_1
Group Id >>> 372
Event Time >>> 431.63425334934516
Simulation Clock >>> 431.63425334934516

Simulation Type >> Schedule 
Event Type >> ARRIVAL
Center Name >>> Restaurant_1
Group Id >>> 290
Event Time >>> 432.13439822287177
Simulation Clock >>> 432.13439822287177

Simulation Type >> Schedule 
Event Type >> ARRIVAL
Center Name >>> Restaurant_1
Group Id >>> 363
Event Time >>> 433.2012750792802
Simulation Clock >>> 433.2012750792802

Simulation Type >> Schedule 
Event Type >> END_PROCESS
Center Name >>> Restaurant_1
Group Id >>> 122
Event Time >>> 464.8170516831427
Simulation Clock >>> 433.8970275317318

Simulation Type >> Schedule 
Event Type >> END_PROCESS
Center Name >>> Restaurant_1
Group Id >>> 273
Event Time >>> 515.1571835235275
Simulation Clock >>> 434.18555801060916

Simulation Type >> Schedule 
Event Type >> ARRIVAL
Center Name >>> Restaurant_1
Group Id >>> 357
Event Time >>> 445.5286480245793
Simulation Clock >>> 445.5286480245793

Simulation Type >> Schedule 
Event Type >> END_PROCESS
Center Name >>> Restaurant_1
Group Id >>> 137
Event Time >>> 488.6187429651253
Simulation Clock >>> 447.72865357949934

Simulation Type >> Schedule 
Event Type >> ARRIVAL
Center Name >>> Restaurant_1
Group Id >>> 40
Event Time >>> 450.4646072747733
Simulation Clock >>> 450.4646072747733

Simulation Type >> Schedule 
Event Type >> ARRIVAL
Center Name >>> Restaurant_1
Group Id >>> 222
Event Time >>> 453.92490430022536
Simulation Clock >>> 453.92490430022536

Simulation Type >> Schedule 
Event Type >> ARRIVAL
Center Name >>> Restaurant_1
Group Id >>> 435
Event Time >>> 455.7544773198209
Simulation Clock >>> 455.7544773198209

Simulation Type >> Schedule 
Event Type >> ARRIVAL
Center Name >>> Restaurant_1
Group Id >>> 188
Event Time >>> 456.68922168644707
Simulation Clock >>> 456.68922168644707

Simulation Type >> Schedule 
Event Type >> END_PROCESS
Center Name >>> Restaurant_1
Group Id >>> 280
Event Time >>> 536.5890393394008
Simulation Clock >>> 456.95575562667034

Simulation Type >> Schedule 
Event Type >> ARRIVAL
Center Name >>> Restaurant_1
Group Id >>> 421
Event Time >>> 457.2303786463319
Simulation Clock >>> 457.2303786463319

Simulation Type >> Schedule 
Event Type >> ARRIVAL
Center Name >>> Restaurant_1
Group Id >>> 12
Event Time >>> 461.5196713968811
Simulation Clock >>> 461.5196713968811

Simulation Type >> Schedule 
Event Type >> END_PROCESS
Center Name >>> Restaurant_1
Group Id >>> 284
Event Time >>> 524.0619504872545
Simulation Clock >>> 464.8170516831427

Simulation Type >> Schedule 
Event Type >> END_PROCESS
Center Name >>> Restaurant_1
Group Id >>> 73
Event Time >>> 485.561575552176
Simulation Clock >>> 465.2214600309145

Simulation Type >> Schedule 
Event Type >> END_PROCESS
Center Name >>> Restaurant_1
Group Id >>> 287
Event Time >>> 635.2271819191892
Simulation Clock >>> 465.50371125194084

Simulation Type >> Schedule 
Event Type >> END_PROCESS
Center Name >>> Restaurant_1
Group Id >>> 1
Event Time >>> 535.0113472206584
Simulation Clock >>> 472.98213680683864

Simulation Type >> Schedule 
Event Type >> END_PROCESS
Center Name >>> Restaurant_1
Group Id >>> 292
Event Time >>> 574.7851011094031
Simulation Clock >>> 475.55968432093243

Simulation Type >> Schedule 
Event Type >> END_PROCESS
Center Name >>> Restaurant_1
Group Id >>> 291
Event Time >>> 599.6474962637296
Simulation Clock >>> 475.7919754631095

Simulation Type >> Schedule 
Event Type >> ARRIVAL
Center Name >>> Restaurant_1
Group Id >>> 281
Event Time >>> 477.20509237259574
Simulation Clock >>> 477.20509237259574

Simulation Type >> Schedule 
Event Type >> ARRIVAL
Center Name >>> Restaurant_1
Group Id >>> 384
Event Time >>> 481.44988665560567
Simulation Clock >>> 481.44988665560567

Simulation Type >> Schedule 
Event Type >> ARRIVAL
Center Name >>> Restaurant_1
Group Id >>> 432
Event Time >>> 486.79825314069217
Simulation Clock >>> 486.79825314069217

Simulation Type >> Schedule 
Event Type >> END_PROCESS
Center Name >>> Restaurant_1
Group Id >>> 193
Event Time >>> 586.2583578385232
Simulation Clock >>> 488.6187429651253

Simulation Type >> Schedule 
Event Type >> ARRIVAL
Center Name >>> Restaurant_1
Group Id >>> 117
Event Time >>> 489.0137240252768
Simulation Clock >>> 489.0137240252768

Simulation Type >> Schedule 
Event Type >> ARRIVAL
Center Name >>> Restaurant_1
Group Id >>> 403
Event Time >>> 492.72104909713147
Simulation Clock >>> 492.72104909713147

Simulation Type >> Schedule 
Event Type >> ARRIVAL
Center Name >>> Restaurant_1
Group Id >>> 104
Event Time >>> 493.1921808367166
Simulation Clock >>> 493.1921808367166

Simulation Type >> Schedule 
Event Type >> ARRIVAL
Center Name >>> Restaurant_1
Group Id >>> 269
Event Time >>> 495.7580778044932
Simulation Clock >>> 495.7580778044932

Simulation Type >> Schedule 
Event Type >> ARRIVAL
Center Name >>> Restaurant_1
Group Id >>> 244
Event Time >>> 498.82336305994414
Simulation Clock >>> 498.82336305994414

Simulation Type >> Schedule 
Event Type >> ARRIVAL
Center Name >>> Restaurant_1
Group Id >>> 223
Event Time >>> 501.2717405381028
Simulation Clock >>> 501.2717405381028

Simulation Type >> Schedule 
Event Type >> ARRIVAL
Center Name >>> Restaurant_1
Group Id >>> 391
Event Time >>> 504.6356969552294
Simulation Clock >>> 504.6356969552294

Simulation Type >> Schedule 
Event Type >> ARRIVAL
Center Name >>> Restaurant_1
Group Id >>> 482
Event Time >>> 508.90802246177657
Simulation Clock >>> 508.90802246177657

Simulation Type >> Schedule 
Event Type >> END_PROCESS
Center Name >>> Restaurant_1
Group Id >>> 307
Event Time >>> 606.544348866631
Simulation Clock >>> 515.1571835235275

Simulation Type >> Schedule 
Event Type >> END_PROCESS
Center Name >>> Restaurant_1
Group Id >>> 126
Event Time >>> 592.425330794546
Simulation Clock >>> 517.5434333353287

Simulation Type >> Schedule 
Event Type >> END_PROCESS
Center Name >>> Restaurant_1
Group Id >>> 34
Event Time >>> 621.2445887648955
Simulation Clock >>> 517.5434333353287

Simulation Type >> Schedule 
Event Type >> ARRIVAL
Center Name >>> Restaurant_1
Group Id >>> 173
Event Time >>> 519.6122608433783
Simulation Clock >>> 519.6122608433783

Simulation Type >> Schedule 
Event Type >> ARRIVAL
Center Name >>> Restaurant_1
Group Id >>> 172
Event Time >>> 519.7168818963784
Simulation Clock >>> 519.7168818963784

Simulation Type >> Schedule 
Event Type >> ARRIVAL
Center Name >>> Restaurant_1
Group Id >>> 484
Event Time >>> 522.6806351749616
Simulation Clock >>> 522.6806351749616

Simulation Type >> Schedule 
Event Type >> ARRIVAL
Center Name >>> Restaurant_1
Group Id >>> 429
Event Time >>> 522.6806351749616
Simulation Clock >>> 522.6806351749616

Simulation Type >> Schedule 
Event Type >> END_PROCESS
Center Name >>> Restaurant_1
Group Id >>> 327
Event Time >>> 579.1221250386093
Simulation Clock >>> 524.0619504872545

Simulation Type >> Schedule 
Event Type >> ARRIVAL
Center Name >>> Restaurant_1
Group Id >>> 46
Event Time >>> 528.7318543652233
Simulation Clock >>> 528.7318543652233

Simulation Type >> Schedule 
Event Type >> ARRIVAL
Center Name >>> Restaurant_1
Group Id >>> 247
Event Time >>> 529.1709292195616
Simulation Clock >>> 529.1709292195616

Simulation Type >> Schedule 
Event Type >> ARRIVAL
Center Name >>> Restaurant_1
Group Id >>> 171
Event Time >>> 535.4785845965527
Simulation Clock >>> 535.4785845965527

Simulation Type >> Schedule 
Event Type >> END_PROCESS
Center Name >>> Restaurant_1
Group Id >>> 352
Event Time >>> 685.6463446824109
Simulation Clock >>> 536.5890393394008

Simulation Type >> Schedule 
Event Type >> END_PROCESS
Center Name >>> Restaurant_1
Group Id >>> 196
Event Time >>> 611.8174357466028
Simulation Clock >>> 537.7837149580412

Simulation Type >> Schedule 
Event Type >> ARRIVAL
Center Name >>> Restaurant_1
Group Id >>> 437
Event Time >>> 539.9124506487647
Simulation Clock >>> 539.9124506487647

Simulation Type >> Schedule 
Event Type >> ARRIVAL
Center Name >>> Restaurant_1
Group Id >>> 283
Event Time >>> 541.5383857711644
Simulation Clock >>> 541.5383857711644

Simulation Type >> Schedule 
Event Type >> END_PROCESS
Center Name >>> Restaurant_1
Group Id >>> 200
Event Time >>> 686.0882673141971
Simulation Clock >>> 542.4274584689318

Simulation Type >> Schedule 
Event Type >> ARRIVAL
Center Name >>> Restaurant_1
Group Id >>> 479
Event Time >>> 543.8443670310629
Simulation Clock >>> 543.8443670310629

Simulation Type >> Schedule 
Event Type >> ARRIVAL
Center Name >>> Restaurant_1
Group Id >>> 515
Event Time >>> 554.504111372543
Simulation Clock >>> 554.504111372543

Simulation Type >> Schedule 
Event Type >> ARRIVAL
Center Name >>> Restaurant_1
Group Id >>> 430
Event Time >>> 557.4504684122526
Simulation Clock >>> 557.4504684122526

Simulation Type >> Schedule 
Event Type >> END_PROCESS
Center Name >>> Restaurant_1
Group Id >>> 52
Event Time >>> 709.9138636380745
Simulation Clock >>> 559.0100938409395

Simulation Type >> Schedule 
Event Type >> END_PROCESS
Center Name >>> Restaurant_1
Group Id >>> 385
Event Time >>> 586.9816221754693
Simulation Clock >>> 559.0100938409395

Simulation Type >> Schedule 
Event Type >> ARRIVAL
Center Name >>> Restaurant_1
Group Id >>> 522
Event Time >>> 566.5203820245217
Simulation Clock >>> 566.5203820245217

Simulation Type >> Schedule 
Event Type >> END_PROCESS
Center Name >>> Restaurant_1
Group Id >>> 112
Event Time >>> 692.5399274258989
Simulation Clock >>> 574.7851011094031

Simulation Type >> Schedule 
Event Type >> END_PROCESS
Center Name >>> Restaurant_1
Group Id >>> 380
Event Time >>> 585.2452616193005
Simulation Clock >>> 574.7851011094031

Simulation Type >> Schedule 
Event Type >> END_PROCESS
Center Name >>> Restaurant_1
Group Id >>> 235
Event Time >>> 603.9380715602267
Simulation Clock >>> 579.1221250386093

Simulation Type >> Schedule 
Event Type >> ARRIVAL
Center Name >>> Restaurant_1
Group Id >>> 322
Event Time >>> 582.1921156954993
Simulation Clock >>> 582.1921156954993

Simulation Type >> Schedule 
Event Type >> ARRIVAL
Center Name >>> Restaurant_1
Group Id >>> 425
Event Time >>> 582.2029986623565
Simulation Clock >>> 582.2029986623565

Simulation Type >> Schedule 
Event Type >> END_PROCESS
Center Name >>> Restaurant_1
Group Id >>> 359
Event Time >>> 647.3674478301175
Simulation Clock >>> 586.2583578385232

Simulation Type >> Schedule 
Event Type >> END_PROCESS
Center Name >>> Restaurant_1
Group Id >>> 217
Event Time >>> 682.3620881455322
Simulation Clock >>> 586.2583578385232

Simulation Type >> Schedule 
Event Type >> END_PROCESS
Center Name >>> Restaurant_1
Group Id >>> 372
Event Time >>> 616.2478820269931
Simulation Clock >>> 586.9816221754693

Simulation Type >> Schedule 
Event Type >> END_PROCESS
Center Name >>> Restaurant_1
Group Id >>> 290
Event Time >>> 655.683916604862
Simulation Clock >>> 592.425330794546

Simulation Type >> Schedule 
Event Type >> END_PROCESS
Center Name >>> Restaurant_1
Group Id >>> 363
Event Time >>> 611.2242432362759
Simulation Clock >>> 592.425330794546

Simulation Type >> Schedule 
Event Type >> END_PROCESS
Center Name >>> Restaurant_1
Group Id >>> 357
Event Time >>> 632.1185049197969
Simulation Clock >>> 595.2110806743447

Simulation Type >> Schedule 
Event Type >> END_PROCESS
Center Name >>> Restaurant_1
Group Id >>> 40
Event Time >>> 659.0040010494911
Simulation Clock >>> 595.2110806743447

Simulation Type >> Schedule 
Event Type >> END_PROCESS
Center Name >>> Restaurant_1
Group Id >>> 222
Event Time >>> 678.095039217243
Simulation Clock >>> 599.6474962637296

Simulation Type >> Schedule 
Event Type >> ARRIVAL
Center Name >>> Restaurant_1
Group Id >>> 327
Event Time >>> 601.5960152858862
Simulation Clock >>> 601.5960152858862

Simulation Type >> Schedule 
Event Type >> END_PROCESS
Center Name >>> Restaurant_1
Group Id >>> 435
Event Time >>> 741.9663669067756
Simulation Clock >>> 603.9380715602267

Simulation Type >> Schedule 
Event Type >> ARRIVAL
Center Name >>> Restaurant_1
Group Id >>> 521
Event Time >>> 604.6495548934054
Simulation Clock >>> 604.6495548934054

Simulation Type >> Schedule 
Event Type >> END_PROCESS
Center Name >>> Restaurant_1
Group Id >>> 188
Event Time >>> 692.0136117904292
Simulation Clock >>> 606.544348866631

Simulation Type >> Schedule 
Event Type >> ARRIVAL
Center Name >>> Restaurant_1
Group Id >>> 416
Event Time >>> 607.1381558021254
Simulation Clock >>> 607.1381558021254

Simulation Type >> Schedule 
Event Type >> ARRIVAL
Center Name >>> Restaurant_1
Group Id >>> 597
Event Time >>> 608.1915710189504
Simulation Clock >>> 608.1915710189504

Simulation Type >> Schedule 
Event Type >> ARRIVAL
Center Name >>> Restaurant_1
Group Id >>> 598
Event Time >>> 608.7492577715021
Simulation Clock >>> 608.7492577715021

Simulation Type >> Schedule 
Event Type >> ARRIVAL
Center Name >>> Restaurant_1
Group Id >>> 203
Event Time >>> 608.8947840053635
Simulation Clock >>> 608.8947840053635

Simulation Type >> Schedule 
Event Type >> ARRIVAL
Center Name >>> Restaurant_1
Group Id >>> 586
Event Time >>> 608.9654055893136
Simulation Clock >>> 608.9654055893136

Simulation Type >> Schedule 
Event Type >> ARRIVAL
Center Name >>> Restaurant_1
Group Id >>> 538
Event Time >>> 609.3042592143536
Simulation Clock >>> 609.3042592143536

Simulation Type >> Schedule 
Event Type >> ARRIVAL
Center Name >>> Restaurant_1
Group Id >>> 407
Event Time >>> 609.9933394995965
Simulation Clock >>> 609.9933394995965

Simulation Type >> Schedule 
Event Type >> ARRIVAL
Center Name >>> Restaurant_1
Group Id >>> 332
Event Time >>> 610.3498738902401
Simulation Clock >>> 610.3498738902401

Simulation Type >> Schedule 
Event Type >> END_PROCESS
Center Name >>> Restaurant_1
Group Id >>> 421
Event Time >>> 733.3242682733699
Simulation Clock >>> 611.8174357466028

Simulation Type >> Schedule 
Event Type >> ARRIVAL
Center Name >>> Restaurant_1
Group Id >>> 293
Event Time >>> 612.5656001229622
Simulation Clock >>> 612.5656001229622

Simulation Type >> Schedule 
Event Type >> ARRIVAL
Center Name >>> Restaurant_1
Group Id >>> 474
Event Time >>> 614.151823515736
Simulation Clock >>> 614.151823515736

Simulation Type >> Schedule 
Event Type >> END_PROCESS
Center Name >>> Restaurant_1
Group Id >>> 12
Event Time >>> 703.7985026853399
Simulation Clock >>> 621.2445887648955

Simulation Type >> Schedule 
Event Type >> ARRIVAL
Center Name >>> Restaurant_1
Group Id >>> 168
Event Time >>> 622.7320530417603
Simulation Clock >>> 622.7320530417603

Simulation Type >> Schedule 
Event Type >> ARRIVAL
Center Name >>> Restaurant_1
Group Id >>> 575
Event Time >>> 625.4791230811982
Simulation Clock >>> 625.4791230811982

Simulation Type >> Schedule 
Event Type >> ARRIVAL
Center Name >>> Restaurant_1
Group Id >>> 33
Event Time >>> 627.2338708678759
Simulation Clock >>> 627.2338708678759

Simulation Type >> Schedule 
Event Type >> END_PROCESS
Center Name >>> Restaurant_1
Group Id >>> 281
Event Time >>> 752.0973586912501
Simulation Clock >>> 632.1185049197969

Simulation Type >> Schedule 
Event Type >> ARRIVAL
Center Name >>> Restaurant_1
Group Id >>> 240
Event Time >>> 633.1785127343519
Simulation Clock >>> 633.1785127343519

Simulation Type >> Schedule 
Event Type >> ARRIVAL
Center Name >>> Restaurant_1
Group Id >>> 150
Event Time >>> 633.7317563225675
Simulation Clock >>> 633.7317563225675

Simulation Type >> Schedule 
Event Type >> END_PROCESS
Center Name >>> Restaurant_1
Group Id >>> 384
Event Time >>> 754.4775837361024
Simulation Clock >>> 635.2271819191892

Simulation Type >> Schedule 
Event Type >> ARRIVAL
Center Name >>> Restaurant_1
Group Id >>> 34
Event Time >>> 636.6840617579812
Simulation Clock >>> 636.6840617579812

Simulation Type >> Schedule 
Event Type >> ARRIVAL
Center Name >>> Restaurant_1
Group Id >>> 623
Event Time >>> 639.224400488778
Simulation Clock >>> 639.224400488778

Simulation Type >> Schedule 
Event Type >> ARRIVAL
Center Name >>> Restaurant_1
Group Id >>> 625
Event Time >>> 639.6886828595015
Simulation Clock >>> 639.6886828595015

Simulation Type >> Schedule 
Event Type >> ARRIVAL
Center Name >>> Restaurant_1
Group Id >>> 584
Event Time >>> 642.083957500703
Simulation Clock >>> 642.083957500703

Simulation Type >> Schedule 
Event Type >> ARRIVAL
Center Name >>> Restaurant_1
Group Id >>> 613
Event Time >>> 646.2224403187349
Simulation Clock >>> 646.2224403187349

Simulation Type >> Schedule 
Event Type >> END_PROCESS
Center Name >>> Restaurant_1
Group Id >>> 432
Event Time >>> 802.2289201140086
Simulation Clock >>> 647.3674478301175

Simulation Type >> Schedule 
Event Type >> ARRIVAL
Center Name >>> Restaurant_1
Group Id >>> 637
Event Time >>> 656.3211444021044
Simulation Clock >>> 656.3211444021044

Simulation Type >> Schedule 
Event Type >> ARRIVAL
Center Name >>> Restaurant_1
Group Id >>> 621
Event Time >>> 657.7767563243632
Simulation Clock >>> 657.7767563243632

Simulation Type >> Schedule 
Event Type >> END_PROCESS
Center Name >>> Restaurant_1
Group Id >>> 117
Event Time >>> 747.6004628320007
Simulation Clock >>> 659.0040010494911

Simulation Type >> Schedule 
Event Type >> ARRIVAL
Center Name >>> Restaurant_1
Group Id >>> 638
Event Time >>> 659.151922175807
Simulation Clock >>> 659.151922175807

Simulation Type >> Schedule 
Event Type >> ARRIVAL
Center Name >>> Restaurant_1
Group Id >>> 319
Event Time >>> 667.1613702717864
Simulation Clock >>> 667.1613702717864

Simulation Type >> Schedule 
Event Type >> ARRIVAL
Center Name >>> Restaurant_1
Group Id >>> 531
Event Time >>> 667.6227101378496
Simulation Clock >>> 667.6227101378496

Simulation Type >> Schedule 
Event Type >> ARRIVAL
Center Name >>> Restaurant_1
Group Id >>> 649
Event Time >>> 668.9650114115914
Simulation Clock >>> 668.9650114115914

Simulation Type >> Schedule 
Event Type >> ARRIVAL
Center Name >>> Restaurant_1
Group Id >>> 334
Event Time >>> 669.8508319208047
Simulation Clock >>> 669.8508319208047

Simulation Type >> Schedule 
Event Type >> END_PROCESS
Center Name >>> Restaurant_1
Group Id >>> 403
Event Time >>> 757.901742741817
Simulation Clock >>> 678.095039217243

Simulation Type >> Schedule 
Event Type >> END_PROCESS
Center Name >>> Restaurant_1
Group Id >>> 104
Event Time >>> 755.2859779543192
Simulation Clock >>> 682.3620881455322

Simulation Type >> Schedule 
Event Type >> END_PROCESS
Center Name >>> Restaurant_1
Group Id >>> 269
Event Time >>> 716.9045681237278
Simulation Clock >>> 682.3620881455322

Simulation Type >> Schedule 
Event Type >> ARRIVAL
Center Name >>> Restaurant_1
Group Id >>> 346
Event Time >>> 684.4931707080901
Simulation Clock >>> 684.4931707080901

Simulation Type >> Schedule 
Event Type >> END_PROCESS
Center Name >>> Restaurant_1
Group Id >>> 244
Event Time >>> 765.8504546045574
Simulation Clock >>> 685.6463446824109

Simulation Type >> Schedule 
Event Type >> END_PROCESS
Center Name >>> Restaurant_1
Group Id >>> 223
Event Time >>> 743.9570497720316
Simulation Clock >>> 686.0882673141971

Simulation Type >> Schedule 
Event Type >> END_PROCESS
Center Name >>> Restaurant_1
Group Id >>> 391
Event Time >>> 826.4104471950623
Simulation Clock >>> 692.0136117904292

Simulation Type >> Schedule 
Event Type >> END_PROCESS
Center Name >>> Restaurant_1
Group Id >>> 482
Event Time >>> 719.42406605034
Simulation Clock >>> 692.0136117904292

Simulation Type >> Schedule 
Event Type >> END_PROCESS
Center Name >>> Restaurant_1
Group Id >>> 173
Event Time >>> 767.6338778153614
Simulation Clock >>> 692.5399274258989

Simulation Type >> Schedule 
Event Type >> ARRIVAL
Center Name >>> Restaurant_1
Group Id >>> 668
Event Time >>> 693.3872697170315
Simulation Clock >>> 693.3872697170315

Simulation Type >> Schedule 
Event Type >> ARRIVAL
Center Name >>> Restaurant_1
Group Id >>> 665
Event Time >>> 694.9370227152203
Simulation Clock >>> 694.9370227152203

Simulation Type >> Schedule 
Event Type >> ARRIVAL
Center Name >>> Restaurant_1
Group Id >>> 112
Event Time >>> 695.1424212305717
Simulation Clock >>> 695.1424212305717

Simulation Type >> Schedule 
Event Type >> ARRIVAL
Center Name >>> Restaurant_1
Group Id >>> 23
Event Time >>> 696.0112147018243
Simulation Clock >>> 696.0112147018243

Simulation Type >> Schedule 
Event Type >> ARRIVAL
Center Name >>> Restaurant_1
Group Id >>> 667
Event Time >>> 701.4598113122553
Simulation Clock >>> 701.4598113122553

Simulation Type >> Schedule 
Event Type >> END_PROCESS
Center Name >>> Restaurant_1
Group Id >>> 172
Event Time >>> 775.8936023785484
Simulation Clock >>> 703.7985026853399

Simulation Type >> Schedule 
Event Type >> END_PROCESS
Center Name >>> Restaurant_1
Group Id >>> 484
Event Time >>> 737.9842663080606
Simulation Clock >>> 703.7985026853399

Simulation Type >> Schedule 
Event Type >> END_PROCESS
Center Name >>> Restaurant_1
Group Id >>> 429
Event Time >>> 714.2964188587616
Simulation Clock >>> 703.7985026853399

Simulation Type >> Schedule 
Event Type >> ARRIVAL
Center Name >>> Restaurant_1
Group Id >>> 386
Event Time >>> 706.749747255196
Simulation Clock >>> 706.749747255196

Simulation Type >> Schedule 
Event Type >> ARRIVAL
Center Name >>> Restaurant_1
Group Id >>> 276
Event Time >>> 707.5780643728638
Simulation Clock >>> 707.5780643728638

Simulation Type >> Schedule 
Event Type >> END_PROCESS
Center Name >>> Restaurant_1
Group Id >>> 46
Event Time >>> 844.1183288048353
Simulation Clock >>> 709.9138636380745

Simulation Type >> Schedule 
Event Type >> ARRIVAL
Center Name >>> Restaurant_1
Group Id >>> 681
Event Time >>> 712.3735605129727
Simulation Clock >>> 712.3735605129727

Simulation Type >> Schedule 
Event Type >> ARRIVAL
Center Name >>> Restaurant_1
Group Id >>> 707
Event Time >>> 715.1506309880768
Simulation Clock >>> 715.1506309880768

Simulation Type >> Schedule 
Event Type >> END_PROCESS
Center Name >>> Restaurant_1
Group Id >>> 247
Event Time >>> 753.2908047263481
Simulation Clock >>> 716.9045681237278

Simulation Type >> Schedule 
Event Type >> ARRIVAL
Center Name >>> Restaurant_1
Group Id >>> 711
Event Time >>> 727.6862313658881
Simulation Clock >>> 727.6862313658881

Simulation Type >> Schedule 
Event Type >> ARRIVAL
Center Name >>> Restaurant_1
Group Id >>> 718
Event Time >>> 729.9195653875626
Simulation Clock >>> 729.9195653875626

Simulation Type >> Schedule 
Event Type >> END_PROCESS
Center Name >>> Restaurant_1
Group Id >>> 171
Event Time >>> 773.3783584454475
Simulation Clock >>> 733.3242682733699

Simulation Type >> Schedule 
Event Type >> END_PROCESS
Center Name >>> Restaurant_1
Group Id >>> 437
Event Time >>> 771.5642905406966
Simulation Clock >>> 733.3242682733699

Simulation Type >> Schedule 
Event Type >> ARRIVAL
Center Name >>> Restaurant_1
Group Id >>> 716
Event Time >>> 734.5584257179228
Simulation Clock >>> 734.5584257179228

Simulation Type >> Schedule 
Event Type >> ARRIVAL
Center Name >>> Restaurant_1
Group Id >>> 728
Event Time >>> 737.2977479958611
Simulation Clock >>> 737.2977479958611

Simulation Type >> Schedule 
Event Type >> END_PROCESS
Center Name >>> Restaurant_1
Group Id >>> 283
Event Time >>> 874.3109652915102
Simulation Clock >>> 741.9663669067756

Simulation Type >> Schedule 
Event Type >> END_PROCESS
Center Name >>> Restaurant_1
Group Id >>> 479
Event Time >>> 767.7682845779094
Simulation Clock >>> 741.9663669067756

Simulation Type >> Schedule 
Event Type >> END_PROCESS
Center Name >>> Restaurant_1
Group Id >>> 515
Event Time >>> 829.2447113082966
Simulation Clock >>> 743.9570497720316

Simulation Type >> Schedule 
Event Type >> ARRIVAL
Center Name >>> Restaurant_1
Group Id >>> 428
Event Time >>> 747.7935254315832
Simulation Clock >>> 747.7935254315832

Simulation Type >> Schedule 
Event Type >> ARRIVAL
Center Name >>> Restaurant_1
Group Id >>> 223
Event Time >>> 749.9672879496452
Simulation Clock >>> 749.9672879496452

Simulation Type >> Schedule 
Event Type >> END_PROCESS
Center Name >>> Restaurant_1
Group Id >>> 430
Event Time >>> 844.3373781748536
Simulation Clock >>> 752.0973586912501

Simulation Type >> Schedule 
Event Type >> END_PROCESS
Center Name >>> Restaurant_1
Group Id >>> 522
Event Time >>> 766.8449203195971
Simulation Clock >>> 752.0973586912501

Simulation Type >> Schedule 
Event Type >> END_PROCESS
Center Name >>> Restaurant_1
Group Id >>> 322
Event Time >>> 830.2868064547142
Simulation Clock >>> 752.0973586912501

Simulation Type >> Schedule 
Event Type >> END_PROCESS
Center Name >>> Restaurant_1
Group Id >>> 425
Event Time >>> 840.1435640926923
Simulation Clock >>> 754.4775837361024

Simulation Type >> Schedule 
Event Type >> END_PROCESS
Center Name >>> Restaurant_1
Group Id >>> 327
Event Time >>> 808.7376503106395
Simulation Clock >>> 755.2859779543192

Simulation Type >> Schedule 
Event Type >> END_PROCESS
Center Name >>> Restaurant_1
Group Id >>> 521
Event Time >>> 788.3526173695948
Simulation Clock >>> 757.901742741817

Simulation Type >> Schedule 
Event Type >> ARRIVAL
Center Name >>> Restaurant_1
Group Id >>> 384
Event Time >>> 765.5506912760083
Simulation Clock >>> 765.5506912760083

Simulation Type >> Schedule 
Event Type >> END_PROCESS
Center Name >>> Restaurant_1
Group Id >>> 416
Event Time >>> 885.4425057192544
Simulation Clock >>> 765.8504546045574

Simulation Type >> Schedule 
Event Type >> ARRIVAL
Center Name >>> Restaurant_1
Group Id >>> 750
Event Time >>> 766.673355093448
Simulation Clock >>> 766.673355093448

Simulation Type >> Schedule 
Event Type >> ARRIVAL
Center Name >>> Restaurant_1
Group Id >>> 724
Event Time >>> 767.2506095995974
Simulation Clock >>> 767.2506095995974

Simulation Type >> Schedule 
Event Type >> END_PROCESS
Center Name >>> Restaurant_1
Group Id >>> 597
Event Time >>> 925.233143575917
Simulation Clock >>> 767.6338778153614

Simulation Type >> Schedule 
Event Type >> END_PROCESS
Center Name >>> Restaurant_1
Group Id >>> 598
Event Time >>> 810.4429507312028
Simulation Clock >>> 767.6338778153614

Simulation Type >> Schedule 
Event Type >> ARRIVAL
Center Name >>> Restaurant_1
Group Id >>> 710
Event Time >>> 769.1318331409411
Simulation Clock >>> 769.1318331409411

Simulation Type >> Schedule 
Event Type >> ARRIVAL
Center Name >>> Restaurant_1
Group Id >>> 42
Event Time >>> 769.3075124340182
Simulation Clock >>> 769.3075124340182

Simulation Type >> Schedule 
Event Type >> ARRIVAL
Center Name >>> Restaurant_1
Group Id >>> 549
Event Time >>> 770.6464340912918
Simulation Clock >>> 770.6464340912918

Simulation Type >> Schedule 
Event Type >> END_PROCESS
Center Name >>> Restaurant_1
Group Id >>> 203
Event Time >>> 820.5759179805772
Simulation Clock >>> 771.5642905406966

Simulation Type >> Schedule 
Event Type >> ARRIVAL
Center Name >>> Restaurant_1
Group Id >>> 244
Event Time >>> 773.7590926788106
Simulation Clock >>> 773.7590926788106

Simulation Type >> Schedule 
Event Type >> ARRIVAL
Center Name >>> Restaurant_1
Group Id >>> 484
Event Time >>> 775.3014836984709
Simulation Clock >>> 775.3014836984709

Simulation Type >> Schedule 
Event Type >> END_PROCESS
Center Name >>> Restaurant_1
Group Id >>> 586
Event Time >>> 856.4299033285505
Simulation Clock >>> 775.8936023785484

Simulation Type >> Schedule 
Event Type >> ARRIVAL
Center Name >>> Restaurant_1
Group Id >>> 763
Event Time >>> 776.7503654735845
Simulation Clock >>> 776.7503654735845

Simulation Type >> Schedule 
Event Type >> ARRIVAL
Center Name >>> Restaurant_1
Group Id >>> 311
Event Time >>> 778.2421937848189
Simulation Clock >>> 778.2421937848189

Simulation Type >> Schedule 
Event Type >> END_PROCESS
Center Name >>> Restaurant_1
Group Id >>> 538
Event Time >>> 945.9849723574183
Simulation Clock >>> 802.2289201140086

Simulation Type >> Schedule 
Event Type >> END_PROCESS
Center Name >>> Restaurant_1
Group Id >>> 407
Event Time >>> 855.0282006572611
Simulation Clock >>> 802.2289201140086

Simulation Type >> Schedule 
Event Type >> END_PROCESS
Center Name >>> Restaurant_1
Group Id >>> 332
Event Time >>> 838.2763223413281
Simulation Clock >>> 802.2289201140086

Simulation Type >> Schedule 
Event Type >> END_PROCESS
Center Name >>> Restaurant_1
Group Id >>> 293
Event Time >>> 905.1111202688952
Simulation Clock >>> 820.5759179805772

Simulation Type >> Schedule 
Event Type >> END_PROCESS
Center Name >>> Restaurant_1
Group Id >>> 474
Event Time >>> 940.5171521389253
Simulation Clock >>> 826.4104471950623

Simulation Type >> Schedule 
Event Type >> END_PROCESS
Center Name >>> Restaurant_1
Group Id >>> 168
Event Time >>> 889.1355314035613
Simulation Clock >>> 829.2447113082966

Simulation Type >> Schedule 
Event Type >> END_PROCESS
Center Name >>> Restaurant_1
Group Id >>> 575
Event Time >>> 864.133120570302
Simulation Clock >>> 829.2447113082966

Simulation Type >> Schedule 
Event Type >> END_PROCESS
Center Name >>> Restaurant_1
Group Id >>> 33
Event Time >>> 907.0937789829665
Simulation Clock >>> 830.2868064547142

Simulation Type >> Schedule 
Event Type >> END_PROCESS
Center Name >>> Restaurant_1
Group Id >>> 240
Event Time >>> 978.8853866235531
Simulation Clock >>> 840.1435640926923

Simulation Type >> Schedule 
Event Type >> END_PROCESS
Center Name >>> Restaurant_1
Group Id >>> 150
Event Time >>> 894.2156810851621
Simulation Clock >>> 840.1435640926923

Simulation Type >> Schedule 
Event Type >> END_PROCESS
Center Name >>> Restaurant_1
Group Id >>> 34
Event Time >>> 935.341409727323
Simulation Clock >>> 844.1183288048353

Simulation Type >> Schedule 
Event Type >> END_PROCESS
Center Name >>> Restaurant_1
Group Id >>> 623
Event Time >>> 923.6765875783885
Simulation Clock >>> 844.3373781748536

Simulation Type >> Schedule 
Event Type >> END_PROCESS
Center Name >>> Restaurant_1
Group Id >>> 625
Event Time >>> 914.2975706838073
Simulation Clock >>> 855.0282006572611

Simulation Type >> Schedule 
Event Type >> END_PROCESS
Center Name >>> Restaurant_1
Group Id >>> 584
Event Time >>> 966.542565024642
Simulation Clock >>> 856.4299033285505

Simulation Type >> Schedule 
Event Type >> END_PROCESS
Center Name >>> Restaurant_1
Group Id >>> 613
Event Time >>> 871.1453586681739
Simulation Clock >>> 856.4299033285505

Simulation Type >> Schedule 
Event Type >> END_PROCESS
Center Name >>> Restaurant_1
Group Id >>> 637
Event Time >>> 895.9193012471183
Simulation Clock >>> 856.4299033285505

Simulation Type >> Schedule 
Event Type >> END_PROCESS
Center Name >>> Restaurant_1
Group Id >>> 621
Event Time >>> 896.8600477523464
Simulation Clock >>> 864.133120570302

Simulation Type >> Schedule 
Event Type >> END_PROCESS
Center Name >>> Restaurant_1
Group Id >>> 638
Event Time >>> 938.8169786776974
Simulation Clock >>> 874.3109652915102

Simulation Type >> Schedule 
Event Type >> END_PROCESS
Center Name >>> Restaurant_1
Group Id >>> 319
Event Time >>> 909.1970476114656
Simulation Clock >>> 874.3109652915102

Simulation Type >> Schedule 
Event Type >> END_PROCESS
Center Name >>> Restaurant_1
Group Id >>> 531
Event Time >>> 1057.3745311019838
Simulation Clock >>> 889.1355314035613

Simulation Type >> Schedule 
Event Type >> END_PROCESS
Center Name >>> Restaurant_1
Group Id >>> 649
Event Time >>> 910.1920741917543
Simulation Clock >>> 889.1355314035613

Simulation Type >> Schedule 
Event Type >> END_PROCESS
Center Name >>> Restaurant_1
Group Id >>> 334
Event Time >>> 967.2385522523391
Simulation Clock >>> 895.9193012471183

Simulation Type >> Schedule 
Event Type >> END_PROCESS
Center Name >>> Restaurant_1
Group Id >>> 346
Event Time >>> 948.9594504725013
Simulation Clock >>> 896.8600477523464

Simulation Type >> Schedule 
Event Type >> END_PROCESS
Center Name >>> Restaurant_1
Group Id >>> 668
Event Time >>> 955.3798248668586
Simulation Clock >>> 905.1111202688952

Simulation Type >> Schedule 
Event Type >> END_PROCESS
Center Name >>> Restaurant_1
Group Id >>> 665
Event Time >>> 978.586291656801
Simulation Clock >>> 907.0937789829665

Simulation Type >> Schedule 
Event Type >> END_PROCESS
Center Name >>> Restaurant_1
Group Id >>> 112
Event Time >>> 999.3768493526986
Simulation Clock >>> 914.2975706838073

Simulation Type >> Schedule 
Event Type >> END_PROCESS
Center Name >>> Restaurant_1
Group Id >>> 23
Event Time >>> 996.4341776155806
Simulation Clock >>> 923.6765875783885

Simulation Type >> Schedule 
Event Type >> END_PROCESS
Center Name >>> Restaurant_1
Group Id >>> 667
Event Time >>> 972.6537987561927
Simulation Clock >>> 923.6765875783885

Simulation Type >> Schedule 
Event Type >> END_PROCESS
Center Name >>> Restaurant_1
Group Id >>> 386
Event Time >>> 1082.461846998961
Simulation Clock >>> 925.233143575917

Simulation Type >> Schedule 
Event Type >> END_PROCESS
Center Name >>> Restaurant_1
Group Id >>> 276
Event Time >>> 1008.7128766067633
Simulation Clock >>> 935.341409727323

Simulation Type >> Schedule 
Event Type >> END_PROCESS
Center Name >>> Restaurant_1
Group Id >>> 681
Event Time >>> 972.3802784568319
Simulation Clock >>> 935.341409727323

Simulation Type >> Schedule 
Event Type >> END_PROCESS
Center Name >>> Restaurant_1
Group Id >>> 707
Event Time >>> 981.806293974239
Simulation Clock >>> 935.341409727323

Simulation Type >> Schedule 
Event Type >> END_PROCESS
Center Name >>> Restaurant_1
Group Id >>> 711
Event Time >>> 1089.9789886229355
Simulation Clock >>> 940.5171521389253

Simulation Type >> Schedule 
Event Type >> END_PROCESS
Center Name >>> Restaurant_1
Group Id >>> 718
Event Time >>> 971.286792025268
Simulation Clock >>> 940.5171521389253

Simulation Type >> Schedule 
Event Type >> END_PROCESS
Center Name >>> Restaurant_1
Group Id >>> 716
Event Time >>> 968.0417879062682
Simulation Clock >>> 940.5171521389253

Simulation Type >> Schedule 
Event Type >> END_PROCESS
Center Name >>> Restaurant_1
Group Id >>> 728
Event Time >>> 1000.2177858704332
Simulation Clock >>> 945.9849723574183

Simulation Type >> Schedule 
Event Type >> END_PROCESS
Center Name >>> Restaurant_1
Group Id >>> 428
Event Time >>> 960.413189705329
Simulation Clock >>> 945.9849723574183

Simulation Type >> Schedule 
Event Type >> END_PROCESS
Center Name >>> Restaurant_1
Group Id >>> 223
Event Time >>> 1021.357455466483
Simulation Clock >>> 948.9594504725013

Simulation Type >> Schedule 
Event Type >> END_PROCESS
Center Name >>> Restaurant_1
Group Id >>> 384
Event Time >>> 1049.3320670931762
Simulation Clock >>> 960.413189705329

Simulation Type >> Schedule 
Event Type >> END_PROCESS
Center Name >>> Restaurant_1
Group Id >>> 750
Event Time >>> 1121.9341354126984
Simulation Clock >>> 967.2385522523391

Simulation Type >> Schedule 
Event Type >> END_PROCESS
Center Name >>> Restaurant_1
Group Id >>> 724
Event Time >>> 1035.0382770394867
Simulation Clock >>> 968.0417879062682

Simulation Type >> Schedule 
Event Type >> END_PROCESS
Center Name >>> Restaurant_1
Group Id >>> 710
Event Time >>> 1139.8767160443726
Simulation Clock >>> 978.586291656801

Simulation Type >> Schedule 
Event Type >> END_PROCESS
Center Name >>> Restaurant_1
Group Id >>> 42
Event Time >>> 1088.9609990922334
Simulation Clock >>> 978.8853866235531

Simulation Type >> Schedule 
Event Type >> END_PROCESS
Center Name >>> Restaurant_1
Group Id >>> 549
Event Time >>> 1068.3992777484245
Simulation Clock >>> 981.806293974239

Simulation Type >> Schedule 
Event Type >> END_PROCESS
Center Name >>> Restaurant_1
Group Id >>> 244
Event Time >>> 1116.3271959022059
Simulation Clock >>> 996.4341776155806

Simulation Type >> Schedule 
Event Type >> END_PROCESS
Center Name >>> Restaurant_1
Group Id >>> 484
Event Time >>> 1038.3482777763397
Simulation Clock >>> 999.3768493526986

Simulation Type >> Schedule 
Event Type >> END_PROCESS
Center Name >>> Restaurant_1
Group Id >>> 763
Event Time >>> 1104.5928173791133
Simulation Clock >>> 1000.2177858704332

Simulation Type >> Schedule 
Event Type >> END_PROCESS
Center Name >>> Restaurant_1
Group Id >>> 311
Event Time >>> 1115.8588320981767
Simulation Clock >>> 1008.7128766067633

