Simulation Type >> Schedule 
Event Type >> ARRIVAL
Center Name >>> Restaurant_4
Group Id >>> 13
Event Time >>> 17.06766917494346
Simulation Clock >>> 17.06766917494346

Simulation Type >> Schedule 
Event Type >> END_PROCESS
Center Name >>> Restaurant_4
Group Id >>> 13
Event Time >>> 73.90053140441776
Simulation Clock >>> 17.06766917494346

Simulation Type >> Schedule 
Event Type >> ARRIVAL
Center Name >>> Restaurant_4
Group Id >>> 12
Event Time >>> 26.028900608598178
Simulation Clock >>> 26.028900608598178

Simulation Type >> Schedule 
Event Type >> END_PROCESS
Center Name >>> Restaurant_4
Group Id >>> 12
Event Time >>> 120.94011535276334
Simulation Clock >>> 26.028900608598178

Simulation Type >> Schedule 
Event Type >> ARRIVAL
Center Name >>> Restaurant_4
Group Id >>> 4
Event Time >>> 31.423260426743052
Simulation Clock >>> 31.423260426743052

Simulation Type >> Schedule 
Event Type >> END_PROCESS
Center Name >>> Restaurant_4
Group Id >>> 4
Event Time >>> 163.7524812229003
Simulation Clock >>> 31.423260426743052

Simulation Type >> Schedule 
Event Type >> ARRIVAL
Center Name >>> Restaurant_4
Group Id >>> 1
Event Time >>> 35.31624561113733
Simulation Clock >>> 35.31624561113733

Simulation Type >> Schedule 
Event Type >> END_PROCESS
Center Name >>> Restaurant_4
Group Id >>> 1
Event Time >>> 125.2019026775634
Simulation Clock >>> 35.31624561113733

Simulation Type >> Schedule 
Event Type >> ARRIVAL
Center Name >>> Restaurant_4
Group Id >>> 66
Event Time >>> 74.82994300721553
Simulation Clock >>> 74.82994300721553

Simulation Type >> Schedule 
Event Type >> END_PROCESS
Center Name >>> Restaurant_4
Group Id >>> 66
Event Time >>> 88.94039369787916
Simulation Clock >>> 74.82994300721553

Simulation Type >> Schedule 
Event Type >> ARRIVAL
Center Name >>> Restaurant_4
Group Id >>> 25
Event Time >>> 75.51578767333115
Simulation Clock >>> 75.51578767333115

Simulation Type >> Schedule 
Event Type >> END_PROCESS
Center Name >>> Restaurant_4
Group Id >>> 25
Event Time >>> 184.4728108417595
Simulation Clock >>> 75.51578767333115

Simulation Type >> Schedule 
Event Type >> ARRIVAL
Center Name >>> Restaurant_4
Group Id >>> 29
Event Time >>> 76.86303192943605
Simulation Clock >>> 76.86303192943605

Simulation Type >> Schedule 
Event Type >> END_PROCESS
Center Name >>> Restaurant_4
Group Id >>> 29
Event Time >>> 100.99599284506345
Simulation Clock >>> 76.86303192943605

Simulation Type >> Schedule 
Event Type >> ARRIVAL
Center Name >>> Restaurant_4
Group Id >>> 36
Event Time >>> 86.5196460228518
Simulation Clock >>> 86.5196460228518

Simulation Type >> Schedule 
Event Type >> END_PROCESS
Center Name >>> Restaurant_4
Group Id >>> 36
Event Time >>> 97.59782514809662
Simulation Clock >>> 86.5196460228518

Simulation Type >> Schedule 
Event Type >> ARRIVAL
Center Name >>> Restaurant_4
Group Id >>> 21
Event Time >>> 90.15984760246363
Simulation Clock >>> 90.15984760246363

Simulation Type >> Schedule 
Event Type >> END_PROCESS
Center Name >>> Restaurant_4
Group Id >>> 21
Event Time >>> 164.08262106421654
Simulation Clock >>> 90.15984760246363

Simulation Type >> Schedule 
Event Type >> ARRIVAL
Center Name >>> Restaurant_4
Group Id >>> 36
Event Time >>> 97.59782514809662
Simulation Clock >>> 97.59782514809662

Simulation Type >> Schedule 
Event Type >> END_PROCESS
Center Name >>> Restaurant_4
Group Id >>> 36
Event Time >>> 112.83737960324633
Simulation Clock >>> 97.59782514809662

Simulation Type >> Schedule 
Event Type >> ARRIVAL
Center Name >>> Restaurant_4
Group Id >>> 77
Event Time >>> 110.49446731819644
Simulation Clock >>> 110.49446731819644

Simulation Type >> Schedule 
Event Type >> END_PROCESS
Center Name >>> Restaurant_4
Group Id >>> 77
Event Time >>> 258.7593035719181
Simulation Clock >>> 110.49446731819644

Simulation Type >> Schedule 
Event Type >> ARRIVAL
Center Name >>> Restaurant_4
Group Id >>> 46
Event Time >>> 113.72699794756706
Simulation Clock >>> 113.72699794756706

Simulation Type >> Schedule 
Event Type >> END_PROCESS
Center Name >>> Restaurant_4
Group Id >>> 46
Event Time >>> 217.12665177040242
Simulation Clock >>> 113.72699794756706

Simulation Type >> Schedule 
Event Type >> ARRIVAL
Center Name >>> Restaurant_4
Group Id >>> 40
Event Time >>> 118.65103684501933
Simulation Clock >>> 118.65103684501933

Simulation Type >> Schedule 
Event Type >> END_PROCESS
Center Name >>> Restaurant_4
Group Id >>> 40
Event Time >>> 210.1453046707524
Simulation Clock >>> 118.65103684501933

Simulation Type >> Schedule 
Event Type >> ARRIVAL
Center Name >>> Restaurant_4
Group Id >>> 1
Event Time >>> 125.2019026775634
Simulation Clock >>> 125.2019026775634

Simulation Type >> Schedule 
Event Type >> END_PROCESS
Center Name >>> Restaurant_4
Group Id >>> 1
Event Time >>> 195.0041186382794
Simulation Clock >>> 125.2019026775634

Simulation Type >> Schedule 
Event Type >> ARRIVAL
Center Name >>> Restaurant_4
Group Id >>> 84
Event Time >>> 142.63249598485697
Simulation Clock >>> 142.63249598485697

Simulation Type >> Schedule 
Event Type >> END_PROCESS
Center Name >>> Restaurant_4
Group Id >>> 84
Event Time >>> 186.29247981801907
Simulation Clock >>> 142.63249598485697

Simulation Type >> Schedule 
Event Type >> ARRIVAL
Center Name >>> Restaurant_4
Group Id >>> 125
Event Time >>> 154.27514246528872
Simulation Clock >>> 154.27514246528872

Simulation Type >> Schedule 
Event Type >> END_PROCESS
Center Name >>> Restaurant_4
Group Id >>> 125
Event Time >>> 195.35475303333138
Simulation Clock >>> 154.27514246528872

Simulation Type >> Schedule 
Event Type >> ARRIVAL
Center Name >>> Restaurant_4
Group Id >>> 44
Event Time >>> 156.33931019745867
Simulation Clock >>> 156.33931019745867

Simulation Type >> Schedule 
Event Type >> END_PROCESS
Center Name >>> Restaurant_4
Group Id >>> 44
Event Time >>> 244.10277017224843
Simulation Clock >>> 156.33931019745867

Simulation Type >> Schedule 
Event Type >> ARRIVAL
Center Name >>> Restaurant_4
Group Id >>> 136
Event Time >>> 164.92901807384658
Simulation Clock >>> 164.92901807384658

Simulation Type >> Schedule 
Event Type >> END_PROCESS
Center Name >>> Restaurant_4
Group Id >>> 136
Event Time >>> 246.56820166200453
Simulation Clock >>> 164.92901807384658

Simulation Type >> Schedule 
Event Type >> ARRIVAL
Center Name >>> Restaurant_4
Group Id >>> 163
Event Time >>> 177.2899336647674
Simulation Clock >>> 177.2899336647674

Simulation Type >> Schedule 
Event Type >> END_PROCESS
Center Name >>> Restaurant_4
Group Id >>> 163
Event Time >>> 201.5845005141512
Simulation Clock >>> 177.2899336647674

Simulation Type >> Schedule 
Event Type >> ARRIVAL
Center Name >>> Restaurant_4
Group Id >>> 54
Event Time >>> 179.83606770175456
Simulation Clock >>> 179.83606770175456

Simulation Type >> Schedule 
Event Type >> END_PROCESS
Center Name >>> Restaurant_4
Group Id >>> 54
Event Time >>> 237.42703421401316
Simulation Clock >>> 179.83606770175456

Simulation Type >> Schedule 
Event Type >> ARRIVAL
Center Name >>> Restaurant_4
Group Id >>> 73
Event Time >>> 179.9849599843322
Simulation Clock >>> 179.9849599843322

Simulation Type >> Schedule 
Event Type >> END_PROCESS
Center Name >>> Restaurant_4
Group Id >>> 73
Event Time >>> 209.40276527856733
Simulation Clock >>> 179.9849599843322

Simulation Type >> Schedule 
Event Type >> ARRIVAL
Center Name >>> Restaurant_4
Group Id >>> 130
Event Time >>> 180.8584785222362
Simulation Clock >>> 180.8584785222362

Simulation Type >> Schedule 
Event Type >> END_PROCESS
Center Name >>> Restaurant_4
Group Id >>> 130
Event Time >>> 221.17751555935502
Simulation Clock >>> 180.8584785222362

Simulation Type >> Schedule 
Event Type >> ARRIVAL
Center Name >>> Restaurant_4
Group Id >>> 151
Event Time >>> 181.2362196431677
Simulation Clock >>> 181.2362196431677

Simulation Type >> Schedule 
Event Type >> END_PROCESS
Center Name >>> Restaurant_4
Group Id >>> 151
Event Time >>> 331.9466759309869
Simulation Clock >>> 181.2362196431677

Simulation Type >> Schedule 
Event Type >> ARRIVAL
Center Name >>> Restaurant_4
Group Id >>> 109
Event Time >>> 183.45586231384863
Simulation Clock >>> 183.45586231384863

Simulation Type >> Schedule 
Event Type >> END_PROCESS
Center Name >>> Restaurant_4
Group Id >>> 109
Event Time >>> 303.57233845109397
Simulation Clock >>> 183.45586231384863

Simulation Type >> Schedule 
Event Type >> ARRIVAL
Center Name >>> Restaurant_4
Group Id >>> 9
Event Time >>> 183.49112225081487
Simulation Clock >>> 183.49112225081487

Simulation Type >> Schedule 
Event Type >> END_PROCESS
Center Name >>> Restaurant_4
Group Id >>> 9
Event Time >>> 263.7908515134331
Simulation Clock >>> 183.49112225081487

Simulation Type >> Schedule 
Event Type >> ARRIVAL
Center Name >>> Restaurant_4
Group Id >>> 25
Event Time >>> 184.4728108417595
Simulation Clock >>> 184.4728108417595

Simulation Type >> Schedule 
Event Type >> END_PROCESS
Center Name >>> Restaurant_4
Group Id >>> 25
Event Time >>> 321.9965410236266
Simulation Clock >>> 184.4728108417595

Simulation Type >> Schedule 
Event Type >> ARRIVAL
Center Name >>> Restaurant_4
Group Id >>> 71
Event Time >>> 184.9754689576935
Simulation Clock >>> 184.9754689576935

Simulation Type >> Schedule 
Event Type >> END_PROCESS
Center Name >>> Restaurant_4
Group Id >>> 71
Event Time >>> 310.9492518397757
Simulation Clock >>> 184.9754689576935

Simulation Type >> Schedule 
Event Type >> ARRIVAL
Center Name >>> Restaurant_4
Group Id >>> 117
Event Time >>> 186.03897428575058
Simulation Clock >>> 186.03897428575058

Simulation Type >> Schedule 
Event Type >> END_PROCESS
Center Name >>> Restaurant_4
Group Id >>> 117
Event Time >>> 266.6081471437968
Simulation Clock >>> 186.29247981801907

Simulation Type >> Schedule 
Event Type >> ARRIVAL
Center Name >>> Restaurant_4
Group Id >>> 132
Event Time >>> 187.16911926331093
Simulation Clock >>> 187.16911926331093

Simulation Type >> Schedule 
Event Type >> ARRIVAL
Center Name >>> Restaurant_4
Group Id >>> 160
Event Time >>> 189.50389943472425
Simulation Clock >>> 189.50389943472425

Simulation Type >> Schedule 
Event Type >> ARRIVAL
Center Name >>> Restaurant_4
Group Id >>> 178
Event Time >>> 191.44793766791446
Simulation Clock >>> 191.44793766791446

Simulation Type >> Schedule 
Event Type >> ARRIVAL
Center Name >>> Restaurant_4
Group Id >>> 84
Event Time >>> 192.33189792983922
Simulation Clock >>> 192.33189792983922

Simulation Type >> Schedule 
Event Type >> ARRIVAL
Center Name >>> Restaurant_4
Group Id >>> 180
Event Time >>> 192.4850641096603
Simulation Clock >>> 192.4850641096603

Simulation Type >> Schedule 
Event Type >> END_PROCESS
Center Name >>> Restaurant_4
Group Id >>> 132
Event Time >>> 285.5111816939265
Simulation Clock >>> 195.0041186382794

Simulation Type >> Schedule 
Event Type >> ARRIVAL
Center Name >>> Restaurant_4
Group Id >>> 96
Event Time >>> 195.05021857811315
Simulation Clock >>> 195.05021857811315

Simulation Type >> Schedule 
Event Type >> ARRIVAL
Center Name >>> Restaurant_4
Group Id >>> 183
Event Time >>> 195.7532097579282
Simulation Clock >>> 195.7532097579282

Simulation Type >> Schedule 
Event Type >> ARRIVAL
Center Name >>> Restaurant_4
Group Id >>> 103
Event Time >>> 196.21008813663528
Simulation Clock >>> 196.21008813663528

Simulation Type >> Schedule 
Event Type >> ARRIVAL
Center Name >>> Restaurant_4
Group Id >>> 146
Event Time >>> 197.6286445520499
Simulation Clock >>> 197.6286445520499

Simulation Type >> Schedule 
Event Type >> ARRIVAL
Center Name >>> Restaurant_4
Group Id >>> 122
Event Time >>> 199.64205974803534
Simulation Clock >>> 199.64205974803534

Simulation Type >> Schedule 
Event Type >> ARRIVAL
Center Name >>> Restaurant_4
Group Id >>> 185
Event Time >>> 201.23461069722475
Simulation Clock >>> 201.23461069722475

Simulation Type >> Schedule 
Event Type >> END_PROCESS
Center Name >>> Restaurant_4
Group Id >>> 160
Event Time >>> 256.693505737696
Simulation Clock >>> 201.5845005141512

Simulation Type >> Schedule 
Event Type >> ARRIVAL
Center Name >>> Restaurant_4
Group Id >>> 41
Event Time >>> 202.8905013242007
Simulation Clock >>> 202.8905013242007

Simulation Type >> Schedule 
Event Type >> ARRIVAL
Center Name >>> Restaurant_4
Group Id >>> 157
Event Time >>> 203.04224938333272
Simulation Clock >>> 203.04224938333272

Simulation Type >> Schedule 
Event Type >> ARRIVAL
Center Name >>> Restaurant_4
Group Id >>> 135
Event Time >>> 204.3375580708352
Simulation Clock >>> 204.3375580708352

Simulation Type >> Schedule 
Event Type >> END_PROCESS
Center Name >>> Restaurant_4
Group Id >>> 178
Event Time >>> 268.63423683350334
Simulation Clock >>> 210.1453046707524

Simulation Type >> Schedule 
Event Type >> END_PROCESS
Center Name >>> Restaurant_4
Group Id >>> 84
Event Time >>> 251.69196156131358
Simulation Clock >>> 210.1453046707524

Simulation Type >> Schedule 
Event Type >> ARRIVAL
Center Name >>> Restaurant_4
Group Id >>> 200
Event Time >>> 210.36439818510684
Simulation Clock >>> 210.36439818510684

Simulation Type >> Schedule 
Event Type >> END_PROCESS
Center Name >>> Restaurant_4
Group Id >>> 180
Event Time >>> 236.6849065299554
Simulation Clock >>> 217.12665177040242

Simulation Type >> Schedule 
Event Type >> ARRIVAL
Center Name >>> Restaurant_4
Group Id >>> 212
Event Time >>> 218.89982577723637
Simulation Clock >>> 218.89982577723637

Simulation Type >> Schedule 
Event Type >> END_PROCESS
Center Name >>> Restaurant_4
Group Id >>> 96
Event Time >>> 369.8170010082517
Simulation Clock >>> 221.17751555935502

Simulation Type >> Schedule 
Event Type >> END_PROCESS
Center Name >>> Restaurant_4
Group Id >>> 183
Event Time >>> 260.4224274904585
Simulation Clock >>> 221.17751555935502

Simulation Type >> Schedule 
Event Type >> ARRIVAL
Center Name >>> Restaurant_4
Group Id >>> 208
Event Time >>> 221.54587579306926
Simulation Clock >>> 221.54587579306926

Simulation Type >> Schedule 
Event Type >> ARRIVAL
Center Name >>> Restaurant_4
Group Id >>> 201
Event Time >>> 227.16935160362752
Simulation Clock >>> 227.16935160362752

Simulation Type >> Schedule 
Event Type >> ARRIVAL
Center Name >>> Restaurant_4
Group Id >>> 198
Event Time >>> 229.6564038002441
Simulation Clock >>> 229.6564038002441

Simulation Type >> Schedule 
Event Type >> ARRIVAL
Center Name >>> Restaurant_4
Group Id >>> 192
Event Time >>> 229.6564038002441
Simulation Clock >>> 229.6564038002441

Simulation Type >> Schedule 
Event Type >> ARRIVAL
Center Name >>> Restaurant_4
Group Id >>> 12
Event Time >>> 229.65979207284414
Simulation Clock >>> 229.65979207284414

Simulation Type >> Schedule 
Event Type >> ARRIVAL
Center Name >>> Restaurant_4
Group Id >>> 31
Event Time >>> 231.48404275734768
Simulation Clock >>> 231.48404275734768

Simulation Type >> Schedule 
Event Type >> END_PROCESS
Center Name >>> Restaurant_4
Group Id >>> 103
Event Time >>> 268.57086051203015
Simulation Clock >>> 237.42703421401316

Simulation Type >> Schedule 
Event Type >> END_PROCESS
Center Name >>> Restaurant_4
Group Id >>> 146
Event Time >>> 249.24665000268698
Simulation Clock >>> 237.42703421401316

Simulation Type >> Schedule 
Event Type >> END_PROCESS
Center Name >>> Restaurant_4
Group Id >>> 122
Event Time >>> 281.4482394334632
Simulation Clock >>> 237.42703421401316

Simulation Type >> Schedule 
Event Type >> ARRIVAL
Center Name >>> Restaurant_4
Group Id >>> 49
Event Time >>> 240.97148139091414
Simulation Clock >>> 240.97148139091414

Simulation Type >> Schedule 
Event Type >> ARRIVAL
Center Name >>> Restaurant_4
Group Id >>> 54
Event Time >>> 244.61603892660642
Simulation Clock >>> 244.61603892660642

Simulation Type >> Schedule 
Event Type >> END_PROCESS
Center Name >>> Restaurant_4
Group Id >>> 185
Event Time >>> 373.4939298559199
Simulation Clock >>> 246.56820166200453

Simulation Type >> Schedule 
Event Type >> ARRIVAL
Center Name >>> Restaurant_4
Group Id >>> 228
Event Time >>> 248.71766044156183
Simulation Clock >>> 248.71766044156183

Simulation Type >> Schedule 
Event Type >> ARRIVAL
Center Name >>> Restaurant_4
Group Id >>> 238
Event Time >>> 249.42364412854008
Simulation Clock >>> 249.42364412854008

Simulation Type >> Schedule 
Event Type >> END_PROCESS
Center Name >>> Restaurant_4
Group Id >>> 41
Event Time >>> 363.51761004784663
Simulation Clock >>> 251.69196156131358

Simulation Type >> Schedule 
Event Type >> ARRIVAL
Center Name >>> Restaurant_4
Group Id >>> 76
Event Time >>> 254.7883149942575
Simulation Clock >>> 254.7883149942575

Simulation Type >> Schedule 
Event Type >> END_PROCESS
Center Name >>> Restaurant_4
Group Id >>> 157
Event Time >>> 292.6477907763099
Simulation Clock >>> 256.693505737696

Simulation Type >> Schedule 
Event Type >> ARRIVAL
Center Name >>> Restaurant_4
Group Id >>> 160
Event Time >>> 256.693505737696
Simulation Clock >>> 256.693505737696

Simulation Type >> Schedule 
Event Type >> ARRIVAL
Center Name >>> Restaurant_4
Group Id >>> 239
Event Time >>> 258.69077380088453
Simulation Clock >>> 258.69077380088453

Simulation Type >> Schedule 
Event Type >> ARRIVAL
Center Name >>> Restaurant_4
Group Id >>> 120
Event Time >>> 258.69077380088453
Simulation Clock >>> 258.69077380088453

Simulation Type >> Schedule 
Event Type >> END_PROCESS
Center Name >>> Restaurant_4
Group Id >>> 135
Event Time >>> 340.91446845359974
Simulation Clock >>> 258.7593035719181

Simulation Type >> Schedule 
Event Type >> ARRIVAL
Center Name >>> Restaurant_4
Group Id >>> 177
Event Time >>> 259.9033681821106
Simulation Clock >>> 259.9033681821106

Simulation Type >> Schedule 
Event Type >> END_PROCESS
Center Name >>> Restaurant_4
Group Id >>> 200
Event Time >>> 375.32605809095725
Simulation Clock >>> 263.7908515134331

Simulation Type >> Schedule 
Event Type >> END_PROCESS
Center Name >>> Restaurant_4
Group Id >>> 212
Event Time >>> 276.6749296989188
Simulation Clock >>> 263.7908515134331

Simulation Type >> Schedule 
Event Type >> ARRIVAL
Center Name >>> Restaurant_4
Group Id >>> 9
Event Time >>> 263.7908515134331
Simulation Clock >>> 263.7908515134331

Simulation Type >> Schedule 
Event Type >> ARRIVAL
Center Name >>> Restaurant_4
Group Id >>> 110
Event Time >>> 264.42155501187045
Simulation Clock >>> 264.42155501187045

Simulation Type >> Schedule 
Event Type >> ARRIVAL
Center Name >>> Restaurant_4
Group Id >>> 244
Event Time >>> 264.49907317517875
Simulation Clock >>> 264.49907317517875

Simulation Type >> Schedule 
Event Type >> END_PROCESS
Center Name >>> Restaurant_4
Group Id >>> 208
Event Time >>> 335.96051346707804
Simulation Clock >>> 266.6081471437968

Simulation Type >> Schedule 
Event Type >> ARRIVAL
Center Name >>> Restaurant_4
Group Id >>> 256
Event Time >>> 268.31042475616505
Simulation Clock >>> 268.31042475616505

Simulation Type >> Schedule 
Event Type >> END_PROCESS
Center Name >>> Restaurant_4
Group Id >>> 201
Event Time >>> 421.8025168292578
Simulation Clock >>> 268.63423683350334

Simulation Type >> Schedule 
Event Type >> END_PROCESS
Center Name >>> Restaurant_4
Group Id >>> 198
Event Time >>> 288.19464517406567
Simulation Clock >>> 268.63423683350334

Simulation Type >> Schedule 
Event Type >> ARRIVAL
Center Name >>> Restaurant_4
Group Id >>> 128
Event Time >>> 270.5505004853183
Simulation Clock >>> 270.5505004853183

Simulation Type >> Schedule 
Event Type >> ARRIVAL
Center Name >>> Restaurant_4
Group Id >>> 264
Event Time >>> 273.2659584055273
Simulation Clock >>> 273.2659584055273

Simulation Type >> Schedule 
Event Type >> ARRIVAL
Center Name >>> Restaurant_4
Group Id >>> 259
Event Time >>> 274.25829693561406
Simulation Clock >>> 274.25829693561406

Simulation Type >> Schedule 
Event Type >> ARRIVAL
Center Name >>> Restaurant_4
Group Id >>> 178
Event Time >>> 275.6708070090147
Simulation Clock >>> 275.6708070090147

Simulation Type >> Schedule 
Event Type >> ARRIVAL
Center Name >>> Restaurant_4
Group Id >>> 175
Event Time >>> 279.10358980829193
Simulation Clock >>> 279.10358980829193

Simulation Type >> Schedule 
Event Type >> ARRIVAL
Center Name >>> Restaurant_4
Group Id >>> 212
Event Time >>> 279.44625739112854
Simulation Clock >>> 279.44625739112854

Simulation Type >> Schedule 
Event Type >> ARRIVAL
Center Name >>> Restaurant_4
Group Id >>> 275
Event Time >>> 281.40257735248
Simulation Clock >>> 281.40257735248

Simulation Type >> Schedule 
Event Type >> END_PROCESS
Center Name >>> Restaurant_4
Group Id >>> 192
Event Time >>> 333.8032758534448
Simulation Clock >>> 281.4482394334632

Simulation Type >> Schedule 
Event Type >> ARRIVAL
Center Name >>> Restaurant_4
Group Id >>> 189
Event Time >>> 282.9590240830442
Simulation Clock >>> 282.9590240830442

Simulation Type >> Schedule 
Event Type >> ARRIVAL
Center Name >>> Restaurant_4
Group Id >>> 272
Event Time >>> 284.16177686843014
Simulation Clock >>> 284.16177686843014

Simulation Type >> Schedule 
Event Type >> ARRIVAL
Center Name >>> Restaurant_4
Group Id >>> 276
Event Time >>> 284.6923066359356
Simulation Clock >>> 284.6923066359356

Simulation Type >> Schedule 
Event Type >> ARRIVAL
Center Name >>> Restaurant_4
Group Id >>> 282
Event Time >>> 285.1559681468523
Simulation Clock >>> 285.1559681468523

Simulation Type >> Schedule 
Event Type >> ARRIVAL
Center Name >>> Restaurant_4
Group Id >>> 87
Event Time >>> 285.1800407520416
Simulation Clock >>> 285.1800407520416

Simulation Type >> Schedule 
Event Type >> END_PROCESS
Center Name >>> Restaurant_4
Group Id >>> 12
Event Time >>> 381.4668164145294
Simulation Clock >>> 285.5111816939265

Simulation Type >> Schedule 
Event Type >> ARRIVAL
Center Name >>> Restaurant_4
Group Id >>> 283
Event Time >>> 286.29398665407416
Simulation Clock >>> 286.29398665407416

Simulation Type >> Schedule 
Event Type >> ARRIVAL
Center Name >>> Restaurant_4
Group Id >>> 141
Event Time >>> 288.49578637060216
Simulation Clock >>> 288.49578637060216

Simulation Type >> Schedule 
Event Type >> ARRIVAL
Center Name >>> Restaurant_4
Group Id >>> 278
Event Time >>> 289.92192845714214
Simulation Clock >>> 289.92192845714214

Simulation Type >> Schedule 
Event Type >> ARRIVAL
Center Name >>> Restaurant_4
Group Id >>> 59
Event Time >>> 291.7331386218249
Simulation Clock >>> 291.7331386218249

Simulation Type >> Schedule 
Event Type >> ARRIVAL
Center Name >>> Restaurant_4
Group Id >>> 286
Event Time >>> 292.5206374311262
Simulation Clock >>> 292.5206374311262

Simulation Type >> Schedule 
Event Type >> END_PROCESS
Center Name >>> Restaurant_4
Group Id >>> 31
Event Time >>> 349.8695898860099
Simulation Clock >>> 292.6477907763099

Simulation Type >> Schedule 
Event Type >> ARRIVAL
Center Name >>> Restaurant_4
Group Id >>> 207
Event Time >>> 296.8583149034928
Simulation Clock >>> 296.8583149034928

Simulation Type >> Schedule 
Event Type >> END_PROCESS
Center Name >>> Restaurant_4
Group Id >>> 49
Event Time >>> 357.03716278183776
Simulation Clock >>> 303.57233845109397

Simulation Type >> Schedule 
Event Type >> END_PROCESS
Center Name >>> Restaurant_4
Group Id >>> 54
Event Time >>> 387.7977873399255
Simulation Clock >>> 303.57233845109397

Simulation Type >> Schedule 
Event Type >> END_PROCESS
Center Name >>> Restaurant_4
Group Id >>> 228
Event Time >>> 322.90100100830875
Simulation Clock >>> 303.57233845109397

Simulation Type >> Schedule 
Event Type >> ARRIVAL
Center Name >>> Restaurant_4
Group Id >>> 302
Event Time >>> 309.88400273501514
Simulation Clock >>> 309.88400273501514

Simulation Type >> Schedule 
Event Type >> END_PROCESS
Center Name >>> Restaurant_4
Group Id >>> 238
Event Time >>> 421.91164636738347
Simulation Clock >>> 310.9492518397757

Simulation Type >> Schedule 
Event Type >> ARRIVAL
Center Name >>> Restaurant_4
Group Id >>> 305
Event Time >>> 316.8660604335087
Simulation Clock >>> 316.8660604335087

Simulation Type >> Schedule 
Event Type >> ARRIVAL
Center Name >>> Restaurant_4
Group Id >>> 304
Event Time >>> 319.45649489856856
Simulation Clock >>> 319.45649489856856

Simulation Type >> Schedule 
Event Type >> END_PROCESS
Center Name >>> Restaurant_4
Group Id >>> 76
Event Time >>> 388.08794237062835
Simulation Clock >>> 321.9965410236266

Simulation Type >> Schedule 
Event Type >> END_PROCESS
Center Name >>> Restaurant_4
Group Id >>> 160
Event Time >>> 401.3285379049378
Simulation Clock >>> 322.90100100830875

Simulation Type >> Schedule 
Event Type >> END_PROCESS
Center Name >>> Restaurant_4
Group Id >>> 239
Event Time >>> 373.6718288164002
Simulation Clock >>> 331.9466759309869

Simulation Type >> Schedule 
Event Type >> END_PROCESS
Center Name >>> Restaurant_4
Group Id >>> 120
Event Time >>> 390.03822890941103
Simulation Clock >>> 331.9466759309869

Simulation Type >> Schedule 
Event Type >> END_PROCESS
Center Name >>> Restaurant_4
Group Id >>> 177
Event Time >>> 403.68633306305344
Simulation Clock >>> 333.8032758534448

Simulation Type >> Schedule 
Event Type >> END_PROCESS
Center Name >>> Restaurant_4
Group Id >>> 9
Event Time >>> 392.27871974024555
Simulation Clock >>> 335.96051346707804

Simulation Type >> Schedule 
Event Type >> END_PROCESS
Center Name >>> Restaurant_4
Group Id >>> 110
Event Time >>> 427.049480521517
Simulation Clock >>> 340.91446845359974

Simulation Type >> Schedule 
Event Type >> ARRIVAL
Center Name >>> Restaurant_4
Group Id >>> 25
Event Time >>> 360.74371465460695
Simulation Clock >>> 360.74371465460695

Simulation Type >> Schedule 
Event Type >> END_PROCESS
Center Name >>> Restaurant_4
Group Id >>> 244
Event Time >>> 480.5856587434463
Simulation Clock >>> 363.51761004784663

Simulation Type >> Schedule 
Event Type >> END_PROCESS
Center Name >>> Restaurant_4
Group Id >>> 256
Event Time >>> 391.4622563709206
Simulation Clock >>> 363.51761004784663

Simulation Type >> Schedule 
Event Type >> ARRIVAL
Center Name >>> Restaurant_4
Group Id >>> 319
Event Time >>> 364.368263412566
Simulation Clock >>> 364.368263412566

Simulation Type >> Schedule 
Event Type >> END_PROCESS
Center Name >>> Restaurant_4
Group Id >>> 128
Event Time >>> 531.9189759715097
Simulation Clock >>> 369.8170010082517

Simulation Type >> Schedule 
Event Type >> END_PROCESS
Center Name >>> Restaurant_4
Group Id >>> 264
Event Time >>> 492.9903311246742
Simulation Clock >>> 373.4939298559199

Simulation Type >> Schedule 
Event Type >> END_PROCESS
Center Name >>> Restaurant_4
Group Id >>> 259
Event Time >>> 471.76106184700683
Simulation Clock >>> 373.6718288164002

Simulation Type >> Schedule 
Event Type >> ARRIVAL
Center Name >>> Restaurant_4
Group Id >>> 239
Event Time >>> 373.6718288164002
Simulation Clock >>> 373.6718288164002

Simulation Type >> Schedule 
Event Type >> END_PROCESS
Center Name >>> Restaurant_4
Group Id >>> 178
Event Time >>> 446.4657417683715
Simulation Clock >>> 375.32605809095725

Simulation Type >> Schedule 
Event Type >> END_PROCESS
Center Name >>> Restaurant_4
Group Id >>> 175
Event Time >>> 458.99685055590214
Simulation Clock >>> 375.32605809095725

Simulation Type >> Schedule 
Event Type >> END_PROCESS
Center Name >>> Restaurant_4
Group Id >>> 212
Event Time >>> 389.89067316204
Simulation Clock >>> 375.32605809095725

Simulation Type >> Schedule 
Event Type >> ARRIVAL
Center Name >>> Restaurant_4
Group Id >>> 195
Event Time >>> 377.37629130233546
Simulation Clock >>> 377.37629130233546

Simulation Type >> Schedule 
Event Type >> ARRIVAL
Center Name >>> Restaurant_4
Group Id >>> 383
Event Time >>> 386.5694583433683
Simulation Clock >>> 386.5694583433683

Simulation Type >> Schedule 
Event Type >> END_PROCESS
Center Name >>> Restaurant_4
Group Id >>> 275
Event Time >>> 554.6046534692302
Simulation Clock >>> 387.7977873399255

Simulation Type >> Schedule 
Event Type >> END_PROCESS
Center Name >>> Restaurant_4
Group Id >>> 189
Event Time >>> 446.1662515927893
Simulation Clock >>> 388.08794237062835

Simulation Type >> Schedule 
Event Type >> END_PROCESS
Center Name >>> Restaurant_4
Group Id >>> 272
Event Time >>> 506.1671547749871
Simulation Clock >>> 390.03822890941103

Simulation Type >> Schedule 
Event Type >> END_PROCESS
Center Name >>> Restaurant_4
Group Id >>> 276
Event Time >>> 456.2918670587683
Simulation Clock >>> 390.03822890941103

Simulation Type >> Schedule 
Event Type >> ARRIVAL
Center Name >>> Restaurant_4
Group Id >>> 346
Event Time >>> 392.8233870019191
Simulation Clock >>> 392.8233870019191

Simulation Type >> Schedule 
Event Type >> ARRIVAL
Center Name >>> Restaurant_4
Group Id >>> 230
Event Time >>> 396.2193679237441
Simulation Clock >>> 396.2193679237441

Simulation Type >> Schedule 
Event Type >> END_PROCESS
Center Name >>> Restaurant_4
Group Id >>> 282
Event Time >>> 500.06275315086185
Simulation Clock >>> 401.3285379049378

Simulation Type >> Schedule 
Event Type >> END_PROCESS
Center Name >>> Restaurant_4
Group Id >>> 87
Event Time >>> 441.1545719050002
Simulation Clock >>> 401.3285379049378

Simulation Type >> Schedule 
Event Type >> ARRIVAL
Center Name >>> Restaurant_4
Group Id >>> 393
Event Time >>> 402.06783295525815
Simulation Clock >>> 402.06783295525815

Simulation Type >> Schedule 
Event Type >> ARRIVAL
Center Name >>> Restaurant_4
Group Id >>> 123
Event Time >>> 413.2727068970199
Simulation Clock >>> 413.2727068970199

Simulation Type >> Schedule 
Event Type >> ARRIVAL
Center Name >>> Restaurant_4
Group Id >>> 249
Event Time >>> 414.9577256106917
Simulation Clock >>> 414.9577256106917

Simulation Type >> Schedule 
Event Type >> ARRIVAL
Center Name >>> Restaurant_4
Group Id >>> 298
Event Time >>> 417.8542873091796
Simulation Clock >>> 417.8542873091796

Simulation Type >> Schedule 
Event Type >> END_PROCESS
Center Name >>> Restaurant_4
Group Id >>> 283
Event Time >>> 522.9949933836555
Simulation Clock >>> 421.8025168292578

Simulation Type >> Schedule 
Event Type >> END_PROCESS
Center Name >>> Restaurant_4
Group Id >>> 141
Event Time >>> 432.02871208838286
Simulation Clock >>> 421.8025168292578

Simulation Type >> Schedule 
Event Type >> END_PROCESS
Center Name >>> Restaurant_4
Group Id >>> 278
Event Time >>> 496.4879297328933
Simulation Clock >>> 421.8025168292578

Simulation Type >> Schedule 
Event Type >> ARRIVAL
Center Name >>> Restaurant_4
Group Id >>> 410
Event Time >>> 426.5712011444262
Simulation Clock >>> 426.5712011444262

Simulation Type >> Schedule 
Event Type >> END_PROCESS
Center Name >>> Restaurant_4
Group Id >>> 59
Event Time >>> 561.0735911460949
Simulation Clock >>> 427.049480521517

Simulation Type >> Schedule 
Event Type >> ARRIVAL
Center Name >>> Restaurant_4
Group Id >>> 186
Event Time >>> 431.63425334934516
Simulation Clock >>> 431.63425334934516

Simulation Type >> Schedule 
Event Type >> END_PROCESS
Center Name >>> Restaurant_4
Group Id >>> 286
Event Time >>> 486.3864670883212
Simulation Clock >>> 432.02871208838286

Simulation Type >> Schedule 
Event Type >> ARRIVAL
Center Name >>> Restaurant_4
Group Id >>> 376
Event Time >>> 433.1924652726427
Simulation Clock >>> 433.1924652726427

Simulation Type >> Schedule 
Event Type >> ARRIVAL
Center Name >>> Restaurant_4
Group Id >>> 320
Event Time >>> 433.2012750792802
Simulation Clock >>> 433.2012750792802

Simulation Type >> Schedule 
Event Type >> ARRIVAL
Center Name >>> Restaurant_4
Group Id >>> 415
Event Time >>> 441.52595855939614
Simulation Clock >>> 441.52595855939614

Simulation Type >> Schedule 
Event Type >> ARRIVAL
Center Name >>> Restaurant_4
Group Id >>> 158
Event Time >>> 444.5260491232988
Simulation Clock >>> 444.5260491232988

Simulation Type >> Schedule 
Event Type >> ARRIVAL
Center Name >>> Restaurant_4
Group Id >>> 414
Event Time >>> 446.10532217327477
Simulation Clock >>> 446.10532217327477

Simulation Type >> Schedule 
Event Type >> END_PROCESS
Center Name >>> Restaurant_4
Group Id >>> 207
Event Time >>> 488.7195332103978
Simulation Clock >>> 446.1662515927893

Simulation Type >> Schedule 
Event Type >> END_PROCESS
Center Name >>> Restaurant_4
Group Id >>> 302
Event Time >>> 483.5584644539567
Simulation Clock >>> 446.4657417683715

Simulation Type >> Schedule 
Event Type >> ARRIVAL
Center Name >>> Restaurant_4
Group Id >>> 358
Event Time >>> 453.4274551582994
Simulation Clock >>> 453.4274551582994

Simulation Type >> Schedule 
Event Type >> END_PROCESS
Center Name >>> Restaurant_4
Group Id >>> 305
Event Time >>> 541.9253788188697
Simulation Clock >>> 456.2918670587683

Simulation Type >> Schedule 
Event Type >> END_PROCESS
Center Name >>> Restaurant_4
Group Id >>> 304
Event Time >>> 472.1662290347596
Simulation Clock >>> 456.2918670587683

Simulation Type >> Schedule 
Event Type >> ARRIVAL
Center Name >>> Restaurant_4
Group Id >>> 426
Event Time >>> 462.49816768303134
Simulation Clock >>> 462.49816768303134

Simulation Type >> Schedule 
Event Type >> END_PROCESS
Center Name >>> Restaurant_4
Group Id >>> 25
Event Time >>> 551.0496633913613
Simulation Clock >>> 471.76106184700683

Simulation Type >> Schedule 
Event Type >> END_PROCESS
Center Name >>> Restaurant_4
Group Id >>> 319
Event Time >>> 510.3689822173546
Simulation Clock >>> 471.76106184700683

Simulation Type >> Schedule 
Event Type >> END_PROCESS
Center Name >>> Restaurant_4
Group Id >>> 239
Event Time >>> 523.5098558002073
Simulation Clock >>> 480.5856587434463

Simulation Type >> Schedule 
Event Type >> END_PROCESS
Center Name >>> Restaurant_4
Group Id >>> 195
Event Time >>> 568.4179125738756
Simulation Clock >>> 480.5856587434463

Simulation Type >> Schedule 
Event Type >> END_PROCESS
Center Name >>> Restaurant_4
Group Id >>> 383
Event Time >>> 544.0415635552929
Simulation Clock >>> 483.5584644539567

Simulation Type >> Schedule 
Event Type >> ARRIVAL
Center Name >>> Restaurant_4
Group Id >>> 120
Event Time >>> 483.79175297128717
Simulation Clock >>> 483.79175297128717

Simulation Type >> Schedule 
Event Type >> END_PROCESS
Center Name >>> Restaurant_4
Group Id >>> 346
Event Time >>> 531.1440075400367
Simulation Clock >>> 486.3864670883212

Simulation Type >> Schedule 
Event Type >> END_PROCESS
Center Name >>> Restaurant_4
Group Id >>> 230
Event Time >>> 557.4447744741326
Simulation Clock >>> 488.7195332103978

Simulation Type >> Schedule 
Event Type >> ARRIVAL
Center Name >>> Restaurant_4
Group Id >>> 339
Event Time >>> 489.35870864971605
Simulation Clock >>> 489.35870864971605

Simulation Type >> Schedule 
Event Type >> ARRIVAL
Center Name >>> Restaurant_4
Group Id >>> 168
Event Time >>> 491.54374590057853
Simulation Clock >>> 491.54374590057853

Simulation Type >> Schedule 
Event Type >> ARRIVAL
Center Name >>> Restaurant_4
Group Id >>> 252
Event Time >>> 492.19184128474194
Simulation Clock >>> 492.19184128474194

Simulation Type >> Schedule 
Event Type >> END_PROCESS
Center Name >>> Restaurant_4
Group Id >>> 393
Event Time >>> 613.5597895611603
Simulation Clock >>> 492.9903311246742

Simulation Type >> Schedule 
Event Type >> ARRIVAL
Center Name >>> Restaurant_4
Group Id >>> 189
Event Time >>> 494.7949831576136
Simulation Clock >>> 494.7949831576136

Simulation Type >> Schedule 
Event Type >> ARRIVAL
Center Name >>> Restaurant_4
Group Id >>> 54
Event Time >>> 500.0409865968198
Simulation Clock >>> 500.0409865968198

Simulation Type >> Schedule 
Event Type >> END_PROCESS
Center Name >>> Restaurant_4
Group Id >>> 123
Event Time >>> 677.9132800890071
Simulation Clock >>> 500.06275315086185

Simulation Type >> Schedule 
Event Type >> ARRIVAL
Center Name >>> Restaurant_4
Group Id >>> 116
Event Time >>> 502.1663862762229
Simulation Clock >>> 502.1663862762229

Simulation Type >> Schedule 
Event Type >> ARRIVAL
Center Name >>> Restaurant_4
Group Id >>> 489
Event Time >>> 504.93519228590145
Simulation Clock >>> 504.93519228590145

Simulation Type >> Schedule 
Event Type >> ARRIVAL
Center Name >>> Restaurant_4
Group Id >>> 43
Event Time >>> 505.3699511381205
Simulation Clock >>> 505.3699511381205

Simulation Type >> Schedule 
Event Type >> ARRIVAL
Center Name >>> Restaurant_4
Group Id >>> 433
Event Time >>> 505.5845975077251
Simulation Clock >>> 505.5845975077251

Simulation Type >> Schedule 
Event Type >> END_PROCESS
Center Name >>> Restaurant_4
Group Id >>> 249
Event Time >>> 574.691042249321
Simulation Clock >>> 506.1671547749871

Simulation Type >> Schedule 
Event Type >> END_PROCESS
Center Name >>> Restaurant_4
Group Id >>> 298
Event Time >>> 522.2625337029181
Simulation Clock >>> 506.1671547749871

Simulation Type >> Schedule 
Event Type >> END_PROCESS
Center Name >>> Restaurant_4
Group Id >>> 410
Event Time >>> 546.3120753849461
Simulation Clock >>> 506.1671547749871

Simulation Type >> Schedule 
Event Type >> ARRIVAL
Center Name >>> Restaurant_4
Group Id >>> 404
Event Time >>> 507.80234097461454
Simulation Clock >>> 507.80234097461454

Simulation Type >> Schedule 
Event Type >> END_PROCESS
Center Name >>> Restaurant_4
Group Id >>> 186
Event Time >>> 529.2346730488526
Simulation Clock >>> 510.3689822173546

Simulation Type >> Schedule 
Event Type >> ARRIVAL
Center Name >>> Restaurant_4
Group Id >>> 490
Event Time >>> 511.22687781958075
Simulation Clock >>> 511.22687781958075

Simulation Type >> Schedule 
Event Type >> ARRIVAL
Center Name >>> Restaurant_4
Group Id >>> 332
Event Time >>> 511.22687781958075
Simulation Clock >>> 511.22687781958075

Simulation Type >> Schedule 
Event Type >> ARRIVAL
Center Name >>> Restaurant_4
Group Id >>> 238
Event Time >>> 519.7168818963784
Simulation Clock >>> 519.7168818963784

Simulation Type >> Schedule 
Event Type >> ARRIVAL
Center Name >>> Restaurant_4
Group Id >>> 264
Event Time >>> 520.9290568121856
Simulation Clock >>> 520.9290568121856

Simulation Type >> Schedule 
Event Type >> END_PROCESS
Center Name >>> Restaurant_4
Group Id >>> 376
Event Time >>> 601.8056296073268
Simulation Clock >>> 522.9949933836555

Simulation Type >> Schedule 
Event Type >> END_PROCESS
Center Name >>> Restaurant_4
Group Id >>> 320
Event Time >>> 604.8603767897625
Simulation Clock >>> 522.9949933836555

Simulation Type >> Schedule 
Event Type >> ARRIVAL
Center Name >>> Restaurant_4
Group Id >>> 511
Event Time >>> 526.1383733313586
Simulation Clock >>> 526.1383733313586

Simulation Type >> Schedule 
Event Type >> END_PROCESS
Center Name >>> Restaurant_4
Group Id >>> 415
Event Time >>> 605.7201364310429
Simulation Clock >>> 531.1440075400367

Simulation Type >> Schedule 
Event Type >> END_PROCESS
Center Name >>> Restaurant_4
Group Id >>> 158
Event Time >>> 547.4751072198844
Simulation Clock >>> 531.1440075400367

Simulation Type >> Schedule 
Event Type >> ARRIVAL
Center Name >>> Restaurant_4
Group Id >>> 58
Event Time >>> 531.3876360127057
Simulation Clock >>> 531.3876360127057

Simulation Type >> Schedule 
Event Type >> END_PROCESS
Center Name >>> Restaurant_4
Group Id >>> 414
Event Time >>> 624.4822056276189
Simulation Clock >>> 531.9189759715097

Simulation Type >> Schedule 
Event Type >> END_PROCESS
Center Name >>> Restaurant_4
Group Id >>> 358
Event Time >>> 559.7824679909206
Simulation Clock >>> 531.9189759715097

Simulation Type >> Schedule 
Event Type >> ARRIVAL
Center Name >>> Restaurant_4
Group Id >>> 469
Event Time >>> 533.3852651504142
Simulation Clock >>> 533.3852651504142

Simulation Type >> Schedule 
Event Type >> ARRIVAL
Center Name >>> Restaurant_4
Group Id >>> 495
Event Time >>> 538.8316752873988
Simulation Clock >>> 538.8316752873988

Simulation Type >> Schedule 
Event Type >> END_PROCESS
Center Name >>> Restaurant_4
Group Id >>> 426
Event Time >>> 657.7951857753089
Simulation Clock >>> 541.9253788188697

Simulation Type >> Schedule 
Event Type >> END_PROCESS
Center Name >>> Restaurant_4
Group Id >>> 120
Event Time >>> 603.5845587853748
Simulation Clock >>> 544.0415635552929

Simulation Type >> Schedule 
Event Type >> ARRIVAL
Center Name >>> Restaurant_4
Group Id >>> 277
Event Time >>> 548.7006029670607
Simulation Clock >>> 548.7006029670607

Simulation Type >> Schedule 
Event Type >> END_PROCESS
Center Name >>> Restaurant_4
Group Id >>> 339
Event Time >>> 730.9106157062172
Simulation Clock >>> 551.0496633913613

Simulation Type >> Schedule 
Event Type >> END_PROCESS
Center Name >>> Restaurant_4
Group Id >>> 168
Event Time >>> 607.9515257970218
Simulation Clock >>> 551.0496633913613

Simulation Type >> Schedule 
Event Type >> END_PROCESS
Center Name >>> Restaurant_4
Group Id >>> 252
Event Time >>> 624.4048371071362
Simulation Clock >>> 554.6046534692302

Simulation Type >> Schedule 
Event Type >> END_PROCESS
Center Name >>> Restaurant_4
Group Id >>> 189
Event Time >>> 588.102942487866
Simulation Clock >>> 554.6046534692302

Simulation Type >> Schedule 
Event Type >> ARRIVAL
Center Name >>> Restaurant_4
Group Id >>> 260
Event Time >>> 556.2511521352104
Simulation Clock >>> 556.2511521352104

Simulation Type >> Schedule 
Event Type >> END_PROCESS
Center Name >>> Restaurant_4
Group Id >>> 54
Event Time >>> 650.6268054197681
Simulation Clock >>> 557.4447744741326

Simulation Type >> Schedule 
Event Type >> END_PROCESS
Center Name >>> Restaurant_4
Group Id >>> 116
Event Time >>> 650.8893679132183
Simulation Clock >>> 561.0735911460949

Simulation Type >> Schedule 
Event Type >> END_PROCESS
Center Name >>> Restaurant_4
Group Id >>> 489
Event Time >>> 658.4339169590905
Simulation Clock >>> 561.0735911460949

Simulation Type >> Schedule 
Event Type >> END_PROCESS
Center Name >>> Restaurant_4
Group Id >>> 43
Event Time >>> 609.2459826120403
Simulation Clock >>> 561.0735911460949

Simulation Type >> Schedule 
Event Type >> END_PROCESS
Center Name >>> Restaurant_4
Group Id >>> 433
Event Time >>> 627.9263652219437
Simulation Clock >>> 568.4179125738756

Simulation Type >> Schedule 
Event Type >> END_PROCESS
Center Name >>> Restaurant_4
Group Id >>> 404
Event Time >>> 600.9356874670876
Simulation Clock >>> 568.4179125738756

Simulation Type >> Schedule 
Event Type >> ARRIVAL
Center Name >>> Restaurant_4
Group Id >>> 540
Event Time >>> 570.2878536538708
Simulation Clock >>> 570.2878536538708

Simulation Type >> Schedule 
Event Type >> ARRIVAL
Center Name >>> Restaurant_4
Group Id >>> 275
Event Time >>> 574.345041656004
Simulation Clock >>> 574.345041656004

Simulation Type >> Schedule 
Event Type >> ARRIVAL
Center Name >>> Restaurant_4
Group Id >>> 367
Event Time >>> 574.345041656004
Simulation Clock >>> 574.345041656004

Simulation Type >> Schedule 
Event Type >> ARRIVAL
Center Name >>> Restaurant_4
Group Id >>> 191
Event Time >>> 574.345041656004
Simulation Clock >>> 574.345041656004

Simulation Type >> Schedule 
Event Type >> END_PROCESS
Center Name >>> Restaurant_4
Group Id >>> 490
Event Time >>> 622.0402025663494
Simulation Clock >>> 574.691042249321

Simulation Type >> Schedule 
Event Type >> END_PROCESS
Center Name >>> Restaurant_4
Group Id >>> 332
Event Time >>> 610.3498738902401
Simulation Clock >>> 574.691042249321

Simulation Type >> Schedule 
Event Type >> ARRIVAL
Center Name >>> Restaurant_4
Group Id >>> 285
Event Time >>> 574.7658170373498
Simulation Clock >>> 574.7658170373498

Simulation Type >> Schedule 
Event Type >> ARRIVAL
Center Name >>> Restaurant_4
Group Id >>> 508
Event Time >>> 583.967251912118
Simulation Clock >>> 583.967251912118

Simulation Type >> Schedule 
Event Type >> ARRIVAL
Center Name >>> Restaurant_4
Group Id >>> 358
Event Time >>> 585.2702609127786
Simulation Clock >>> 585.2702609127786

Simulation Type >> Schedule 
Event Type >> ARRIVAL
Center Name >>> Restaurant_4
Group Id >>> 267
Event Time >>> 586.7983347540319
Simulation Clock >>> 586.7983347540319

Simulation Type >> Schedule 
Event Type >> ARRIVAL
Center Name >>> Restaurant_4
Group Id >>> 257
Event Time >>> 593.0178253076929
Simulation Clock >>> 593.0178253076929

Simulation Type >> Schedule 
Event Type >> ARRIVAL
Center Name >>> Restaurant_4
Group Id >>> 578
Event Time >>> 594.5293564046974
Simulation Clock >>> 594.5293564046974

Simulation Type >> Schedule 
Event Type >> ARRIVAL
Center Name >>> Restaurant_4
Group Id >>> 523
Event Time >>> 596.0216675981993
Simulation Clock >>> 596.0216675981993

Simulation Type >> Schedule 
Event Type >> ARRIVAL
Center Name >>> Restaurant_4
Group Id >>> 580
Event Time >>> 597.4835494471698
Simulation Clock >>> 597.4835494471698

Simulation Type >> Schedule 
Event Type >> ARRIVAL
Center Name >>> Restaurant_4
Group Id >>> 126
Event Time >>> 598.9912477761013
Simulation Clock >>> 598.9912477761013

Simulation Type >> Schedule 
Event Type >> ARRIVAL
Center Name >>> Restaurant_4
Group Id >>> 528
Event Time >>> 599.6311914038068
Simulation Clock >>> 599.6311914038068

Simulation Type >> Schedule 
Event Type >> ARRIVAL
Center Name >>> Restaurant_4
Group Id >>> 396
Event Time >>> 600.723216562763
Simulation Clock >>> 600.723216562763

Simulation Type >> Schedule 
Event Type >> END_PROCESS
Center Name >>> Restaurant_4
Group Id >>> 238
Event Time >>> 711.6541848359292
Simulation Clock >>> 601.8056296073268

Simulation Type >> Schedule 
Event Type >> END_PROCESS
Center Name >>> Restaurant_4
Group Id >>> 264
Event Time >>> 703.1939986518103
Simulation Clock >>> 603.5845587853748

Simulation Type >> Schedule 
Event Type >> ARRIVAL
Center Name >>> Restaurant_4
Group Id >>> 548
Event Time >>> 604.3284801131259
Simulation Clock >>> 604.3284801131259

Simulation Type >> Schedule 
Event Type >> ARRIVAL
Center Name >>> Restaurant_4
Group Id >>> 594
Event Time >>> 604.5436428349939
Simulation Clock >>> 604.5436428349939

Simulation Type >> Schedule 
Event Type >> ARRIVAL
Center Name >>> Restaurant_4
Group Id >>> 550
Event Time >>> 604.6495548934054
Simulation Clock >>> 604.6495548934054

Simulation Type >> Schedule 
Event Type >> ARRIVAL
Center Name >>> Restaurant_4
Group Id >>> 514
Event Time >>> 604.6495548934054
Simulation Clock >>> 604.6495548934054

Simulation Type >> Schedule 
Event Type >> END_PROCESS
Center Name >>> Restaurant_4
Group Id >>> 511
Event Time >>> 615.7693508779829
Simulation Clock >>> 604.8603767897625

Simulation Type >> Schedule 
Event Type >> END_PROCESS
Center Name >>> Restaurant_4
Group Id >>> 58
Event Time >>> 673.2132267334902
Simulation Clock >>> 604.8603767897625

Simulation Type >> Schedule 
Event Type >> END_PROCESS
Center Name >>> Restaurant_4
Group Id >>> 469
Event Time >>> 711.4544953665361
Simulation Clock >>> 605.7201364310429

Simulation Type >> Schedule 
Event Type >> END_PROCESS
Center Name >>> Restaurant_4
Group Id >>> 495
Event Time >>> 742.4861578048622
Simulation Clock >>> 609.2459826120403

Simulation Type >> Schedule 
Event Type >> ARRIVAL
Center Name >>> Restaurant_4
Group Id >>> 543
Event Time >>> 611.9280866813987
Simulation Clock >>> 611.9280866813987

Simulation Type >> Schedule 
Event Type >> END_PROCESS
Center Name >>> Restaurant_4
Group Id >>> 277
Event Time >>> 689.6288843494756
Simulation Clock >>> 613.5597895611603

Simulation Type >> Schedule 
Event Type >> ARRIVAL
Center Name >>> Restaurant_4
Group Id >>> 393
Event Time >>> 613.5597895611603
Simulation Clock >>> 613.5597895611603

Simulation Type >> Schedule 
Event Type >> ARRIVAL
Center Name >>> Restaurant_4
Group Id >>> 581
Event Time >>> 614.151823515736
Simulation Clock >>> 614.151823515736

Simulation Type >> Schedule 
Event Type >> ARRIVAL
Center Name >>> Restaurant_4
Group Id >>> 472
Event Time >>> 615.8475876344
Simulation Clock >>> 615.8475876344

Simulation Type >> Schedule 
Event Type >> ARRIVAL
Center Name >>> Restaurant_4
Group Id >>> 96
Event Time >>> 618.510819846431
Simulation Clock >>> 618.510819846431

Simulation Type >> Schedule 
Event Type >> ARRIVAL
Center Name >>> Restaurant_4
Group Id >>> 536
Event Time >>> 621.1365076920199
Simulation Clock >>> 621.1365076920199

Simulation Type >> Schedule 
Event Type >> ARRIVAL
Center Name >>> Restaurant_4
Group Id >>> 424
Event Time >>> 621.1365076920199
Simulation Clock >>> 621.1365076920199

Simulation Type >> Schedule 
Event Type >> END_PROCESS
Center Name >>> Restaurant_4
Group Id >>> 260
Event Time >>> 752.0794453937012
Simulation Clock >>> 622.0402025663494

Simulation Type >> Schedule 
Event Type >> END_PROCESS
Center Name >>> Restaurant_4
Group Id >>> 540
Event Time >>> 687.6227264306026
Simulation Clock >>> 624.4048371071362

Simulation Type >> Schedule 
Event Type >> ARRIVAL
Center Name >>> Restaurant_4
Group Id >>> 414
Event Time >>> 624.4822056276189
Simulation Clock >>> 624.4822056276189

Simulation Type >> Schedule 
Event Type >> ARRIVAL
Center Name >>> Restaurant_4
Group Id >>> 506
Event Time >>> 630.4591248490533
Simulation Clock >>> 630.4591248490533

Simulation Type >> Schedule 
Event Type >> ARRIVAL
Center Name >>> Restaurant_4
Group Id >>> 551
Event Time >>> 634.6119823807519
Simulation Clock >>> 634.6119823807519

Simulation Type >> Schedule 
Event Type >> ARRIVAL
Center Name >>> Restaurant_4
Group Id >>> 615
Event Time >>> 634.6119823807519
Simulation Clock >>> 634.6119823807519

Simulation Type >> Schedule 
Event Type >> ARRIVAL
Center Name >>> Restaurant_4
Group Id >>> 565
Event Time >>> 634.6119823807519
Simulation Clock >>> 634.6119823807519

Simulation Type >> Schedule 
Event Type >> ARRIVAL
Center Name >>> Restaurant_4
Group Id >>> 132
Event Time >>> 637.2851444306126
Simulation Clock >>> 637.2851444306126

Simulation Type >> Schedule 
Event Type >> ARRIVAL
Center Name >>> Restaurant_4
Group Id >>> 610
Event Time >>> 639.4197346096497
Simulation Clock >>> 639.4197346096497

Simulation Type >> Schedule 
Event Type >> ARRIVAL
Center Name >>> Restaurant_4
Group Id >>> 585
Event Time >>> 640.1220836911997
Simulation Clock >>> 640.1220836911997

Simulation Type >> Schedule 
Event Type >> ARRIVAL
Center Name >>> Restaurant_4
Group Id >>> 602
Event Time >>> 644.7871315339999
Simulation Clock >>> 644.7871315339999

Simulation Type >> Schedule 
Event Type >> ARRIVAL
Center Name >>> Restaurant_4
Group Id >>> 624
Event Time >>> 646.0405395349088
Simulation Clock >>> 646.0405395349088

Simulation Type >> Schedule 
Event Type >> ARRIVAL
Center Name >>> Restaurant_4
Group Id >>> 374
Event Time >>> 646.3526105005145
Simulation Clock >>> 646.3526105005145

Simulation Type >> Schedule 
Event Type >> END_PROCESS
Center Name >>> Restaurant_4
Group Id >>> 275
Event Time >>> 816.730104990086
Simulation Clock >>> 650.6268054197681

Simulation Type >> Schedule 
Event Type >> END_PROCESS
Center Name >>> Restaurant_4
Group Id >>> 367
Event Time >>> 745.8050737928636
Simulation Clock >>> 650.8893679132183

Simulation Type >> Schedule 
Event Type >> ARRIVAL
Center Name >>> Restaurant_4
Group Id >>> 626
Event Time >>> 651.6190423711166
Simulation Clock >>> 651.6190423711166

Simulation Type >> Schedule 
Event Type >> ARRIVAL
Center Name >>> Restaurant_4
Group Id >>> 634
Event Time >>> 652.3891265977467
Simulation Clock >>> 652.3891265977467

Simulation Type >> Schedule 
Event Type >> ARRIVAL
Center Name >>> Restaurant_4
Group Id >>> 460
Event Time >>> 653.9387793944877
Simulation Clock >>> 653.9387793944877

Simulation Type >> Schedule 
Event Type >> ARRIVAL
Center Name >>> Restaurant_4
Group Id >>> 636
Event Time >>> 657.182182848303
Simulation Clock >>> 657.182182848303

Simulation Type >> Schedule 
Event Type >> END_PROCESS
Center Name >>> Restaurant_4
Group Id >>> 191
Event Time >>> 721.1606160732748
Simulation Clock >>> 657.7951857753089

Simulation Type >> Schedule 
Event Type >> END_PROCESS
Center Name >>> Restaurant_4
Group Id >>> 285
Event Time >>> 695.4067336410329
Simulation Clock >>> 657.7951857753089

Simulation Type >> Schedule 
Event Type >> ARRIVAL
Center Name >>> Restaurant_4
Group Id >>> 110
Event Time >>> 669.8508319208047
Simulation Clock >>> 669.8508319208047

Simulation Type >> Schedule 
Event Type >> ARRIVAL
Center Name >>> Restaurant_4
Group Id >>> 628
Event Time >>> 670.5681084750615
Simulation Clock >>> 670.5681084750615

Simulation Type >> Schedule 
Event Type >> ARRIVAL
Center Name >>> Restaurant_4
Group Id >>> 653
Event Time >>> 670.7422095687637
Simulation Clock >>> 670.7422095687637

Simulation Type >> Schedule 
Event Type >> END_PROCESS
Center Name >>> Restaurant_4
Group Id >>> 508
Event Time >>> 771.9519636995277
Simulation Clock >>> 673.2132267334902

Simulation Type >> Schedule 
Event Type >> END_PROCESS
Center Name >>> Restaurant_4
Group Id >>> 358
Event Time >>> 707.6062486329487
Simulation Clock >>> 673.2132267334902

Simulation Type >> Schedule 
Event Type >> ARRIVAL
Center Name >>> Restaurant_4
Group Id >>> 652
Event Time >>> 674.0413582829733
Simulation Clock >>> 674.0413582829733

Simulation Type >> Schedule 
Event Type >> ARRIVAL
Center Name >>> Restaurant_4
Group Id >>> 616
Event Time >>> 675.8877968276671
Simulation Clock >>> 675.8877968276671

Simulation Type >> Schedule 
Event Type >> END_PROCESS
Center Name >>> Restaurant_4
Group Id >>> 267
Event Time >>> 792.9337695139494
Simulation Clock >>> 677.9132800890071

Simulation Type >> Schedule 
Event Type >> ARRIVAL
Center Name >>> Restaurant_4
Group Id >>> 654
Event Time >>> 679.320569763949
Simulation Clock >>> 679.320569763949

Simulation Type >> Schedule 
Event Type >> ARRIVAL
Center Name >>> Restaurant_4
Group Id >>> 656
Event Time >>> 680.8966881815343
Simulation Clock >>> 680.8966881815343

Simulation Type >> Schedule 
Event Type >> ARRIVAL
Center Name >>> Restaurant_4
Group Id >>> 619
Event Time >>> 680.9905482972007
Simulation Clock >>> 680.9905482972007

Simulation Type >> Schedule 
Event Type >> ARRIVAL
Center Name >>> Restaurant_4
Group Id >>> 478
Event Time >>> 687.0698767943976
Simulation Clock >>> 687.0698767943976

Simulation Type >> Schedule 
Event Type >> END_PROCESS
Center Name >>> Restaurant_4
Group Id >>> 257
Event Time >>> 719.6327334059898
Simulation Clock >>> 687.6227264306026

Simulation Type >> Schedule 
Event Type >> END_PROCESS
Center Name >>> Restaurant_4
Group Id >>> 578
Event Time >>> 812.2923655582804
Simulation Clock >>> 689.6288843494756

Simulation Type >> Schedule 
Event Type >> ARRIVAL
Center Name >>> Restaurant_4
Group Id >>> 679
Event Time >>> 692.1074877113567
Simulation Clock >>> 692.1074877113567

Simulation Type >> Schedule 
Event Type >> ARRIVAL
Center Name >>> Restaurant_4
Group Id >>> 677
Event Time >>> 692.2040656442921
Simulation Clock >>> 692.2040656442921

Simulation Type >> Schedule 
Event Type >> ARRIVAL
Center Name >>> Restaurant_4
Group Id >>> 672
Event Time >>> 692.9518635017916
Simulation Clock >>> 692.9518635017916

Simulation Type >> Schedule 
Event Type >> ARRIVAL
Center Name >>> Restaurant_4
Group Id >>> 673
Event Time >>> 695.1424212305717
Simulation Clock >>> 695.1424212305717

Simulation Type >> Schedule 
Event Type >> END_PROCESS
Center Name >>> Restaurant_4
Group Id >>> 523
Event Time >>> 794.6220409369213
Simulation Clock >>> 695.4067336410329

Simulation Type >> Schedule 
Event Type >> ARRIVAL
Center Name >>> Restaurant_4
Group Id >>> 454
Event Time >>> 696.0112147018243
Simulation Clock >>> 696.0112147018243

Simulation Type >> Schedule 
Event Type >> ARRIVAL
Center Name >>> Restaurant_4
Group Id >>> 285
Event Time >>> 698.9992294007924
Simulation Clock >>> 698.9992294007924

Simulation Type >> Schedule 
Event Type >> ARRIVAL
Center Name >>> Restaurant_4
Group Id >>> 520
Event Time >>> 700.8387473612754
Simulation Clock >>> 700.8387473612754

Simulation Type >> Schedule 
Event Type >> ARRIVAL
Center Name >>> Restaurant_4
Group Id >>> 690
Event Time >>> 701.3676355624767
Simulation Clock >>> 701.3676355624767

Simulation Type >> Schedule 
Event Type >> END_PROCESS
Center Name >>> Restaurant_4
Group Id >>> 580
Event Time >>> 804.1318704082792
Simulation Clock >>> 703.1939986518103

Simulation Type >> Schedule 
Event Type >> ARRIVAL
Center Name >>> Restaurant_4
Group Id >>> 358
Event Time >>> 707.6062486329487
Simulation Clock >>> 707.6062486329487

Simulation Type >> Schedule 
Event Type >> ARRIVAL
Center Name >>> Restaurant_4
Group Id >>> 696
Event Time >>> 709.9844153380429
Simulation Clock >>> 709.9844153380429

Simulation Type >> Schedule 
Event Type >> ARRIVAL
Center Name >>> Restaurant_4
Group Id >>> 691
Event Time >>> 710.1528861040513
Simulation Clock >>> 710.1528861040513

Simulation Type >> Schedule 
Event Type >> END_PROCESS
Center Name >>> Restaurant_4
Group Id >>> 126
Event Time >>> 777.1741785860843
Simulation Clock >>> 711.4544953665361

Simulation Type >> Schedule 
Event Type >> END_PROCESS
Center Name >>> Restaurant_4
Group Id >>> 528
Event Time >>> 766.2831861761197
Simulation Clock >>> 711.4544953665361

Simulation Type >> Schedule 
Event Type >> END_PROCESS
Center Name >>> Restaurant_4
Group Id >>> 396
Event Time >>> 848.8286958928695
Simulation Clock >>> 711.6541848359292

Simulation Type >> Schedule 
Event Type >> ARRIVAL
Center Name >>> Restaurant_4
Group Id >>> 694
Event Time >>> 712.147755742981
Simulation Clock >>> 712.147755742981

Simulation Type >> Schedule 
Event Type >> ARRIVAL
Center Name >>> Restaurant_4
Group Id >>> 659
Event Time >>> 713.1703379888027
Simulation Clock >>> 713.1703379888027

Simulation Type >> Schedule 
Event Type >> END_PROCESS
Center Name >>> Restaurant_4
Group Id >>> 548
Event Time >>> 818.1309419432348
Simulation Clock >>> 721.1606160732748

Simulation Type >> Schedule 
Event Type >> ARRIVAL
Center Name >>> Restaurant_4
Group Id >>> 498
Event Time >>> 723.9097954298172
Simulation Clock >>> 723.9097954298172

Simulation Type >> Schedule 
Event Type >> END_PROCESS
Center Name >>> Restaurant_4
Group Id >>> 594
Event Time >>> 744.4249112541917
Simulation Clock >>> 730.9106157062172

Simulation Type >> Schedule 
Event Type >> END_PROCESS
Center Name >>> Restaurant_4
Group Id >>> 550
Event Time >>> 786.5918045278613
Simulation Clock >>> 730.9106157062172

Simulation Type >> Schedule 
Event Type >> ARRIVAL
Center Name >>> Restaurant_4
Group Id >>> 419
Event Time >>> 737.0507113385729
Simulation Clock >>> 737.0507113385729

Simulation Type >> Schedule 
Event Type >> END_PROCESS
Center Name >>> Restaurant_4
Group Id >>> 514
Event Time >>> 855.817376973862
Simulation Clock >>> 742.4861578048622

Simulation Type >> Schedule 
Event Type >> END_PROCESS
Center Name >>> Restaurant_4
Group Id >>> 543
Event Time >>> 853.7666645942114
Simulation Clock >>> 742.4861578048622

Simulation Type >> Schedule 
Event Type >> END_PROCESS
Center Name >>> Restaurant_4
Group Id >>> 393
Event Time >>> 817.3721739170957
Simulation Clock >>> 745.8050737928636

Simulation Type >> Schedule 
Event Type >> ARRIVAL
Center Name >>> Restaurant_4
Group Id >>> 736
Event Time >>> 746.8731539891035
Simulation Clock >>> 746.8731539891035

Simulation Type >> Schedule 
Event Type >> ARRIVAL
Center Name >>> Restaurant_4
Group Id >>> 44
Event Time >>> 748.1136111185956
Simulation Clock >>> 748.1136111185956

Simulation Type >> Schedule 
Event Type >> ARRIVAL
Center Name >>> Restaurant_4
Group Id >>> 737
Event Time >>> 750.1523151413162
Simulation Clock >>> 750.1523151413162

Simulation Type >> Schedule 
Event Type >> END_PROCESS
Center Name >>> Restaurant_4
Group Id >>> 581
Event Time >>> 834.5723716832582
Simulation Clock >>> 752.0794453937012

Simulation Type >> Schedule 
Event Type >> END_PROCESS
Center Name >>> Restaurant_4
Group Id >>> 472
Event Time >>> 791.706399316671
Simulation Clock >>> 752.0794453937012

Simulation Type >> Schedule 
Event Type >> ARRIVAL
Center Name >>> Restaurant_4
Group Id >>> 260
Event Time >>> 752.0794453937012
Simulation Clock >>> 752.0794453937012

Simulation Type >> Schedule 
Event Type >> ARRIVAL
Center Name >>> Restaurant_4
Group Id >>> 746
Event Time >>> 753.031232410732
Simulation Clock >>> 753.031232410732

Simulation Type >> Schedule 
Event Type >> ARRIVAL
Center Name >>> Restaurant_4
Group Id >>> 754
Event Time >>> 757.1142751007285
Simulation Clock >>> 757.1142751007285

Simulation Type >> Schedule 
Event Type >> ARRIVAL
Center Name >>> Restaurant_4
Group Id >>> 117
Event Time >>> 757.7705268925403
Simulation Clock >>> 757.7705268925403

Simulation Type >> Schedule 
Event Type >> ARRIVAL
Center Name >>> Restaurant_4
Group Id >>> 748
Event Time >>> 763.6307626461771
Simulation Clock >>> 763.6307626461771

Simulation Type >> Schedule 
Event Type >> ARRIVAL
Center Name >>> Restaurant_4
Group Id >>> 495
Event Time >>> 764.4569813547462
Simulation Clock >>> 764.4569813547462

Simulation Type >> Schedule 
Event Type >> ARRIVAL
Center Name >>> Restaurant_4
Group Id >>> 519
Event Time >>> 770.3930118729669
Simulation Clock >>> 770.3930118729669

Simulation Type >> Schedule 
Event Type >> END_PROCESS
Center Name >>> Restaurant_4
Group Id >>> 96
Event Time >>> 870.0304107155202
Simulation Clock >>> 771.9519636995277

Simulation Type >> Schedule 
Event Type >> ARRIVAL
Center Name >>> Restaurant_4
Group Id >>> 173
Event Time >>> 773.6842397127568
Simulation Clock >>> 773.6842397127568

Simulation Type >> Schedule 
Event Type >> END_PROCESS
Center Name >>> Restaurant_4
Group Id >>> 536
Event Time >>> 905.2865522352793
Simulation Clock >>> 777.1741785860843

Simulation Type >> Schedule 
Event Type >> END_PROCESS
Center Name >>> Restaurant_4
Group Id >>> 424
Event Time >>> 830.4725560817287
Simulation Clock >>> 786.5918045278613

Simulation Type >> Schedule 
Event Type >> END_PROCESS
Center Name >>> Restaurant_4
Group Id >>> 414
Event Time >>> 871.3034938690748
Simulation Clock >>> 791.706399316671

Simulation Type >> Schedule 
Event Type >> END_PROCESS
Center Name >>> Restaurant_4
Group Id >>> 506
Event Time >>> 825.4742251479755
Simulation Clock >>> 792.9337695139494

Simulation Type >> Schedule 
Event Type >> END_PROCESS
Center Name >>> Restaurant_4
Group Id >>> 551
Event Time >>> 813.2676795863273
Simulation Clock >>> 792.9337695139494

Simulation Type >> Schedule 
Event Type >> END_PROCESS
Center Name >>> Restaurant_4
Group Id >>> 615
Event Time >>> 966.4010078153592
Simulation Clock >>> 794.6220409369213

Simulation Type >> Schedule 
Event Type >> END_PROCESS
Center Name >>> Restaurant_4
Group Id >>> 565
Event Time >>> 939.6964829196218
Simulation Clock >>> 804.1318704082792

Simulation Type >> Schedule 
Event Type >> END_PROCESS
Center Name >>> Restaurant_4
Group Id >>> 132
Event Time >>> 951.7765837028295
Simulation Clock >>> 812.2923655582804

Simulation Type >> Schedule 
Event Type >> END_PROCESS
Center Name >>> Restaurant_4
Group Id >>> 610
Event Time >>> 922.6661684557185
Simulation Clock >>> 816.730104990086

Simulation Type >> Schedule 
Event Type >> END_PROCESS
Center Name >>> Restaurant_4
Group Id >>> 585
Event Time >>> 877.2319486909709
Simulation Clock >>> 817.3721739170957

Simulation Type >> Schedule 
Event Type >> END_PROCESS
Center Name >>> Restaurant_4
Group Id >>> 602
Event Time >>> 933.304188829431
Simulation Clock >>> 818.1309419432348

Simulation Type >> Schedule 
Event Type >> END_PROCESS
Center Name >>> Restaurant_4
Group Id >>> 624
Event Time >>> 848.753262738025
Simulation Clock >>> 818.1309419432348

Simulation Type >> Schedule 
Event Type >> END_PROCESS
Center Name >>> Restaurant_4
Group Id >>> 374
Event Time >>> 848.1780272610398
Simulation Clock >>> 818.1309419432348

Simulation Type >> Schedule 
Event Type >> END_PROCESS
Center Name >>> Restaurant_4
Group Id >>> 626
Event Time >>> 937.4215626228714
Simulation Clock >>> 834.5723716832582

Simulation Type >> Schedule 
Event Type >> END_PROCESS
Center Name >>> Restaurant_4
Group Id >>> 634
Event Time >>> 850.4941323577879
Simulation Clock >>> 834.5723716832582

Simulation Type >> Schedule 
Event Type >> END_PROCESS
Center Name >>> Restaurant_4
Group Id >>> 460
Event Time >>> 925.9913436108243
Simulation Clock >>> 848.753262738025

Simulation Type >> Schedule 
Event Type >> END_PROCESS
Center Name >>> Restaurant_4
Group Id >>> 636
Event Time >>> 967.9314122359291
Simulation Clock >>> 848.8286958928695

Simulation Type >> Schedule 
Event Type >> END_PROCESS
Center Name >>> Restaurant_4
Group Id >>> 110
Event Time >>> 909.7838277833474
Simulation Clock >>> 853.7666645942114

Simulation Type >> Schedule 
Event Type >> END_PROCESS
Center Name >>> Restaurant_4
Group Id >>> 628
Event Time >>> 875.5603857084006
Simulation Clock >>> 853.7666645942114

Simulation Type >> Schedule 
Event Type >> END_PROCESS
Center Name >>> Restaurant_4
Group Id >>> 653
Event Time >>> 892.8852315166445
Simulation Clock >>> 855.817376973862

Simulation Type >> Schedule 
Event Type >> END_PROCESS
Center Name >>> Restaurant_4
Group Id >>> 652
Event Time >>> 997.2503146722557
Simulation Clock >>> 870.0304107155202

Simulation Type >> Schedule 
Event Type >> END_PROCESS
Center Name >>> Restaurant_4
Group Id >>> 616
Event Time >>> 989.5131904293393
Simulation Clock >>> 871.3034938690748

Simulation Type >> Schedule 
Event Type >> END_PROCESS
Center Name >>> Restaurant_4
Group Id >>> 654
Event Time >>> 1014.6749892898267
Simulation Clock >>> 877.2319486909709

Simulation Type >> Schedule 
Event Type >> END_PROCESS
Center Name >>> Restaurant_4
Group Id >>> 656
Event Time >>> 935.2650117804614
Simulation Clock >>> 892.8852315166445

Simulation Type >> Schedule 
Event Type >> END_PROCESS
Center Name >>> Restaurant_4
Group Id >>> 619
Event Time >>> 1023.6148581085207
Simulation Clock >>> 905.2865522352793

Simulation Type >> Schedule 
Event Type >> END_PROCESS
Center Name >>> Restaurant_4
Group Id >>> 478
Event Time >>> 1031.905773883084
Simulation Clock >>> 922.6661684557185

Simulation Type >> Schedule 
Event Type >> END_PROCESS
Center Name >>> Restaurant_4
Group Id >>> 679
Event Time >>> 1023.4817201557033
Simulation Clock >>> 925.9913436108243

Simulation Type >> Schedule 
Event Type >> END_PROCESS
Center Name >>> Restaurant_4
Group Id >>> 677
Event Time >>> 954.4282764672448
Simulation Clock >>> 925.9913436108243

Simulation Type >> Schedule 
Event Type >> END_PROCESS
Center Name >>> Restaurant_4
Group Id >>> 672
Event Time >>> 952.8971449661536
Simulation Clock >>> 933.304188829431

Simulation Type >> Schedule 
Event Type >> END_PROCESS
Center Name >>> Restaurant_4
Group Id >>> 673
Event Time >>> 944.8898645642647
Simulation Clock >>> 933.304188829431

Simulation Type >> Schedule 
Event Type >> END_PROCESS
Center Name >>> Restaurant_4
Group Id >>> 454
Event Time >>> 994.0711696082142
Simulation Clock >>> 933.304188829431

Simulation Type >> Schedule 
Event Type >> END_PROCESS
Center Name >>> Restaurant_4
Group Id >>> 285
Event Time >>> 985.0225153634444
Simulation Clock >>> 935.2650117804614

Simulation Type >> Schedule 
Event Type >> END_PROCESS
Center Name >>> Restaurant_4
Group Id >>> 520
Event Time >>> 1011.5139862472736
Simulation Clock >>> 937.4215626228714

Simulation Type >> Schedule 
Event Type >> END_PROCESS
Center Name >>> Restaurant_4
Group Id >>> 690
Event Time >>> 950.4977173257156
Simulation Clock >>> 937.4215626228714

Simulation Type >> Schedule 
Event Type >> END_PROCESS
Center Name >>> Restaurant_4
Group Id >>> 358
Event Time >>> 975.5488846047556
Simulation Clock >>> 937.4215626228714

Simulation Type >> Schedule 
Event Type >> END_PROCESS
Center Name >>> Restaurant_4
Group Id >>> 696
Event Time >>> 973.3606439228931
Simulation Clock >>> 937.4215626228714

Simulation Type >> Schedule 
Event Type >> END_PROCESS
Center Name >>> Restaurant_4
Group Id >>> 691
Event Time >>> 1022.2811607250868
Simulation Clock >>> 939.6964829196218

Simulation Type >> Schedule 
Event Type >> END_PROCESS
Center Name >>> Restaurant_4
Group Id >>> 694
Event Time >>> 1024.6185959335285
Simulation Clock >>> 951.7765837028295

Simulation Type >> Schedule 
Event Type >> END_PROCESS
Center Name >>> Restaurant_4
Group Id >>> 659
Event Time >>> 1033.540801690586
Simulation Clock >>> 952.8971449661536

Simulation Type >> Schedule 
Event Type >> END_PROCESS
Center Name >>> Restaurant_4
Group Id >>> 498
Event Time >>> 1146.3177489461941
Simulation Clock >>> 966.4010078153592

Simulation Type >> Schedule 
Event Type >> END_PROCESS
Center Name >>> Restaurant_4
Group Id >>> 419
Event Time >>> 1008.2684544113195
Simulation Clock >>> 967.9314122359291

Simulation Type >> Schedule 
Event Type >> END_PROCESS
Center Name >>> Restaurant_4
Group Id >>> 736
Event Time >>> 1033.748543256904
Simulation Clock >>> 967.9314122359291

Simulation Type >> Schedule 
Event Type >> END_PROCESS
Center Name >>> Restaurant_4
Group Id >>> 44
Event Time >>> 1063.6461548234563
Simulation Clock >>> 975.5488846047556

Simulation Type >> Schedule 
Event Type >> END_PROCESS
Center Name >>> Restaurant_4
Group Id >>> 737
Event Time >>> 1127.2874929686498
Simulation Clock >>> 989.5131904293393

Simulation Type >> Schedule 
Event Type >> END_PROCESS
Center Name >>> Restaurant_4
Group Id >>> 260
Event Time >>> 1100.6081897322467
Simulation Clock >>> 997.2503146722557

Simulation Type >> Schedule 
Event Type >> END_PROCESS
Center Name >>> Restaurant_4
Group Id >>> 746
Event Time >>> 1015.7486922759665
Simulation Clock >>> 997.2503146722557

Simulation Type >> Schedule 
Event Type >> END_PROCESS
Center Name >>> Restaurant_4
Group Id >>> 754
Event Time >>> 1012.4356233965182
Simulation Clock >>> 997.2503146722557

Simulation Type >> Schedule 
Event Type >> END_PROCESS
Center Name >>> Restaurant_4
Group Id >>> 117
Event Time >>> 1057.474887902731
Simulation Clock >>> 997.2503146722557

Simulation Type >> Schedule 
Event Type >> END_PROCESS
Center Name >>> Restaurant_4
Group Id >>> 748
Event Time >>> 1128.6174625747
Simulation Clock >>> 1011.5139862472736

Simulation Type >> Schedule 
Event Type >> END_PROCESS
Center Name >>> Restaurant_4
Group Id >>> 495
Event Time >>> 1146.580790493816
Simulation Clock >>> 1014.6749892898267

Simulation Type >> Schedule 
Event Type >> END_PROCESS
Center Name >>> Restaurant_4
Group Id >>> 519
Event Time >>> 1090.088244845807
Simulation Clock >>> 1022.2811607250868

Simulation Type >> Schedule 
Event Type >> END_PROCESS
Center Name >>> Restaurant_4
Group Id >>> 173
Event Time >>> 1088.0387520097854
Simulation Clock >>> 1022.2811607250868

