Simulation Type >> Schedule 
Event Type >> ARRIVAL
Center Name >>> Restaurant_3
Group Id >>> 9
Event Time >>> 35.39086535791571
Simulation Clock >>> 35.39086535791571

Simulation Type >> Schedule 
Event Type >> END_PROCESS
Center Name >>> Restaurant_3
Group Id >>> 9
Event Time >>> 114.94111946050259
Simulation Clock >>> 35.39086535791571

Simulation Type >> Schedule 
Event Type >> ARRIVAL
Center Name >>> Restaurant_3
Group Id >>> 19
Event Time >>> 36.879960313990125
Simulation Clock >>> 36.879960313990125

Simulation Type >> Schedule 
Event Type >> END_PROCESS
Center Name >>> Restaurant_3
Group Id >>> 19
Event Time >>> 163.44837506290114
Simulation Clock >>> 36.879960313990125

Simulation Type >> Schedule 
Event Type >> ARRIVAL
Center Name >>> Restaurant_3
Group Id >>> 31
Event Time >>> 42.862906266081005
Simulation Clock >>> 42.862906266081005

Simulation Type >> Schedule 
Event Type >> END_PROCESS
Center Name >>> Restaurant_3
Group Id >>> 31
Event Time >>> 80.84568782716454
Simulation Clock >>> 42.862906266081005

Simulation Type >> Schedule 
Event Type >> ARRIVAL
Center Name >>> Restaurant_3
Group Id >>> 38
Event Time >>> 75.51578767333115
Simulation Clock >>> 75.51578767333115

Simulation Type >> Schedule 
Event Type >> END_PROCESS
Center Name >>> Restaurant_3
Group Id >>> 38
Event Time >>> 184.8295028198661
Simulation Clock >>> 75.51578767333115

Simulation Type >> Schedule 
Event Type >> ARRIVAL
Center Name >>> Restaurant_3
Group Id >>> 6
Event Time >>> 84.04046719531833
Simulation Clock >>> 84.04046719531833

Simulation Type >> Schedule 
Event Type >> END_PROCESS
Center Name >>> Restaurant_3
Group Id >>> 6
Event Time >>> 178.1477110676159
Simulation Clock >>> 84.04046719531833

Simulation Type >> Schedule 
Event Type >> ARRIVAL
Center Name >>> Restaurant_3
Group Id >>> 65
Event Time >>> 88.97288361483984
Simulation Clock >>> 88.97288361483984

Simulation Type >> Schedule 
Event Type >> END_PROCESS
Center Name >>> Restaurant_3
Group Id >>> 65
Event Time >>> 145.70348341251085
Simulation Clock >>> 88.97288361483984

Simulation Type >> Schedule 
Event Type >> ARRIVAL
Center Name >>> Restaurant_3
Group Id >>> 92
Event Time >>> 112.25144785552018
Simulation Clock >>> 112.25144785552018

Simulation Type >> Schedule 
Event Type >> END_PROCESS
Center Name >>> Restaurant_3
Group Id >>> 92
Event Time >>> 260.70398125914244
Simulation Clock >>> 112.25144785552018

Simulation Type >> Schedule 
Event Type >> ARRIVAL
Center Name >>> Restaurant_3
Group Id >>> 97
Event Time >>> 113.02894465687301
Simulation Clock >>> 113.02894465687301

Simulation Type >> Schedule 
Event Type >> END_PROCESS
Center Name >>> Restaurant_3
Group Id >>> 97
Event Time >>> 225.26887090577355
Simulation Clock >>> 113.02894465687301

Simulation Type >> Schedule 
Event Type >> ARRIVAL
Center Name >>> Restaurant_3
Group Id >>> 103
Event Time >>> 119.35888860015929
Simulation Clock >>> 119.35888860015929

Simulation Type >> Schedule 
Event Type >> END_PROCESS
Center Name >>> Restaurant_3
Group Id >>> 103
Event Time >>> 142.7288787698679
Simulation Clock >>> 119.35888860015929

Simulation Type >> Schedule 
Event Type >> ARRIVAL
Center Name >>> Restaurant_3
Group Id >>> 100
Event Time >>> 123.75469920228119
Simulation Clock >>> 123.75469920228119

Simulation Type >> Schedule 
Event Type >> END_PROCESS
Center Name >>> Restaurant_3
Group Id >>> 100
Event Time >>> 238.53888621779237
Simulation Clock >>> 123.75469920228119

Simulation Type >> Schedule 
Event Type >> ARRIVAL
Center Name >>> Restaurant_3
Group Id >>> 74
Event Time >>> 127.00921608241401
Simulation Clock >>> 127.00921608241401

Simulation Type >> Schedule 
Event Type >> END_PROCESS
Center Name >>> Restaurant_3
Group Id >>> 74
Event Time >>> 203.788805896911
Simulation Clock >>> 127.00921608241401

Simulation Type >> Schedule 
Event Type >> ARRIVAL
Center Name >>> Restaurant_3
Group Id >>> 116
Event Time >>> 136.86874933339263
Simulation Clock >>> 136.86874933339263

Simulation Type >> Schedule 
Event Type >> END_PROCESS
Center Name >>> Restaurant_3
Group Id >>> 116
Event Time >>> 214.448684916483
Simulation Clock >>> 136.86874933339263

Simulation Type >> Schedule 
Event Type >> ARRIVAL
Center Name >>> Restaurant_3
Group Id >>> 93
Event Time >>> 138.7936887818236
Simulation Clock >>> 138.7936887818236

Simulation Type >> Schedule 
Event Type >> END_PROCESS
Center Name >>> Restaurant_3
Group Id >>> 93
Event Time >>> 236.50653895096855
Simulation Clock >>> 138.7936887818236

Simulation Type >> Schedule 
Event Type >> ARRIVAL
Center Name >>> Restaurant_3
Group Id >>> 134
Event Time >>> 145.28950796466896
Simulation Clock >>> 145.28950796466896

Simulation Type >> Schedule 
Event Type >> END_PROCESS
Center Name >>> Restaurant_3
Group Id >>> 134
Event Time >>> 213.78476536301318
Simulation Clock >>> 145.28950796466896

Simulation Type >> Schedule 
Event Type >> ARRIVAL
Center Name >>> Restaurant_3
Group Id >>> 88
Event Time >>> 147.77168943736447
Simulation Clock >>> 147.77168943736447

Simulation Type >> Schedule 
Event Type >> END_PROCESS
Center Name >>> Restaurant_3
Group Id >>> 88
Event Time >>> 202.34156491171774
Simulation Clock >>> 147.77168943736447

Simulation Type >> Schedule 
Event Type >> ARRIVAL
Center Name >>> Restaurant_3
Group Id >>> 135
Event Time >>> 154.35509904619707
Simulation Clock >>> 154.35509904619707

Simulation Type >> Schedule 
Event Type >> END_PROCESS
Center Name >>> Restaurant_3
Group Id >>> 135
Event Time >>> 232.42887717913948
Simulation Clock >>> 154.35509904619707

Simulation Type >> Schedule 
Event Type >> ARRIVAL
Center Name >>> Restaurant_3
Group Id >>> 151
Event Time >>> 174.91851858527934
Simulation Clock >>> 174.91851858527934

Simulation Type >> Schedule 
Event Type >> END_PROCESS
Center Name >>> Restaurant_3
Group Id >>> 151
Event Time >>> 353.73817805810415
Simulation Clock >>> 174.91851858527934

Simulation Type >> Schedule 
Event Type >> ARRIVAL
Center Name >>> Restaurant_3
Group Id >>> 125
Event Time >>> 180.446091790101
Simulation Clock >>> 180.446091790101

Simulation Type >> Schedule 
Event Type >> END_PROCESS
Center Name >>> Restaurant_3
Group Id >>> 125
Event Time >>> 238.37356269949882
Simulation Clock >>> 180.446091790101

Simulation Type >> Schedule 
Event Type >> ARRIVAL
Center Name >>> Restaurant_3
Group Id >>> 153
Event Time >>> 181.41177037929404
Simulation Clock >>> 181.41177037929404

Simulation Type >> Schedule 
Event Type >> END_PROCESS
Center Name >>> Restaurant_3
Group Id >>> 153
Event Time >>> 279.9404838228568
Simulation Clock >>> 181.41177037929404

Simulation Type >> Schedule 
Event Type >> ARRIVAL
Center Name >>> Restaurant_3
Group Id >>> 95
Event Time >>> 183.47295193433567
Simulation Clock >>> 183.47295193433567

Simulation Type >> Schedule 
Event Type >> END_PROCESS
Center Name >>> Restaurant_3
Group Id >>> 95
Event Time >>> 223.3546104883577
Simulation Clock >>> 183.47295193433567

Simulation Type >> Schedule 
Event Type >> ARRIVAL
Center Name >>> Restaurant_3
Group Id >>> 37
Event Time >>> 184.35355391983862
Simulation Clock >>> 184.35355391983862

Simulation Type >> Schedule 
Event Type >> END_PROCESS
Center Name >>> Restaurant_3
Group Id >>> 37
Event Time >>> 211.89361511779938
Simulation Clock >>> 184.35355391983862

Simulation Type >> Schedule 
Event Type >> ARRIVAL
Center Name >>> Restaurant_3
Group Id >>> 127
Event Time >>> 186.0354593816857
Simulation Clock >>> 186.0354593816857

Simulation Type >> Schedule 
Event Type >> END_PROCESS
Center Name >>> Restaurant_3
Group Id >>> 127
Event Time >>> 225.47658952874104
Simulation Clock >>> 186.0354593816857

Simulation Type >> Schedule 
Event Type >> ARRIVAL
Center Name >>> Restaurant_3
Group Id >>> 142
Event Time >>> 186.13280991316725
Simulation Clock >>> 186.13280991316725

Simulation Type >> Schedule 
Event Type >> END_PROCESS
Center Name >>> Restaurant_3
Group Id >>> 142
Event Time >>> 284.5127954348917
Simulation Clock >>> 186.13280991316725

Simulation Type >> Schedule 
Event Type >> ARRIVAL
Center Name >>> Restaurant_3
Group Id >>> 158
Event Time >>> 187.16911926331093
Simulation Clock >>> 187.16911926331093

Simulation Type >> Schedule 
Event Type >> END_PROCESS
Center Name >>> Restaurant_3
Group Id >>> 158
Event Time >>> 202.7559102811426
Simulation Clock >>> 187.16911926331093

Simulation Type >> Schedule 
Event Type >> ARRIVAL
Center Name >>> Restaurant_3
Group Id >>> 19
Event Time >>> 187.16911926331093
Simulation Clock >>> 187.16911926331093

Simulation Type >> Schedule 
Event Type >> END_PROCESS
Center Name >>> Restaurant_3
Group Id >>> 19
Event Time >>> 367.07211503685687
Simulation Clock >>> 187.16911926331093

Simulation Type >> Schedule 
Event Type >> ARRIVAL
Center Name >>> Restaurant_3
Group Id >>> 114
Event Time >>> 187.16911926331093
Simulation Clock >>> 187.16911926331093

Simulation Type >> Schedule 
Event Type >> ARRIVAL
Center Name >>> Restaurant_3
Group Id >>> 109
Event Time >>> 187.41106036546853
Simulation Clock >>> 187.41106036546853

Simulation Type >> Schedule 
Event Type >> ARRIVAL
Center Name >>> Restaurant_3
Group Id >>> 145
Event Time >>> 188.07869846812991
Simulation Clock >>> 188.07869846812991

Simulation Type >> Schedule 
Event Type >> ARRIVAL
Center Name >>> Restaurant_3
Group Id >>> 59
Event Time >>> 190.48989927311246
Simulation Clock >>> 190.48989927311246

Simulation Type >> Schedule 
Event Type >> ARRIVAL
Center Name >>> Restaurant_3
Group Id >>> 118
Event Time >>> 195.08938498955328
Simulation Clock >>> 195.08938498955328

Simulation Type >> Schedule 
Event Type >> ARRIVAL
Center Name >>> Restaurant_3
Group Id >>> 184
Event Time >>> 198.66695567712966
Simulation Clock >>> 198.66695567712966

Simulation Type >> Schedule 
Event Type >> ARRIVAL
Center Name >>> Restaurant_3
Group Id >>> 185
Event Time >>> 201.23461069722475
Simulation Clock >>> 201.23461069722475

Simulation Type >> Schedule 
Event Type >> END_PROCESS
Center Name >>> Restaurant_3
Group Id >>> 114
Event Time >>> 361.574570195213
Simulation Clock >>> 203.788805896911

Simulation Type >> Schedule 
Event Type >> ARRIVAL
Center Name >>> Restaurant_3
Group Id >>> 189
Event Time >>> 203.86136045572997
Simulation Clock >>> 203.86136045572997

Simulation Type >> Schedule 
Event Type >> ARRIVAL
Center Name >>> Restaurant_3
Group Id >>> 67
Event Time >>> 205.19525657643013
Simulation Clock >>> 205.19525657643013

Simulation Type >> Schedule 
Event Type >> ARRIVAL
Center Name >>> Restaurant_3
Group Id >>> 88
Event Time >>> 205.59613482276862
Simulation Clock >>> 205.59613482276862

Simulation Type >> Schedule 
Event Type >> ARRIVAL
Center Name >>> Restaurant_3
Group Id >>> 94
Event Time >>> 206.70773895900254
Simulation Clock >>> 206.70773895900254

Simulation Type >> Schedule 
Event Type >> ARRIVAL
Center Name >>> Restaurant_3
Group Id >>> 37
Event Time >>> 211.89361511779938
Simulation Clock >>> 211.89361511779938

Simulation Type >> Schedule 
Event Type >> ARRIVAL
Center Name >>> Restaurant_3
Group Id >>> 9
Event Time >>> 213.74346993565396
Simulation Clock >>> 213.74346993565396

Simulation Type >> Schedule 
Event Type >> END_PROCESS
Center Name >>> Restaurant_3
Group Id >>> 109
Event Time >>> 350.83465328236923
Simulation Clock >>> 213.78476536301318

Simulation Type >> Schedule 
Event Type >> END_PROCESS
Center Name >>> Restaurant_3
Group Id >>> 145
Event Time >>> 230.23330182537256
Simulation Clock >>> 213.78476536301318

Simulation Type >> Schedule 
Event Type >> ARRIVAL
Center Name >>> Restaurant_3
Group Id >>> 134
Event Time >>> 213.78476536301318
Simulation Clock >>> 213.78476536301318

Simulation Type >> Schedule 
Event Type >> ARRIVAL
Center Name >>> Restaurant_3
Group Id >>> 206
Event Time >>> 215.16081534627114
Simulation Clock >>> 215.16081534627114

Simulation Type >> Schedule 
Event Type >> ARRIVAL
Center Name >>> Restaurant_3
Group Id >>> 176
Event Time >>> 216.02683340690112
Simulation Clock >>> 216.02683340690112

Simulation Type >> Schedule 
Event Type >> ARRIVAL
Center Name >>> Restaurant_3
Group Id >>> 62
Event Time >>> 216.33466842963242
Simulation Clock >>> 216.33466842963242

Simulation Type >> Schedule 
Event Type >> ARRIVAL
Center Name >>> Restaurant_3
Group Id >>> 108
Event Time >>> 216.36533670996695
Simulation Clock >>> 216.36533670996695

Simulation Type >> Schedule 
Event Type >> ARRIVAL
Center Name >>> Restaurant_3
Group Id >>> 13
Event Time >>> 218.65313644775003
Simulation Clock >>> 218.65313644775003

Simulation Type >> Schedule 
Event Type >> ARRIVAL
Center Name >>> Restaurant_3
Group Id >>> 156
Event Time >>> 219.51642673859834
Simulation Clock >>> 219.51642673859834

Simulation Type >> Schedule 
Event Type >> END_PROCESS
Center Name >>> Restaurant_3
Group Id >>> 59
Event Time >>> 381.0010418525449
Simulation Clock >>> 225.26887090577355

Simulation Type >> Schedule 
Event Type >> END_PROCESS
Center Name >>> Restaurant_3
Group Id >>> 118
Event Time >>> 312.25327539563
Simulation Clock >>> 225.47658952874104

Simulation Type >> Schedule 
Event Type >> ARRIVAL
Center Name >>> Restaurant_3
Group Id >>> 137
Event Time >>> 228.13973223852267
Simulation Clock >>> 228.13973223852267

Simulation Type >> Schedule 
Event Type >> ARRIVAL
Center Name >>> Restaurant_3
Group Id >>> 36
Event Time >>> 230.83940256347057
Simulation Clock >>> 230.83940256347057

Simulation Type >> Schedule 
Event Type >> END_PROCESS
Center Name >>> Restaurant_3
Group Id >>> 184
Event Time >>> 350.48148762586294
Simulation Clock >>> 232.42887717913948

Simulation Type >> Schedule 
Event Type >> ARRIVAL
Center Name >>> Restaurant_3
Group Id >>> 186
Event Time >>> 235.61136198431853
Simulation Clock >>> 235.61136198431853

Simulation Type >> Schedule 
Event Type >> ARRIVAL
Center Name >>> Restaurant_3
Group Id >>> 95
Event Time >>> 235.86898194543173
Simulation Clock >>> 235.86898194543173

Simulation Type >> Schedule 
Event Type >> END_PROCESS
Center Name >>> Restaurant_3
Group Id >>> 185
Event Time >>> 339.91837066863286
Simulation Clock >>> 236.50653895096855

Simulation Type >> Schedule 
Event Type >> END_PROCESS
Center Name >>> Restaurant_3
Group Id >>> 189
Event Time >>> 280.57187896448875
Simulation Clock >>> 238.37356269949882

Simulation Type >> Schedule 
Event Type >> END_PROCESS
Center Name >>> Restaurant_3
Group Id >>> 67
Event Time >>> 253.34837180918606
Simulation Clock >>> 238.37356269949882

Simulation Type >> Schedule 
Event Type >> ARRIVAL
Center Name >>> Restaurant_3
Group Id >>> 125
Event Time >>> 238.37356269949882
Simulation Clock >>> 238.37356269949882

Simulation Type >> Schedule 
Event Type >> END_PROCESS
Center Name >>> Restaurant_3
Group Id >>> 88
Event Time >>> 314.5810210708919
Simulation Clock >>> 238.53888621779237

Simulation Type >> Schedule 
Event Type >> END_PROCESS
Center Name >>> Restaurant_3
Group Id >>> 94
Event Time >>> 273.4846332016342
Simulation Clock >>> 238.53888621779237

Simulation Type >> Schedule 
Event Type >> ARRIVAL
Center Name >>> Restaurant_3
Group Id >>> 83
Event Time >>> 239.47947019840694
Simulation Clock >>> 239.47947019840694

Simulation Type >> Schedule 
Event Type >> ARRIVAL
Center Name >>> Restaurant_3
Group Id >>> 227
Event Time >>> 243.10899098117847
Simulation Clock >>> 243.10899098117847

Simulation Type >> Schedule 
Event Type >> ARRIVAL
Center Name >>> Restaurant_3
Group Id >>> 215
Event Time >>> 246.99302540471973
Simulation Clock >>> 246.99302540471973

Simulation Type >> Schedule 
Event Type >> ARRIVAL
Center Name >>> Restaurant_3
Group Id >>> 158
Event Time >>> 247.30110982859225
Simulation Clock >>> 247.30110982859225

Simulation Type >> Schedule 
Event Type >> ARRIVAL
Center Name >>> Restaurant_3
Group Id >>> 139
Event Time >>> 251.53099690742505
Simulation Clock >>> 251.53099690742505

Simulation Type >> Schedule 
Event Type >> ARRIVAL
Center Name >>> Restaurant_3
Group Id >>> 102
Event Time >>> 251.82088602223604
Simulation Clock >>> 251.82088602223604

Simulation Type >> Schedule 
Event Type >> ARRIVAL
Center Name >>> Restaurant_3
Group Id >>> 245
Event Time >>> 252.95125317595117
Simulation Clock >>> 252.95125317595117

Simulation Type >> Schedule 
Event Type >> ARRIVAL
Center Name >>> Restaurant_3
Group Id >>> 244
Event Time >>> 253.2974223675237
Simulation Clock >>> 253.2974223675237

Simulation Type >> Schedule 
Event Type >> END_PROCESS
Center Name >>> Restaurant_3
Group Id >>> 37
Event Time >>> 279.5010288403388
Simulation Clock >>> 253.34837180918606

Simulation Type >> Schedule 
Event Type >> ARRIVAL
Center Name >>> Restaurant_3
Group Id >>> 30
Event Time >>> 253.46261431803714
Simulation Clock >>> 253.46261431803714

Simulation Type >> Schedule 
Event Type >> ARRIVAL
Center Name >>> Restaurant_3
Group Id >>> 168
Event Time >>> 254.7883149942575
Simulation Clock >>> 254.7883149942575

Simulation Type >> Schedule 
Event Type >> ARRIVAL
Center Name >>> Restaurant_3
Group Id >>> 141
Event Time >>> 256.498167975713
Simulation Clock >>> 256.498167975713

Simulation Type >> Schedule 
Event Type >> ARRIVAL
Center Name >>> Restaurant_3
Group Id >>> 249
Event Time >>> 260.5197205711063
Simulation Clock >>> 260.5197205711063

Simulation Type >> Schedule 
Event Type >> END_PROCESS
Center Name >>> Restaurant_3
Group Id >>> 9
Event Time >>> 347.9728581895007
Simulation Clock >>> 260.70398125914244

Simulation Type >> Schedule 
Event Type >> ARRIVAL
Center Name >>> Restaurant_3
Group Id >>> 115
Event Time >>> 262.1362142178645
Simulation Clock >>> 262.1362142178645

Simulation Type >> Schedule 
Event Type >> ARRIVAL
Center Name >>> Restaurant_3
Group Id >>> 92
Event Time >>> 265.4597409839335
Simulation Clock >>> 265.4597409839335

Simulation Type >> Schedule 
Event Type >> ARRIVAL
Center Name >>> Restaurant_3
Group Id >>> 180
Event Time >>> 265.8264587019241
Simulation Clock >>> 265.8264587019241

Simulation Type >> Schedule 
Event Type >> ARRIVAL
Center Name >>> Restaurant_3
Group Id >>> 255
Event Time >>> 267.28959163916585
Simulation Clock >>> 267.28959163916585

Simulation Type >> Schedule 
Event Type >> ARRIVAL
Center Name >>> Restaurant_3
Group Id >>> 190
Event Time >>> 272.5223302402884
Simulation Clock >>> 272.5223302402884

Simulation Type >> Schedule 
Event Type >> END_PROCESS
Center Name >>> Restaurant_3
Group Id >>> 134
Event Time >>> 318.25127746190594
Simulation Clock >>> 273.4846332016342

Simulation Type >> Schedule 
Event Type >> ARRIVAL
Center Name >>> Restaurant_3
Group Id >>> 183
Event Time >>> 274.50172891643604
Simulation Clock >>> 274.50172891643604

Simulation Type >> Schedule 
Event Type >> ARRIVAL
Center Name >>> Restaurant_3
Group Id >>> 145
Event Time >>> 276.35982285193757
Simulation Clock >>> 276.35982285193757

Simulation Type >> Schedule 
Event Type >> END_PROCESS
Center Name >>> Restaurant_3
Group Id >>> 206
Event Time >>> 304.8435726292182
Simulation Clock >>> 279.5010288403388

Simulation Type >> Schedule 
Event Type >> ARRIVAL
Center Name >>> Restaurant_3
Group Id >>> 259
Event Time >>> 279.7809094177251
Simulation Clock >>> 279.7809094177251

Simulation Type >> Schedule 
Event Type >> END_PROCESS
Center Name >>> Restaurant_3
Group Id >>> 176
Event Time >>> 414.63103231856786
Simulation Clock >>> 279.9404838228568

Simulation Type >> Schedule 
Event Type >> END_PROCESS
Center Name >>> Restaurant_3
Group Id >>> 62
Event Time >>> 311.11997595775074
Simulation Clock >>> 280.57187896448875

Simulation Type >> Schedule 
Event Type >> ARRIVAL
Center Name >>> Restaurant_3
Group Id >>> 37
Event Time >>> 281.2060004677665
Simulation Clock >>> 281.2060004677665

Simulation Type >> Schedule 
Event Type >> END_PROCESS
Center Name >>> Restaurant_3
Group Id >>> 108
Event Time >>> 352.48769980909947
Simulation Clock >>> 284.5127954348917

Simulation Type >> Schedule 
Event Type >> END_PROCESS
Center Name >>> Restaurant_3
Group Id >>> 13
Event Time >>> 351.1218428191766
Simulation Clock >>> 284.5127954348917

Simulation Type >> Schedule 
Event Type >> ARRIVAL
Center Name >>> Restaurant_3
Group Id >>> 282
Event Time >>> 285.1559681468523
Simulation Clock >>> 285.1559681468523

Simulation Type >> Schedule 
Event Type >> ARRIVAL
Center Name >>> Restaurant_3
Group Id >>> 283
Event Time >>> 286.29398665407416
Simulation Clock >>> 286.29398665407416

Simulation Type >> Schedule 
Event Type >> ARRIVAL
Center Name >>> Restaurant_3
Group Id >>> 132
Event Time >>> 288.16927517175463
Simulation Clock >>> 288.16927517175463

Simulation Type >> Schedule 
Event Type >> ARRIVAL
Center Name >>> Restaurant_3
Group Id >>> 288
Event Time >>> 291.8484495259787
Simulation Clock >>> 291.8484495259787

Simulation Type >> Schedule 
Event Type >> ARRIVAL
Center Name >>> Restaurant_3
Group Id >>> 221
Event Time >>> 299.08525293338494
Simulation Clock >>> 299.08525293338494

Simulation Type >> Schedule 
Event Type >> ARRIVAL
Center Name >>> Restaurant_3
Group Id >>> 286
Event Time >>> 299.3300942890769
Simulation Clock >>> 299.3300942890769

Simulation Type >> Schedule 
Event Type >> ARRIVAL
Center Name >>> Restaurant_3
Group Id >>> 179
Event Time >>> 299.3818925936047
Simulation Clock >>> 299.3818925936047

Simulation Type >> Schedule 
Event Type >> ARRIVAL
Center Name >>> Restaurant_3
Group Id >>> 197
Event Time >>> 303.41984093580993
Simulation Clock >>> 303.41984093580993

Simulation Type >> Schedule 
Event Type >> END_PROCESS
Center Name >>> Restaurant_3
Group Id >>> 156
Event Time >>> 338.97408735625305
Simulation Clock >>> 304.8435726292182

Simulation Type >> Schedule 
Event Type >> END_PROCESS
Center Name >>> Restaurant_3
Group Id >>> 137
Event Time >>> 380.4060527937063
Simulation Clock >>> 312.25327539563

Simulation Type >> Schedule 
Event Type >> END_PROCESS
Center Name >>> Restaurant_3
Group Id >>> 36
Event Time >>> 322.93272103054244
Simulation Clock >>> 312.25327539563

Simulation Type >> Schedule 
Event Type >> END_PROCESS
Center Name >>> Restaurant_3
Group Id >>> 186
Event Time >>> 329.7735182540847
Simulation Clock >>> 312.25327539563

Simulation Type >> Schedule 
Event Type >> END_PROCESS
Center Name >>> Restaurant_3
Group Id >>> 95
Event Time >>> 351.53931632910025
Simulation Clock >>> 312.25327539563

Simulation Type >> Schedule 
Event Type >> END_PROCESS
Center Name >>> Restaurant_3
Group Id >>> 125
Event Time >>> 369.30387038532956
Simulation Clock >>> 314.5810210708919

Simulation Type >> Schedule 
Event Type >> ARRIVAL
Center Name >>> Restaurant_3
Group Id >>> 127
Event Time >>> 315.863743988409
Simulation Clock >>> 315.863743988409

Simulation Type >> Schedule 
Event Type >> ARRIVAL
Center Name >>> Restaurant_3
Group Id >>> 138
Event Time >>> 315.863743988409
Simulation Clock >>> 315.863743988409

Simulation Type >> Schedule 
Event Type >> END_PROCESS
Center Name >>> Restaurant_3
Group Id >>> 83
Event Time >>> 393.79695375454594
Simulation Clock >>> 318.25127746190594

Simulation Type >> Schedule 
Event Type >> END_PROCESS
Center Name >>> Restaurant_3
Group Id >>> 227
Event Time >>> 388.27304305628684
Simulation Clock >>> 322.93272103054244

Simulation Type >> Schedule 
Event Type >> ARRIVAL
Center Name >>> Restaurant_3
Group Id >>> 88
Event Time >>> 323.68297722550324
Simulation Clock >>> 323.68297722550324

Simulation Type >> Schedule 
Event Type >> END_PROCESS
Center Name >>> Restaurant_3
Group Id >>> 215
Event Time >>> 340.44464443100037
Simulation Clock >>> 329.7735182540847

Simulation Type >> Schedule 
Event Type >> ARRIVAL
Center Name >>> Restaurant_3
Group Id >>> 248
Event Time >>> 335.7450645663803
Simulation Clock >>> 335.7450645663803

Simulation Type >> Schedule 
Event Type >> END_PROCESS
Center Name >>> Restaurant_3
Group Id >>> 158
Event Time >>> 354.90577325188025
Simulation Clock >>> 338.97408735625305

Simulation Type >> Schedule 
Event Type >> END_PROCESS
Center Name >>> Restaurant_3
Group Id >>> 139
Event Time >>> 468.7874454187979
Simulation Clock >>> 339.91837066863286

Simulation Type >> Schedule 
Event Type >> END_PROCESS
Center Name >>> Restaurant_3
Group Id >>> 102
Event Time >>> 365.3775893017422
Simulation Clock >>> 339.91837066863286

Simulation Type >> Schedule 
Event Type >> ARRIVAL
Center Name >>> Restaurant_3
Group Id >>> 208
Event Time >>> 343.4017269342229
Simulation Clock >>> 343.4017269342229

Simulation Type >> Schedule 
Event Type >> END_PROCESS
Center Name >>> Restaurant_3
Group Id >>> 245
Event Time >>> 413.80077465232625
Simulation Clock >>> 347.9728581895007

Simulation Type >> Schedule 
Event Type >> ARRIVAL
Center Name >>> Restaurant_3
Group Id >>> 9
Event Time >>> 347.9728581895007
Simulation Clock >>> 347.9728581895007

Simulation Type >> Schedule 
Event Type >> END_PROCESS
Center Name >>> Restaurant_3
Group Id >>> 244
Event Time >>> 483.30875601997207
Simulation Clock >>> 350.83465328236923

Simulation Type >> Schedule 
Event Type >> END_PROCESS
Center Name >>> Restaurant_3
Group Id >>> 30
Event Time >>> 411.71793254861643
Simulation Clock >>> 350.83465328236923

Simulation Type >> Schedule 
Event Type >> ARRIVAL
Center Name >>> Restaurant_3
Group Id >>> 332
Event Time >>> 350.96110101799576
Simulation Clock >>> 350.96110101799576

Simulation Type >> Schedule 
Event Type >> END_PROCESS
Center Name >>> Restaurant_3
Group Id >>> 168
Event Time >>> 428.5406116336709
Simulation Clock >>> 351.1218428191766

Simulation Type >> Schedule 
Event Type >> END_PROCESS
Center Name >>> Restaurant_3
Group Id >>> 141
Event Time >>> 361.46920393228316
Simulation Clock >>> 351.1218428191766

Simulation Type >> Schedule 
Event Type >> END_PROCESS
Center Name >>> Restaurant_3
Group Id >>> 249
Event Time >>> 457.2974444022326
Simulation Clock >>> 352.48769980909947

Simulation Type >> Schedule 
Event Type >> END_PROCESS
Center Name >>> Restaurant_3
Group Id >>> 115
Event Time >>> 401.1923481433397
Simulation Clock >>> 353.73817805810415

Simulation Type >> Schedule 
Event Type >> ARRIVAL
Center Name >>> Restaurant_3
Group Id >>> 98
Event Time >>> 359.5214032403021
Simulation Clock >>> 359.5214032403021

Simulation Type >> Schedule 
Event Type >> END_PROCESS
Center Name >>> Restaurant_3
Group Id >>> 92
Event Time >>> 481.95757274545906
Simulation Clock >>> 361.46920393228316

Simulation Type >> Schedule 
Event Type >> END_PROCESS
Center Name >>> Restaurant_3
Group Id >>> 180
Event Time >>> 373.33094279682473
Simulation Clock >>> 361.574570195213

Simulation Type >> Schedule 
Event Type >> ARRIVAL
Center Name >>> Restaurant_3
Group Id >>> 148
Event Time >>> 362.1229672049563
Simulation Clock >>> 362.1229672049563

Simulation Type >> Schedule 
Event Type >> ARRIVAL
Center Name >>> Restaurant_3
Group Id >>> 297
Event Time >>> 363.8274253737791
Simulation Clock >>> 363.8274253737791

Simulation Type >> Schedule 
Event Type >> END_PROCESS
Center Name >>> Restaurant_3
Group Id >>> 255
Event Time >>> 460.2724084938159
Simulation Clock >>> 365.3775893017422

Simulation Type >> Schedule 
Event Type >> END_PROCESS
Center Name >>> Restaurant_3
Group Id >>> 190
Event Time >>> 407.5035727577547
Simulation Clock >>> 367.07211503685687

Simulation Type >> Schedule 
Event Type >> END_PROCESS
Center Name >>> Restaurant_3
Group Id >>> 183
Event Time >>> 398.33587867658997
Simulation Clock >>> 367.07211503685687

Simulation Type >> Schedule 
Event Type >> END_PROCESS
Center Name >>> Restaurant_3
Group Id >>> 145
Event Time >>> 383.63944181473573
Simulation Clock >>> 367.07211503685687

Simulation Type >> Schedule 
Event Type >> ARRIVAL
Center Name >>> Restaurant_3
Group Id >>> 359
Event Time >>> 368.049030558916
Simulation Clock >>> 368.049030558916

Simulation Type >> Schedule 
Event Type >> END_PROCESS
Center Name >>> Restaurant_3
Group Id >>> 259
Event Time >>> 437.88924032086135
Simulation Clock >>> 369.30387038532956

Simulation Type >> Schedule 
Event Type >> ARRIVAL
Center Name >>> Restaurant_3
Group Id >>> 339
Event Time >>> 370.4099900560999
Simulation Clock >>> 370.4099900560999

Simulation Type >> Schedule 
Event Type >> END_PROCESS
Center Name >>> Restaurant_3
Group Id >>> 37
Event Time >>> 394.79499548211163
Simulation Clock >>> 373.33094279682473

Simulation Type >> Schedule 
Event Type >> ARRIVAL
Center Name >>> Restaurant_3
Group Id >>> 122
Event Time >>> 374.68012586838614
Simulation Clock >>> 374.68012586838614

Simulation Type >> Schedule 
Event Type >> ARRIVAL
Center Name >>> Restaurant_3
Group Id >>> 268
Event Time >>> 374.79744021866435
Simulation Clock >>> 374.79744021866435

Simulation Type >> Schedule 
Event Type >> ARRIVAL
Center Name >>> Restaurant_3
Group Id >>> 294
Event Time >>> 375.40584831077024
Simulation Clock >>> 375.40584831077024

Simulation Type >> Schedule 
Event Type >> ARRIVAL
Center Name >>> Restaurant_3
Group Id >>> 217
Event Time >>> 377.39865259952
Simulation Clock >>> 377.39865259952

Simulation Type >> Schedule 
Event Type >> END_PROCESS
Center Name >>> Restaurant_3
Group Id >>> 282
Event Time >>> 506.1497277833766
Simulation Clock >>> 381.0010418525449

Simulation Type >> Schedule 
Event Type >> ARRIVAL
Center Name >>> Restaurant_3
Group Id >>> 206
Event Time >>> 383.0907037478646
Simulation Clock >>> 383.0907037478646

Simulation Type >> Schedule 
Event Type >> ARRIVAL
Center Name >>> Restaurant_3
Group Id >>> 379
Event Time >>> 387.8068231321454
Simulation Clock >>> 387.8068231321454

Simulation Type >> Schedule 
Event Type >> END_PROCESS
Center Name >>> Restaurant_3
Group Id >>> 283
Event Time >>> 492.0189311291658
Simulation Clock >>> 388.27304305628684

Simulation Type >> Schedule 
Event Type >> ARRIVAL
Center Name >>> Restaurant_3
Group Id >>> 381
Event Time >>> 394.6872913643942
Simulation Clock >>> 394.6872913643942

Simulation Type >> Schedule 
Event Type >> END_PROCESS
Center Name >>> Restaurant_3
Group Id >>> 132
Event Time >>> 501.94412454833173
Simulation Clock >>> 394.79499548211163

Simulation Type >> Schedule 
Event Type >> ARRIVAL
Center Name >>> Restaurant_3
Group Id >>> 351
Event Time >>> 394.9223722498071
Simulation Clock >>> 394.9223722498071

Simulation Type >> Schedule 
Event Type >> END_PROCESS
Center Name >>> Restaurant_3
Group Id >>> 288
Event Time >>> 413.4229008922241
Simulation Clock >>> 398.33587867658997

Simulation Type >> Schedule 
Event Type >> ARRIVAL
Center Name >>> Restaurant_3
Group Id >>> 363
Event Time >>> 400.77650758930486
Simulation Clock >>> 400.77650758930486

Simulation Type >> Schedule 
Event Type >> END_PROCESS
Center Name >>> Restaurant_3
Group Id >>> 221
Event Time >>> 432.4910898934323
Simulation Clock >>> 401.1923481433397

Simulation Type >> Schedule 
Event Type >> END_PROCESS
Center Name >>> Restaurant_3
Group Id >>> 286
Event Time >>> 461.41111955641026
Simulation Clock >>> 407.5035727577547

Simulation Type >> Schedule 
Event Type >> ARRIVAL
Center Name >>> Restaurant_3
Group Id >>> 334
Event Time >>> 412.7657855380989
Simulation Clock >>> 412.7657855380989

Simulation Type >> Schedule 
Event Type >> END_PROCESS
Center Name >>> Restaurant_3
Group Id >>> 179
Event Time >>> 513.0910259552505
Simulation Clock >>> 413.4229008922241

Simulation Type >> Schedule 
Event Type >> ARRIVAL
Center Name >>> Restaurant_3
Group Id >>> 288
Event Time >>> 413.4229008922241
Simulation Clock >>> 413.4229008922241

Simulation Type >> Schedule 
Event Type >> ARRIVAL
Center Name >>> Restaurant_3
Group Id >>> 231
Event Time >>> 413.5563990846733
Simulation Clock >>> 413.5563990846733

Simulation Type >> Schedule 
Event Type >> END_PROCESS
Center Name >>> Restaurant_3
Group Id >>> 197
Event Time >>> 465.2571678008232
Simulation Clock >>> 413.80077465232625

Simulation Type >> Schedule 
Event Type >> END_PROCESS
Center Name >>> Restaurant_3
Group Id >>> 127
Event Time >>> 445.3544457476387
Simulation Clock >>> 413.80077465232625

Simulation Type >> Schedule 
Event Type >> END_PROCESS
Center Name >>> Restaurant_3
Group Id >>> 138
Event Time >>> 567.317543854085
Simulation Clock >>> 414.63103231856786

Simulation Type >> Schedule 
Event Type >> ARRIVAL
Center Name >>> Restaurant_3
Group Id >>> 358
Event Time >>> 415.7980877534512
Simulation Clock >>> 415.7980877534512

Simulation Type >> Schedule 
Event Type >> ARRIVAL
Center Name >>> Restaurant_3
Group Id >>> 192
Event Time >>> 421.8326030113055
Simulation Clock >>> 421.8326030113055

Simulation Type >> Schedule 
Event Type >> ARRIVAL
Center Name >>> Restaurant_3
Group Id >>> 378
Event Time >>> 424.73252051255474
Simulation Clock >>> 424.73252051255474

Simulation Type >> Schedule 
Event Type >> ARRIVAL
Center Name >>> Restaurant_3
Group Id >>> 350
Event Time >>> 426.5157708041637
Simulation Clock >>> 426.5157708041637

Simulation Type >> Schedule 
Event Type >> END_PROCESS
Center Name >>> Restaurant_3
Group Id >>> 88
Event Time >>> 473.8397771085268
Simulation Clock >>> 428.5406116336709

Simulation Type >> Schedule 
Event Type >> END_PROCESS
Center Name >>> Restaurant_3
Group Id >>> 248
Event Time >>> 447.5447708257618
Simulation Clock >>> 428.5406116336709

Simulation Type >> Schedule 
Event Type >> ARRIVAL
Center Name >>> Restaurant_3
Group Id >>> 357
Event Time >>> 436.47261760384504
Simulation Clock >>> 436.47261760384504

Simulation Type >> Schedule 
Event Type >> END_PROCESS
Center Name >>> Restaurant_3
Group Id >>> 208
Event Time >>> 516.9626860056377
Simulation Clock >>> 437.88924032086135

Simulation Type >> Schedule 
Event Type >> ARRIVAL
Center Name >>> Restaurant_3
Group Id >>> 221
Event Time >>> 440.20188468508684
Simulation Clock >>> 440.20188468508684

Simulation Type >> Schedule 
Event Type >> ARRIVAL
Center Name >>> Restaurant_3
Group Id >>> 251
Event Time >>> 442.4488431017336
Simulation Clock >>> 442.4488431017336

Simulation Type >> Schedule 
Event Type >> ARRIVAL
Center Name >>> Restaurant_3
Group Id >>> 278
Event Time >>> 443.041162972207
Simulation Clock >>> 443.041162972207

Simulation Type >> Schedule 
Event Type >> END_PROCESS
Center Name >>> Restaurant_3
Group Id >>> 9
Event Time >>> 538.2252580486369
Simulation Clock >>> 445.3544457476387

Simulation Type >> Schedule 
Event Type >> END_PROCESS
Center Name >>> Restaurant_3
Group Id >>> 332
Event Time >>> 472.14667834059776
Simulation Clock >>> 445.3544457476387

Simulation Type >> Schedule 
Event Type >> ARRIVAL
Center Name >>> Restaurant_3
Group Id >>> 346
Event Time >>> 445.6380007292336
Simulation Clock >>> 445.6380007292336

Simulation Type >> Schedule 
Event Type >> ARRIVAL
Center Name >>> Restaurant_3
Group Id >>> 425
Event Time >>> 448.7215281914123
Simulation Clock >>> 448.7215281914123

Simulation Type >> Schedule 
Event Type >> ARRIVAL
Center Name >>> Restaurant_3
Group Id >>> 23
Event Time >>> 448.8280735973415
Simulation Clock >>> 448.8280735973415

Simulation Type >> Schedule 
Event Type >> ARRIVAL
Center Name >>> Restaurant_3
Group Id >>> 433
Event Time >>> 455.8570052267009
Simulation Clock >>> 455.8570052267009

Simulation Type >> Schedule 
Event Type >> END_PROCESS
Center Name >>> Restaurant_3
Group Id >>> 98
Event Time >>> 526.9461812198313
Simulation Clock >>> 457.2974444022326

Simulation Type >> Schedule 
Event Type >> ARRIVAL
Center Name >>> Restaurant_3
Group Id >>> 426
Event Time >>> 458.5713081457068
Simulation Clock >>> 458.5713081457068

Simulation Type >> Schedule 
Event Type >> END_PROCESS
Center Name >>> Restaurant_3
Group Id >>> 148
Event Time >>> 498.77736187751907
Simulation Clock >>> 460.2724084938159

Simulation Type >> Schedule 
Event Type >> END_PROCESS
Center Name >>> Restaurant_3
Group Id >>> 297
Event Time >>> 601.6905455258877
Simulation Clock >>> 461.41111955641026

Simulation Type >> Schedule 
Event Type >> END_PROCESS
Center Name >>> Restaurant_3
Group Id >>> 359
Event Time >>> 535.4966058800228
Simulation Clock >>> 461.41111955641026

Simulation Type >> Schedule 
Event Type >> END_PROCESS
Center Name >>> Restaurant_3
Group Id >>> 339
Event Time >>> 604.9356813918376
Simulation Clock >>> 468.7874454187979

Simulation Type >> Schedule 
Event Type >> ARRIVAL
Center Name >>> Restaurant_3
Group Id >>> 183
Event Time >>> 470.5952404695575
Simulation Clock >>> 470.5952404695575

Simulation Type >> Schedule 
Event Type >> END_PROCESS
Center Name >>> Restaurant_3
Group Id >>> 122
Event Time >>> 512.6462298745518
Simulation Clock >>> 472.14667834059776

Simulation Type >> Schedule 
Event Type >> ARRIVAL
Center Name >>> Restaurant_3
Group Id >>> 454
Event Time >>> 473.1107034687968
Simulation Clock >>> 473.1107034687968

Simulation Type >> Schedule 
Event Type >> END_PROCESS
Center Name >>> Restaurant_3
Group Id >>> 268
Event Time >>> 485.1238089398528
Simulation Clock >>> 473.8397771085268

Simulation Type >> Schedule 
Event Type >> END_PROCESS
Center Name >>> Restaurant_3
Group Id >>> 294
Event Time >>> 496.84083698109123
Simulation Clock >>> 473.8397771085268

Simulation Type >> Schedule 
Event Type >> ARRIVAL
Center Name >>> Restaurant_3
Group Id >>> 117
Event Time >>> 478.4885861569597
Simulation Clock >>> 478.4885861569597

Simulation Type >> Schedule 
Event Type >> END_PROCESS
Center Name >>> Restaurant_3
Group Id >>> 217
Event Time >>> 542.3603441384838
Simulation Clock >>> 481.95757274545906

Simulation Type >> Schedule 
Event Type >> END_PROCESS
Center Name >>> Restaurant_3
Group Id >>> 206
Event Time >>> 502.8287378239981
Simulation Clock >>> 481.95757274545906

Simulation Type >> Schedule 
Event Type >> END_PROCESS
Center Name >>> Restaurant_3
Group Id >>> 379
Event Time >>> 627.3515337249983
Simulation Clock >>> 483.30875601997207

Simulation Type >> Schedule 
Event Type >> ARRIVAL
Center Name >>> Restaurant_3
Group Id >>> 400
Event Time >>> 485.65101707765245
Simulation Clock >>> 485.65101707765245

Simulation Type >> Schedule 
Event Type >> ARRIVAL
Center Name >>> Restaurant_3
Group Id >>> 17
Event Time >>> 489.2691036830795
Simulation Clock >>> 489.2691036830795

Simulation Type >> Schedule 
Event Type >> ARRIVAL
Center Name >>> Restaurant_3
Group Id >>> 458
Event Time >>> 491.2086752782345
Simulation Clock >>> 491.2086752782345

Simulation Type >> Schedule 
Event Type >> END_PROCESS
Center Name >>> Restaurant_3
Group Id >>> 381
Event Time >>> 538.3264642360757
Simulation Clock >>> 492.0189311291658

Simulation Type >> Schedule 
Event Type >> END_PROCESS
Center Name >>> Restaurant_3
Group Id >>> 351
Event Time >>> 573.8801384196538
Simulation Clock >>> 492.0189311291658

Simulation Type >> Schedule 
Event Type >> END_PROCESS
Center Name >>> Restaurant_3
Group Id >>> 363
Event Time >>> 509.0751176529461
Simulation Clock >>> 492.0189311291658

Simulation Type >> Schedule 
Event Type >> ARRIVAL
Center Name >>> Restaurant_3
Group Id >>> 66
Event Time >>> 498.1286033861955
Simulation Clock >>> 498.1286033861955

Simulation Type >> Schedule 
Event Type >> ARRIVAL
Center Name >>> Restaurant_3
Group Id >>> 93
Event Time >>> 500.1026873251004
Simulation Clock >>> 500.1026873251004

Simulation Type >> Schedule 
Event Type >> ARRIVAL
Center Name >>> Restaurant_3
Group Id >>> 353
Event Time >>> 500.6211188907848
Simulation Clock >>> 500.6211188907848

Simulation Type >> Schedule 
Event Type >> END_PROCESS
Center Name >>> Restaurant_3
Group Id >>> 334
Event Time >>> 636.2019503449442
Simulation Clock >>> 501.94412454833173

Simulation Type >> Schedule 
Event Type >> END_PROCESS
Center Name >>> Restaurant_3
Group Id >>> 288
Event Time >>> 514.7311285883211
Simulation Clock >>> 501.94412454833173

Simulation Type >> Schedule 
Event Type >> ARRIVAL
Center Name >>> Restaurant_3
Group Id >>> 492
Event Time >>> 502.34896718461636
Simulation Clock >>> 502.34896718461636

Simulation Type >> Schedule 
Event Type >> END_PROCESS
Center Name >>> Restaurant_3
Group Id >>> 231
Event Time >>> 583.1328380954541
Simulation Clock >>> 502.8287378239981

Simulation Type >> Schedule 
Event Type >> ARRIVAL
Center Name >>> Restaurant_3
Group Id >>> 249
Event Time >>> 505.9943586370916
Simulation Clock >>> 505.9943586370916

Simulation Type >> Schedule 
Event Type >> END_PROCESS
Center Name >>> Restaurant_3
Group Id >>> 358
Event Time >>> 537.3566430554071
Simulation Clock >>> 506.1497277833766

Simulation Type >> Schedule 
Event Type >> END_PROCESS
Center Name >>> Restaurant_3
Group Id >>> 192
Event Time >>> 578.6674682409364
Simulation Clock >>> 506.1497277833766

Simulation Type >> Schedule 
Event Type >> ARRIVAL
Center Name >>> Restaurant_3
Group Id >>> 430
Event Time >>> 508.9264199571624
Simulation Clock >>> 508.9264199571624

Simulation Type >> Schedule 
Event Type >> ARRIVAL
Center Name >>> Restaurant_3
Group Id >>> 371
Event Time >>> 509.7857279297719
Simulation Clock >>> 509.7857279297719

Simulation Type >> Schedule 
Event Type >> ARRIVAL
Center Name >>> Restaurant_3
Group Id >>> 411
Event Time >>> 509.7857279297719
Simulation Clock >>> 509.7857279297719

Simulation Type >> Schedule 
Event Type >> ARRIVAL
Center Name >>> Restaurant_3
Group Id >>> 263
Event Time >>> 512.4993812223157
Simulation Clock >>> 512.4993812223157

Simulation Type >> Schedule 
Event Type >> END_PROCESS
Center Name >>> Restaurant_3
Group Id >>> 378
Event Time >>> 577.71057819904
Simulation Clock >>> 513.0910259552505

Simulation Type >> Schedule 
Event Type >> ARRIVAL
Center Name >>> Restaurant_3
Group Id >>> 18
Event Time >>> 514.0155441399288
Simulation Clock >>> 514.0155441399288

Simulation Type >> Schedule 
Event Type >> END_PROCESS
Center Name >>> Restaurant_3
Group Id >>> 350
Event Time >>> 620.2052152089211
Simulation Clock >>> 514.7311285883211

Simulation Type >> Schedule 
Event Type >> END_PROCESS
Center Name >>> Restaurant_3
Group Id >>> 357
Event Time >>> 559.6635129982449
Simulation Clock >>> 516.9626860056377

Simulation Type >> Schedule 
Event Type >> ARRIVAL
Center Name >>> Restaurant_3
Group Id >>> 498
Event Time >>> 520.0784571971195
Simulation Clock >>> 520.0784571971195

Simulation Type >> Schedule 
Event Type >> ARRIVAL
Center Name >>> Restaurant_3
Group Id >>> 465
Event Time >>> 521.2526064452509
Simulation Clock >>> 521.2526064452509

Simulation Type >> Schedule 
Event Type >> ARRIVAL
Center Name >>> Restaurant_3
Group Id >>> 488
Event Time >>> 525.8972705626865
Simulation Clock >>> 525.8972705626865

Simulation Type >> Schedule 
Event Type >> END_PROCESS
Center Name >>> Restaurant_3
Group Id >>> 221
Event Time >>> 548.0260213123225
Simulation Clock >>> 526.9461812198313

Simulation Type >> Schedule 
Event Type >> END_PROCESS
Center Name >>> Restaurant_3
Group Id >>> 251
Event Time >>> 564.3878381899902
Simulation Clock >>> 526.9461812198313

Simulation Type >> Schedule 
Event Type >> ARRIVAL
Center Name >>> Restaurant_3
Group Id >>> 501
Event Time >>> 528.0585618964237
Simulation Clock >>> 528.0585618964237

Simulation Type >> Schedule 
Event Type >> ARRIVAL
Center Name >>> Restaurant_3
Group Id >>> 473
Event Time >>> 531.0992997300376
Simulation Clock >>> 531.0992997300376

Simulation Type >> Schedule 
Event Type >> END_PROCESS
Center Name >>> Restaurant_3
Group Id >>> 278
Event Time >>> 610.461414606224
Simulation Clock >>> 535.4966058800228

Simulation Type >> Schedule 
Event Type >> END_PROCESS
Center Name >>> Restaurant_3
Group Id >>> 346
Event Time >>> 587.0681598993814
Simulation Clock >>> 537.3566430554071

Simulation Type >> Schedule 
Event Type >> END_PROCESS
Center Name >>> Restaurant_3
Group Id >>> 425
Event Time >>> 657.338665533644
Simulation Clock >>> 538.3264642360757

Simulation Type >> Schedule 
Event Type >> END_PROCESS
Center Name >>> Restaurant_3
Group Id >>> 23
Event Time >>> 616.0908659616379
Simulation Clock >>> 542.3603441384838

Simulation Type >> Schedule 
Event Type >> ARRIVAL
Center Name >>> Restaurant_3
Group Id >>> 508
Event Time >>> 544.1135810708114
Simulation Clock >>> 544.1135810708114

Simulation Type >> Schedule 
Event Type >> ARRIVAL
Center Name >>> Restaurant_3
Group Id >>> 122
Event Time >>> 544.1135810708114
Simulation Clock >>> 544.1135810708114

Simulation Type >> Schedule 
Event Type >> ARRIVAL
Center Name >>> Restaurant_3
Group Id >>> 191
Event Time >>> 545.4478315572294
Simulation Clock >>> 545.4478315572294

Simulation Type >> Schedule 
Event Type >> ARRIVAL
Center Name >>> Restaurant_3
Group Id >>> 235
Event Time >>> 550.2269793613362
Simulation Clock >>> 550.2269793613362

Simulation Type >> Schedule 
Event Type >> ARRIVAL
Center Name >>> Restaurant_3
Group Id >>> 266
Event Time >>> 555.2930478675758
Simulation Clock >>> 555.2930478675758

Simulation Type >> Schedule 
Event Type >> ARRIVAL
Center Name >>> Restaurant_3
Group Id >>> 157
Event Time >>> 555.2930478675758
Simulation Clock >>> 555.2930478675758

Simulation Type >> Schedule 
Event Type >> ARRIVAL
Center Name >>> Restaurant_3
Group Id >>> 356
Event Time >>> 557.8494723327971
Simulation Clock >>> 557.8494723327971

Simulation Type >> Schedule 
Event Type >> ARRIVAL
Center Name >>> Restaurant_3
Group Id >>> 536
Event Time >>> 557.8494723327971
Simulation Clock >>> 557.8494723327971

Simulation Type >> Schedule 
Event Type >> END_PROCESS
Center Name >>> Restaurant_3
Group Id >>> 433
Event Time >>> 617.2748682804302
Simulation Clock >>> 559.6635129982449

Simulation Type >> Schedule 
Event Type >> ARRIVAL
Center Name >>> Restaurant_3
Group Id >>> 330
Event Time >>> 562.3424048009808
Simulation Clock >>> 562.3424048009808

Simulation Type >> Schedule 
Event Type >> END_PROCESS
Center Name >>> Restaurant_3
Group Id >>> 426
Event Time >>> 662.7791965872199
Simulation Clock >>> 567.317543854085

Simulation Type >> Schedule 
Event Type >> END_PROCESS
Center Name >>> Restaurant_3
Group Id >>> 183
Event Time >>> 597.1305709052754
Simulation Clock >>> 567.317543854085

Simulation Type >> Schedule 
Event Type >> END_PROCESS
Center Name >>> Restaurant_3
Group Id >>> 454
Event Time >>> 628.8895138826884
Simulation Clock >>> 567.317543854085

Simulation Type >> Schedule 
Event Type >> ARRIVAL
Center Name >>> Restaurant_3
Group Id >>> 398
Event Time >>> 568.4204166864961
Simulation Clock >>> 568.4204166864961

Simulation Type >> Schedule 
Event Type >> ARRIVAL
Center Name >>> Restaurant_3
Group Id >>> 510
Event Time >>> 569.3375369019994
Simulation Clock >>> 569.3375369019994

Simulation Type >> Schedule 
Event Type >> ARRIVAL
Center Name >>> Restaurant_3
Group Id >>> 545
Event Time >>> 571.5627865332019
Simulation Clock >>> 571.5627865332019

Simulation Type >> Schedule 
Event Type >> END_PROCESS
Center Name >>> Restaurant_3
Group Id >>> 117
Event Time >>> 682.5584392793762
Simulation Clock >>> 573.8801384196538

Simulation Type >> Schedule 
Event Type >> ARRIVAL
Center Name >>> Restaurant_3
Group Id >>> 475
Event Time >>> 574.8637821441075
Simulation Clock >>> 574.8637821441075

Simulation Type >> Schedule 
Event Type >> END_PROCESS
Center Name >>> Restaurant_3
Group Id >>> 400
Event Time >>> 637.8844446405943
Simulation Clock >>> 577.71057819904

Simulation Type >> Schedule 
Event Type >> ARRIVAL
Center Name >>> Restaurant_3
Group Id >>> 98
Event Time >>> 580.4897981804295
Simulation Clock >>> 580.4897981804295

Simulation Type >> Schedule 
Event Type >> END_PROCESS
Center Name >>> Restaurant_3
Group Id >>> 17
Event Time >>> 701.7235887005971
Simulation Clock >>> 583.1328380954541

Simulation Type >> Schedule 
Event Type >> ARRIVAL
Center Name >>> Restaurant_3
Group Id >>> 397
Event Time >>> 586.393246117546
Simulation Clock >>> 586.393246117546

Simulation Type >> Schedule 
Event Type >> ARRIVAL
Center Name >>> Restaurant_3
Group Id >>> 526
Event Time >>> 586.393246117546
Simulation Clock >>> 586.393246117546

Simulation Type >> Schedule 
Event Type >> ARRIVAL
Center Name >>> Restaurant_3
Group Id >>> 521
Event Time >>> 586.6421424257312
Simulation Clock >>> 586.6421424257312

Simulation Type >> Schedule 
Event Type >> END_PROCESS
Center Name >>> Restaurant_3
Group Id >>> 458
Event Time >>> 731.2530317642288
Simulation Clock >>> 597.1305709052754

Simulation Type >> Schedule 
Event Type >> END_PROCESS
Center Name >>> Restaurant_3
Group Id >>> 66
Event Time >>> 615.4981400763388
Simulation Clock >>> 597.1305709052754

Simulation Type >> Schedule 
Event Type >> ARRIVAL
Center Name >>> Restaurant_3
Group Id >>> 548
Event Time >>> 599.9254498263755
Simulation Clock >>> 599.9254498263755

Simulation Type >> Schedule 
Event Type >> END_PROCESS
Center Name >>> Restaurant_3
Group Id >>> 93
Event Time >>> 689.1421967374604
Simulation Clock >>> 601.6905455258877

Simulation Type >> Schedule 
Event Type >> ARRIVAL
Center Name >>> Restaurant_3
Group Id >>> 322
Event Time >>> 604.2123472371678
Simulation Clock >>> 604.2123472371678

Simulation Type >> Schedule 
Event Type >> ARRIVAL
Center Name >>> Restaurant_3
Group Id >>> 319
Event Time >>> 604.3850372206848
Simulation Clock >>> 604.3850372206848

Simulation Type >> Schedule 
Event Type >> END_PROCESS
Center Name >>> Restaurant_3
Group Id >>> 353
Event Time >>> 641.9315440755827
Simulation Clock >>> 604.9356813918376

Simulation Type >> Schedule 
Event Type >> END_PROCESS
Center Name >>> Restaurant_3
Group Id >>> 492
Event Time >>> 667.9858241340887
Simulation Clock >>> 604.9356813918376

Simulation Type >> Schedule 
Event Type >> ARRIVAL
Center Name >>> Restaurant_3
Group Id >>> 150
Event Time >>> 607.3338162227884
Simulation Clock >>> 607.3338162227884

Simulation Type >> Schedule 
Event Type >> ARRIVAL
Center Name >>> Restaurant_3
Group Id >>> 285
Event Time >>> 607.3338162227884
Simulation Clock >>> 607.3338162227884

Simulation Type >> Schedule 
Event Type >> ARRIVAL
Center Name >>> Restaurant_3
Group Id >>> 529
Event Time >>> 607.389677143561
Simulation Clock >>> 607.389677143561

Simulation Type >> Schedule 
Event Type >> ARRIVAL
Center Name >>> Restaurant_3
Group Id >>> 559
Event Time >>> 608.8506853154521
Simulation Clock >>> 608.8506853154521

Simulation Type >> Schedule 
Event Type >> ARRIVAL
Center Name >>> Restaurant_3
Group Id >>> 538
Event Time >>> 610.3633943010449
Simulation Clock >>> 610.3633943010449

Simulation Type >> Schedule 
Event Type >> END_PROCESS
Center Name >>> Restaurant_3
Group Id >>> 249
Event Time >>> 690.6218814113992
Simulation Clock >>> 610.461414606224

Simulation Type >> Schedule 
Event Type >> ARRIVAL
Center Name >>> Restaurant_3
Group Id >>> 485
Event Time >>> 610.5342127948886
Simulation Clock >>> 610.5342127948886

Simulation Type >> Schedule 
Event Type >> ARRIVAL
Center Name >>> Restaurant_3
Group Id >>> 424
Event Time >>> 614.6975797731432
Simulation Clock >>> 614.6975797731432

Simulation Type >> Schedule 
Event Type >> ARRIVAL
Center Name >>> Restaurant_3
Group Id >>> 179
Event Time >>> 616.8849353120406
Simulation Clock >>> 616.8849353120406

Simulation Type >> Schedule 
Event Type >> ARRIVAL
Center Name >>> Restaurant_3
Group Id >>> 369
Event Time >>> 616.8849353120406
Simulation Clock >>> 616.8849353120406

Simulation Type >> Schedule 
Event Type >> ARRIVAL
Center Name >>> Restaurant_3
Group Id >>> 609
Event Time >>> 617.0161926687948
Simulation Clock >>> 617.0161926687948

Simulation Type >> Schedule 
Event Type >> END_PROCESS
Center Name >>> Restaurant_3
Group Id >>> 430
Event Time >>> 731.7990717608956
Simulation Clock >>> 617.2748682804302

Simulation Type >> Schedule 
Event Type >> ARRIVAL
Center Name >>> Restaurant_3
Group Id >>> 416
Event Time >>> 618.9469672968843
Simulation Clock >>> 618.9469672968843

Simulation Type >> Schedule 
Event Type >> END_PROCESS
Center Name >>> Restaurant_3
Group Id >>> 371
Event Time >>> 738.0314207558079
Simulation Clock >>> 620.2052152089211

Simulation Type >> Schedule 
Event Type >> ARRIVAL
Center Name >>> Restaurant_3
Group Id >>> 573
Event Time >>> 623.7334186146204
Simulation Clock >>> 623.7334186146204

Simulation Type >> Schedule 
Event Type >> ARRIVAL
Center Name >>> Restaurant_3
Group Id >>> 246
Event Time >>> 623.8898228277421
Simulation Clock >>> 623.8898228277421

Simulation Type >> Schedule 
Event Type >> ARRIVAL
Center Name >>> Restaurant_3
Group Id >>> 613
Event Time >>> 625.0369101465033
Simulation Clock >>> 625.0369101465033

Simulation Type >> Schedule 
Event Type >> ARRIVAL
Center Name >>> Restaurant_3
Group Id >>> 335
Event Time >>> 625.9109483670062
Simulation Clock >>> 625.9109483670062

Simulation Type >> Schedule 
Event Type >> ARRIVAL
Center Name >>> Restaurant_3
Group Id >>> 554
Event Time >>> 625.9539384173675
Simulation Clock >>> 625.9539384173675

Simulation Type >> Schedule 
Event Type >> ARRIVAL
Center Name >>> Restaurant_3
Group Id >>> 165
Event Time >>> 626.933183463807
Simulation Clock >>> 626.933183463807

Simulation Type >> Schedule 
Event Type >> END_PROCESS
Center Name >>> Restaurant_3
Group Id >>> 411
Event Time >>> 794.7154817169152
Simulation Clock >>> 627.3515337249983

Simulation Type >> Schedule 
Event Type >> END_PROCESS
Center Name >>> Restaurant_3
Group Id >>> 263
Event Time >>> 646.1265714182423
Simulation Clock >>> 628.8895138826884

Simulation Type >> Schedule 
Event Type >> END_PROCESS
Center Name >>> Restaurant_3
Group Id >>> 18
Event Time >>> 668.9067087610064
Simulation Clock >>> 628.8895138826884

Simulation Type >> Schedule 
Event Type >> ARRIVAL
Center Name >>> Restaurant_3
Group Id >>> 116
Event Time >>> 629.4595358093562
Simulation Clock >>> 629.4595358093562

Simulation Type >> Schedule 
Event Type >> ARRIVAL
Center Name >>> Restaurant_3
Group Id >>> 608
Event Time >>> 631.249971292705
Simulation Clock >>> 631.249971292705

Simulation Type >> Schedule 
Event Type >> ARRIVAL
Center Name >>> Restaurant_3
Group Id >>> 102
Event Time >>> 633.2540916492839
Simulation Clock >>> 633.2540916492839

Simulation Type >> Schedule 
Event Type >> ARRIVAL
Center Name >>> Restaurant_3
Group Id >>> 605
Event Time >>> 637.8444868272106
Simulation Clock >>> 637.8444868272106

Simulation Type >> Schedule 
Event Type >> END_PROCESS
Center Name >>> Restaurant_3
Group Id >>> 498
Event Time >>> 795.4158800359671
Simulation Clock >>> 637.8844446405943

Simulation Type >> Schedule 
Event Type >> ARRIVAL
Center Name >>> Restaurant_3
Group Id >>> 610
Event Time >>> 638.8131128027986
Simulation Clock >>> 638.8131128027986

Simulation Type >> Schedule 
Event Type >> ARRIVAL
Center Name >>> Restaurant_3
Group Id >>> 184
Event Time >>> 638.8131128027986
Simulation Clock >>> 638.8131128027986

Simulation Type >> Schedule 
Event Type >> ARRIVAL
Center Name >>> Restaurant_3
Group Id >>> 614
Event Time >>> 639.4983250055471
Simulation Clock >>> 639.4983250055471

Simulation Type >> Schedule 
Event Type >> END_PROCESS
Center Name >>> Restaurant_3
Group Id >>> 465
Event Time >>> 697.4415274305339
Simulation Clock >>> 641.9315440755827

Simulation Type >> Schedule 
Event Type >> ARRIVAL
Center Name >>> Restaurant_3
Group Id >>> 625
Event Time >>> 650.4235707407817
Simulation Clock >>> 650.4235707407817

Simulation Type >> Schedule 
Event Type >> ARRIVAL
Center Name >>> Restaurant_3
Group Id >>> 631
Event Time >>> 652.1505815947683
Simulation Clock >>> 652.1505815947683

Simulation Type >> Schedule 
Event Type >> ARRIVAL
Center Name >>> Restaurant_3
Group Id >>> 635
Event Time >>> 654.3120796029764
Simulation Clock >>> 654.3120796029764

Simulation Type >> Schedule 
Event Type >> END_PROCESS
Center Name >>> Restaurant_3
Group Id >>> 488
Event Time >>> 715.2638870149697
Simulation Clock >>> 657.338665533644

Simulation Type >> Schedule 
Event Type >> END_PROCESS
Center Name >>> Restaurant_3
Group Id >>> 501
Event Time >>> 799.5114467304033
Simulation Clock >>> 662.7791965872199

Simulation Type >> Schedule 
Event Type >> END_PROCESS
Center Name >>> Restaurant_3
Group Id >>> 473
Event Time >>> 791.3533703723019
Simulation Clock >>> 668.9067087610064

Simulation Type >> Schedule 
Event Type >> ARRIVAL
Center Name >>> Restaurant_3
Group Id >>> 646
Event Time >>> 669.462221622469
Simulation Clock >>> 669.462221622469

Simulation Type >> Schedule 
Event Type >> END_PROCESS
Center Name >>> Restaurant_3
Group Id >>> 508
Event Time >>> 825.3610781299249
Simulation Clock >>> 682.5584392793762

Simulation Type >> Schedule 
Event Type >> END_PROCESS
Center Name >>> Restaurant_3
Group Id >>> 122
Event Time >>> 728.9596797992999
Simulation Clock >>> 689.1421967374604

Simulation Type >> Schedule 
Event Type >> END_PROCESS
Center Name >>> Restaurant_3
Group Id >>> 191
Event Time >>> 772.0169935018615
Simulation Clock >>> 689.1421967374604

Simulation Type >> Schedule 
Event Type >> END_PROCESS
Center Name >>> Restaurant_3
Group Id >>> 235
Event Time >>> 730.3477271747313
Simulation Clock >>> 690.6218814113992

Simulation Type >> Schedule 
Event Type >> END_PROCESS
Center Name >>> Restaurant_3
Group Id >>> 266
Event Time >>> 730.0731441198969
Simulation Clock >>> 690.6218814113992

Simulation Type >> Schedule 
Event Type >> ARRIVAL
Center Name >>> Restaurant_3
Group Id >>> 402
Event Time >>> 691.6724957998492
Simulation Clock >>> 691.6724957998492

Simulation Type >> Schedule 
Event Type >> ARRIVAL
Center Name >>> Restaurant_3
Group Id >>> 93
Event Time >>> 694.0407717102592
Simulation Clock >>> 694.0407717102592

Simulation Type >> Schedule 
Event Type >> ARRIVAL
Center Name >>> Restaurant_3
Group Id >>> 227
Event Time >>> 695.4047005742075
Simulation Clock >>> 695.4047005742075

Simulation Type >> Schedule 
Event Type >> ARRIVAL
Center Name >>> Restaurant_3
Group Id >>> 676
Event Time >>> 696.925192492212
Simulation Clock >>> 696.925192492212

Simulation Type >> Schedule 
Event Type >> END_PROCESS
Center Name >>> Restaurant_3
Group Id >>> 157
Event Time >>> 739.3437293288844
Simulation Clock >>> 697.4415274305339

Simulation Type >> Schedule 
Event Type >> ARRIVAL
Center Name >>> Restaurant_3
Group Id >>> 684
Event Time >>> 699.0297011892051
Simulation Clock >>> 699.0297011892051

Simulation Type >> Schedule 
Event Type >> END_PROCESS
Center Name >>> Restaurant_3
Group Id >>> 356
Event Time >>> 795.2870945278431
Simulation Clock >>> 701.7235887005971

Simulation Type >> Schedule 
Event Type >> ARRIVAL
Center Name >>> Restaurant_3
Group Id >>> 298
Event Time >>> 708.1341045675306
Simulation Clock >>> 708.1341045675306

Simulation Type >> Schedule 
Event Type >> ARRIVAL
Center Name >>> Restaurant_3
Group Id >>> 688
Event Time >>> 708.1341045675306
Simulation Clock >>> 708.1341045675306

Simulation Type >> Schedule 
Event Type >> ARRIVAL
Center Name >>> Restaurant_3
Group Id >>> 583
Event Time >>> 709.7243391484536
Simulation Clock >>> 709.7243391484536

Simulation Type >> Schedule 
Event Type >> ARRIVAL
Center Name >>> Restaurant_3
Group Id >>> 17
Event Time >>> 711.6928472031071
Simulation Clock >>> 711.6928472031071

Simulation Type >> Schedule 
Event Type >> ARRIVAL
Center Name >>> Restaurant_3
Group Id >>> 695
Event Time >>> 713.7771984289024
Simulation Clock >>> 713.7771984289024

Simulation Type >> Schedule 
Event Type >> ARRIVAL
Center Name >>> Restaurant_3
Group Id >>> 700
Event Time >>> 715.1335141531982
Simulation Clock >>> 715.1335141531982

Simulation Type >> Schedule 
Event Type >> END_PROCESS
Center Name >>> Restaurant_3
Group Id >>> 536
Event Time >>> 803.9226102308489
Simulation Clock >>> 715.2638870149697

Simulation Type >> Schedule 
Event Type >> ARRIVAL
Center Name >>> Restaurant_3
Group Id >>> 297
Event Time >>> 718.7132947933392
Simulation Clock >>> 718.7132947933392

Simulation Type >> Schedule 
Event Type >> ARRIVAL
Center Name >>> Restaurant_3
Group Id >>> 721
Event Time >>> 727.7800997026533
Simulation Clock >>> 727.7800997026533

Simulation Type >> Schedule 
Event Type >> END_PROCESS
Center Name >>> Restaurant_3
Group Id >>> 330
Event Time >>> 855.30149782852
Simulation Clock >>> 730.0731441198969

Simulation Type >> Schedule 
Event Type >> END_PROCESS
Center Name >>> Restaurant_3
Group Id >>> 398
Event Time >>> 849.1149007119088
Simulation Clock >>> 731.2530317642288

Simulation Type >> Schedule 
Event Type >> END_PROCESS
Center Name >>> Restaurant_3
Group Id >>> 510
Event Time >>> 880.6858985763922
Simulation Clock >>> 731.7990717608956

Simulation Type >> Schedule 
Event Type >> END_PROCESS
Center Name >>> Restaurant_3
Group Id >>> 545
Event Time >>> 746.3012231153455
Simulation Clock >>> 731.7990717608956

Simulation Type >> Schedule 
Event Type >> ARRIVAL
Center Name >>> Restaurant_3
Group Id >>> 651
Event Time >>> 732.3554401495015
Simulation Clock >>> 732.3554401495015

Simulation Type >> Schedule 
Event Type >> ARRIVAL
Center Name >>> Restaurant_3
Group Id >>> 720
Event Time >>> 732.3688835618639
Simulation Clock >>> 732.3688835618639

Simulation Type >> Schedule 
Event Type >> END_PROCESS
Center Name >>> Restaurant_3
Group Id >>> 475
Event Time >>> 804.7715740045744
Simulation Clock >>> 738.0314207558079

Simulation Type >> Schedule 
Event Type >> END_PROCESS
Center Name >>> Restaurant_3
Group Id >>> 98
Event Time >>> 801.9688919639414
Simulation Clock >>> 738.0314207558079

Simulation Type >> Schedule 
Event Type >> ARRIVAL
Center Name >>> Restaurant_3
Group Id >>> 572
Event Time >>> 741.7238860763355
Simulation Clock >>> 741.7238860763355

Simulation Type >> Schedule 
Event Type >> ARRIVAL
Center Name >>> Restaurant_3
Group Id >>> 371
Event Time >>> 742.0619491003937
Simulation Clock >>> 742.0619491003937

Simulation Type >> Schedule 
Event Type >> ARRIVAL
Center Name >>> Restaurant_3
Group Id >>> 702
Event Time >>> 742.4122710689383
Simulation Clock >>> 742.4122710689383

Simulation Type >> Schedule 
Event Type >> ARRIVAL
Center Name >>> Restaurant_3
Group Id >>> 563
Event Time >>> 745.1258935614804
Simulation Clock >>> 745.1258935614804

Simulation Type >> Schedule 
Event Type >> ARRIVAL
Center Name >>> Restaurant_3
Group Id >>> 727
Event Time >>> 763.9792065647146
Simulation Clock >>> 763.9792065647146

Simulation Type >> Schedule 
Event Type >> ARRIVAL
Center Name >>> Restaurant_3
Group Id >>> 627
Event Time >>> 764.9020625716487
Simulation Clock >>> 764.9020625716487

Simulation Type >> Schedule 
Event Type >> END_PROCESS
Center Name >>> Restaurant_3
Group Id >>> 397
Event Time >>> 877.9587564381359
Simulation Clock >>> 772.0169935018615

Simulation Type >> Schedule 
Event Type >> ARRIVAL
Center Name >>> Restaurant_3
Group Id >>> 464
Event Time >>> 776.8382559075858
Simulation Clock >>> 776.8382559075858

Simulation Type >> Schedule 
Event Type >> ARRIVAL
Center Name >>> Restaurant_3
Group Id >>> 745
Event Time >>> 776.8382559075858
Simulation Clock >>> 776.8382559075858

Simulation Type >> Schedule 
Event Type >> END_PROCESS
Center Name >>> Restaurant_3
Group Id >>> 526
Event Time >>> 887.666725302357
Simulation Clock >>> 791.3533703723019

Simulation Type >> Schedule 
Event Type >> END_PROCESS
Center Name >>> Restaurant_3
Group Id >>> 521
Event Time >>> 828.1357018467916
Simulation Clock >>> 791.3533703723019

Simulation Type >> Schedule 
Event Type >> END_PROCESS
Center Name >>> Restaurant_3
Group Id >>> 548
Event Time >>> 934.4445995377598
Simulation Clock >>> 794.7154817169152

Simulation Type >> Schedule 
Event Type >> END_PROCESS
Center Name >>> Restaurant_3
Group Id >>> 322
Event Time >>> 842.8562417103253
Simulation Clock >>> 794.7154817169152

Simulation Type >> Schedule 
Event Type >> END_PROCESS
Center Name >>> Restaurant_3
Group Id >>> 319
Event Time >>> 827.2563259517507
Simulation Clock >>> 795.2870945278431

Simulation Type >> Schedule 
Event Type >> END_PROCESS
Center Name >>> Restaurant_3
Group Id >>> 150
Event Time >>> 873.2372002638521
Simulation Clock >>> 795.2870945278431

Simulation Type >> Schedule 
Event Type >> END_PROCESS
Center Name >>> Restaurant_3
Group Id >>> 285
Event Time >>> 843.0194842590512
Simulation Clock >>> 795.2870945278431

Simulation Type >> Schedule 
Event Type >> END_PROCESS
Center Name >>> Restaurant_3
Group Id >>> 529
Event Time >>> 805.4774517504641
Simulation Clock >>> 795.4158800359671

Simulation Type >> Schedule 
Event Type >> END_PROCESS
Center Name >>> Restaurant_3
Group Id >>> 559
Event Time >>> 892.4417239026143
Simulation Clock >>> 795.4158800359671

Simulation Type >> Schedule 
Event Type >> END_PROCESS
Center Name >>> Restaurant_3
Group Id >>> 538
Event Time >>> 908.2918397540067
Simulation Clock >>> 801.9688919639414

Simulation Type >> Schedule 
Event Type >> END_PROCESS
Center Name >>> Restaurant_3
Group Id >>> 485
Event Time >>> 890.0408181428647
Simulation Clock >>> 803.9226102308489

Simulation Type >> Schedule 
Event Type >> END_PROCESS
Center Name >>> Restaurant_3
Group Id >>> 424
Event Time >>> 841.1310827803957
Simulation Clock >>> 803.9226102308489

Simulation Type >> Schedule 
Event Type >> END_PROCESS
Center Name >>> Restaurant_3
Group Id >>> 179
Event Time >>> 921.8545987350533
Simulation Clock >>> 804.7715740045744

Simulation Type >> Schedule 
Event Type >> END_PROCESS
Center Name >>> Restaurant_3
Group Id >>> 369
Event Time >>> 822.5839689969355
Simulation Clock >>> 804.7715740045744

Simulation Type >> Schedule 
Event Type >> END_PROCESS
Center Name >>> Restaurant_3
Group Id >>> 609
Event Time >>> 817.5961280097017
Simulation Clock >>> 805.4774517504641

Simulation Type >> Schedule 
Event Type >> END_PROCESS
Center Name >>> Restaurant_3
Group Id >>> 416
Event Time >>> 899.7130457563401
Simulation Clock >>> 825.3610781299249

Simulation Type >> Schedule 
Event Type >> END_PROCESS
Center Name >>> Restaurant_3
Group Id >>> 573
Event Time >>> 936.0544616637553
Simulation Clock >>> 841.1310827803957

Simulation Type >> Schedule 
Event Type >> END_PROCESS
Center Name >>> Restaurant_3
Group Id >>> 246
Event Time >>> 924.2018409627512
Simulation Clock >>> 842.8562417103253

Simulation Type >> Schedule 
Event Type >> END_PROCESS
Center Name >>> Restaurant_3
Group Id >>> 613
Event Time >>> 859.5405444802453
Simulation Clock >>> 842.8562417103253

Simulation Type >> Schedule 
Event Type >> END_PROCESS
Center Name >>> Restaurant_3
Group Id >>> 335
Event Time >>> 878.9774978755339
Simulation Clock >>> 843.0194842590512

Simulation Type >> Schedule 
Event Type >> END_PROCESS
Center Name >>> Restaurant_3
Group Id >>> 554
Event Time >>> 922.3031038069893
Simulation Clock >>> 849.1149007119088

Simulation Type >> Schedule 
Event Type >> END_PROCESS
Center Name >>> Restaurant_3
Group Id >>> 165
Event Time >>> 936.6034209811856
Simulation Clock >>> 855.30149782852

Simulation Type >> Schedule 
Event Type >> END_PROCESS
Center Name >>> Restaurant_3
Group Id >>> 116
Event Time >>> 947.1509630800941
Simulation Clock >>> 859.5405444802453

Simulation Type >> Schedule 
Event Type >> END_PROCESS
Center Name >>> Restaurant_3
Group Id >>> 608
Event Time >>> 928.746940245588
Simulation Clock >>> 873.2372002638521

Simulation Type >> Schedule 
Event Type >> END_PROCESS
Center Name >>> Restaurant_3
Group Id >>> 102
Event Time >>> 893.6763058474114
Simulation Clock >>> 873.2372002638521

Simulation Type >> Schedule 
Event Type >> END_PROCESS
Center Name >>> Restaurant_3
Group Id >>> 605
Event Time >>> 1023.2399938404217
Simulation Clock >>> 878.9774978755339

Simulation Type >> Schedule 
Event Type >> END_PROCESS
Center Name >>> Restaurant_3
Group Id >>> 610
Event Time >>> 975.6286196745613
Simulation Clock >>> 880.6858985763922

Simulation Type >> Schedule 
Event Type >> END_PROCESS
Center Name >>> Restaurant_3
Group Id >>> 184
Event Time >>> 962.7343225924238
Simulation Clock >>> 887.666725302357

Simulation Type >> Schedule 
Event Type >> END_PROCESS
Center Name >>> Restaurant_3
Group Id >>> 614
Event Time >>> 924.0352125504697
Simulation Clock >>> 890.0408181428647

Simulation Type >> Schedule 
Event Type >> END_PROCESS
Center Name >>> Restaurant_3
Group Id >>> 625
Event Time >>> 948.1291397379164
Simulation Clock >>> 892.4417239026143

Simulation Type >> Schedule 
Event Type >> END_PROCESS
Center Name >>> Restaurant_3
Group Id >>> 631
Event Time >>> 927.3416382487374
Simulation Clock >>> 892.4417239026143

Simulation Type >> Schedule 
Event Type >> END_PROCESS
Center Name >>> Restaurant_3
Group Id >>> 635
Event Time >>> 926.2071256095359
Simulation Clock >>> 892.4417239026143

Simulation Type >> Schedule 
Event Type >> END_PROCESS
Center Name >>> Restaurant_3
Group Id >>> 646
Event Time >>> 959.1246353804263
Simulation Clock >>> 899.7130457563401

Simulation Type >> Schedule 
Event Type >> END_PROCESS
Center Name >>> Restaurant_3
Group Id >>> 402
Event Time >>> 956.5557900214842
Simulation Clock >>> 899.7130457563401

Simulation Type >> Schedule 
Event Type >> END_PROCESS
Center Name >>> Restaurant_3
Group Id >>> 93
Event Time >>> 1020.5086852963001
Simulation Clock >>> 908.2918397540067

Simulation Type >> Schedule 
Event Type >> END_PROCESS
Center Name >>> Restaurant_3
Group Id >>> 227
Event Time >>> 971.5301847582701
Simulation Clock >>> 921.8545987350533

Simulation Type >> Schedule 
Event Type >> END_PROCESS
Center Name >>> Restaurant_3
Group Id >>> 676
Event Time >>> 946.9610620859241
Simulation Clock >>> 921.8545987350533

Simulation Type >> Schedule 
Event Type >> END_PROCESS
Center Name >>> Restaurant_3
Group Id >>> 684
Event Time >>> 1007.5341285254746
Simulation Clock >>> 922.3031038069893

Simulation Type >> Schedule 
Event Type >> END_PROCESS
Center Name >>> Restaurant_3
Group Id >>> 298
Event Time >>> 939.6619410079508
Simulation Clock >>> 922.3031038069893

Simulation Type >> Schedule 
Event Type >> END_PROCESS
Center Name >>> Restaurant_3
Group Id >>> 688
Event Time >>> 997.7573229940889
Simulation Clock >>> 924.0352125504697

Simulation Type >> Schedule 
Event Type >> END_PROCESS
Center Name >>> Restaurant_3
Group Id >>> 583
Event Time >>> 984.1967589170671
Simulation Clock >>> 924.2018409627512

Simulation Type >> Schedule 
Event Type >> END_PROCESS
Center Name >>> Restaurant_3
Group Id >>> 17
Event Time >>> 1092.800658588059
Simulation Clock >>> 928.746940245588

Simulation Type >> Schedule 
Event Type >> END_PROCESS
Center Name >>> Restaurant_3
Group Id >>> 695
Event Time >>> 1012.4700058099222
Simulation Clock >>> 934.4445995377598

Simulation Type >> Schedule 
Event Type >> END_PROCESS
Center Name >>> Restaurant_3
Group Id >>> 700
Event Time >>> 1092.6337069910655
Simulation Clock >>> 936.0544616637553

Simulation Type >> Schedule 
Event Type >> END_PROCESS
Center Name >>> Restaurant_3
Group Id >>> 297
Event Time >>> 1049.271149509877
Simulation Clock >>> 936.6034209811856

Simulation Type >> Schedule 
Event Type >> END_PROCESS
Center Name >>> Restaurant_3
Group Id >>> 721
Event Time >>> 1051.074771539251
Simulation Clock >>> 947.1509630800941

Simulation Type >> Schedule 
Event Type >> END_PROCESS
Center Name >>> Restaurant_3
Group Id >>> 651
Event Time >>> 974.6686727302251
Simulation Clock >>> 948.1291397379164

Simulation Type >> Schedule 
Event Type >> END_PROCESS
Center Name >>> Restaurant_3
Group Id >>> 720
Event Time >>> 1045.9470052273246
Simulation Clock >>> 956.5557900214842

Simulation Type >> Schedule 
Event Type >> END_PROCESS
Center Name >>> Restaurant_3
Group Id >>> 572
Event Time >>> 1028.0241027950901
Simulation Clock >>> 959.1246353804263

Simulation Type >> Schedule 
Event Type >> END_PROCESS
Center Name >>> Restaurant_3
Group Id >>> 371
Event Time >>> 1055.1174690704654
Simulation Clock >>> 962.7343225924238

Simulation Type >> Schedule 
Event Type >> END_PROCESS
Center Name >>> Restaurant_3
Group Id >>> 702
Event Time >>> 1026.6040503382114
Simulation Clock >>> 971.5301847582701

Simulation Type >> Schedule 
Event Type >> END_PROCESS
Center Name >>> Restaurant_3
Group Id >>> 563
Event Time >>> 1043.0491654664986
Simulation Clock >>> 975.6286196745613

Simulation Type >> Schedule 
Event Type >> END_PROCESS
Center Name >>> Restaurant_3
Group Id >>> 727
Event Time >>> 1112.8200847784165
Simulation Clock >>> 984.1967589170671

Simulation Type >> Schedule 
Event Type >> END_PROCESS
Center Name >>> Restaurant_3
Group Id >>> 627
Event Time >>> 1025.8823570377126
Simulation Clock >>> 997.7573229940889

Simulation Type >> Schedule 
Event Type >> END_PROCESS
Center Name >>> Restaurant_3
Group Id >>> 464
Event Time >>> 1089.8482476699637
Simulation Clock >>> 1007.5341285254746

Simulation Type >> Schedule 
Event Type >> END_PROCESS
Center Name >>> Restaurant_3
Group Id >>> 745
Event Time >>> 1045.2829268481983
Simulation Clock >>> 1012.4700058099222

